TpTrace Verbose: 0 : 7312, 1, 2022/03/27, 23:41:34.700, 7060315963768, vstest.console.dll, Version: 17.0.0
TpTrace Information: 0 : 7312, 1, 2022/03/27, 23:41:34.709, 7060316039380, vstest.console.dll, FilePatternParser: The given file D:\c#Code\softuniC#\04.OOP\ExamPreparation\Exam -11.12.2021\UnitTests-11.12\UnitTests-Skeleton\Gyms.Tests\bin\Debug\netcoreapp3.1\fine-code-coverage\build-output\Gyms.Tests.dll is a full path.
TpTrace Verbose: 0 : 7312, 1, 2022/03/27, 23:41:34.714, 7060316084288, vstest.console.dll, TestPluginCache.DiscoverTestExtensions: finding test extensions in assemblies ends with: RuntimeProvider.dll TPluginInfo: Microsoft.VisualStudio.TestPlatform.Common.ExtensionFramework.Utilities.TestRuntimePluginInformation TExtension: Microsoft.VisualStudio.TestPlatform.ObjectModel.Host.ITestRuntimeProvider
TpTrace Verbose: 0 : 7312, 1, 2022/03/27, 23:41:34.714, 7060316087919, vstest.console.dll, TestPluginCache.GetExtensionPaths: Filtered extension paths: 
TpTrace Verbose: 0 : 7312, 1, 2022/03/27, 23:41:34.714, 7060316088693, vstest.console.dll, TestPluginCache.GetExtensionPaths: Added default extension paths: C:\Program Files\dotnet\sdk\6.0.102\Extensions\Microsoft.Diagnostics.NETCore.Client.dll
C:\Program Files\dotnet\sdk\6.0.102\Extensions\Microsoft.TestPlatform.Extensions.BlameDataCollector.dll
C:\Program Files\dotnet\sdk\6.0.102\Extensions\Microsoft.TestPlatform.Extensions.EventLogCollector.dll
C:\Program Files\dotnet\sdk\6.0.102\Extensions\Microsoft.TestPlatform.TestHostRuntimeProvider.dll
C:\Program Files\dotnet\sdk\6.0.102\Extensions\Microsoft.VisualStudio.TestPlatform.Extensions.Html.TestLogger.dll
C:\Program Files\dotnet\sdk\6.0.102\Extensions\Microsoft.VisualStudio.TestPlatform.Extensions.Trx.TestLogger.dll
TpTrace Verbose: 0 : 7312, 1, 2022/03/27, 23:41:34.714, 7060316088911, vstest.console.dll, TestPluginCache.GetExtensionPaths: Added unfilterableExtensionPaths: 
TpTrace Information: 0 : 7312, 1, 2022/03/27, 23:41:34.715, 7060316095096, vstest.console.dll, AssemblyResolver.ctor: Creating AssemblyResolver with searchDirectories C:\Program Files\dotnet\sdk\6.0.102\Extensions,C:\Program Files\dotnet\sdk\6.0.102
TpTrace Verbose: 0 : 7312, 1, 2022/03/27, 23:41:34.716, 7060316108061, vstest.console.dll, TestPluginCache.DiscoverTestExtensions: Discovering the extensions using extension path.
TpTrace Verbose: 0 : 7312, 1, 2022/03/27, 23:41:34.716, 7060316109453, vstest.console.dll, TestPluginCache.GetExtensionPaths: Filtered extension paths: 
TpTrace Verbose: 0 : 7312, 1, 2022/03/27, 23:41:34.716, 7060316109707, vstest.console.dll, TestPluginCache.GetExtensionPaths: Added default extension paths: C:\Program Files\dotnet\sdk\6.0.102\Extensions\Microsoft.Diagnostics.NETCore.Client.dll
C:\Program Files\dotnet\sdk\6.0.102\Extensions\Microsoft.TestPlatform.Extensions.BlameDataCollector.dll
C:\Program Files\dotnet\sdk\6.0.102\Extensions\Microsoft.TestPlatform.Extensions.EventLogCollector.dll
C:\Program Files\dotnet\sdk\6.0.102\Extensions\Microsoft.TestPlatform.TestHostRuntimeProvider.dll
C:\Program Files\dotnet\sdk\6.0.102\Extensions\Microsoft.VisualStudio.TestPlatform.Extensions.Html.TestLogger.dll
C:\Program Files\dotnet\sdk\6.0.102\Extensions\Microsoft.VisualStudio.TestPlatform.Extensions.Trx.TestLogger.dll
TpTrace Verbose: 0 : 7312, 1, 2022/03/27, 23:41:34.716, 7060316109933, vstest.console.dll, TestPluginCache.GetExtensionPaths: Added unfilterableExtensionPaths: 
TpTrace Verbose: 0 : 7312, 1, 2022/03/27, 23:41:34.716, 7060316110361, vstest.console.dll, TestPluginCache.DiscoverTestExtensions: Discovering the extensions using allExtensionPaths: C:\Program Files\dotnet\sdk\6.0.102\Extensions\Microsoft.Diagnostics.NETCore.Client.dll
C:\Program Files\dotnet\sdk\6.0.102\Extensions\Microsoft.TestPlatform.Extensions.BlameDataCollector.dll
C:\Program Files\dotnet\sdk\6.0.102\Extensions\Microsoft.TestPlatform.Extensions.EventLogCollector.dll
C:\Program Files\dotnet\sdk\6.0.102\Extensions\Microsoft.TestPlatform.TestHostRuntimeProvider.dll
C:\Program Files\dotnet\sdk\6.0.102\Extensions\Microsoft.VisualStudio.TestPlatform.Extensions.Html.TestLogger.dll
C:\Program Files\dotnet\sdk\6.0.102\Extensions\Microsoft.VisualStudio.TestPlatform.Extensions.Trx.TestLogger.dll
TpTrace Information: 0 : 7312, 1, 2022/03/27, 23:41:34.716, 7060316112026, vstest.console.dll, AssemblyResolver.AddSearchDirectories: Adding more searchDirectories C:\Program Files\dotnet\sdk\6.0.102\Extensions,C:\Program Files\dotnet\sdk\6.0.102
TpTrace Information: 0 : 7312, 1, 2022/03/27, 23:41:34.716, 7060316112406, vstest.console.dll, AssemblyResolver.AddSearchDirectories: Adding more searchDirectories C:\Program Files\dotnet\sdk\6.0.102\Extensions,C:\Program Files\dotnet\sdk\6.0.102
TpTrace Information: 0 : 7312, 1, 2022/03/27, 23:41:34.716, 7060316112585, vstest.console.dll, AssemblyResolver.AddSearchDirectories: Adding more searchDirectories C:\Program Files\dotnet\sdk\6.0.102\Extensions,C:\Program Files\dotnet\sdk\6.0.102
TpTrace Information: 0 : 7312, 1, 2022/03/27, 23:41:34.716, 7060316112779, vstest.console.dll, AssemblyResolver.AddSearchDirectories: Adding more searchDirectories C:\Program Files\dotnet\sdk\6.0.102\Extensions,C:\Program Files\dotnet\sdk\6.0.102
TpTrace Information: 0 : 7312, 1, 2022/03/27, 23:41:34.716, 7060316112938, vstest.console.dll, AssemblyResolver.AddSearchDirectories: Adding more searchDirectories C:\Program Files\dotnet\sdk\6.0.102\Extensions,C:\Program Files\dotnet\sdk\6.0.102
TpTrace Information: 0 : 7312, 1, 2022/03/27, 23:41:34.716, 7060316113111, vstest.console.dll, AssemblyResolver.AddSearchDirectories: Adding more searchDirectories C:\Program Files\dotnet\sdk\6.0.102\Extensions,C:\Program Files\dotnet\sdk\6.0.102
TpTrace Information: 0 : 7312, 1, 2022/03/27, 23:41:34.717, 7060316115822, vstest.console.dll, AssemblyResolver.OnResolve: Microsoft.Diagnostics.NETCore.Client: Resolving assembly.
TpTrace Information: 0 : 7312, 1, 2022/03/27, 23:41:34.717, 7060316116295, vstest.console.dll, AssemblyResolver.OnResolve: Microsoft.Diagnostics.NETCore.Client: Searching in: 'C:\Program Files\dotnet\sdk\6.0.102\Extensions'.
TpTrace Information: 0 : 7312, 1, 2022/03/27, 23:41:34.717, 7060316122367, vstest.console.dll, AssemblyResolver.OnResolve: Microsoft.Diagnostics.NETCore.Client: Loading assembly 'C:\Program Files\dotnet\sdk\6.0.102\Extensions\Microsoft.Diagnostics.NETCore.Client.dll'.
TpTrace Information: 0 : 7312, 1, 2022/03/27, 23:41:34.718, 7060316128991, vstest.console.dll, AssemblyResolver.OnResolve: Resolved assembly: Microsoft.Diagnostics.NETCore.Client, from path: C:\Program Files\dotnet\sdk\6.0.102\Extensions\Microsoft.Diagnostics.NETCore.Client.dll
TpTrace Information: 0 : 7312, 1, 2022/03/27, 23:41:34.725, 7060316200566, vstest.console.dll, AssemblyResolver.OnResolve: Microsoft.Bcl.AsyncInterfaces: Resolving assembly.
TpTrace Information: 0 : 7312, 1, 2022/03/27, 23:41:34.725, 7060316201587, vstest.console.dll, AssemblyResolver.OnResolve: Microsoft.Bcl.AsyncInterfaces: Searching in: 'C:\Program Files\dotnet\sdk\6.0.102\Extensions'.
TpTrace Information: 0 : 7312, 1, 2022/03/27, 23:41:34.725, 7060316202337, vstest.console.dll, AssemblyResolver.OnResolve: Microsoft.Bcl.AsyncInterfaces: Assembly path does not exist: 'C:\Program Files\dotnet\sdk\6.0.102\Extensions\Microsoft.Bcl.AsyncInterfaces.dll', returning.
TpTrace Information: 0 : 7312, 1, 2022/03/27, 23:41:34.725, 7060316202716, vstest.console.dll, AssemblyResolver.OnResolve: Microsoft.Bcl.AsyncInterfaces: Assembly path does not exist: 'C:\Program Files\dotnet\sdk\6.0.102\Extensions\Microsoft.Bcl.AsyncInterfaces.exe', returning.
TpTrace Information: 0 : 7312, 1, 2022/03/27, 23:41:34.725, 7060316202881, vstest.console.dll, AssemblyResolver.OnResolve: Microsoft.Bcl.AsyncInterfaces: Searching in: 'C:\Program Files\dotnet\sdk\6.0.102'.
TpTrace Information: 0 : 7312, 1, 2022/03/27, 23:41:34.726, 7060316203332, vstest.console.dll, AssemblyResolver.OnResolve: Microsoft.Bcl.AsyncInterfaces: Assembly path does not exist: 'C:\Program Files\dotnet\sdk\6.0.102\Microsoft.Bcl.AsyncInterfaces.dll', returning.
TpTrace Information: 0 : 7312, 1, 2022/03/27, 23:41:34.726, 7060316203676, vstest.console.dll, AssemblyResolver.OnResolve: Microsoft.Bcl.AsyncInterfaces: Assembly path does not exist: 'C:\Program Files\dotnet\sdk\6.0.102\Microsoft.Bcl.AsyncInterfaces.exe', returning.
TpTrace Information: 0 : 7312, 1, 2022/03/27, 23:41:34.726, 7060316204288, vstest.console.dll, AssemblyResolver.OnResolve: Microsoft.Bcl.AsyncInterfaces: Failed to load assembly.
TpTrace Verbose: 0 : 7312, 1, 2022/03/27, 23:41:34.726, 7060316204607, vstest.console.dll, CurrentDomainAssemblyResolve: Resolving assembly 'Microsoft.Bcl.AsyncInterfaces'.
TpTrace Information: 0 : 7312, 1, 2022/03/27, 23:41:34.726, 7060316205094, vstest.console.dll, AssemblyResolver.OnResolve: Microsoft.Bcl.AsyncInterfaces: Resolving assembly.
TpTrace Information: 0 : 7312, 1, 2022/03/27, 23:41:34.726, 7060316205367, vstest.console.dll, AssemblyResolver.OnResolve: Microsoft.Bcl.AsyncInterfaces: Resolved from cache.
TpTrace Verbose: 0 : 7312, 1, 2022/03/27, 23:41:34.726, 7060316205546, vstest.console.dll, CurrentDomainAssemblyResolve: Resolving assembly 'Microsoft.Bcl.AsyncInterfaces'.
TpTrace Verbose: 0 : 7312, 1, 2022/03/27, 23:41:34.726, 7060316205798, vstest.console.dll, CurrentDomainAssemblyResolve: Failed to resolve assembly 'Microsoft.Bcl.AsyncInterfaces'.
TpTrace Verbose: 0 : 7312, 1, 2022/03/27, 23:41:34.726, 7060316208869, vstest.console.dll, CurrentDomainAssemblyResolve: Failed to resolve assembly 'Microsoft.Bcl.AsyncInterfaces'.
TpTrace Warning: 0 : 7312, 1, 2022/03/27, 23:41:34.741, 7060316360784, vstest.console.dll, TestPluginDiscoverer: Failed to get types from assembly 'Microsoft.Diagnostics.NETCore.Client, Version=0.2.4.21401, Culture=neutral, PublicKeyToken=31bf3856ad364e35'.  Skipping test extension scan for this assembly.  Error: System.Reflection.ReflectionTypeLoadException: Unable to load one or more of the requested types.
Could not load file or assembly 'Microsoft.Bcl.AsyncInterfaces, Version=1.0.0.0, Culture=neutral, PublicKeyToken=cc7b13ffcd2ddd51'. The system cannot find the file specified.
   at System.Reflection.RuntimeModule.GetTypes(RuntimeModule module)
   at System.Reflection.Assembly.GetTypes()
   at Microsoft.VisualStudio.TestPlatform.Common.ExtensionFramework.TestPluginDiscoverer.GetTestExtensionsFromAssembly[TPluginInfo,TExtension](Assembly assembly, Dictionary`2 pluginInfos)
System.IO.FileNotFoundException: Could not load file or assembly 'Microsoft.Bcl.AsyncInterfaces, Version=1.0.0.0, Culture=neutral, PublicKeyToken=cc7b13ffcd2ddd51'. The system cannot find the file specified.
File name: 'Microsoft.Bcl.AsyncInterfaces, Version=1.0.0.0, Culture=neutral, PublicKeyToken=cc7b13ffcd2ddd51'
 ---> System.IO.FileNotFoundException: Could not load file or assembly 'Microsoft.Bcl.AsyncInterfaces, Culture=neutral, PublicKeyToken=null'. The system cannot find the file specified.
File name: 'Microsoft.Bcl.AsyncInterfaces, Culture=neutral, PublicKeyToken=null'
   at System.Reflection.RuntimeAssembly.InternalLoad(ObjectHandleOnStack assemblyName, ObjectHandleOnStack requestingAssembly, StackCrawlMarkHandle stackMark, Boolean throwOnFileNotFound, ObjectHandleOnStack assemblyLoadContext, ObjectHandleOnStack retAssembly)
   at System.Reflection.RuntimeAssembly.InternalLoad(AssemblyName assemblyName, RuntimeAssembly requestingAssembly, StackCrawlMark& stackMark, Boolean throwOnFileNotFound, AssemblyLoadContext assemblyLoadContext)
   at System.Reflection.Assembly.Load(AssemblyName assemblyRef)
   at Microsoft.VisualStudio.TestPlatform.Common.ExtensionFramework.TestPluginCache.CurrentDomainAssemblyResolve(Object sender, AssemblyResolveEventArgs args)
   at Microsoft.VisualStudio.TestPlatform.PlatformAbstractions.PlatformAssemblyResolver.AssemblyResolverEvent(Object sender, Object eventArgs)
   at System.Runtime.Loader.AssemblyLoadContext.GetFirstResolvedAssemblyFromResolvingEvent(AssemblyName assemblyName)
   at System.Runtime.Loader.AssemblyLoadContext.ResolveUsingEvent(AssemblyName assemblyName)
   at System.Runtime.Loader.AssemblyLoadContext.ResolveUsingResolvingEvent(IntPtr gchManagedAssemblyLoadContext, AssemblyName assemblyName)
TpTrace Warning: 0 : 7312, 1, 2022/03/27, 23:41:34.741, 7060316362503, vstest.console.dll, LoaderExceptions: System.IO.FileNotFoundException: Could not load file or assembly 'Microsoft.Bcl.AsyncInterfaces, Version=1.0.0.0, Culture=neutral, PublicKeyToken=cc7b13ffcd2ddd51'. The system cannot find the file specified.
File name: 'Microsoft.Bcl.AsyncInterfaces, Version=1.0.0.0, Culture=neutral, PublicKeyToken=cc7b13ffcd2ddd51'
 ---> System.IO.FileNotFoundException: Could not load file or assembly 'Microsoft.Bcl.AsyncInterfaces, Culture=neutral, PublicKeyToken=null'. The system cannot find the file specified.
File name: 'Microsoft.Bcl.AsyncInterfaces, Culture=neutral, PublicKeyToken=null'
   at System.Reflection.RuntimeAssembly.InternalLoad(ObjectHandleOnStack assemblyName, ObjectHandleOnStack requestingAssembly, StackCrawlMarkHandle stackMark, Boolean throwOnFileNotFound, ObjectHandleOnStack assemblyLoadContext, ObjectHandleOnStack retAssembly)
   at System.Reflection.RuntimeAssembly.InternalLoad(AssemblyName assemblyName, RuntimeAssembly requestingAssembly, StackCrawlMark& stackMark, Boolean throwOnFileNotFound, AssemblyLoadContext assemblyLoadContext)
   at System.Reflection.Assembly.Load(AssemblyName assemblyRef)
   at Microsoft.VisualStudio.TestPlatform.Common.ExtensionFramework.TestPluginCache.CurrentDomainAssemblyResolve(Object sender, AssemblyResolveEventArgs args)
   at Microsoft.VisualStudio.TestPlatform.PlatformAbstractions.PlatformAssemblyResolver.AssemblyResolverEvent(Object sender, Object eventArgs)
   at System.Runtime.Loader.AssemblyLoadContext.GetFirstResolvedAssemblyFromResolvingEvent(AssemblyName assemblyName)
   at System.Runtime.Loader.AssemblyLoadContext.ResolveUsingEvent(AssemblyName assemblyName)
   at System.Runtime.Loader.AssemblyLoadContext.ResolveUsingResolvingEvent(IntPtr gchManagedAssemblyLoadContext, AssemblyName assemblyName)
TpTrace Information: 0 : 7312, 1, 2022/03/27, 23:41:34.742, 7060316363345, vstest.console.dll, AssemblyResolver.OnResolve: Microsoft.TestPlatform.Extensions.BlameDataCollector: Resolving assembly.
TpTrace Information: 0 : 7312, 1, 2022/03/27, 23:41:34.742, 7060316363584, vstest.console.dll, AssemblyResolver.OnResolve: Microsoft.TestPlatform.Extensions.BlameDataCollector: Searching in: 'C:\Program Files\dotnet\sdk\6.0.102\Extensions'.
TpTrace Information: 0 : 7312, 1, 2022/03/27, 23:41:34.742, 7060316369386, vstest.console.dll, AssemblyResolver.OnResolve: Microsoft.TestPlatform.Extensions.BlameDataCollector: Loading assembly 'C:\Program Files\dotnet\sdk\6.0.102\Extensions\Microsoft.TestPlatform.Extensions.BlameDataCollector.dll'.
TpTrace Information: 0 : 7312, 1, 2022/03/27, 23:41:34.743, 7060316376159, vstest.console.dll, AssemblyResolver.OnResolve: Resolved assembly: Microsoft.TestPlatform.Extensions.BlameDataCollector, from path: C:\Program Files\dotnet\sdk\6.0.102\Extensions\Microsoft.TestPlatform.Extensions.BlameDataCollector.dll
TpTrace Information: 0 : 7312, 1, 2022/03/27, 23:41:34.743, 7060316382545, vstest.console.dll, AssemblyResolver.OnResolve: Microsoft.TestPlatform.Extensions.EventLogCollector: Resolving assembly.
TpTrace Information: 0 : 7312, 1, 2022/03/27, 23:41:34.744, 7060316383337, vstest.console.dll, AssemblyResolver.OnResolve: Microsoft.TestPlatform.Extensions.EventLogCollector: Searching in: 'C:\Program Files\dotnet\sdk\6.0.102\Extensions'.
TpTrace Information: 0 : 7312, 1, 2022/03/27, 23:41:34.744, 7060316388616, vstest.console.dll, AssemblyResolver.OnResolve: Microsoft.TestPlatform.Extensions.EventLogCollector: Loading assembly 'C:\Program Files\dotnet\sdk\6.0.102\Extensions\Microsoft.TestPlatform.Extensions.EventLogCollector.dll'.
TpTrace Information: 0 : 7312, 1, 2022/03/27, 23:41:34.745, 7060316394545, vstest.console.dll, AssemblyResolver.OnResolve: Resolved assembly: Microsoft.TestPlatform.Extensions.EventLogCollector, from path: C:\Program Files\dotnet\sdk\6.0.102\Extensions\Microsoft.TestPlatform.Extensions.EventLogCollector.dll
TpTrace Information: 0 : 7312, 1, 2022/03/27, 23:41:34.747, 7060316415725, vstest.console.dll, AssemblyResolver.OnResolve: Microsoft.TestPlatform.TestHostRuntimeProvider: Resolving assembly.
TpTrace Information: 0 : 7312, 1, 2022/03/27, 23:41:34.747, 7060316417432, vstest.console.dll, AssemblyResolver.OnResolve: Microsoft.TestPlatform.TestHostRuntimeProvider: Searching in: 'C:\Program Files\dotnet\sdk\6.0.102\Extensions'.
TpTrace Information: 0 : 7312, 1, 2022/03/27, 23:41:34.748, 7060316423996, vstest.console.dll, AssemblyResolver.OnResolve: Microsoft.TestPlatform.TestHostRuntimeProvider: Loading assembly 'C:\Program Files\dotnet\sdk\6.0.102\Extensions\Microsoft.TestPlatform.TestHostRuntimeProvider.dll'.
TpTrace Information: 0 : 7312, 1, 2022/03/27, 23:41:34.749, 7060316433644, vstest.console.dll, AssemblyResolver.OnResolve: Resolved assembly: Microsoft.TestPlatform.TestHostRuntimeProvider, from path: C:\Program Files\dotnet\sdk\6.0.102\Extensions\Microsoft.TestPlatform.TestHostRuntimeProvider.dll
TpTrace Information: 0 : 7312, 1, 2022/03/27, 23:41:34.750, 7060316445170, vstest.console.dll, AssemblyResolver.OnResolve: Microsoft.VisualStudio.TestPlatform.Extensions.Html.TestLogger: Resolving assembly.
TpTrace Information: 0 : 7312, 1, 2022/03/27, 23:41:34.750, 7060316445975, vstest.console.dll, AssemblyResolver.OnResolve: Microsoft.VisualStudio.TestPlatform.Extensions.Html.TestLogger: Searching in: 'C:\Program Files\dotnet\sdk\6.0.102\Extensions'.
TpTrace Information: 0 : 7312, 1, 2022/03/27, 23:41:34.750, 7060316450987, vstest.console.dll, AssemblyResolver.OnResolve: Microsoft.VisualStudio.TestPlatform.Extensions.Html.TestLogger: Loading assembly 'C:\Program Files\dotnet\sdk\6.0.102\Extensions\Microsoft.VisualStudio.TestPlatform.Extensions.Html.TestLogger.dll'.
TpTrace Information: 0 : 7312, 1, 2022/03/27, 23:41:34.751, 7060316455935, vstest.console.dll, AssemblyResolver.OnResolve: Resolved assembly: Microsoft.VisualStudio.TestPlatform.Extensions.Html.TestLogger, from path: C:\Program Files\dotnet\sdk\6.0.102\Extensions\Microsoft.VisualStudio.TestPlatform.Extensions.Html.TestLogger.dll
TpTrace Information: 0 : 7312, 1, 2022/03/27, 23:41:34.751, 7060316459372, vstest.console.dll, AssemblyResolver.OnResolve: Microsoft.VisualStudio.TestPlatform.Extensions.Trx.TestLogger: Resolving assembly.
TpTrace Information: 0 : 7312, 1, 2022/03/27, 23:41:34.751, 7060316459814, vstest.console.dll, AssemblyResolver.OnResolve: Microsoft.VisualStudio.TestPlatform.Extensions.Trx.TestLogger: Searching in: 'C:\Program Files\dotnet\sdk\6.0.102\Extensions'.
TpTrace Information: 0 : 7312, 1, 2022/03/27, 23:41:34.752, 7060316463648, vstest.console.dll, AssemblyResolver.OnResolve: Microsoft.VisualStudio.TestPlatform.Extensions.Trx.TestLogger: Loading assembly 'C:\Program Files\dotnet\sdk\6.0.102\Extensions\Microsoft.VisualStudio.TestPlatform.Extensions.Trx.TestLogger.dll'.
TpTrace Information: 0 : 7312, 1, 2022/03/27, 23:41:34.752, 7060316468452, vstest.console.dll, AssemblyResolver.OnResolve: Resolved assembly: Microsoft.VisualStudio.TestPlatform.Extensions.Trx.TestLogger, from path: C:\Program Files\dotnet\sdk\6.0.102\Extensions\Microsoft.VisualStudio.TestPlatform.Extensions.Trx.TestLogger.dll
TpTrace Verbose: 0 : 7312, 1, 2022/03/27, 23:41:34.753, 7060316473560, vstest.console.dll, TestPluginCache: Discovered the extensions using extension path ''.
TpTrace Verbose: 0 : 7312, 1, 2022/03/27, 23:41:34.753, 7060316474126, vstest.console.dll, TestPluginCache: Discoverers are ''.
TpTrace Verbose: 0 : 7312, 1, 2022/03/27, 23:41:34.753, 7060316474326, vstest.console.dll, TestPluginCache: Executors are ''.
TpTrace Verbose: 0 : 7312, 1, 2022/03/27, 23:41:34.753, 7060316474470, vstest.console.dll, TestPluginCache: Executors2 are ''.
TpTrace Verbose: 0 : 7312, 1, 2022/03/27, 23:41:34.753, 7060316474607, vstest.console.dll, TestPluginCache: Setting providers are ''.
TpTrace Verbose: 0 : 7312, 1, 2022/03/27, 23:41:34.753, 7060316474743, vstest.console.dll, TestPluginCache: Loggers are ''.
TpTrace Information: 0 : 7312, 1, 2022/03/27, 23:41:34.756, 7060316512842, vstest.console.dll, RunTestsArgumentProcessor:Execute: Test run is starting.
TpTrace Verbose: 0 : 7312, 1, 2022/03/27, 23:41:34.757, 7060316513699, vstest.console.dll, RunTestsArgumentProcessor:Execute: Queuing Test run.
TpTrace Information: 0 : 7312, 1, 2022/03/27, 23:41:34.757, 7060316515051, vstest.console.dll, TestRequestManager.RunTests: run tests started.
TpTrace Information: 0 : 7312, 1, 2022/03/27, 23:41:34.759, 7060316540046, vstest.console.dll, AssemblyMetadataProvider.GetFrameWork: Determined framework:'.NETCoreApp,Version=v3.1' for source: 'D:\c#Code\softuniC#\04.OOP\ExamPreparation\Exam -11.12.2021\UnitTests-11.12\UnitTests-Skeleton\Gyms.Tests\bin\Debug\netcoreapp3.1\fine-code-coverage\build-output\Gyms.Tests.dll'
TpTrace Information: 0 : 7312, 1, 2022/03/27, 23:41:34.759, 7060316541710, vstest.console.dll, Determined framework for all sources: .NETCoreApp,Version=v3.1
TpTrace Information: 0 : 7312, 1, 2022/03/27, 23:41:34.760, 7060316545042, vstest.console.dll, AssemblyMetadataProvider.GetArchitecture: Determined architecture:AnyCPU info for assembly: D:\c#Code\softuniC#\04.OOP\ExamPreparation\Exam -11.12.2021\UnitTests-11.12\UnitTests-Skeleton\Gyms.Tests\bin\Debug\netcoreapp3.1\fine-code-coverage\build-output\Gyms.Tests.dll
TpTrace Information: 0 : 7312, 1, 2022/03/27, 23:41:34.761, 7060316560400, vstest.console.dll, Determined platform for all sources: X64
TpTrace Information: 0 : 7312, 1, 2022/03/27, 23:41:34.763, 7060316580560, vstest.console.dll, Compatible sources list : 
TpTrace Information: 0 : 7312, 1, 2022/03/27, 23:41:34.763, 7060316581522, vstest.console.dll, D:\c#Code\softuniC#\04.OOP\ExamPreparation\Exam -11.12.2021\UnitTests-11.12\UnitTests-Skeleton\Gyms.Tests\bin\Debug\netcoreapp3.1\fine-code-coverage\build-output\Gyms.Tests.dll
TpTrace Information: 0 : 7312, 1, 2022/03/27, 23:41:34.765, 7060316598977, vstest.console.dll, InferRunSettingsHelper.IsTestSettingsEnabled: Unable to navigate to RunSettings/MSTest. Current node: RunSettings
TpTrace Information: 0 : 7312, 1, 2022/03/27, 23:41:34.766, 7060316605308, vstest.console.dll, AssemblyResolver.OnResolve: Microsoft.VisualStudio.TestPlatform.Fakes: Resolving assembly.
TpTrace Information: 0 : 7312, 1, 2022/03/27, 23:41:34.766, 7060316605957, vstest.console.dll, AssemblyResolver.OnResolve: Microsoft.VisualStudio.TestPlatform.Fakes: Searching in: 'C:\Program Files\dotnet\sdk\6.0.102\Extensions'.
TpTrace Information: 0 : 7312, 1, 2022/03/27, 23:41:34.766, 7060316606946, vstest.console.dll, AssemblyResolver.OnResolve: Microsoft.VisualStudio.TestPlatform.Fakes: Assembly path does not exist: 'C:\Program Files\dotnet\sdk\6.0.102\Extensions\Microsoft.VisualStudio.TestPlatform.Fakes.dll', returning.
TpTrace Information: 0 : 7312, 1, 2022/03/27, 23:41:34.766, 7060316607400, vstest.console.dll, AssemblyResolver.OnResolve: Microsoft.VisualStudio.TestPlatform.Fakes: Assembly path does not exist: 'C:\Program Files\dotnet\sdk\6.0.102\Extensions\Microsoft.VisualStudio.TestPlatform.Fakes.exe', returning.
TpTrace Information: 0 : 7312, 1, 2022/03/27, 23:41:34.766, 7060316607573, vstest.console.dll, AssemblyResolver.OnResolve: Microsoft.VisualStudio.TestPlatform.Fakes: Searching in: 'C:\Program Files\dotnet\sdk\6.0.102'.
TpTrace Information: 0 : 7312, 1, 2022/03/27, 23:41:34.766, 7060316608011, vstest.console.dll, AssemblyResolver.OnResolve: Microsoft.VisualStudio.TestPlatform.Fakes: Assembly path does not exist: 'C:\Program Files\dotnet\sdk\6.0.102\Microsoft.VisualStudio.TestPlatform.Fakes.dll', returning.
TpTrace Information: 0 : 7312, 1, 2022/03/27, 23:41:34.766, 7060316608377, vstest.console.dll, AssemblyResolver.OnResolve: Microsoft.VisualStudio.TestPlatform.Fakes: Assembly path does not exist: 'C:\Program Files\dotnet\sdk\6.0.102\Microsoft.VisualStudio.TestPlatform.Fakes.exe', returning.
TpTrace Information: 0 : 7312, 1, 2022/03/27, 23:41:34.766, 7060316608581, vstest.console.dll, AssemblyResolver.OnResolve: Microsoft.VisualStudio.TestPlatform.Fakes: Failed to load assembly.
TpTrace Information: 0 : 7312, 1, 2022/03/27, 23:41:34.766, 7060316610785, vstest.console.dll, Failed to load assembly Microsoft.VisualStudio.TestPlatform.Fakes, Version=17.0.0.0, Culture=neutral. Reason:System.IO.FileNotFoundException: Could not load file or assembly 'Microsoft.VisualStudio.TestPlatform.Fakes, Version=17.0.0.0, Culture=neutral, PublicKeyToken=null'. The system cannot find the file specified.
File name: 'Microsoft.VisualStudio.TestPlatform.Fakes, Version=17.0.0.0, Culture=neutral, PublicKeyToken=null'
   at System.Reflection.RuntimeAssembly.InternalLoad(ObjectHandleOnStack assemblyName, ObjectHandleOnStack requestingAssembly, StackCrawlMarkHandle stackMark, Boolean throwOnFileNotFound, ObjectHandleOnStack assemblyLoadContext, ObjectHandleOnStack retAssembly)
   at System.Reflection.RuntimeAssembly.InternalLoad(AssemblyName assemblyName, RuntimeAssembly requestingAssembly, StackCrawlMark& stackMark, Boolean throwOnFileNotFound, AssemblyLoadContext assemblyLoadContext)
   at System.Reflection.Assembly.Load(AssemblyName assemblyRef)
   at Microsoft.VisualStudio.TestPlatform.Common.Utilities.FakesUtilities.LoadTestPlatformAssembly()
TpTrace Verbose: 0 : 7312, 1, 2022/03/27, 23:41:34.769, 7060316643113, vstest.console.dll, TestPluginCache.DiscoverTestExtensions: finding test extensions in assemblies ends with: TestLogger.dll TPluginInfo: Microsoft.VisualStudio.TestPlatform.Common.ExtensionFramework.Utilities.TestLoggerPluginInformation TExtension: Microsoft.VisualStudio.TestPlatform.ObjectModel.Client.ITestLogger
TpTrace Verbose: 0 : 7312, 1, 2022/03/27, 23:41:34.770, 7060316644545, vstest.console.dll, TestPluginCache.GetExtensionPaths: Filtered extension paths: 
TpTrace Verbose: 0 : 7312, 1, 2022/03/27, 23:41:34.770, 7060316644971, vstest.console.dll, TestPluginCache.GetExtensionPaths: Added default extension paths: C:\Program Files\dotnet\sdk\6.0.102\Extensions\Microsoft.Diagnostics.NETCore.Client.dll
C:\Program Files\dotnet\sdk\6.0.102\Extensions\Microsoft.TestPlatform.Extensions.BlameDataCollector.dll
C:\Program Files\dotnet\sdk\6.0.102\Extensions\Microsoft.TestPlatform.Extensions.EventLogCollector.dll
C:\Program Files\dotnet\sdk\6.0.102\Extensions\Microsoft.TestPlatform.TestHostRuntimeProvider.dll
C:\Program Files\dotnet\sdk\6.0.102\Extensions\Microsoft.VisualStudio.TestPlatform.Extensions.Html.TestLogger.dll
C:\Program Files\dotnet\sdk\6.0.102\Extensions\Microsoft.VisualStudio.TestPlatform.Extensions.Trx.TestLogger.dll
TpTrace Verbose: 0 : 7312, 1, 2022/03/27, 23:41:34.770, 7060316645406, vstest.console.dll, TestPluginCache.GetExtensionPaths: Added unfilterableExtensionPaths: 
TpTrace Information: 0 : 7312, 1, 2022/03/27, 23:41:34.770, 7060316647635, vstest.console.dll, AssemblyResolver.AddSearchDirectories: Adding more searchDirectories C:\Program Files\dotnet\sdk\6.0.102\Extensions,C:\Program Files\dotnet\sdk\6.0.102
TpTrace Verbose: 0 : 7312, 1, 2022/03/27, 23:41:34.770, 7060316648211, vstest.console.dll, TestPluginCache.DiscoverTestExtensions: Discovering the extensions using extension path.
TpTrace Verbose: 0 : 7312, 1, 2022/03/27, 23:41:34.770, 7060316648713, vstest.console.dll, TestPluginCache.GetExtensionPaths: Filtered extension paths: 
TpTrace Verbose: 0 : 7312, 1, 2022/03/27, 23:41:34.770, 7060316649127, vstest.console.dll, TestPluginCache.GetExtensionPaths: Added default extension paths: C:\Program Files\dotnet\sdk\6.0.102\Extensions\Microsoft.Diagnostics.NETCore.Client.dll
C:\Program Files\dotnet\sdk\6.0.102\Extensions\Microsoft.TestPlatform.Extensions.BlameDataCollector.dll
C:\Program Files\dotnet\sdk\6.0.102\Extensions\Microsoft.TestPlatform.Extensions.EventLogCollector.dll
C:\Program Files\dotnet\sdk\6.0.102\Extensions\Microsoft.TestPlatform.TestHostRuntimeProvider.dll
C:\Program Files\dotnet\sdk\6.0.102\Extensions\Microsoft.VisualStudio.TestPlatform.Extensions.Html.TestLogger.dll
C:\Program Files\dotnet\sdk\6.0.102\Extensions\Microsoft.VisualStudio.TestPlatform.Extensions.Trx.TestLogger.dll
TpTrace Verbose: 0 : 7312, 1, 2022/03/27, 23:41:34.770, 7060316649491, vstest.console.dll, TestPluginCache.GetExtensionPaths: Added unfilterableExtensionPaths: 
TpTrace Verbose: 0 : 7312, 1, 2022/03/27, 23:41:34.770, 7060316649995, vstest.console.dll, TestPluginCache.DiscoverTestExtensions: Discovering the extensions using allExtensionPaths: C:\Program Files\dotnet\sdk\6.0.102\Extensions\Microsoft.Diagnostics.NETCore.Client.dll
C:\Program Files\dotnet\sdk\6.0.102\Extensions\Microsoft.TestPlatform.Extensions.BlameDataCollector.dll
C:\Program Files\dotnet\sdk\6.0.102\Extensions\Microsoft.TestPlatform.Extensions.EventLogCollector.dll
C:\Program Files\dotnet\sdk\6.0.102\Extensions\Microsoft.TestPlatform.TestHostRuntimeProvider.dll
C:\Program Files\dotnet\sdk\6.0.102\Extensions\Microsoft.VisualStudio.TestPlatform.Extensions.Html.TestLogger.dll
C:\Program Files\dotnet\sdk\6.0.102\Extensions\Microsoft.VisualStudio.TestPlatform.Extensions.Trx.TestLogger.dll
TpTrace Information: 0 : 7312, 1, 2022/03/27, 23:41:34.770, 7060316650557, vstest.console.dll, AssemblyResolver.AddSearchDirectories: Adding more searchDirectories C:\Program Files\dotnet\sdk\6.0.102\Extensions,C:\Program Files\dotnet\sdk\6.0.102
TpTrace Information: 0 : 7312, 1, 2022/03/27, 23:41:34.770, 7060316651108, vstest.console.dll, AssemblyResolver.AddSearchDirectories: Adding more searchDirectories C:\Program Files\dotnet\sdk\6.0.102\Extensions,C:\Program Files\dotnet\sdk\6.0.102
TpTrace Information: 0 : 7312, 1, 2022/03/27, 23:41:34.770, 7060316651464, vstest.console.dll, AssemblyResolver.AddSearchDirectories: Adding more searchDirectories C:\Program Files\dotnet\sdk\6.0.102\Extensions,C:\Program Files\dotnet\sdk\6.0.102
TpTrace Information: 0 : 7312, 1, 2022/03/27, 23:41:34.770, 7060316651674, vstest.console.dll, AssemblyResolver.AddSearchDirectories: Adding more searchDirectories C:\Program Files\dotnet\sdk\6.0.102\Extensions,C:\Program Files\dotnet\sdk\6.0.102
TpTrace Information: 0 : 7312, 1, 2022/03/27, 23:41:34.770, 7060316651884, vstest.console.dll, AssemblyResolver.AddSearchDirectories: Adding more searchDirectories C:\Program Files\dotnet\sdk\6.0.102\Extensions,C:\Program Files\dotnet\sdk\6.0.102
TpTrace Information: 0 : 7312, 1, 2022/03/27, 23:41:34.770, 7060316652053, vstest.console.dll, AssemblyResolver.AddSearchDirectories: Adding more searchDirectories C:\Program Files\dotnet\sdk\6.0.102\Extensions,C:\Program Files\dotnet\sdk\6.0.102
TpTrace Information: 0 : 7312, 1, 2022/03/27, 23:41:34.771, 7060316654005, vstest.console.dll, AssemblyResolver.OnResolve: Microsoft.Bcl.AsyncInterfaces: Resolving assembly.
TpTrace Information: 0 : 7312, 1, 2022/03/27, 23:41:34.771, 7060316654295, vstest.console.dll, AssemblyResolver.OnResolve: Microsoft.Bcl.AsyncInterfaces: Resolved from cache.
TpTrace Verbose: 0 : 7312, 1, 2022/03/27, 23:41:34.771, 7060316654508, vstest.console.dll, CurrentDomainAssemblyResolve: Resolving assembly 'Microsoft.Bcl.AsyncInterfaces'.
TpTrace Information: 0 : 7312, 1, 2022/03/27, 23:41:34.771, 7060316654805, vstest.console.dll, AssemblyResolver.OnResolve: Microsoft.Bcl.AsyncInterfaces: Resolving assembly.
TpTrace Information: 0 : 7312, 1, 2022/03/27, 23:41:34.771, 7060316654975, vstest.console.dll, AssemblyResolver.OnResolve: Microsoft.Bcl.AsyncInterfaces: Resolved from cache.
TpTrace Verbose: 0 : 7312, 1, 2022/03/27, 23:41:34.771, 7060316655169, vstest.console.dll, CurrentDomainAssemblyResolve: Resolving assembly 'Microsoft.Bcl.AsyncInterfaces'.
TpTrace Verbose: 0 : 7312, 1, 2022/03/27, 23:41:34.771, 7060316655344, vstest.console.dll, CurrentDomainAssemblyResolve: Failed to resolve assembly 'Microsoft.Bcl.AsyncInterfaces'.
TpTrace Verbose: 0 : 7312, 1, 2022/03/27, 23:41:34.771, 7060316656582, vstest.console.dll, CurrentDomainAssemblyResolve: Failed to resolve assembly 'Microsoft.Bcl.AsyncInterfaces'.
TpTrace Warning: 0 : 7312, 1, 2022/03/27, 23:41:34.771, 7060316659335, vstest.console.dll, TestPluginDiscoverer: Failed to get types from assembly 'Microsoft.Diagnostics.NETCore.Client, Version=0.2.4.21401, Culture=neutral, PublicKeyToken=31bf3856ad364e35'.  Skipping test extension scan for this assembly.  Error: System.Reflection.ReflectionTypeLoadException: Unable to load one or more of the requested types.
Could not load file or assembly 'Microsoft.Bcl.AsyncInterfaces, Version=1.0.0.0, Culture=neutral, PublicKeyToken=cc7b13ffcd2ddd51'. The system cannot find the file specified.
   at System.Reflection.RuntimeModule.GetTypes(RuntimeModule module)
   at System.Reflection.Assembly.GetTypes()
   at Microsoft.VisualStudio.TestPlatform.Common.ExtensionFramework.TestPluginDiscoverer.GetTestExtensionsFromAssembly[TPluginInfo,TExtension](Assembly assembly, Dictionary`2 pluginInfos)
System.IO.FileNotFoundException: Could not load file or assembly 'Microsoft.Bcl.AsyncInterfaces, Version=1.0.0.0, Culture=neutral, PublicKeyToken=cc7b13ffcd2ddd51'. The system cannot find the file specified.
File name: 'Microsoft.Bcl.AsyncInterfaces, Version=1.0.0.0, Culture=neutral, PublicKeyToken=cc7b13ffcd2ddd51'
 ---> System.IO.FileNotFoundException: Could not load file or assembly 'Microsoft.Bcl.AsyncInterfaces, Culture=neutral, PublicKeyToken=null'. The system cannot find the file specified.
File name: 'Microsoft.Bcl.AsyncInterfaces, Culture=neutral, PublicKeyToken=null'
   at System.Reflection.RuntimeAssembly.InternalLoad(ObjectHandleOnStack assemblyName, ObjectHandleOnStack requestingAssembly, StackCrawlMarkHandle stackMark, Boolean throwOnFileNotFound, ObjectHandleOnStack assemblyLoadContext, ObjectHandleOnStack retAssembly)
   at System.Reflection.RuntimeAssembly.InternalLoad(AssemblyName assemblyName, RuntimeAssembly requestingAssembly, StackCrawlMark& stackMark, Boolean throwOnFileNotFound, AssemblyLoadContext assemblyLoadContext)
   at System.Reflection.Assembly.Load(AssemblyName assemblyRef)
   at Microsoft.VisualStudio.TestPlatform.Common.ExtensionFramework.TestPluginCache.CurrentDomainAssemblyResolve(Object sender, AssemblyResolveEventArgs args)
   at Microsoft.VisualStudio.TestPlatform.PlatformAbstractions.PlatformAssemblyResolver.AssemblyResolverEvent(Object sender, Object eventArgs)
   at System.Runtime.Loader.AssemblyLoadContext.GetFirstResolvedAssemblyFromResolvingEvent(AssemblyName assemblyName)
   at System.Runtime.Loader.AssemblyLoadContext.ResolveUsingEvent(AssemblyName assemblyName)
   at System.Runtime.Loader.AssemblyLoadContext.ResolveUsingResolvingEvent(IntPtr gchManagedAssemblyLoadContext, AssemblyName assemblyName)
TpTrace Warning: 0 : 7312, 1, 2022/03/27, 23:41:34.771, 7060316661045, vstest.console.dll, LoaderExceptions: System.IO.FileNotFoundException: Could not load file or assembly 'Microsoft.Bcl.AsyncInterfaces, Version=1.0.0.0, Culture=neutral, PublicKeyToken=cc7b13ffcd2ddd51'. The system cannot find the file specified.
File name: 'Microsoft.Bcl.AsyncInterfaces, Version=1.0.0.0, Culture=neutral, PublicKeyToken=cc7b13ffcd2ddd51'
 ---> System.IO.FileNotFoundException: Could not load file or assembly 'Microsoft.Bcl.AsyncInterfaces, Culture=neutral, PublicKeyToken=null'. The system cannot find the file specified.
File name: 'Microsoft.Bcl.AsyncInterfaces, Culture=neutral, PublicKeyToken=null'
   at System.Reflection.RuntimeAssembly.InternalLoad(ObjectHandleOnStack assemblyName, ObjectHandleOnStack requestingAssembly, StackCrawlMarkHandle stackMark, Boolean throwOnFileNotFound, ObjectHandleOnStack assemblyLoadContext, ObjectHandleOnStack retAssembly)
   at System.Reflection.RuntimeAssembly.InternalLoad(AssemblyName assemblyName, RuntimeAssembly requestingAssembly, StackCrawlMark& stackMark, Boolean throwOnFileNotFound, AssemblyLoadContext assemblyLoadContext)
   at System.Reflection.Assembly.Load(AssemblyName assemblyRef)
   at Microsoft.VisualStudio.TestPlatform.Common.ExtensionFramework.TestPluginCache.CurrentDomainAssemblyResolve(Object sender, AssemblyResolveEventArgs args)
   at Microsoft.VisualStudio.TestPlatform.PlatformAbstractions.PlatformAssemblyResolver.AssemblyResolverEvent(Object sender, Object eventArgs)
   at System.Runtime.Loader.AssemblyLoadContext.GetFirstResolvedAssemblyFromResolvingEvent(AssemblyName assemblyName)
   at System.Runtime.Loader.AssemblyLoadContext.ResolveUsingEvent(AssemblyName assemblyName)
   at System.Runtime.Loader.AssemblyLoadContext.ResolveUsingResolvingEvent(IntPtr gchManagedAssemblyLoadContext, AssemblyName assemblyName)
TpTrace Verbose: 0 : 7312, 1, 2022/03/27, 23:41:34.772, 7060316664083, vstest.console.dll, TestPluginCache: Discovered the extensions using extension path ''.
TpTrace Verbose: 0 : 7312, 1, 2022/03/27, 23:41:34.772, 7060316664413, vstest.console.dll, TestPluginCache: Discoverers are ''.
TpTrace Verbose: 0 : 7312, 1, 2022/03/27, 23:41:34.772, 7060316664568, vstest.console.dll, TestPluginCache: Executors are ''.
TpTrace Verbose: 0 : 7312, 1, 2022/03/27, 23:41:34.772, 7060316664707, vstest.console.dll, TestPluginCache: Executors2 are ''.
TpTrace Verbose: 0 : 7312, 1, 2022/03/27, 23:41:34.772, 7060316664841, vstest.console.dll, TestPluginCache: Setting providers are ''.
TpTrace Verbose: 0 : 7312, 1, 2022/03/27, 23:41:34.772, 7060316665361, vstest.console.dll, TestPluginCache: Loggers are 'logger://Microsoft/TestPlatform/Extensions/Blame/v1,logger://Microsoft/TestPlatform/HtmlLogger/v1,logger://Microsoft/TestPlatform/TrxLogger/v1'.
TpTrace Information: 0 : 7312, 1, 2022/03/27, 23:41:34.772, 7060316670294, vstest.console.dll, TestPluginManager.CreateTestExtension: Attempting to load test extension: Microsoft.TestPlatform.Extensions.BlameDataCollector.BlameLogger
TpTrace Information: 0 : 7312, 1, 2022/03/27, 23:41:34.777, 7060316719829, vstest.console.dll, TestPluginManager.CreateTestExtension: Attempting to load test extension: Microsoft.VisualStudio.TestPlatform.CrossPlatEngine.Hosting.DefaultTestHostManager
TpTrace Information: 0 : 7312, 1, 2022/03/27, 23:41:34.777, 7060316722777, vstest.console.dll, TestPluginManager.CreateTestExtension: Attempting to load test extension: Microsoft.VisualStudio.TestPlatform.CrossPlatEngine.Hosting.DotnetTestHostManager
TpTrace Verbose: 0 : 7312, 1, 2022/03/27, 23:41:34.778, 7060316727314, vstest.console.dll, TestEngine: Initializing Parallel Execution as MaxCpuCount is set to: 1
TpTrace Information: 0 : 7312, 1, 2022/03/27, 23:41:34.778, 7060316731708, vstest.console.dll, InferRunSettingsHelper.IsTestSettingsEnabled: Unable to navigate to RunSettings/MSTest. Current node: RunSettings
TpTrace Verbose: 0 : 7312, 1, 2022/03/27, 23:41:34.790, 7060316843526, vstest.console.dll, TestRequestSender is acting as server
TpTrace Verbose: 0 : 7312, 5, 2022/03/27, 23:41:34.793, 7060316882547, vstest.console.dll, DataCollectionRequestSender.InitializeCommunication : Initialize communication. 
TpTrace Information: 0 : 7312, 5, 2022/03/27, 23:41:34.798, 7060316925722, vstest.console.dll, Listening on Endpoint : 127.0.0.1:53373
TpTrace Verbose: 0 : 7312, 5, 2022/03/27, 23:41:34.808, 7060317028142, vstest.console.dll, DotnetDataCollectionLauncher: Full path of dotnet.exe is C:\Program Files\dotnet\dotnet.exe
TpTrace Verbose: 0 : 7312, 5, 2022/03/27, 23:41:34.808, 7060317029834, vstest.console.dll, DotnetDataCollectionLauncher: Adding  --runtimeconfig "C:\Program Files\dotnet\sdk\6.0.102\datacollector.runtimeconfig.json" in args
TpTrace Verbose: 0 : 7312, 5, 2022/03/27, 23:41:34.808, 7060317030307, vstest.console.dll, DotnetDataCollectionLauncher: Adding  --depsfile "C:\Program Files\dotnet\sdk\6.0.102\datacollector.deps.json" in args
TpTrace Information: 0 : 7312, 5, 2022/03/27, 23:41:34.818, 7060317127010, vstest.console.dll, ProxyDataCollectionManager.Initialize: Launched datacollector processId: 21028 port: 53373
TpTrace Information: 0 : 7312, 5, 2022/03/27, 23:41:34.818, 7060317128863, vstest.console.dll, ProxyDataCollectionManager.Initialize: waiting for connection with timeout: 90 seconds
TpTrace Verbose: 0 : 7312, 5, 2022/03/27, 23:41:34.818, 7060317129294, vstest.console.dll, DataCollectionRequestSender.WaitForRequestHandlerConnection : Waiting for connection with timeout: 90000
TpTrace Information: 0 : 7312, 8, 2022/03/27, 23:41:34.936, 7060318307085, vstest.console.dll, Using the buffer size of 16384 bytes
TpTrace Information: 0 : 7312, 8, 2022/03/27, 23:41:34.936, 7060318308725, vstest.console.dll, Accepted Client request and set the flag
TpTrace Verbose: 0 : 7312, 5, 2022/03/27, 23:41:34.936, 7060318308035, vstest.console.dll, ProxyDataCollectionManager.InvokeDataCollectionServiceAction: Starting.
TpTrace Information: 0 : 7312, 5, 2022/03/27, 23:41:34.936, 7060318309964, vstest.console.dll, ProxyDataCollectionManager.BeforeTestRunStart: Get environment variable and port for datacollector processId: 21028 port: 53373
TpTrace Verbose: 0 : 7312, 5, 2022/03/27, 23:41:34.936, 7060318311233, vstest.console.dll, DataCollectionRequestSender.SendBeforeTestRunStartAndGetResult : Send BeforeTestRunStart message with settingsXml <RunSettings><RunConfiguration><ResultsDirectory>D:\c#Code\softuniC#\04.OOP\ExamPreparation\Exam -11.12.2021\UnitTests-11.12\UnitTests-Skeleton\Gyms.Tests\bin\Debug\netcoreapp3.1\fine-code-coverage\coverage-tool-output</ResultsDirectory><TargetPlatform>X64</TargetPlatform><TargetFrameworkVersion>.NETCoreApp,Version=v3.1</TargetFrameworkVersion><DesignMode>False</DesignMode><CollectSourceInformation>False</CollectSourceInformation><TestAdaptersPaths>C:\Program Files\dotnet\sdk\6.0.102\Extensions</TestAdaptersPaths></RunConfiguration><LoggerRunSettings><Loggers><Logger friendlyName="blame" enabled="True" /><Logger friendlyName="Console" uri="logger://microsoft/TestPlatform/ConsoleLogger/v1" assemblyQualifiedName="Microsoft.VisualStudio.TestPlatform.CommandLine.Internal.ConsoleLogger, vstest.console, Version=15.0.0.0, Culture=neutral, PublicKeyToken=b03f5f7f11d50a3a" codeBase="C:\Program Files\dotnet\sdk\6.0.102\vstest.console.dll" enabled="True" /></Loggers></LoggerRunSettings><DataCollectionRunSettings><DataCollectors><DataCollector friendlyName="blame" enabled="True"><Configuration><ResultsDirectory>D:\c#Code\softuniC#\04.OOP\ExamPreparation\Exam -11.12.2021\UnitTests-11.12\UnitTests-Skeleton\Gyms.Tests\bin\Debug\netcoreapp3.1\fine-code-coverage\coverage-tool-output</ResultsDirectory></Configuration></DataCollector></DataCollectors></DataCollectionRunSettings></RunSettings> and sources System.Linq.Enumerable+Concat2Iterator`1[System.String]: 
TpTrace Verbose: 0 : 7312, 5, 2022/03/27, 23:41:35.004, 7060318992788, vstest.console.dll, DataCollectionRequestSender.SendBeforeTestRunStartAndGetResult : Received message: (DataCollection.SendMessage) -> {
  "FriendlyName": null,
  "Uri": null,
  "TestCaseId": "00000000-0000-0000-0000-000000000000",
  "Message": "Logging DataCollector Diagnostics in file: D:\\c#Code\\softuniC#\\04.OOP\\ExamPreparation\\Exam -11.12.2021\\UnitTests-11.12\\UnitTests-Skeleton\\Gyms.Tests\\bin\\Debug\\netcoreapp3.1\\fine-code-coverage\\coverage-tool-output\\diagnostics.datacollector.22-03-27_23-41-34_80540_5.log",
  "Level": 0
}
TpTrace Verbose: 0 : 7312, 5, 2022/03/27, 23:41:35.063, 7060319581098, vstest.console.dll, DataCollectionRequestSender.SendBeforeTestRunStartAndGetResult : Received message: (DataCollection.BeforeTestRunStartResult) -> {
  "EnvironmentVariables": {},
  "DataCollectionEventsPort": 53375
}
TpTrace Information: 0 : 7312, 5, 2022/03/27, 23:41:35.068, 7060319630285, vstest.console.dll, ProxyDataCollectionManager.BeforeTestRunStart: SendBeforeTestRunStartAndGetResult successful, env variable from datacollector:   and testhost port: 53375
TpTrace Information: 0 : 7312, 5, 2022/03/27, 23:41:35.068, 7060319632007, vstest.console.dll, ProxyDataCollectionManager.InvokeDataCollectionServiceAction: Completed.
TpTrace Verbose: 0 : 7312, 1, 2022/03/27, 23:41:35.069, 7060319634255, vstest.console.dll, TestRunRequest.ExecuteAsync: Creating test run request.
TpTrace Verbose: 0 : 7312, 1, 2022/03/27, 23:41:35.069, 7060319638942, vstest.console.dll, TestRunRequest.ExecuteAsync: Starting.
TpTrace Information: 0 : 7312, 1, 2022/03/27, 23:41:35.070, 7060319644129, vstest.console.dll, TestRunRequest.ExecuteAsync: Starting run with settings:TestRunCriteria:
   KeepAlive=False,FrequencyOfRunStatsChangeEvent=10,RunStatsChangeEventTimeout=00:00:01.5000000,TestCaseFilter=,TestExecutorLauncher=
   Settingsxml=<RunSettings>
  <RunConfiguration>
    <ResultsDirectory>D:\c#Code\softuniC#\04.OOP\ExamPreparation\Exam -11.12.2021\UnitTests-11.12\UnitTests-Skeleton\Gyms.Tests\bin\Debug\netcoreapp3.1\fine-code-coverage\coverage-tool-output</ResultsDirectory>
    <TargetPlatform>X64</TargetPlatform>
    <TargetFrameworkVersion>.NETCoreApp,Version=v3.1</TargetFrameworkVersion>
    <DesignMode>False</DesignMode>
    <CollectSourceInformation>False</CollectSourceInformation>
  </RunConfiguration>
  <LoggerRunSettings>
    <Loggers>
      <Logger friendlyName="blame" enabled="True" />
      <Logger friendlyName="Console" uri="logger://microsoft/TestPlatform/ConsoleLogger/v1" assemblyQualifiedName="Microsoft.VisualStudio.TestPlatform.CommandLine.Internal.ConsoleLogger, vstest.console, Version=15.0.0.0, Culture=neutral, PublicKeyToken=b03f5f7f11d50a3a" codeBase="C:\Program Files\dotnet\sdk\6.0.102\vstest.console.dll" enabled="True" />
    </Loggers>
  </LoggerRunSettings>
  <DataCollectionRunSettings>
    <DataCollectors>
      <DataCollector friendlyName="blame" enabled="True">
        <Configuration>
          <ResultsDirectory>D:\c#Code\softuniC#\04.OOP\ExamPreparation\Exam -11.12.2021\UnitTests-11.12\UnitTests-Skeleton\Gyms.Tests\bin\Debug\netcoreapp3.1\fine-code-coverage\coverage-tool-output</ResultsDirectory>
        </Configuration>
      </DataCollector>
    </DataCollectors>
  </DataCollectionRunSettings>
</RunSettings>

TpTrace Verbose: 0 : 7312, 1, 2022/03/27, 23:41:35.070, 7060319645052, vstest.console.dll, TestRunRequest.ExecuteAsync: Wait for the first run request is over.
TpTrace Verbose: 0 : 7312, 1, 2022/03/27, 23:41:35.070, 7060319650794, vstest.console.dll, ParallelProxyExecutionManager: Start execution. Total sources: 1
TpTrace Information: 0 : 7312, 1, 2022/03/27, 23:41:35.071, 7060319657510, vstest.console.dll, ProxyParallelExecutionManager: Triggering test run for next source: D:\c#Code\softuniC#\04.OOP\ExamPreparation\Exam -11.12.2021\UnitTests-11.12\UnitTests-Skeleton\Gyms.Tests\bin\Debug\netcoreapp3.1\fine-code-coverage\build-output\Gyms.Tests.dll
TpTrace Verbose: 0 : 7312, 5, 2022/03/27, 23:41:35.071, 7060319659620, vstest.console.dll, ParallelProxyExecutionManager: Execution started. Started clients: 1
TpTrace Verbose: 0 : 7312, 1, 2022/03/27, 23:41:35.071, 7060319659764, vstest.console.dll, ProxyParallelExecutionManager: No sources available for execution.
TpTrace Information: 0 : 7312, 1, 2022/03/27, 23:41:35.071, 7060319660593, vstest.console.dll, TestRunRequest.ExecuteAsync: Started.
TpTrace Verbose: 0 : 7312, 1, 2022/03/27, 23:41:35.071, 7060319661215, vstest.console.dll, TestRunRequest.WaitForCompletion: Waiting with timeout -1.
TpTrace Verbose: 0 : 7312, 5, 2022/03/27, 23:41:35.071, 7060319662470, vstest.console.dll, TestRunRequest:SendTestRunMessage: Starting.
TpTrace Information: 0 : 7312, 5, 2022/03/27, 23:41:35.072, 7060319663534, vstest.console.dll, TestRunRequest:SendTestRunMessage: Completed.
TpTrace Verbose: 0 : 7312, 5, 2022/03/27, 23:41:35.072, 7060319665364, vstest.console.dll, ProxyExecutionManager: Test host is always Lazy initialize.
TpTrace Verbose: 0 : 7312, 5, 2022/03/27, 23:41:35.072, 7060319667302, vstest.console.dll, TestRequestSender.InitializeCommunication: initialize communication. 
TpTrace Information: 0 : 7312, 5, 2022/03/27, 23:41:35.072, 7060319671901, vstest.console.dll, SocketServer.Start: Listening on endpoint : 127.0.0.1:53376
TpTrace Verbose: 0 : 7312, 5, 2022/03/27, 23:41:35.073, 7060319678656, vstest.console.dll, DotnetTestHostmanager: Adding  --runtimeconfig "D:\c#Code\softuniC#\04.OOP\ExamPreparation\Exam -11.12.2021\UnitTests-11.12\UnitTests-Skeleton\Gyms.Tests\bin\Debug\netcoreapp3.1\fine-code-coverage\build-output\Gyms.Tests.runtimeconfig.json" in args
TpTrace Verbose: 0 : 7312, 5, 2022/03/27, 23:41:35.073, 7060319679462, vstest.console.dll, DotnetTestHostmanager: Adding  --depsfile "D:\c#Code\softuniC#\04.OOP\ExamPreparation\Exam -11.12.2021\UnitTests-11.12\UnitTests-Skeleton\Gyms.Tests\bin\Debug\netcoreapp3.1\fine-code-coverage\build-output\Gyms.Tests.deps.json" in args
TpTrace Verbose: 0 : 7312, 5, 2022/03/27, 23:41:35.073, 7060319680948, vstest.console.dll, DotnetTestHostManager: Testhost.exe/testhost.x86.exe found at path: D:\c#Code\softuniC#\04.OOP\ExamPreparation\Exam -11.12.2021\UnitTests-11.12\UnitTests-Skeleton\Gyms.Tests\bin\Debug\netcoreapp3.1\fine-code-coverage\build-output\testhost.exe
TpTrace Verbose: 0 : 7312, 5, 2022/03/27, 23:41:35.073, 7060319681324, vstest.console.dll, DotnetTestHostmanager: Full path of host exe is D:\c#Code\softuniC#\04.OOP\ExamPreparation\Exam -11.12.2021\UnitTests-11.12\UnitTests-Skeleton\Gyms.Tests\bin\Debug\netcoreapp3.1\fine-code-coverage\build-output\testhost.exe
TpTrace Verbose: 0 : 7312, 7, 2022/03/27, 23:41:35.074, 7060319690052, vstest.console.dll, DotnetTestHostManager: Starting process 'D:\c#Code\softuniC#\04.OOP\ExamPreparation\Exam -11.12.2021\UnitTests-11.12\UnitTests-Skeleton\Gyms.Tests\bin\Debug\netcoreapp3.1\fine-code-coverage\build-output\testhost.exe' with command line ' --runtimeconfig "D:\c#Code\softuniC#\04.OOP\ExamPreparation\Exam -11.12.2021\UnitTests-11.12\UnitTests-Skeleton\Gyms.Tests\bin\Debug\netcoreapp3.1\fine-code-coverage\build-output\Gyms.Tests.runtimeconfig.json" --depsfile "D:\c#Code\softuniC#\04.OOP\ExamPreparation\Exam -11.12.2021\UnitTests-11.12\UnitTests-Skeleton\Gyms.Tests\bin\Debug\netcoreapp3.1\fine-code-coverage\build-output\Gyms.Tests.deps.json" --port 53376 --endpoint 127.0.0.1:053376 --role client --parentprocessid 7312 --diag "D:\c#Code\softuniC#\04.OOP\ExamPreparation\Exam -11.12.2021\UnitTests-11.12\UnitTests-Skeleton\Gyms.Tests\bin\Debug\netcoreapp3.1\fine-code-coverage\coverage-tool-output\diagnostics.host.22-03-27_23-41-35_07320_5.log" --tracelevel 4 --datacollectionport 53375 --telemetryoptedin false'
TpTrace Verbose: 0 : 7312, 7, 2022/03/27, 23:41:35.081, 7060319759245, vstest.console.dll, Test Runtime launched
TpTrace Verbose: 0 : 7312, 5, 2022/03/27, 23:41:35.082, 7060319767162, vstest.console.dll, TestRequestSender.WaitForRequestHandlerConnection: waiting for connection with timeout: 90000
TpTrace Verbose: 0 : 7312, 7, 2022/03/27, 23:41:35.229, 7060321241151, vstest.console.dll, SocketServer.OnClientConnected: Client connected for endPoint: 127.0.0.1:53376, starting MessageLoopAsync:
TpTrace Verbose: 0 : 7312, 14, 2022/03/27, 23:41:35.230, 7060321244160, vstest.console.dll, TcpClientExtensions.MessageLoopAsync: Polling on remoteEndPoint: 127.0.0.1:53378 localEndPoint: 127.0.0.1:53376
TpTrace Verbose: 0 : 7312, 14, 2022/03/27, 23:41:35.356, 7060322512041, vstest.console.dll, TcpClientExtensions.MessageLoopAsync: NotifyDataAvailable remoteEndPoint: 127.0.0.1:53378 localEndPoint: 127.0.0.1:53376
TpTrace Verbose: 0 : 7312, 14, 2022/03/27, 23:41:35.357, 7060322516157, vstest.console.dll, TestRequestSender.CheckVersionWithTestHost: onMessageReceived received message: (ProtocolVersion) -> 5
TpTrace Verbose: 0 : 7312, 14, 2022/03/27, 23:41:35.357, 7060322522901, vstest.console.dll, TcpClientExtensions.MessageLoopAsync: Polling on remoteEndPoint: 127.0.0.1:53378 localEndPoint: 127.0.0.1:53376
TpTrace Verbose: 0 : 7312, 5, 2022/03/27, 23:41:35.358, 7060322525291, vstest.console.dll, TestPluginCache.GetExtensionPaths: Filtered extension paths: 
TpTrace Verbose: 0 : 7312, 5, 2022/03/27, 23:41:35.358, 7060322526434, vstest.console.dll, TestPluginCache.GetExtensionPaths: Added default extension paths: C:\Program Files\dotnet\sdk\6.0.102\Extensions\Microsoft.Diagnostics.NETCore.Client.dll
C:\Program Files\dotnet\sdk\6.0.102\Extensions\Microsoft.TestPlatform.Extensions.BlameDataCollector.dll
C:\Program Files\dotnet\sdk\6.0.102\Extensions\Microsoft.TestPlatform.Extensions.EventLogCollector.dll
C:\Program Files\dotnet\sdk\6.0.102\Extensions\Microsoft.TestPlatform.TestHostRuntimeProvider.dll
C:\Program Files\dotnet\sdk\6.0.102\Extensions\Microsoft.VisualStudio.TestPlatform.Extensions.Html.TestLogger.dll
C:\Program Files\dotnet\sdk\6.0.102\Extensions\Microsoft.VisualStudio.TestPlatform.Extensions.Trx.TestLogger.dll
TpTrace Verbose: 0 : 7312, 5, 2022/03/27, 23:41:35.358, 7060322526976, vstest.console.dll, TestPluginCache.GetExtensionPaths: Added unfilterableExtensionPaths: 
TpTrace Verbose: 0 : 7312, 5, 2022/03/27, 23:41:35.361, 7060322555702, vstest.console.dll, TestRequestSender.InitializeExecution: Sending initializing execution with message: {"Version":5,"MessageType":"TestExecution.Initialize","Payload":["D:\\c#Code\\softuniC#\\04.OOP\\ExamPreparation\\Exam -11.12.2021\\UnitTests-11.12\\UnitTests-Skeleton\\Gyms.Tests\\bin\\Debug\\netcoreapp3.1\\fine-code-coverage\\build-output\\NUnit3.TestAdapter.dll"]}
TpTrace Verbose: 0 : 7312, 14, 2022/03/27, 23:41:35.367, 7060322620403, vstest.console.dll, TcpClientExtensions.MessageLoopAsync: NotifyDataAvailable remoteEndPoint: 127.0.0.1:53378 localEndPoint: 127.0.0.1:53376
TpTrace Verbose: 0 : 7312, 14, 2022/03/27, 23:41:35.367, 7060322622703, vstest.console.dll, TestRequestSender.OnExecutionMessageReceived: Received message: {"Version":5,"MessageType":"TestSession.Message","Payload":{"MessageLevel":0,"Message":"Logging TestHost Diagnostics in file: D:\\c#Code\\softuniC#\\04.OOP\\ExamPreparation\\Exam -11.12.2021\\UnitTests-11.12\\UnitTests-Skeleton\\Gyms.Tests\\bin\\Debug\\netcoreapp3.1\\fine-code-coverage\\coverage-tool-output\\diagnostics.host.22-03-27_23-41-35_07320_5.log"}}
TpTrace Verbose: 0 : 7312, 5, 2022/03/27, 23:41:35.369, 7060322640595, vstest.console.dll, TestRequestSender.StartTestRun: Sending test run with message: {"Version":5,"MessageType":"TestExecution.StartWithSources","Payload":{"AdapterSourceMap":{"_none_":["D:\\c#Code\\softuniC#\\04.OOP\\ExamPreparation\\Exam -11.12.2021\\UnitTests-11.12\\UnitTests-Skeleton\\Gyms.Tests\\bin\\Debug\\netcoreapp3.1\\fine-code-coverage\\build-output\\Gyms.Tests.dll"]},"RunSettings":"<RunSettings>\r\n  <RunConfiguration>\r\n    <ResultsDirectory>D:\\c#Code\\softuniC#\\04.OOP\\ExamPreparation\\Exam -11.12.2021\\UnitTests-11.12\\UnitTests-Skeleton\\Gyms.Tests\\bin\\Debug\\netcoreapp3.1\\fine-code-coverage\\coverage-tool-output</ResultsDirectory>\r\n    <TargetPlatform>X64</TargetPlatform>\r\n    <TargetFrameworkVersion>.NETCoreApp,Version=v3.1</TargetFrameworkVersion>\r\n    <DesignMode>False</DesignMode>\r\n    <CollectSourceInformation>False</CollectSourceInformation>\r\n  </RunConfiguration>\r\n  <LoggerRunSettings>\r\n    <Loggers>\r\n      <Logger friendlyName=\"blame\" enabled=\"True\" />\r\n      <Logger friendlyName=\"Console\" uri=\"logger://microsoft/TestPlatform/ConsoleLogger/v1\" assemblyQualifiedName=\"Microsoft.VisualStudio.TestPlatform.CommandLine.Internal.ConsoleLogger, vstest.console, Version=15.0.0.0, Culture=neutral, PublicKeyToken=b03f5f7f11d50a3a\" codeBase=\"C:\\Program Files\\dotnet\\sdk\\6.0.102\\vstest.console.dll\" enabled=\"True\" />\r\n    </Loggers>\r\n  </LoggerRunSettings>\r\n  <DataCollectionRunSettings>\r\n    <DataCollectors>\r\n      <DataCollector friendlyName=\"blame\" enabled=\"True\">\r\n        <Configuration>\r\n          <ResultsDirectory>D:\\c#Code\\softuniC#\\04.OOP\\ExamPreparation\\Exam -11.12.2021\\UnitTests-11.12\\UnitTests-Skeleton\\Gyms.Tests\\bin\\Debug\\netcoreapp3.1\\fine-code-coverage\\coverage-tool-output</ResultsDirectory>\r\n        </Configuration>\r\n      </DataCollector>\r\n    </DataCollectors>\r\n  </DataCollectionRunSettings>\r\n</RunSettings>","TestExecutionContext":{"FrequencyOfRunStatsChangeEvent":10,"RunStatsChangeEventTimeout":"00:00:01.5000000","InIsolation":false,"KeepAlive":false,"AreTestCaseLevelEventsRequired":false,"IsDebug":false,"TestCaseFilter":null,"FilterOptions":null},"Package":null}}
TpTrace Verbose: 0 : 7312, 14, 2022/03/27, 23:41:35.370, 7060322647101, vstest.console.dll, TestRunRequest:SendTestRunMessage: Starting.
TpTrace Information: 0 : 7312, 14, 2022/03/27, 23:41:35.370, 7060322648503, vstest.console.dll, TestRunRequest:SendTestRunMessage: Completed.
TpTrace Verbose: 0 : 7312, 14, 2022/03/27, 23:41:35.370, 7060322648749, vstest.console.dll, TcpClientExtensions.MessageLoopAsync: Polling on remoteEndPoint: 127.0.0.1:53378 localEndPoint: 127.0.0.1:53376
TpTrace Verbose: 0 : 7312, 14, 2022/03/27, 23:41:35.491, 7060323860044, vstest.console.dll, TcpClientExtensions.MessageLoopAsync: NotifyDataAvailable remoteEndPoint: 127.0.0.1:53378 localEndPoint: 127.0.0.1:53376
TpTrace Verbose: 0 : 7312, 14, 2022/03/27, 23:41:35.491, 7060323862142, vstest.console.dll, TestRequestSender.OnExecutionMessageReceived: Received message: {"Version":5,"MessageType":"TestSession.Message","Payload":{"MessageLevel":0,"Message":"NUnit Adapter 3.17.0.0: Test execution started"}}
TpTrace Verbose: 0 : 7312, 14, 2022/03/27, 23:41:35.492, 7060323865529, vstest.console.dll, TestRunRequest:SendTestRunMessage: Starting.
TpTrace Information: 0 : 7312, 14, 2022/03/27, 23:41:35.492, 7060323866628, vstest.console.dll, TestRunRequest:SendTestRunMessage: Completed.
TpTrace Verbose: 0 : 7312, 14, 2022/03/27, 23:41:35.492, 7060323867063, vstest.console.dll, TcpClientExtensions.MessageLoopAsync: Polling on remoteEndPoint: 127.0.0.1:53378 localEndPoint: 127.0.0.1:53376
TpTrace Verbose: 0 : 7312, 14, 2022/03/27, 23:41:35.514, 7060324086241, vstest.console.dll, TcpClientExtensions.MessageLoopAsync: NotifyDataAvailable remoteEndPoint: 127.0.0.1:53378 localEndPoint: 127.0.0.1:53376
TpTrace Verbose: 0 : 7312, 14, 2022/03/27, 23:41:35.514, 7060324088275, vstest.console.dll, TestRequestSender.OnExecutionMessageReceived: Received message: {"Version":5,"MessageType":"TestSession.Message","Payload":{"MessageLevel":0,"Message":"Running all tests in D:\\c#Code\\softuniC#\\04.OOP\\ExamPreparation\\Exam -11.12.2021\\UnitTests-11.12\\UnitTests-Skeleton\\Gyms.Tests\\bin\\Debug\\netcoreapp3.1\\fine-code-coverage\\build-output\\Gyms.Tests.dll"}}
TpTrace Verbose: 0 : 7312, 14, 2022/03/27, 23:41:35.514, 7060324091580, vstest.console.dll, TestRunRequest:SendTestRunMessage: Starting.
TpTrace Information: 0 : 7312, 14, 2022/03/27, 23:41:35.514, 7060324092491, vstest.console.dll, TestRunRequest:SendTestRunMessage: Completed.
TpTrace Verbose: 0 : 7312, 14, 2022/03/27, 23:41:35.514, 7060324092990, vstest.console.dll, TcpClientExtensions.MessageLoopAsync: Polling on remoteEndPoint: 127.0.0.1:53378 localEndPoint: 127.0.0.1:53376
TpTrace Verbose: 0 : 7312, 14, 2022/03/27, 23:41:35.677, 7060325719434, vstest.console.dll, TcpClientExtensions.MessageLoopAsync: NotifyDataAvailable remoteEndPoint: 127.0.0.1:53378 localEndPoint: 127.0.0.1:53376
TpTrace Verbose: 0 : 7312, 14, 2022/03/27, 23:41:35.677, 7060325722160, vstest.console.dll, TestRequestSender.OnExecutionMessageReceived: Received message: {"Version":5,"MessageType":"TestSession.Message","Payload":{"MessageLevel":0,"Message":"   NUnit3TestExecutor discovered 13 of 13 NUnit test cases"}}
TpTrace Verbose: 0 : 7312, 14, 2022/03/27, 23:41:35.678, 7060325726095, vstest.console.dll, TestRunRequest:SendTestRunMessage: Starting.
TpTrace Information: 0 : 7312, 14, 2022/03/27, 23:41:35.678, 7060325727133, vstest.console.dll, TestRunRequest:SendTestRunMessage: Completed.
TpTrace Verbose: 0 : 7312, 14, 2022/03/27, 23:41:35.678, 7060325727732, vstest.console.dll, TcpClientExtensions.MessageLoopAsync: Polling on remoteEndPoint: 127.0.0.1:53378 localEndPoint: 127.0.0.1:53376
TpTrace Verbose: 0 : 7312, 14, 2022/03/27, 23:41:35.796, 7060326909211, vstest.console.dll, TcpClientExtensions.MessageLoopAsync: NotifyDataAvailable remoteEndPoint: 127.0.0.1:53378 localEndPoint: 127.0.0.1:53376
TpTrace Verbose: 0 : 7312, 14, 2022/03/27, 23:41:35.796, 7060326912667, vstest.console.dll, TestRequestSender.OnExecutionMessageReceived: Received message: {"Version":5,"MessageType":"TestExecution.StatsChange","Payload":{"NewTestResults":[{"TestCase":{"Id":"dbb475bb-5359-588c-8f63-8e9bbb4ba4a9","FullyQualifiedName":"Gyms.Tests.GymsTests.AthleteCanBeInjured","DisplayName":"AthleteCanBeInjured","ExecutorUri":"executor://NUnit3TestExecutor","Source":"D:\\c#Code\\softuniC#\\04.OOP\\ExamPreparation\\Exam -11.12.2021\\UnitTests-11.12\\UnitTests-Skeleton\\Gyms.Tests\\bin\\Debug\\netcoreapp3.1\\fine-code-coverage\\build-output\\Gyms.Tests.dll","CodeFilePath":null,"LineNumber":0,"Properties":[]},"Attachments":[],"Outcome":1,"ErrorMessage":null,"ErrorStackTrace":null,"DisplayName":"AthleteCanBeInjured","Messages":[],"ComputerName":"DESKTOP-G5675TN","Duration":"00:00:00.0054390","StartTime":"2022-03-27T20:41:35.7010554+00:00","EndTime":"2022-03-27T20:41:35.7064394+00:00","Properties":[]},{"TestCase":{"Id":"681338da-2ec3-ff86-8344-7bd197e80b52","FullyQualifiedName":"Gyms.Tests.GymsTests.CanAddAthletes","DisplayName":"CanAddAthletes","ExecutorUri":"executor://NUnit3TestExecutor","Source":"D:\\c#Code\\softuniC#\\04.OOP\\ExamPreparation\\Exam -11.12.2021\\UnitTests-11.12\\UnitTests-Skeleton\\Gyms.Tests\\bin\\Debug\\netcoreapp3.1\\fine-code-coverage\\build-output\\Gyms.Tests.dll","CodeFilePath":null,"LineNumber":0,"Properties":[]},"Attachments":[],"Outcome":1,"ErrorMessage":null,"ErrorStackTrace":null,"DisplayName":"CanAddAthletes","Messages":[],"ComputerName":"DESKTOP-G5675TN","Duration":"00:00:00.0058770","StartTime":"2022-03-27T20:41:35.7077187+00:00","EndTime":"2022-03-27T20:41:35.7135953+00:00","Properties":[]},{"TestCase":{"Id":"996d7b18-d60e-61ba-daa2-5c36712b4153","FullyQualifiedName":"Gyms.Tests.GymsTests.CanRemoveAthlete","DisplayName":"CanRemoveAthlete","ExecutorUri":"executor://NUnit3TestExecutor","Source":"D:\\c#Code\\softuniC#\\04.OOP\\ExamPreparation\\Exam -11.12.2021\\UnitTests-11.12\\UnitTests-Skeleton\\Gyms.Tests\\bin\\Debug\\netcoreapp3.1\\fine-code-coverage\\build-output\\Gyms.Tests.dll","CodeFilePath":null,"LineNumber":0,"Properties":[]},"Attachments":[],"Outcome":1,"ErrorMessage":null,"ErrorStackTrace":null,"DisplayName":"CanRemoveAthlete","Messages":[],"ComputerName":"DESKTOP-G5675TN","Duration":"00:00:00.0005540","StartTime":"2022-03-27T20:41:35.7136486+00:00","EndTime":"2022-03-27T20:41:35.7142002+00:00","Properties":[]},{"TestCase":{"Id":"efb8eb23-de98-de2e-0f77-ffeaa9697d9d","FullyQualifiedName":"Gyms.Tests.GymsTests.CantAddAthletesToFullGym","DisplayName":"CantAddAthletesToFullGym","ExecutorUri":"executor://NUnit3TestExecutor","Source":"D:\\c#Code\\softuniC#\\04.OOP\\ExamPreparation\\Exam -11.12.2021\\UnitTests-11.12\\UnitTests-Skeleton\\Gyms.Tests\\bin\\Debug\\netcoreapp3.1\\fine-code-coverage\\build-output\\Gyms.Tests.dll","CodeFilePath":null,"LineNumber":0,"Properties":[]},"Attachments":[],"Outcome":1,"ErrorMessage":null,"ErrorStackTrace":null,"DisplayName":"CantAddAthletesToFullGym","Messages":[],"ComputerName":"DESKTOP-G5675TN","Duration":"00:00:00.0038200","StartTime":"2022-03-27T20:41:35.7142192+00:00","EndTime":"2022-03-27T20:41:35.7180365+00:00","Properties":[]},{"TestCase":{"Id":"58380809-f099-4051-59cf-7db6e22e16c2","FullyQualifiedName":"Gyms.Tests.GymsTests.CantInjureathleteThatDoesntExist","DisplayName":"CantInjureathleteThatDoesntExist","ExecutorUri":"executor://NUnit3TestExecutor","Source":"D:\\c#Code\\softuniC#\\04.OOP\\ExamPreparation\\Exam -11.12.2021\\UnitTests-11.12\\UnitTests-Skeleton\\Gyms.Tests\\bin\\Debug\\netcoreapp3.1\\fine-code-coverage\\build-output\\Gyms.Tests.dll","CodeFilePath":null,"LineNumber":0,"Properties":[]},"Attachments":[],"Outcome":1,"ErrorMessage":null,"ErrorStackTrace":null,"DisplayName":"CantInjureathleteThatDoesntExist","Messages":[],"ComputerName":"DESKTOP-G5675TN","Duration":"00:00:00.0003730","StartTime":"2022-03-27T20:41:35.7180655+00:00","EndTime":"2022-03-27T20:41:35.7184369+00:00","Properties":[]},{"TestCase":{"Id":"869536c5-4fee-fab6-e077-2b8831c6bd54","FullyQualifiedName":"Gyms.Tests.GymsTests.CantRemoveAthleteThatDoesntExist","DisplayName":"CantRemoveAthleteThatDoesntExist","ExecutorUri":"executor://NUnit3TestExecutor","Source":"D:\\c#Code\\softuniC#\\04.OOP\\ExamPreparation\\Exam -11.12.2021\\UnitTests-11.12\\UnitTests-Skeleton\\Gyms.Tests\\bin\\Debug\\netcoreapp3.1\\fine-code-coverage\\build-output\\Gyms.Tests.dll","CodeFilePath":null,"LineNumber":0,"Properties":[]},"Attachments":[],"Outcome":1,"ErrorMessage":null,"ErrorStackTrace":null,"DisplayName":"CantRemoveAthleteThatDoesntExist","Messages":[],"ComputerName":"DESKTOP-G5675TN","Duration":"00:00:00.0002540","StartTime":"2022-03-27T20:41:35.7184534+00:00","EndTime":"2022-03-27T20:41:35.7187065+00:00","Properties":[]},{"TestCase":{"Id":"b52aab02-87fd-6d6b-2d06-777e2c7ed862","FullyQualifiedName":"Gyms.Tests.GymsTests.CapacityCantBeNegative","DisplayName":"CapacityCantBeNegative","ExecutorUri":"executor://NUnit3TestExecutor","Source":"D:\\c#Code\\softuniC#\\04.OOP\\ExamPreparation\\Exam -11.12.2021\\UnitTests-11.12\\UnitTests-Skeleton\\Gyms.Tests\\bin\\Debug\\netcoreapp3.1\\fine-code-coverage\\build-output\\Gyms.Tests.dll","CodeFilePath":null,"LineNumber":0,"Properties":[]},"Attachments":[],"Outcome":1,"ErrorMessage":null,"ErrorStackTrace":null,"DisplayName":"CapacityCantBeNegative","Messages":[],"ComputerName":"DESKTOP-G5675TN","Duration":"00:00:00.0002950","StartTime":"2022-03-27T20:41:35.7187167+00:00","EndTime":"2022-03-27T20:41:35.719011+00:00","Properties":[]},{"TestCase":{"Id":"4c8b5968-30f1-8801-d6eb-1d6785bb8adb","FullyQualifiedName":"Gyms.Tests.GymsTests.ConstructorSetsNameAndCapacity","DisplayName":"ConstructorSetsNameAndCapacity","ExecutorUri":"executor://NUnit3TestExecutor","Source":"D:\\c#Code\\softuniC#\\04.OOP\\ExamPreparation\\Exam -11.12.2021\\UnitTests-11.12\\UnitTests-Skeleton\\Gyms.Tests\\bin\\Debug\\netcoreapp3.1\\fine-code-coverage\\build-output\\Gyms.Tests.dll","CodeFilePath":null,"LineNumber":0,"Properties":[]},"Attachments":[],"Outcome":1,"ErrorMessage":null,"ErrorStackTrace":null,"DisplayName":"ConstructorSetsNameAndCapacity","Messages":[],"ComputerName":"DESKTOP-G5675TN","Duration":"00:00:00.0001940","StartTime":"2022-03-27T20:41:35.7190233+00:00","EndTime":"2022-03-27T20:41:35.7192172+00:00","Properties":[]},{"TestCase":{"Id":"6bf56b15-04e9-2b63-2adf-13c08e410e3d","FullyQualifiedName":"Gyms.Tests.GymsTests.GymNameCantBeNullOrEmpty(null)","DisplayName":"GymNameCantBeNullOrEmpty(null)","ExecutorUri":"executor://NUnit3TestExecutor","Source":"D:\\c#Code\\softuniC#\\04.OOP\\ExamPreparation\\Exam -11.12.2021\\UnitTests-11.12\\UnitTests-Skeleton\\Gyms.Tests\\bin\\Debug\\netcoreapp3.1\\fine-code-coverage\\build-output\\Gyms.Tests.dll","CodeFilePath":null,"LineNumber":0,"Properties":[]},"Attachments":[],"Outcome":1,"ErrorMessage":null,"ErrorStackTrace":null,"DisplayName":"GymNameCantBeNullOrEmpty(null)","Messages":[],"ComputerName":"DESKTOP-G5675TN","Duration":"00:00:00.0002610","StartTime":"2022-03-27T20:41:35.7192536+00:00","EndTime":"2022-03-27T20:41:35.7195134+00:00","Properties":[]}],"TestRunStatistics":{"ExecutedTests":9,"Stats":{"Passed":9}},"ActiveTests":[{"Id":"58c3b851-79f3-179c-baba-12f8af4fc52c","FullyQualifiedName":"Gyms.Tests.GymsTests.GymNameCantBeNullOrEmpty(\"\")","DisplayName":"GymNameCantBeNullOrEmpty(\"\")","ExecutorUri":"executor://NUnit3TestExecutor","Source":"D:\\c#Code\\softuniC#\\04.OOP\\ExamPreparation\\Exam -11.12.2021\\UnitTests-11.12\\UnitTests-Skeleton\\Gyms.Tests\\bin\\Debug\\netcoreapp3.1\\fine-code-coverage\\build-output\\Gyms.Tests.dll","CodeFilePath":null,"LineNumber":0,"Properties":[]}]}}
TpTrace Verbose: 0 : 7312, 14, 2022/03/27, 23:41:35.819, 7060327135152, vstest.console.dll, TestRunRequest:SendTestRunStatsChange: Starting.
TpTrace Verbose: 0 : 7312, 14, 2022/03/27, 23:41:35.819, 7060327136436, vstest.console.dll, InProgress is GymNameCantBeNullOrEmpty("")
TpTrace Information: 0 : 7312, 14, 2022/03/27, 23:41:35.819, 7060327137877, vstest.console.dll, TestRunRequest:SendTestRunStatsChange: Completed.
TpTrace Verbose: 0 : 7312, 14, 2022/03/27, 23:41:35.819, 7060327138155, vstest.console.dll, TcpClientExtensions.MessageLoopAsync: Polling on remoteEndPoint: 127.0.0.1:53378 localEndPoint: 127.0.0.1:53376
TpTrace Verbose: 0 : 7312, 14, 2022/03/27, 23:41:35.819, 7060327138530, vstest.console.dll, TcpClientExtensions.MessageLoopAsync: NotifyDataAvailable remoteEndPoint: 127.0.0.1:53378 localEndPoint: 127.0.0.1:53376
TpTrace Verbose: 0 : 7312, 14, 2022/03/27, 23:41:35.819, 7060327138913, vstest.console.dll, TestRequestSender.OnExecutionMessageReceived: Received message: {"Version":5,"MessageType":"TestSession.Message","Payload":{"MessageLevel":0,"Message":"NUnit Adapter 3.17.0.0: Test execution complete"}}
TpTrace Verbose: 0 : 7312, 14, 2022/03/27, 23:41:35.819, 7060327139966, vstest.console.dll, TestRunRequest:SendTestRunMessage: Starting.
TpTrace Information: 0 : 7312, 14, 2022/03/27, 23:41:35.819, 7060327140278, vstest.console.dll, TestRunRequest:SendTestRunMessage: Completed.
TpTrace Verbose: 0 : 7312, 14, 2022/03/27, 23:41:35.819, 7060327140496, vstest.console.dll, TcpClientExtensions.MessageLoopAsync: Polling on remoteEndPoint: 127.0.0.1:53378 localEndPoint: 127.0.0.1:53376
TpTrace Verbose: 0 : 7312, 14, 2022/03/27, 23:41:35.828, 7060327231948, vstest.console.dll, TcpClientExtensions.MessageLoopAsync: NotifyDataAvailable remoteEndPoint: 127.0.0.1:53378 localEndPoint: 127.0.0.1:53376
TpTrace Verbose: 0 : 7312, 14, 2022/03/27, 23:41:35.829, 7060327234677, vstest.console.dll, TestRequestSender.OnExecutionMessageReceived: Received message: {"Version":5,"MessageType":"TestExecution.Completed","Payload":{"TestRunCompleteArgs":{"TestRunStatistics":{"ExecutedTests":13,"Stats":{"Passed":13}},"IsCanceled":false,"IsAborted":false,"Error":null,"AttachmentSets":[],"ElapsedTimeInRunningTests":"00:00:00.3410294","Metrics":{}},"LastRunTests":{"NewTestResults":[{"TestCase":{"Id":"58c3b851-79f3-179c-baba-12f8af4fc52c","FullyQualifiedName":"Gyms.Tests.GymsTests.GymNameCantBeNullOrEmpty(\"\")","DisplayName":"GymNameCantBeNullOrEmpty(\"\")","ExecutorUri":"executor://NUnit3TestExecutor","Source":"D:\\c#Code\\softuniC#\\04.OOP\\ExamPreparation\\Exam -11.12.2021\\UnitTests-11.12\\UnitTests-Skeleton\\Gyms.Tests\\bin\\Debug\\netcoreapp3.1\\fine-code-coverage\\build-output\\Gyms.Tests.dll","CodeFilePath":null,"LineNumber":0,"Properties":[]},"Attachments":[],"Outcome":1,"ErrorMessage":null,"ErrorStackTrace":null,"DisplayName":"GymNameCantBeNullOrEmpty(\"\")","Messages":[],"ComputerName":"DESKTOP-G5675TN","Duration":"00:00:00.0000670","StartTime":"2022-03-27T20:41:35.7195246+00:00","EndTime":"2022-03-27T20:41:35.7195917+00:00","Properties":[]},{"TestCase":{"Id":"0a204634-cc99-ae1b-c1d2-bb7e42508e7d","FullyQualifiedName":"Gyms.Tests.GymsTests.GymStartsWithZeroAthletes","DisplayName":"GymStartsWithZeroAthletes","ExecutorUri":"executor://NUnit3TestExecutor","Source":"D:\\c#Code\\softuniC#\\04.OOP\\ExamPreparation\\Exam -11.12.2021\\UnitTests-11.12\\UnitTests-Skeleton\\Gyms.Tests\\bin\\Debug\\netcoreapp3.1\\fine-code-coverage\\build-output\\Gyms.Tests.dll","CodeFilePath":null,"LineNumber":0,"Properties":[]},"Attachments":[],"Outcome":1,"ErrorMessage":null,"ErrorStackTrace":null,"DisplayName":"GymStartsWithZeroAthletes","Messages":[],"ComputerName":"DESKTOP-G5675TN","Duration":"00:00:00.0001689","StartTime":"2022-03-27T20:41:35.7207385+00:00","EndTime":"2022-03-27T20:41:35.7209078+00:00","Properties":[]},{"TestCase":{"Id":"898fb2f9-65bd-fe6d-eebe-26e01b67251e","FullyQualifiedName":"Gyms.Tests.GymsTests.ReportDoesntCountInjuredAthelets","DisplayName":"ReportDoesntCountInjuredAthelets","ExecutorUri":"executor://NUnit3TestExecutor","Source":"D:\\c#Code\\softuniC#\\04.OOP\\ExamPreparation\\Exam -11.12.2021\\UnitTests-11.12\\UnitTests-Skeleton\\Gyms.Tests\\bin\\Debug\\netcoreapp3.1\\fine-code-coverage\\build-output\\Gyms.Tests.dll","CodeFilePath":null,"LineNumber":0,"Properties":[]},"Attachments":[],"Outcome":1,"ErrorMessage":null,"ErrorStackTrace":null,"DisplayName":"ReportDoesntCountInjuredAthelets","Messages":[],"ComputerName":"DESKTOP-G5675TN","Duration":"00:00:00.0004460","StartTime":"2022-03-27T20:41:35.7209173+00:00","EndTime":"2022-03-27T20:41:35.7213601+00:00","Properties":[]},{"TestCase":{"Id":"3a0bebb9-1f60-dca4-bf1d-1a0532ad2fc3","FullyQualifiedName":"Gyms.Tests.GymsTests.ReportReturnsValidInfo","DisplayName":"ReportReturnsValidInfo","ExecutorUri":"executor://NUnit3TestExecutor","Source":"D:\\c#Code\\softuniC#\\04.OOP\\ExamPreparation\\Exam -11.12.2021\\UnitTests-11.12\\UnitTests-Skeleton\\Gyms.Tests\\bin\\Debug\\netcoreapp3.1\\fine-code-coverage\\build-output\\Gyms.Tests.dll","CodeFilePath":null,"LineNumber":0,"Properties":[]},"Attachments":[],"Outcome":1,"ErrorMessage":null,"ErrorStackTrace":null,"DisplayName":"ReportReturnsValidInfo","Messages":[],"ComputerName":"DESKTOP-G5675TN","Duration":"00:00:00.0013400","StartTime":"2022-03-27T20:41:35.7213866+00:00","EndTime":"2022-03-27T20:41:35.7227223+00:00","Properties":[]}],"TestRunStatistics":{"ExecutedTests":13,"Stats":{"Passed":13}},"ActiveTests":[]},"RunAttachments":[],"ExecutorUris":["executor://nunit3testexecutor/"]}}
TpTrace Verbose: 0 : 7312, 14, 2022/03/27, 23:41:35.829, 7060327239136, vstest.console.dll, TestRequestSender.EndSession: Sending end session.
TpTrace Verbose: 0 : 7312, 14, 2022/03/27, 23:41:35.829, 7060327241449, vstest.console.dll, ProxyOperationManager.Close: waiting for test host to exit for 100 ms
TpTrace Warning: 0 : 7312, 13, 2022/03/27, 23:41:35.840, 7060327345781, vstest.console.dll, TestHostManagerCallbacks.ErrorReceivedCallback Test host standard error line: 
TpTrace Verbose: 0 : 7312, 8, 2022/03/27, 23:41:35.853, 7060327478623, vstest.console.dll, TestHostProvider.ExitCallBack: Host exited starting callback.
TpTrace Information: 0 : 7312, 8, 2022/03/27, 23:41:35.854, 7060327485597, vstest.console.dll, TestHostManagerCallbacks.ExitCallBack: Testhost processId: 1416 exited with exitcode: 0 error: ''
TpTrace Verbose: 0 : 7312, 8, 2022/03/27, 23:41:35.854, 7060327486297, vstest.console.dll, DotnetTestHostManager.OnHostExited: invoking OnHostExited callback
TpTrace Verbose: 0 : 7312, 8, 2022/03/27, 23:41:35.854, 7060327486662, vstest.console.dll, CrossPlatEngine.TestHostManagerHostExited: calling on client process exit callback.
TpTrace Information: 0 : 7312, 8, 2022/03/27, 23:41:35.854, 7060327487125, vstest.console.dll, TestRequestSender.OnClientProcessExit: Test host process exited. Standard error: 
TpTrace Information: 0 : 7312, 8, 2022/03/27, 23:41:35.854, 7060327487389, vstest.console.dll, SocketServer.Stop: Stop server endPoint: 127.0.0.1:53376
TpTrace Information: 0 : 7312, 8, 2022/03/27, 23:41:35.854, 7060327487534, vstest.console.dll, SocketServer.Stop: Cancellation requested. Stopping message loop.
TpTrace Warning: 0 : 7312, 14, 2022/03/27, 23:41:35.854, 7060327487455, vstest.console.dll, ProxyOperationManager: Timed out waiting for test host to exit. Will terminate process.
TpTrace Verbose: 0 : 7312, 14, 2022/03/27, 23:41:35.855, 7060327494126, vstest.console.dll, ProxyDataCollectionManager.InvokeDataCollectionServiceAction: Starting.
TpTrace Information: 0 : 7312, 14, 2022/03/27, 23:41:35.855, 7060327494844, vstest.console.dll, ProxyDataCollectionManager.AfterTestRunEnd: Get attachment set for datacollector processId: 21028 port: 53373
TpTrace Verbose: 0 : 7312, 14, 2022/03/27, 23:41:35.855, 7060327495676, vstest.console.dll, DataCollectionRequestSender.SendAfterTestRunStartAndGetResult : Send AfterTestRunEnd message with isCancelled: False
TpTrace Verbose: 0 : 7312, 14, 2022/03/27, 23:41:35.859, 7060327537131, vstest.console.dll, DataCollectionRequestSender.SendAfterTestRunStartAndGetResult : Received message: (DataCollection.AfterTestRunEndResult) -> {
  "AttachmentSets": [],
  "Metrics": {}
}
TpTrace Information: 0 : 7312, 14, 2022/03/27, 23:41:35.861, 7060327560187, vstest.console.dll, ProxyDataCollectionManager.InvokeDataCollectionServiceAction: Completed.
TpTrace Warning: 0 : 7312, 10, 2022/03/27, 23:41:35.862, 7060327573257, vstest.console.dll, DataCollectionLauncher.ErrorReceivedCallback datacollector standard error line: 
TpTrace Information: 0 : 7312, 8, 2022/03/27, 23:41:35.867, 7060327618413, vstest.console.dll, DataCollectionLauncher.ExitCallBack: Data collector exited with exitcode: 0 error: ''
TpTrace Verbose: 0 : 7312, 14, 2022/03/27, 23:41:35.885, 7060327799188, vstest.console.dll, TestRunRequest:SendTestRunStatsChange: Starting.
TpTrace Information: 0 : 7312, 14, 2022/03/27, 23:41:35.885, 7060327800429, vstest.console.dll, TestRunRequest:SendTestRunStatsChange: Completed.
TpTrace Verbose: 0 : 7312, 14, 2022/03/27, 23:41:35.885, 7060327801784, vstest.console.dll, ParallelProxyExecutionManager: HandlePartialRunComplete: Total completed clients = 1, Run complete = True, Run canceled: False.
TpTrace Verbose: 0 : 7312, 14, 2022/03/27, 23:41:35.903, 7060327982900, vstest.console.dll, TestRunRequest:TestRunComplete: Starting. IsAborted:False IsCanceled:False.
TpTrace Verbose: 0 : 7312, 14, 2022/03/27, 23:41:35.904, 7060327984639, vstest.console.dll, TestLoggerManager.HandleTestRunComplete: Ignoring as the object is disposed.
TpTrace Information: 0 : 7312, 14, 2022/03/27, 23:41:35.904, 7060327987117, vstest.console.dll, TestRunRequest:TestRunComplete: Completed.
TpTrace Verbose: 0 : 7312, 1, 2022/03/27, 23:41:35.904, 7060327987269, vstest.console.dll, TestRunRequest.Dispose: Starting.
TpTrace Verbose: 0 : 7312, 14, 2022/03/27, 23:41:35.904, 7060327987600, vstest.console.dll, TestRequestSender.SetOperationComplete: Setting operation complete.
TpTrace Information: 0 : 7312, 1, 2022/03/27, 23:41:35.904, 7060327988095, vstest.console.dll, TestRunRequest.Dispose: Completed.
TpTrace Information: 0 : 7312, 1, 2022/03/27, 23:41:35.904, 7060327988492, vstest.console.dll, TestRequestManager.RunTests: run tests completed.
TpTrace Information: 0 : 7312, 14, 2022/03/27, 23:41:35.904, 7060327988567, vstest.console.dll, SocketServer.Stop: Stop server endPoint: 127.0.0.1:53376
TpTrace Information: 0 : 7312, 14, 2022/03/27, 23:41:35.904, 7060327988939, vstest.console.dll, SocketServer.Stop: Cancellation requested. Stopping message loop.
TpTrace Information: 0 : 7312, 1, 2022/03/27, 23:41:35.904, 7060327989093, vstest.console.dll, RunTestsArgumentProcessor:Execute: Test run is completed.
TpTrace Information: 0 : 7312, 14, 2022/03/27, 23:41:35.904, 7060327989515, vstest.console.dll, SocketServer.PrivateStop: Stopping server endPoint: 127.0.0.1:53376 error: 
TpTrace Verbose: 0 : 7312, 1, 2022/03/27, 23:41:35.904, 7060327990868, vstest.console.dll, Executor.Execute: Exiting with exit code of 0
TpTrace Verbose: 0 : 7312, 14, 2022/03/27, 23:41:35.905, 7060327993681, vstest.console.dll, LengthPrefixCommunicationChannel.Dispose: Dispose reader and writer.
TpTrace Information: 0 : 7312, 14, 2022/03/27, 23:41:35.905, 7060327994674, vstest.console.dll, SocketServer.Stop: Raise disconnected event endPoint: 127.0.0.1:53376 error: 
