TpTrace Verbose: 0 : 1280, 1, 2022/03/30, 14:13:37.147, 1289135416635, vstest.console.dll, Version: 17.0.0
TpTrace Information: 0 : 1280, 1, 2022/03/30, 14:13:37.156, 1289135488705, vstest.console.dll, FilePatternParser: The given file D:\c#Code\softuniC#\04.OOP\ExamPreparation\Exam - 22 August 2021\Unit tests\HeroRepository.Tests\bin\Debug\netcoreapp3.1\fine-code-coverage\build-output\HeroRepository.Tests.dll is a full path.
TpTrace Verbose: 0 : 1280, 1, 2022/03/30, 14:13:37.161, 1289135531752, vstest.console.dll, TestPluginCache.DiscoverTestExtensions: finding test extensions in assemblies ends with: RuntimeProvider.dll TPluginInfo: Microsoft.VisualStudio.TestPlatform.Common.ExtensionFramework.Utilities.TestRuntimePluginInformation TExtension: Microsoft.VisualStudio.TestPlatform.ObjectModel.Host.ITestRuntimeProvider
TpTrace Verbose: 0 : 1280, 1, 2022/03/30, 14:13:37.161, 1289135535581, vstest.console.dll, TestPluginCache.GetExtensionPaths: Filtered extension paths: 
TpTrace Verbose: 0 : 1280, 1, 2022/03/30, 14:13:37.161, 1289135536539, vstest.console.dll, TestPluginCache.GetExtensionPaths: Added default extension paths: C:\Program Files\dotnet\sdk\6.0.102\Extensions\Microsoft.Diagnostics.NETCore.Client.dll
C:\Program Files\dotnet\sdk\6.0.102\Extensions\Microsoft.TestPlatform.Extensions.BlameDataCollector.dll
C:\Program Files\dotnet\sdk\6.0.102\Extensions\Microsoft.TestPlatform.Extensions.EventLogCollector.dll
C:\Program Files\dotnet\sdk\6.0.102\Extensions\Microsoft.TestPlatform.TestHostRuntimeProvider.dll
C:\Program Files\dotnet\sdk\6.0.102\Extensions\Microsoft.VisualStudio.TestPlatform.Extensions.Html.TestLogger.dll
C:\Program Files\dotnet\sdk\6.0.102\Extensions\Microsoft.VisualStudio.TestPlatform.Extensions.Trx.TestLogger.dll
TpTrace Verbose: 0 : 1280, 1, 2022/03/30, 14:13:37.161, 1289135536760, vstest.console.dll, TestPluginCache.GetExtensionPaths: Added unfilterableExtensionPaths: 
TpTrace Information: 0 : 1280, 1, 2022/03/30, 14:13:37.162, 1289135543563, vstest.console.dll, AssemblyResolver.ctor: Creating AssemblyResolver with searchDirectories C:\Program Files\dotnet\sdk\6.0.102\Extensions,C:\Program Files\dotnet\sdk\6.0.102
TpTrace Verbose: 0 : 1280, 1, 2022/03/30, 14:13:37.163, 1289135558352, vstest.console.dll, TestPluginCache.DiscoverTestExtensions: Discovering the extensions using extension path.
TpTrace Verbose: 0 : 1280, 1, 2022/03/30, 14:13:37.164, 1289135559901, vstest.console.dll, TestPluginCache.GetExtensionPaths: Filtered extension paths: 
TpTrace Verbose: 0 : 1280, 1, 2022/03/30, 14:13:37.164, 1289135560145, vstest.console.dll, TestPluginCache.GetExtensionPaths: Added default extension paths: C:\Program Files\dotnet\sdk\6.0.102\Extensions\Microsoft.Diagnostics.NETCore.Client.dll
C:\Program Files\dotnet\sdk\6.0.102\Extensions\Microsoft.TestPlatform.Extensions.BlameDataCollector.dll
C:\Program Files\dotnet\sdk\6.0.102\Extensions\Microsoft.TestPlatform.Extensions.EventLogCollector.dll
C:\Program Files\dotnet\sdk\6.0.102\Extensions\Microsoft.TestPlatform.TestHostRuntimeProvider.dll
C:\Program Files\dotnet\sdk\6.0.102\Extensions\Microsoft.VisualStudio.TestPlatform.Extensions.Html.TestLogger.dll
C:\Program Files\dotnet\sdk\6.0.102\Extensions\Microsoft.VisualStudio.TestPlatform.Extensions.Trx.TestLogger.dll
TpTrace Verbose: 0 : 1280, 1, 2022/03/30, 14:13:37.164, 1289135560359, vstest.console.dll, TestPluginCache.GetExtensionPaths: Added unfilterableExtensionPaths: 
TpTrace Verbose: 0 : 1280, 1, 2022/03/30, 14:13:37.164, 1289135560819, vstest.console.dll, TestPluginCache.DiscoverTestExtensions: Discovering the extensions using allExtensionPaths: C:\Program Files\dotnet\sdk\6.0.102\Extensions\Microsoft.Diagnostics.NETCore.Client.dll
C:\Program Files\dotnet\sdk\6.0.102\Extensions\Microsoft.TestPlatform.Extensions.BlameDataCollector.dll
C:\Program Files\dotnet\sdk\6.0.102\Extensions\Microsoft.TestPlatform.Extensions.EventLogCollector.dll
C:\Program Files\dotnet\sdk\6.0.102\Extensions\Microsoft.TestPlatform.TestHostRuntimeProvider.dll
C:\Program Files\dotnet\sdk\6.0.102\Extensions\Microsoft.VisualStudio.TestPlatform.Extensions.Html.TestLogger.dll
C:\Program Files\dotnet\sdk\6.0.102\Extensions\Microsoft.VisualStudio.TestPlatform.Extensions.Trx.TestLogger.dll
TpTrace Information: 0 : 1280, 1, 2022/03/30, 14:13:37.164, 1289135562474, vstest.console.dll, AssemblyResolver.AddSearchDirectories: Adding more searchDirectories C:\Program Files\dotnet\sdk\6.0.102\Extensions,C:\Program Files\dotnet\sdk\6.0.102
TpTrace Information: 0 : 1280, 1, 2022/03/30, 14:13:37.164, 1289135562911, vstest.console.dll, AssemblyResolver.AddSearchDirectories: Adding more searchDirectories C:\Program Files\dotnet\sdk\6.0.102\Extensions,C:\Program Files\dotnet\sdk\6.0.102
TpTrace Information: 0 : 1280, 1, 2022/03/30, 14:13:37.164, 1289135563108, vstest.console.dll, AssemblyResolver.AddSearchDirectories: Adding more searchDirectories C:\Program Files\dotnet\sdk\6.0.102\Extensions,C:\Program Files\dotnet\sdk\6.0.102
TpTrace Information: 0 : 1280, 1, 2022/03/30, 14:13:37.164, 1289135563322, vstest.console.dll, AssemblyResolver.AddSearchDirectories: Adding more searchDirectories C:\Program Files\dotnet\sdk\6.0.102\Extensions,C:\Program Files\dotnet\sdk\6.0.102
TpTrace Information: 0 : 1280, 1, 2022/03/30, 14:13:37.164, 1289135563488, vstest.console.dll, AssemblyResolver.AddSearchDirectories: Adding more searchDirectories C:\Program Files\dotnet\sdk\6.0.102\Extensions,C:\Program Files\dotnet\sdk\6.0.102
TpTrace Information: 0 : 1280, 1, 2022/03/30, 14:13:37.164, 1289135563660, vstest.console.dll, AssemblyResolver.AddSearchDirectories: Adding more searchDirectories C:\Program Files\dotnet\sdk\6.0.102\Extensions,C:\Program Files\dotnet\sdk\6.0.102
TpTrace Information: 0 : 1280, 1, 2022/03/30, 14:13:37.164, 1289135566449, vstest.console.dll, AssemblyResolver.OnResolve: Microsoft.Diagnostics.NETCore.Client: Resolving assembly.
TpTrace Information: 0 : 1280, 1, 2022/03/30, 14:13:37.164, 1289135566918, vstest.console.dll, AssemblyResolver.OnResolve: Microsoft.Diagnostics.NETCore.Client: Searching in: 'C:\Program Files\dotnet\sdk\6.0.102\Extensions'.
TpTrace Information: 0 : 1280, 1, 2022/03/30, 14:13:37.165, 1289135573977, vstest.console.dll, AssemblyResolver.OnResolve: Microsoft.Diagnostics.NETCore.Client: Loading assembly 'C:\Program Files\dotnet\sdk\6.0.102\Extensions\Microsoft.Diagnostics.NETCore.Client.dll'.
TpTrace Information: 0 : 1280, 1, 2022/03/30, 14:13:37.166, 1289135583398, vstest.console.dll, AssemblyResolver.OnResolve: Resolved assembly: Microsoft.Diagnostics.NETCore.Client, from path: C:\Program Files\dotnet\sdk\6.0.102\Extensions\Microsoft.Diagnostics.NETCore.Client.dll
TpTrace Information: 0 : 1280, 1, 2022/03/30, 14:13:37.172, 1289135640317, vstest.console.dll, AssemblyResolver.OnResolve: Microsoft.Bcl.AsyncInterfaces: Resolving assembly.
TpTrace Information: 0 : 1280, 1, 2022/03/30, 14:13:37.172, 1289135641354, vstest.console.dll, AssemblyResolver.OnResolve: Microsoft.Bcl.AsyncInterfaces: Searching in: 'C:\Program Files\dotnet\sdk\6.0.102\Extensions'.
TpTrace Information: 0 : 1280, 1, 2022/03/30, 14:13:37.172, 1289135642080, vstest.console.dll, AssemblyResolver.OnResolve: Microsoft.Bcl.AsyncInterfaces: Assembly path does not exist: 'C:\Program Files\dotnet\sdk\6.0.102\Extensions\Microsoft.Bcl.AsyncInterfaces.dll', returning.
TpTrace Information: 0 : 1280, 1, 2022/03/30, 14:13:37.172, 1289135642463, vstest.console.dll, AssemblyResolver.OnResolve: Microsoft.Bcl.AsyncInterfaces: Assembly path does not exist: 'C:\Program Files\dotnet\sdk\6.0.102\Extensions\Microsoft.Bcl.AsyncInterfaces.exe', returning.
TpTrace Information: 0 : 1280, 1, 2022/03/30, 14:13:37.172, 1289135642626, vstest.console.dll, AssemblyResolver.OnResolve: Microsoft.Bcl.AsyncInterfaces: Searching in: 'C:\Program Files\dotnet\sdk\6.0.102'.
TpTrace Information: 0 : 1280, 1, 2022/03/30, 14:13:37.172, 1289135643074, vstest.console.dll, AssemblyResolver.OnResolve: Microsoft.Bcl.AsyncInterfaces: Assembly path does not exist: 'C:\Program Files\dotnet\sdk\6.0.102\Microsoft.Bcl.AsyncInterfaces.dll', returning.
TpTrace Information: 0 : 1280, 1, 2022/03/30, 14:13:37.172, 1289135643442, vstest.console.dll, AssemblyResolver.OnResolve: Microsoft.Bcl.AsyncInterfaces: Assembly path does not exist: 'C:\Program Files\dotnet\sdk\6.0.102\Microsoft.Bcl.AsyncInterfaces.exe', returning.
TpTrace Information: 0 : 1280, 1, 2022/03/30, 14:13:37.172, 1289135644060, vstest.console.dll, AssemblyResolver.OnResolve: Microsoft.Bcl.AsyncInterfaces: Failed to load assembly.
TpTrace Verbose: 0 : 1280, 1, 2022/03/30, 14:13:37.172, 1289135644415, vstest.console.dll, CurrentDomainAssemblyResolve: Resolving assembly 'Microsoft.Bcl.AsyncInterfaces'.
TpTrace Information: 0 : 1280, 1, 2022/03/30, 14:13:37.172, 1289135645004, vstest.console.dll, AssemblyResolver.OnResolve: Microsoft.Bcl.AsyncInterfaces: Resolving assembly.
TpTrace Information: 0 : 1280, 1, 2022/03/30, 14:13:37.172, 1289135645339, vstest.console.dll, AssemblyResolver.OnResolve: Microsoft.Bcl.AsyncInterfaces: Resolved from cache.
TpTrace Verbose: 0 : 1280, 1, 2022/03/30, 14:13:37.172, 1289135645517, vstest.console.dll, CurrentDomainAssemblyResolve: Resolving assembly 'Microsoft.Bcl.AsyncInterfaces'.
TpTrace Verbose: 0 : 1280, 1, 2022/03/30, 14:13:37.172, 1289135645771, vstest.console.dll, CurrentDomainAssemblyResolve: Failed to resolve assembly 'Microsoft.Bcl.AsyncInterfaces'.
TpTrace Verbose: 0 : 1280, 1, 2022/03/30, 14:13:37.172, 1289135648879, vstest.console.dll, CurrentDomainAssemblyResolve: Failed to resolve assembly 'Microsoft.Bcl.AsyncInterfaces'.
TpTrace Warning: 0 : 1280, 1, 2022/03/30, 14:13:37.186, 1289135779992, vstest.console.dll, TestPluginDiscoverer: Failed to get types from assembly 'Microsoft.Diagnostics.NETCore.Client, Version=0.2.4.21401, Culture=neutral, PublicKeyToken=31bf3856ad364e35'.  Skipping test extension scan for this assembly.  Error: System.Reflection.ReflectionTypeLoadException: Unable to load one or more of the requested types.
Could not load file or assembly 'Microsoft.Bcl.AsyncInterfaces, Version=1.0.0.0, Culture=neutral, PublicKeyToken=cc7b13ffcd2ddd51'. The system cannot find the file specified.
   at System.Reflection.RuntimeModule.GetTypes(RuntimeModule module)
   at System.Reflection.Assembly.GetTypes()
   at Microsoft.VisualStudio.TestPlatform.Common.ExtensionFramework.TestPluginDiscoverer.GetTestExtensionsFromAssembly[TPluginInfo,TExtension](Assembly assembly, Dictionary`2 pluginInfos)
System.IO.FileNotFoundException: Could not load file or assembly 'Microsoft.Bcl.AsyncInterfaces, Version=1.0.0.0, Culture=neutral, PublicKeyToken=cc7b13ffcd2ddd51'. The system cannot find the file specified.
File name: 'Microsoft.Bcl.AsyncInterfaces, Version=1.0.0.0, Culture=neutral, PublicKeyToken=cc7b13ffcd2ddd51'
 ---> System.IO.FileNotFoundException: Could not load file or assembly 'Microsoft.Bcl.AsyncInterfaces, Culture=neutral, PublicKeyToken=null'. The system cannot find the file specified.
File name: 'Microsoft.Bcl.AsyncInterfaces, Culture=neutral, PublicKeyToken=null'
   at System.Reflection.RuntimeAssembly.InternalLoad(ObjectHandleOnStack assemblyName, ObjectHandleOnStack requestingAssembly, StackCrawlMarkHandle stackMark, Boolean throwOnFileNotFound, ObjectHandleOnStack assemblyLoadContext, ObjectHandleOnStack retAssembly)
   at System.Reflection.RuntimeAssembly.InternalLoad(AssemblyName assemblyName, RuntimeAssembly requestingAssembly, StackCrawlMark& stackMark, Boolean throwOnFileNotFound, AssemblyLoadContext assemblyLoadContext)
   at System.Reflection.Assembly.Load(AssemblyName assemblyRef)
   at Microsoft.VisualStudio.TestPlatform.Common.ExtensionFramework.TestPluginCache.CurrentDomainAssemblyResolve(Object sender, AssemblyResolveEventArgs args)
   at Microsoft.VisualStudio.TestPlatform.PlatformAbstractions.PlatformAssemblyResolver.AssemblyResolverEvent(Object sender, Object eventArgs)
   at System.Runtime.Loader.AssemblyLoadContext.GetFirstResolvedAssemblyFromResolvingEvent(AssemblyName assemblyName)
   at System.Runtime.Loader.AssemblyLoadContext.ResolveUsingEvent(AssemblyName assemblyName)
   at System.Runtime.Loader.AssemblyLoadContext.ResolveUsingResolvingEvent(IntPtr gchManagedAssemblyLoadContext, AssemblyName assemblyName)
TpTrace Warning: 0 : 1280, 1, 2022/03/30, 14:13:37.186, 1289135781700, vstest.console.dll, LoaderExceptions: System.IO.FileNotFoundException: Could not load file or assembly 'Microsoft.Bcl.AsyncInterfaces, Version=1.0.0.0, Culture=neutral, PublicKeyToken=cc7b13ffcd2ddd51'. The system cannot find the file specified.
File name: 'Microsoft.Bcl.AsyncInterfaces, Version=1.0.0.0, Culture=neutral, PublicKeyToken=cc7b13ffcd2ddd51'
 ---> System.IO.FileNotFoundException: Could not load file or assembly 'Microsoft.Bcl.AsyncInterfaces, Culture=neutral, PublicKeyToken=null'. The system cannot find the file specified.
File name: 'Microsoft.Bcl.AsyncInterfaces, Culture=neutral, PublicKeyToken=null'
   at System.Reflection.RuntimeAssembly.InternalLoad(ObjectHandleOnStack assemblyName, ObjectHandleOnStack requestingAssembly, StackCrawlMarkHandle stackMark, Boolean throwOnFileNotFound, ObjectHandleOnStack assemblyLoadContext, ObjectHandleOnStack retAssembly)
   at System.Reflection.RuntimeAssembly.InternalLoad(AssemblyName assemblyName, RuntimeAssembly requestingAssembly, StackCrawlMark& stackMark, Boolean throwOnFileNotFound, AssemblyLoadContext assemblyLoadContext)
   at System.Reflection.Assembly.Load(AssemblyName assemblyRef)
   at Microsoft.VisualStudio.TestPlatform.Common.ExtensionFramework.TestPluginCache.CurrentDomainAssemblyResolve(Object sender, AssemblyResolveEventArgs args)
   at Microsoft.VisualStudio.TestPlatform.PlatformAbstractions.PlatformAssemblyResolver.AssemblyResolverEvent(Object sender, Object eventArgs)
   at System.Runtime.Loader.AssemblyLoadContext.GetFirstResolvedAssemblyFromResolvingEvent(AssemblyName assemblyName)
   at System.Runtime.Loader.AssemblyLoadContext.ResolveUsingEvent(AssemblyName assemblyName)
   at System.Runtime.Loader.AssemblyLoadContext.ResolveUsingResolvingEvent(IntPtr gchManagedAssemblyLoadContext, AssemblyName assemblyName)
TpTrace Information: 0 : 1280, 1, 2022/03/30, 14:13:37.186, 1289135782544, vstest.console.dll, AssemblyResolver.OnResolve: Microsoft.TestPlatform.Extensions.BlameDataCollector: Resolving assembly.
TpTrace Information: 0 : 1280, 1, 2022/03/30, 14:13:37.186, 1289135782792, vstest.console.dll, AssemblyResolver.OnResolve: Microsoft.TestPlatform.Extensions.BlameDataCollector: Searching in: 'C:\Program Files\dotnet\sdk\6.0.102\Extensions'.
TpTrace Information: 0 : 1280, 1, 2022/03/30, 14:13:37.186, 1289135788232, vstest.console.dll, AssemblyResolver.OnResolve: Microsoft.TestPlatform.Extensions.BlameDataCollector: Loading assembly 'C:\Program Files\dotnet\sdk\6.0.102\Extensions\Microsoft.TestPlatform.Extensions.BlameDataCollector.dll'.
TpTrace Information: 0 : 1280, 1, 2022/03/30, 14:13:37.187, 1289135794171, vstest.console.dll, AssemblyResolver.OnResolve: Resolved assembly: Microsoft.TestPlatform.Extensions.BlameDataCollector, from path: C:\Program Files\dotnet\sdk\6.0.102\Extensions\Microsoft.TestPlatform.Extensions.BlameDataCollector.dll
TpTrace Information: 0 : 1280, 1, 2022/03/30, 14:13:37.187, 1289135799529, vstest.console.dll, AssemblyResolver.OnResolve: Microsoft.TestPlatform.Extensions.EventLogCollector: Resolving assembly.
TpTrace Information: 0 : 1280, 1, 2022/03/30, 14:13:37.188, 1289135799924, vstest.console.dll, AssemblyResolver.OnResolve: Microsoft.TestPlatform.Extensions.EventLogCollector: Searching in: 'C:\Program Files\dotnet\sdk\6.0.102\Extensions'.
TpTrace Information: 0 : 1280, 1, 2022/03/30, 14:13:37.188, 1289135805271, vstest.console.dll, AssemblyResolver.OnResolve: Microsoft.TestPlatform.Extensions.EventLogCollector: Loading assembly 'C:\Program Files\dotnet\sdk\6.0.102\Extensions\Microsoft.TestPlatform.Extensions.EventLogCollector.dll'.
TpTrace Information: 0 : 1280, 1, 2022/03/30, 14:13:37.189, 1289135811475, vstest.console.dll, AssemblyResolver.OnResolve: Resolved assembly: Microsoft.TestPlatform.Extensions.EventLogCollector, from path: C:\Program Files\dotnet\sdk\6.0.102\Extensions\Microsoft.TestPlatform.Extensions.EventLogCollector.dll
TpTrace Information: 0 : 1280, 1, 2022/03/30, 14:13:37.191, 1289135830634, vstest.console.dll, AssemblyResolver.OnResolve: Microsoft.TestPlatform.TestHostRuntimeProvider: Resolving assembly.
TpTrace Information: 0 : 1280, 1, 2022/03/30, 14:13:37.191, 1289135831986, vstest.console.dll, AssemblyResolver.OnResolve: Microsoft.TestPlatform.TestHostRuntimeProvider: Searching in: 'C:\Program Files\dotnet\sdk\6.0.102\Extensions'.
TpTrace Information: 0 : 1280, 1, 2022/03/30, 14:13:37.191, 1289135835696, vstest.console.dll, AssemblyResolver.OnResolve: Microsoft.TestPlatform.TestHostRuntimeProvider: Loading assembly 'C:\Program Files\dotnet\sdk\6.0.102\Extensions\Microsoft.TestPlatform.TestHostRuntimeProvider.dll'.
TpTrace Information: 0 : 1280, 1, 2022/03/30, 14:13:37.192, 1289135840210, vstest.console.dll, AssemblyResolver.OnResolve: Resolved assembly: Microsoft.TestPlatform.TestHostRuntimeProvider, from path: C:\Program Files\dotnet\sdk\6.0.102\Extensions\Microsoft.TestPlatform.TestHostRuntimeProvider.dll
TpTrace Information: 0 : 1280, 1, 2022/03/30, 14:13:37.193, 1289135851081, vstest.console.dll, AssemblyResolver.OnResolve: Microsoft.VisualStudio.TestPlatform.Extensions.Html.TestLogger: Resolving assembly.
TpTrace Information: 0 : 1280, 1, 2022/03/30, 14:13:37.193, 1289135851843, vstest.console.dll, AssemblyResolver.OnResolve: Microsoft.VisualStudio.TestPlatform.Extensions.Html.TestLogger: Searching in: 'C:\Program Files\dotnet\sdk\6.0.102\Extensions'.
TpTrace Information: 0 : 1280, 1, 2022/03/30, 14:13:37.193, 1289135856510, vstest.console.dll, AssemblyResolver.OnResolve: Microsoft.VisualStudio.TestPlatform.Extensions.Html.TestLogger: Loading assembly 'C:\Program Files\dotnet\sdk\6.0.102\Extensions\Microsoft.VisualStudio.TestPlatform.Extensions.Html.TestLogger.dll'.
TpTrace Information: 0 : 1280, 1, 2022/03/30, 14:13:37.194, 1289135861565, vstest.console.dll, AssemblyResolver.OnResolve: Resolved assembly: Microsoft.VisualStudio.TestPlatform.Extensions.Html.TestLogger, from path: C:\Program Files\dotnet\sdk\6.0.102\Extensions\Microsoft.VisualStudio.TestPlatform.Extensions.Html.TestLogger.dll
TpTrace Information: 0 : 1280, 1, 2022/03/30, 14:13:37.194, 1289135865215, vstest.console.dll, AssemblyResolver.OnResolve: Microsoft.VisualStudio.TestPlatform.Extensions.Trx.TestLogger: Resolving assembly.
TpTrace Information: 0 : 1280, 1, 2022/03/30, 14:13:37.194, 1289135865657, vstest.console.dll, AssemblyResolver.OnResolve: Microsoft.VisualStudio.TestPlatform.Extensions.Trx.TestLogger: Searching in: 'C:\Program Files\dotnet\sdk\6.0.102\Extensions'.
TpTrace Information: 0 : 1280, 1, 2022/03/30, 14:13:37.195, 1289135870669, vstest.console.dll, AssemblyResolver.OnResolve: Microsoft.VisualStudio.TestPlatform.Extensions.Trx.TestLogger: Loading assembly 'C:\Program Files\dotnet\sdk\6.0.102\Extensions\Microsoft.VisualStudio.TestPlatform.Extensions.Trx.TestLogger.dll'.
TpTrace Information: 0 : 1280, 1, 2022/03/30, 14:13:37.195, 1289135875592, vstest.console.dll, AssemblyResolver.OnResolve: Resolved assembly: Microsoft.VisualStudio.TestPlatform.Extensions.Trx.TestLogger, from path: C:\Program Files\dotnet\sdk\6.0.102\Extensions\Microsoft.VisualStudio.TestPlatform.Extensions.Trx.TestLogger.dll
TpTrace Verbose: 0 : 1280, 1, 2022/03/30, 14:13:37.196, 1289135880677, vstest.console.dll, TestPluginCache: Discovered the extensions using extension path ''.
TpTrace Verbose: 0 : 1280, 1, 2022/03/30, 14:13:37.196, 1289135881177, vstest.console.dll, TestPluginCache: Discoverers are ''.
TpTrace Verbose: 0 : 1280, 1, 2022/03/30, 14:13:37.196, 1289135881395, vstest.console.dll, TestPluginCache: Executors are ''.
TpTrace Verbose: 0 : 1280, 1, 2022/03/30, 14:13:37.196, 1289135881653, vstest.console.dll, TestPluginCache: Executors2 are ''.
TpTrace Verbose: 0 : 1280, 1, 2022/03/30, 14:13:37.196, 1289135881846, vstest.console.dll, TestPluginCache: Setting providers are ''.
TpTrace Verbose: 0 : 1280, 1, 2022/03/30, 14:13:37.196, 1289135882054, vstest.console.dll, TestPluginCache: Loggers are ''.
TpTrace Information: 0 : 1280, 1, 2022/03/30, 14:13:37.200, 1289135924843, vstest.console.dll, RunTestsArgumentProcessor:Execute: Test run is starting.
TpTrace Verbose: 0 : 1280, 1, 2022/03/30, 14:13:37.200, 1289135925798, vstest.console.dll, RunTestsArgumentProcessor:Execute: Queuing Test run.
TpTrace Information: 0 : 1280, 1, 2022/03/30, 14:13:37.200, 1289135927385, vstest.console.dll, TestRequestManager.RunTests: run tests started.
TpTrace Information: 0 : 1280, 1, 2022/03/30, 14:13:37.203, 1289135955728, vstest.console.dll, AssemblyMetadataProvider.GetFrameWork: Determined framework:'.NETCoreApp,Version=v3.1' for source: 'D:\c#Code\softuniC#\04.OOP\ExamPreparation\Exam - 22 August 2021\Unit tests\HeroRepository.Tests\bin\Debug\netcoreapp3.1\fine-code-coverage\build-output\HeroRepository.Tests.dll'
TpTrace Information: 0 : 1280, 1, 2022/03/30, 14:13:37.203, 1289135957344, vstest.console.dll, Determined framework for all sources: .NETCoreApp,Version=v3.1
TpTrace Information: 0 : 1280, 1, 2022/03/30, 14:13:37.204, 1289135960777, vstest.console.dll, AssemblyMetadataProvider.GetArchitecture: Determined architecture:AnyCPU info for assembly: D:\c#Code\softuniC#\04.OOP\ExamPreparation\Exam - 22 August 2021\Unit tests\HeroRepository.Tests\bin\Debug\netcoreapp3.1\fine-code-coverage\build-output\HeroRepository.Tests.dll
TpTrace Information: 0 : 1280, 1, 2022/03/30, 14:13:37.205, 1289135974736, vstest.console.dll, Determined platform for all sources: X64
TpTrace Information: 0 : 1280, 1, 2022/03/30, 14:13:37.207, 1289135994989, vstest.console.dll, Compatible sources list : 
TpTrace Information: 0 : 1280, 1, 2022/03/30, 14:13:37.207, 1289135996253, vstest.console.dll, D:\c#Code\softuniC#\04.OOP\ExamPreparation\Exam - 22 August 2021\Unit tests\HeroRepository.Tests\bin\Debug\netcoreapp3.1\fine-code-coverage\build-output\HeroRepository.Tests.dll
TpTrace Information: 0 : 1280, 1, 2022/03/30, 14:13:37.209, 1289136013980, vstest.console.dll, InferRunSettingsHelper.IsTestSettingsEnabled: Unable to navigate to RunSettings/MSTest. Current node: RunSettings
TpTrace Information: 0 : 1280, 1, 2022/03/30, 14:13:37.210, 1289136020027, vstest.console.dll, AssemblyResolver.OnResolve: Microsoft.VisualStudio.TestPlatform.Fakes: Resolving assembly.
TpTrace Information: 0 : 1280, 1, 2022/03/30, 14:13:37.210, 1289136020615, vstest.console.dll, AssemblyResolver.OnResolve: Microsoft.VisualStudio.TestPlatform.Fakes: Searching in: 'C:\Program Files\dotnet\sdk\6.0.102\Extensions'.
TpTrace Information: 0 : 1280, 1, 2022/03/30, 14:13:37.210, 1289136021656, vstest.console.dll, AssemblyResolver.OnResolve: Microsoft.VisualStudio.TestPlatform.Fakes: Assembly path does not exist: 'C:\Program Files\dotnet\sdk\6.0.102\Extensions\Microsoft.VisualStudio.TestPlatform.Fakes.dll', returning.
TpTrace Information: 0 : 1280, 1, 2022/03/30, 14:13:37.210, 1289136022057, vstest.console.dll, AssemblyResolver.OnResolve: Microsoft.VisualStudio.TestPlatform.Fakes: Assembly path does not exist: 'C:\Program Files\dotnet\sdk\6.0.102\Extensions\Microsoft.VisualStudio.TestPlatform.Fakes.exe', returning.
TpTrace Information: 0 : 1280, 1, 2022/03/30, 14:13:37.210, 1289136022264, vstest.console.dll, AssemblyResolver.OnResolve: Microsoft.VisualStudio.TestPlatform.Fakes: Searching in: 'C:\Program Files\dotnet\sdk\6.0.102'.
TpTrace Information: 0 : 1280, 1, 2022/03/30, 14:13:37.210, 1289136022673, vstest.console.dll, AssemblyResolver.OnResolve: Microsoft.VisualStudio.TestPlatform.Fakes: Assembly path does not exist: 'C:\Program Files\dotnet\sdk\6.0.102\Microsoft.VisualStudio.TestPlatform.Fakes.dll', returning.
TpTrace Information: 0 : 1280, 1, 2022/03/30, 14:13:37.210, 1289136023091, vstest.console.dll, AssemblyResolver.OnResolve: Microsoft.VisualStudio.TestPlatform.Fakes: Assembly path does not exist: 'C:\Program Files\dotnet\sdk\6.0.102\Microsoft.VisualStudio.TestPlatform.Fakes.exe', returning.
TpTrace Information: 0 : 1280, 1, 2022/03/30, 14:13:37.210, 1289136023261, vstest.console.dll, AssemblyResolver.OnResolve: Microsoft.VisualStudio.TestPlatform.Fakes: Failed to load assembly.
TpTrace Information: 0 : 1280, 1, 2022/03/30, 14:13:37.210, 1289136025578, vstest.console.dll, Failed to load assembly Microsoft.VisualStudio.TestPlatform.Fakes, Version=17.0.0.0, Culture=neutral. Reason:System.IO.FileNotFoundException: Could not load file or assembly 'Microsoft.VisualStudio.TestPlatform.Fakes, Version=17.0.0.0, Culture=neutral, PublicKeyToken=null'. The system cannot find the file specified.
File name: 'Microsoft.VisualStudio.TestPlatform.Fakes, Version=17.0.0.0, Culture=neutral, PublicKeyToken=null'
   at System.Reflection.RuntimeAssembly.InternalLoad(ObjectHandleOnStack assemblyName, ObjectHandleOnStack requestingAssembly, StackCrawlMarkHandle stackMark, Boolean throwOnFileNotFound, ObjectHandleOnStack assemblyLoadContext, ObjectHandleOnStack retAssembly)
   at System.Reflection.RuntimeAssembly.InternalLoad(AssemblyName assemblyName, RuntimeAssembly requestingAssembly, StackCrawlMark& stackMark, Boolean throwOnFileNotFound, AssemblyLoadContext assemblyLoadContext)
   at System.Reflection.Assembly.Load(AssemblyName assemblyRef)
   at Microsoft.VisualStudio.TestPlatform.Common.Utilities.FakesUtilities.LoadTestPlatformAssembly()
TpTrace Verbose: 0 : 1280, 1, 2022/03/30, 14:13:37.213, 1289136054612, vstest.console.dll, TestPluginCache.DiscoverTestExtensions: finding test extensions in assemblies ends with: TestLogger.dll TPluginInfo: Microsoft.VisualStudio.TestPlatform.Common.ExtensionFramework.Utilities.TestLoggerPluginInformation TExtension: Microsoft.VisualStudio.TestPlatform.ObjectModel.Client.ITestLogger
TpTrace Verbose: 0 : 1280, 1, 2022/03/30, 14:13:37.213, 1289136055583, vstest.console.dll, TestPluginCache.GetExtensionPaths: Filtered extension paths: 
TpTrace Verbose: 0 : 1280, 1, 2022/03/30, 14:13:37.213, 1289136055788, vstest.console.dll, TestPluginCache.GetExtensionPaths: Added default extension paths: C:\Program Files\dotnet\sdk\6.0.102\Extensions\Microsoft.Diagnostics.NETCore.Client.dll
C:\Program Files\dotnet\sdk\6.0.102\Extensions\Microsoft.TestPlatform.Extensions.BlameDataCollector.dll
C:\Program Files\dotnet\sdk\6.0.102\Extensions\Microsoft.TestPlatform.Extensions.EventLogCollector.dll
C:\Program Files\dotnet\sdk\6.0.102\Extensions\Microsoft.TestPlatform.TestHostRuntimeProvider.dll
C:\Program Files\dotnet\sdk\6.0.102\Extensions\Microsoft.VisualStudio.TestPlatform.Extensions.Html.TestLogger.dll
C:\Program Files\dotnet\sdk\6.0.102\Extensions\Microsoft.VisualStudio.TestPlatform.Extensions.Trx.TestLogger.dll
TpTrace Verbose: 0 : 1280, 1, 2022/03/30, 14:13:37.213, 1289136055996, vstest.console.dll, TestPluginCache.GetExtensionPaths: Added unfilterableExtensionPaths: 
TpTrace Information: 0 : 1280, 1, 2022/03/30, 14:13:37.213, 1289136057432, vstest.console.dll, AssemblyResolver.AddSearchDirectories: Adding more searchDirectories C:\Program Files\dotnet\sdk\6.0.102\Extensions,C:\Program Files\dotnet\sdk\6.0.102
TpTrace Verbose: 0 : 1280, 1, 2022/03/30, 14:13:37.213, 1289136057735, vstest.console.dll, TestPluginCache.DiscoverTestExtensions: Discovering the extensions using extension path.
TpTrace Verbose: 0 : 1280, 1, 2022/03/30, 14:13:37.213, 1289136057953, vstest.console.dll, TestPluginCache.GetExtensionPaths: Filtered extension paths: 
TpTrace Verbose: 0 : 1280, 1, 2022/03/30, 14:13:37.213, 1289136058145, vstest.console.dll, TestPluginCache.GetExtensionPaths: Added default extension paths: C:\Program Files\dotnet\sdk\6.0.102\Extensions\Microsoft.Diagnostics.NETCore.Client.dll
C:\Program Files\dotnet\sdk\6.0.102\Extensions\Microsoft.TestPlatform.Extensions.BlameDataCollector.dll
C:\Program Files\dotnet\sdk\6.0.102\Extensions\Microsoft.TestPlatform.Extensions.EventLogCollector.dll
C:\Program Files\dotnet\sdk\6.0.102\Extensions\Microsoft.TestPlatform.TestHostRuntimeProvider.dll
C:\Program Files\dotnet\sdk\6.0.102\Extensions\Microsoft.VisualStudio.TestPlatform.Extensions.Html.TestLogger.dll
C:\Program Files\dotnet\sdk\6.0.102\Extensions\Microsoft.VisualStudio.TestPlatform.Extensions.Trx.TestLogger.dll
TpTrace Verbose: 0 : 1280, 1, 2022/03/30, 14:13:37.213, 1289136058311, vstest.console.dll, TestPluginCache.GetExtensionPaths: Added unfilterableExtensionPaths: 
TpTrace Verbose: 0 : 1280, 1, 2022/03/30, 14:13:37.213, 1289136058568, vstest.console.dll, TestPluginCache.DiscoverTestExtensions: Discovering the extensions using allExtensionPaths: C:\Program Files\dotnet\sdk\6.0.102\Extensions\Microsoft.Diagnostics.NETCore.Client.dll
C:\Program Files\dotnet\sdk\6.0.102\Extensions\Microsoft.TestPlatform.Extensions.BlameDataCollector.dll
C:\Program Files\dotnet\sdk\6.0.102\Extensions\Microsoft.TestPlatform.Extensions.EventLogCollector.dll
C:\Program Files\dotnet\sdk\6.0.102\Extensions\Microsoft.TestPlatform.TestHostRuntimeProvider.dll
C:\Program Files\dotnet\sdk\6.0.102\Extensions\Microsoft.VisualStudio.TestPlatform.Extensions.Html.TestLogger.dll
C:\Program Files\dotnet\sdk\6.0.102\Extensions\Microsoft.VisualStudio.TestPlatform.Extensions.Trx.TestLogger.dll
TpTrace Information: 0 : 1280, 1, 2022/03/30, 14:13:37.213, 1289136058831, vstest.console.dll, AssemblyResolver.AddSearchDirectories: Adding more searchDirectories C:\Program Files\dotnet\sdk\6.0.102\Extensions,C:\Program Files\dotnet\sdk\6.0.102
TpTrace Information: 0 : 1280, 1, 2022/03/30, 14:13:37.213, 1289136059042, vstest.console.dll, AssemblyResolver.AddSearchDirectories: Adding more searchDirectories C:\Program Files\dotnet\sdk\6.0.102\Extensions,C:\Program Files\dotnet\sdk\6.0.102
TpTrace Information: 0 : 1280, 1, 2022/03/30, 14:13:37.213, 1289136059203, vstest.console.dll, AssemblyResolver.AddSearchDirectories: Adding more searchDirectories C:\Program Files\dotnet\sdk\6.0.102\Extensions,C:\Program Files\dotnet\sdk\6.0.102
TpTrace Information: 0 : 1280, 1, 2022/03/30, 14:13:37.213, 1289136059358, vstest.console.dll, AssemblyResolver.AddSearchDirectories: Adding more searchDirectories C:\Program Files\dotnet\sdk\6.0.102\Extensions,C:\Program Files\dotnet\sdk\6.0.102
TpTrace Information: 0 : 1280, 1, 2022/03/30, 14:13:37.213, 1289136059542, vstest.console.dll, AssemblyResolver.AddSearchDirectories: Adding more searchDirectories C:\Program Files\dotnet\sdk\6.0.102\Extensions,C:\Program Files\dotnet\sdk\6.0.102
TpTrace Information: 0 : 1280, 1, 2022/03/30, 14:13:37.213, 1289136059698, vstest.console.dll, AssemblyResolver.AddSearchDirectories: Adding more searchDirectories C:\Program Files\dotnet\sdk\6.0.102\Extensions,C:\Program Files\dotnet\sdk\6.0.102
TpTrace Information: 0 : 1280, 1, 2022/03/30, 14:13:37.214, 1289136061690, vstest.console.dll, AssemblyResolver.OnResolve: Microsoft.Bcl.AsyncInterfaces: Resolving assembly.
TpTrace Information: 0 : 1280, 1, 2022/03/30, 14:13:37.214, 1289136061981, vstest.console.dll, AssemblyResolver.OnResolve: Microsoft.Bcl.AsyncInterfaces: Resolved from cache.
TpTrace Verbose: 0 : 1280, 1, 2022/03/30, 14:13:37.214, 1289136062192, vstest.console.dll, CurrentDomainAssemblyResolve: Resolving assembly 'Microsoft.Bcl.AsyncInterfaces'.
TpTrace Information: 0 : 1280, 1, 2022/03/30, 14:13:37.214, 1289136062450, vstest.console.dll, AssemblyResolver.OnResolve: Microsoft.Bcl.AsyncInterfaces: Resolving assembly.
TpTrace Information: 0 : 1280, 1, 2022/03/30, 14:13:37.214, 1289136062618, vstest.console.dll, AssemblyResolver.OnResolve: Microsoft.Bcl.AsyncInterfaces: Resolved from cache.
TpTrace Verbose: 0 : 1280, 1, 2022/03/30, 14:13:37.214, 1289136062811, vstest.console.dll, CurrentDomainAssemblyResolve: Resolving assembly 'Microsoft.Bcl.AsyncInterfaces'.
TpTrace Verbose: 0 : 1280, 1, 2022/03/30, 14:13:37.214, 1289136063006, vstest.console.dll, CurrentDomainAssemblyResolve: Failed to resolve assembly 'Microsoft.Bcl.AsyncInterfaces'.
TpTrace Verbose: 0 : 1280, 1, 2022/03/30, 14:13:37.214, 1289136064278, vstest.console.dll, CurrentDomainAssemblyResolve: Failed to resolve assembly 'Microsoft.Bcl.AsyncInterfaces'.
TpTrace Warning: 0 : 1280, 1, 2022/03/30, 14:13:37.214, 1289136067007, vstest.console.dll, TestPluginDiscoverer: Failed to get types from assembly 'Microsoft.Diagnostics.NETCore.Client, Version=0.2.4.21401, Culture=neutral, PublicKeyToken=31bf3856ad364e35'.  Skipping test extension scan for this assembly.  Error: System.Reflection.ReflectionTypeLoadException: Unable to load one or more of the requested types.
Could not load file or assembly 'Microsoft.Bcl.AsyncInterfaces, Version=1.0.0.0, Culture=neutral, PublicKeyToken=cc7b13ffcd2ddd51'. The system cannot find the file specified.
   at System.Reflection.RuntimeModule.GetTypes(RuntimeModule module)
   at System.Reflection.Assembly.GetTypes()
   at Microsoft.VisualStudio.TestPlatform.Common.ExtensionFramework.TestPluginDiscoverer.GetTestExtensionsFromAssembly[TPluginInfo,TExtension](Assembly assembly, Dictionary`2 pluginInfos)
System.IO.FileNotFoundException: Could not load file or assembly 'Microsoft.Bcl.AsyncInterfaces, Version=1.0.0.0, Culture=neutral, PublicKeyToken=cc7b13ffcd2ddd51'. The system cannot find the file specified.
File name: 'Microsoft.Bcl.AsyncInterfaces, Version=1.0.0.0, Culture=neutral, PublicKeyToken=cc7b13ffcd2ddd51'
 ---> System.IO.FileNotFoundException: Could not load file or assembly 'Microsoft.Bcl.AsyncInterfaces, Culture=neutral, PublicKeyToken=null'. The system cannot find the file specified.
File name: 'Microsoft.Bcl.AsyncInterfaces, Culture=neutral, PublicKeyToken=null'
   at System.Reflection.RuntimeAssembly.InternalLoad(ObjectHandleOnStack assemblyName, ObjectHandleOnStack requestingAssembly, StackCrawlMarkHandle stackMark, Boolean throwOnFileNotFound, ObjectHandleOnStack assemblyLoadContext, ObjectHandleOnStack retAssembly)
   at System.Reflection.RuntimeAssembly.InternalLoad(AssemblyName assemblyName, RuntimeAssembly requestingAssembly, StackCrawlMark& stackMark, Boolean throwOnFileNotFound, AssemblyLoadContext assemblyLoadContext)
   at System.Reflection.Assembly.Load(AssemblyName assemblyRef)
   at Microsoft.VisualStudio.TestPlatform.Common.ExtensionFramework.TestPluginCache.CurrentDomainAssemblyResolve(Object sender, AssemblyResolveEventArgs args)
   at Microsoft.VisualStudio.TestPlatform.PlatformAbstractions.PlatformAssemblyResolver.AssemblyResolverEvent(Object sender, Object eventArgs)
   at System.Runtime.Loader.AssemblyLoadContext.GetFirstResolvedAssemblyFromResolvingEvent(AssemblyName assemblyName)
   at System.Runtime.Loader.AssemblyLoadContext.ResolveUsingEvent(AssemblyName assemblyName)
   at System.Runtime.Loader.AssemblyLoadContext.ResolveUsingResolvingEvent(IntPtr gchManagedAssemblyLoadContext, AssemblyName assemblyName)
TpTrace Warning: 0 : 1280, 1, 2022/03/30, 14:13:37.214, 1289136068553, vstest.console.dll, LoaderExceptions: System.IO.FileNotFoundException: Could not load file or assembly 'Microsoft.Bcl.AsyncInterfaces, Version=1.0.0.0, Culture=neutral, PublicKeyToken=cc7b13ffcd2ddd51'. The system cannot find the file specified.
File name: 'Microsoft.Bcl.AsyncInterfaces, Version=1.0.0.0, Culture=neutral, PublicKeyToken=cc7b13ffcd2ddd51'
 ---> System.IO.FileNotFoundException: Could not load file or assembly 'Microsoft.Bcl.AsyncInterfaces, Culture=neutral, PublicKeyToken=null'. The system cannot find the file specified.
File name: 'Microsoft.Bcl.AsyncInterfaces, Culture=neutral, PublicKeyToken=null'
   at System.Reflection.RuntimeAssembly.InternalLoad(ObjectHandleOnStack assemblyName, ObjectHandleOnStack requestingAssembly, StackCrawlMarkHandle stackMark, Boolean throwOnFileNotFound, ObjectHandleOnStack assemblyLoadContext, ObjectHandleOnStack retAssembly)
   at System.Reflection.RuntimeAssembly.InternalLoad(AssemblyName assemblyName, RuntimeAssembly requestingAssembly, StackCrawlMark& stackMark, Boolean throwOnFileNotFound, AssemblyLoadContext assemblyLoadContext)
   at System.Reflection.Assembly.Load(AssemblyName assemblyRef)
   at Microsoft.VisualStudio.TestPlatform.Common.ExtensionFramework.TestPluginCache.CurrentDomainAssemblyResolve(Object sender, AssemblyResolveEventArgs args)
   at Microsoft.VisualStudio.TestPlatform.PlatformAbstractions.PlatformAssemblyResolver.AssemblyResolverEvent(Object sender, Object eventArgs)
   at System.Runtime.Loader.AssemblyLoadContext.GetFirstResolvedAssemblyFromResolvingEvent(AssemblyName assemblyName)
   at System.Runtime.Loader.AssemblyLoadContext.ResolveUsingEvent(AssemblyName assemblyName)
   at System.Runtime.Loader.AssemblyLoadContext.ResolveUsingResolvingEvent(IntPtr gchManagedAssemblyLoadContext, AssemblyName assemblyName)
TpTrace Verbose: 0 : 1280, 1, 2022/03/30, 14:13:37.215, 1289136071493, vstest.console.dll, TestPluginCache: Discovered the extensions using extension path ''.
TpTrace Verbose: 0 : 1280, 1, 2022/03/30, 14:13:37.215, 1289136071813, vstest.console.dll, TestPluginCache: Discoverers are ''.
TpTrace Verbose: 0 : 1280, 1, 2022/03/30, 14:13:37.215, 1289136071967, vstest.console.dll, TestPluginCache: Executors are ''.
TpTrace Verbose: 0 : 1280, 1, 2022/03/30, 14:13:37.215, 1289136072106, vstest.console.dll, TestPluginCache: Executors2 are ''.
TpTrace Verbose: 0 : 1280, 1, 2022/03/30, 14:13:37.215, 1289136072242, vstest.console.dll, TestPluginCache: Setting providers are ''.
TpTrace Verbose: 0 : 1280, 1, 2022/03/30, 14:13:37.215, 1289136072799, vstest.console.dll, TestPluginCache: Loggers are 'logger://Microsoft/TestPlatform/Extensions/Blame/v1,logger://Microsoft/TestPlatform/HtmlLogger/v1,logger://Microsoft/TestPlatform/TrxLogger/v1'.
TpTrace Information: 0 : 1280, 1, 2022/03/30, 14:13:37.215, 1289136078027, vstest.console.dll, TestPluginManager.CreateTestExtension: Attempting to load test extension: Microsoft.TestPlatform.Extensions.BlameDataCollector.BlameLogger
TpTrace Information: 0 : 1280, 1, 2022/03/30, 14:13:37.220, 1289136127797, vstest.console.dll, TestPluginManager.CreateTestExtension: Attempting to load test extension: Microsoft.VisualStudio.TestPlatform.CrossPlatEngine.Hosting.DefaultTestHostManager
TpTrace Information: 0 : 1280, 1, 2022/03/30, 14:13:37.221, 1289136130429, vstest.console.dll, TestPluginManager.CreateTestExtension: Attempting to load test extension: Microsoft.VisualStudio.TestPlatform.CrossPlatEngine.Hosting.DotnetTestHostManager
TpTrace Verbose: 0 : 1280, 1, 2022/03/30, 14:13:37.221, 1289136134515, vstest.console.dll, TestEngine: Initializing Parallel Execution as MaxCpuCount is set to: 1
TpTrace Information: 0 : 1280, 1, 2022/03/30, 14:13:37.221, 1289136138911, vstest.console.dll, InferRunSettingsHelper.IsTestSettingsEnabled: Unable to navigate to RunSettings/MSTest. Current node: RunSettings
TpTrace Verbose: 0 : 1280, 1, 2022/03/30, 14:13:37.233, 1289136253623, vstest.console.dll, TestRequestSender is acting as server
TpTrace Verbose: 0 : 1280, 5, 2022/03/30, 14:13:37.236, 1289136288888, vstest.console.dll, DataCollectionRequestSender.InitializeCommunication : Initialize communication. 
TpTrace Information: 0 : 1280, 5, 2022/03/30, 14:13:37.241, 1289136334913, vstest.console.dll, Listening on Endpoint : 127.0.0.1:54099
TpTrace Verbose: 0 : 1280, 5, 2022/03/30, 14:13:37.250, 1289136425235, vstest.console.dll, DotnetDataCollectionLauncher: Full path of dotnet.exe is C:\Program Files\dotnet\dotnet.exe
TpTrace Verbose: 0 : 1280, 5, 2022/03/30, 14:13:37.250, 1289136427068, vstest.console.dll, DotnetDataCollectionLauncher: Adding  --runtimeconfig "C:\Program Files\dotnet\sdk\6.0.102\datacollector.runtimeconfig.json" in args
TpTrace Verbose: 0 : 1280, 5, 2022/03/30, 14:13:37.250, 1289136427550, vstest.console.dll, DotnetDataCollectionLauncher: Adding  --depsfile "C:\Program Files\dotnet\sdk\6.0.102\datacollector.deps.json" in args
TpTrace Information: 0 : 1280, 5, 2022/03/30, 14:13:37.259, 1289136514325, vstest.console.dll, ProxyDataCollectionManager.Initialize: Launched datacollector processId: 9320 port: 54099
TpTrace Information: 0 : 1280, 5, 2022/03/30, 14:13:37.259, 1289136516349, vstest.console.dll, ProxyDataCollectionManager.Initialize: waiting for connection with timeout: 90 seconds
TpTrace Verbose: 0 : 1280, 5, 2022/03/30, 14:13:37.259, 1289136516795, vstest.console.dll, DataCollectionRequestSender.WaitForRequestHandlerConnection : Waiting for connection with timeout: 90000
TpTrace Information: 0 : 1280, 8, 2022/03/30, 14:13:37.374, 1289137662778, vstest.console.dll, Using the buffer size of 16384 bytes
TpTrace Information: 0 : 1280, 8, 2022/03/30, 14:13:37.374, 1289137663766, vstest.console.dll, Accepted Client request and set the flag
TpTrace Verbose: 0 : 1280, 5, 2022/03/30, 14:13:37.374, 1289137663993, vstest.console.dll, ProxyDataCollectionManager.InvokeDataCollectionServiceAction: Starting.
TpTrace Information: 0 : 1280, 5, 2022/03/30, 14:13:37.374, 1289137665940, vstest.console.dll, ProxyDataCollectionManager.BeforeTestRunStart: Get environment variable and port for datacollector processId: 9320 port: 54099
TpTrace Verbose: 0 : 1280, 5, 2022/03/30, 14:13:37.374, 1289137667559, vstest.console.dll, DataCollectionRequestSender.SendBeforeTestRunStartAndGetResult : Send BeforeTestRunStart message with settingsXml <RunSettings><RunConfiguration><ResultsDirectory>D:\c#Code\softuniC#\04.OOP\ExamPreparation\Exam - 22 August 2021\Unit tests\HeroRepository.Tests\bin\Debug\netcoreapp3.1\fine-code-coverage\coverage-tool-output</ResultsDirectory><TargetPlatform>X64</TargetPlatform><TargetFrameworkVersion>.NETCoreApp,Version=v3.1</TargetFrameworkVersion><DesignMode>False</DesignMode><CollectSourceInformation>False</CollectSourceInformation><TestAdaptersPaths>C:\Program Files\dotnet\sdk\6.0.102\Extensions</TestAdaptersPaths></RunConfiguration><LoggerRunSettings><Loggers><Logger friendlyName="blame" enabled="True" /><Logger friendlyName="Console" uri="logger://microsoft/TestPlatform/ConsoleLogger/v1" assemblyQualifiedName="Microsoft.VisualStudio.TestPlatform.CommandLine.Internal.ConsoleLogger, vstest.console, Version=15.0.0.0, Culture=neutral, PublicKeyToken=b03f5f7f11d50a3a" codeBase="C:\Program Files\dotnet\sdk\6.0.102\vstest.console.dll" enabled="True" /></Loggers></LoggerRunSettings><DataCollectionRunSettings><DataCollectors><DataCollector friendlyName="blame" enabled="True"><Configuration><ResultsDirectory>D:\c#Code\softuniC#\04.OOP\ExamPreparation\Exam - 22 August 2021\Unit tests\HeroRepository.Tests\bin\Debug\netcoreapp3.1\fine-code-coverage\coverage-tool-output</ResultsDirectory></Configuration></DataCollector></DataCollectors></DataCollectionRunSettings></RunSettings> and sources System.Linq.Enumerable+Concat2Iterator`1[System.String]: 
TpTrace Verbose: 0 : 1280, 5, 2022/03/30, 14:13:37.434, 1289138267007, vstest.console.dll, DataCollectionRequestSender.SendBeforeTestRunStartAndGetResult : Received message: (DataCollection.SendMessage) -> {
  "FriendlyName": null,
  "Uri": null,
  "TestCaseId": "00000000-0000-0000-0000-000000000000",
  "Message": "Logging DataCollector Diagnostics in file: D:\\c#Code\\softuniC#\\04.OOP\\ExamPreparation\\Exam - 22 August 2021\\Unit tests\\HeroRepository.Tests\\bin\\Debug\\netcoreapp3.1\\fine-code-coverage\\coverage-tool-output\\diagnostics.datacollector.22-03-30_14-13-37_24730_5.log",
  "Level": 0
}
TpTrace Verbose: 0 : 1280, 5, 2022/03/30, 14:13:37.496, 1289138880430, vstest.console.dll, DataCollectionRequestSender.SendBeforeTestRunStartAndGetResult : Received message: (DataCollection.BeforeTestRunStartResult) -> {
  "EnvironmentVariables": {},
  "DataCollectionEventsPort": 54101
}
TpTrace Information: 0 : 1280, 5, 2022/03/30, 14:13:37.501, 1289138932594, vstest.console.dll, ProxyDataCollectionManager.BeforeTestRunStart: SendBeforeTestRunStartAndGetResult successful, env variable from datacollector:   and testhost port: 54101
TpTrace Information: 0 : 1280, 5, 2022/03/30, 14:13:37.501, 1289138933744, vstest.console.dll, ProxyDataCollectionManager.InvokeDataCollectionServiceAction: Completed.
TpTrace Verbose: 0 : 1280, 1, 2022/03/30, 14:13:37.501, 1289138935232, vstest.console.dll, TestRunRequest.ExecuteAsync: Creating test run request.
TpTrace Verbose: 0 : 1280, 1, 2022/03/30, 14:13:37.501, 1289138938121, vstest.console.dll, TestRunRequest.ExecuteAsync: Starting.
TpTrace Information: 0 : 1280, 1, 2022/03/30, 14:13:37.502, 1289138941030, vstest.console.dll, TestRunRequest.ExecuteAsync: Starting run with settings:TestRunCriteria:
   KeepAlive=False,FrequencyOfRunStatsChangeEvent=10,RunStatsChangeEventTimeout=00:00:01.5000000,TestCaseFilter=,TestExecutorLauncher=
   Settingsxml=<RunSettings>
  <RunConfiguration>
    <ResultsDirectory>D:\c#Code\softuniC#\04.OOP\ExamPreparation\Exam - 22 August 2021\Unit tests\HeroRepository.Tests\bin\Debug\netcoreapp3.1\fine-code-coverage\coverage-tool-output</ResultsDirectory>
    <TargetPlatform>X64</TargetPlatform>
    <TargetFrameworkVersion>.NETCoreApp,Version=v3.1</TargetFrameworkVersion>
    <DesignMode>False</DesignMode>
    <CollectSourceInformation>False</CollectSourceInformation>
  </RunConfiguration>
  <LoggerRunSettings>
    <Loggers>
      <Logger friendlyName="blame" enabled="True" />
      <Logger friendlyName="Console" uri="logger://microsoft/TestPlatform/ConsoleLogger/v1" assemblyQualifiedName="Microsoft.VisualStudio.TestPlatform.CommandLine.Internal.ConsoleLogger, vstest.console, Version=15.0.0.0, Culture=neutral, PublicKeyToken=b03f5f7f11d50a3a" codeBase="C:\Program Files\dotnet\sdk\6.0.102\vstest.console.dll" enabled="True" />
    </Loggers>
  </LoggerRunSettings>
  <DataCollectionRunSettings>
    <DataCollectors>
      <DataCollector friendlyName="blame" enabled="True">
        <Configuration>
          <ResultsDirectory>D:\c#Code\softuniC#\04.OOP\ExamPreparation\Exam - 22 August 2021\Unit tests\HeroRepository.Tests\bin\Debug\netcoreapp3.1\fine-code-coverage\coverage-tool-output</ResultsDirectory>
        </Configuration>
      </DataCollector>
    </DataCollectors>
  </DataCollectionRunSettings>
</RunSettings>

TpTrace Verbose: 0 : 1280, 1, 2022/03/30, 14:13:37.502, 1289138941388, vstest.console.dll, TestRunRequest.ExecuteAsync: Wait for the first run request is over.
TpTrace Verbose: 0 : 1280, 1, 2022/03/30, 14:13:37.502, 1289138945102, vstest.console.dll, ParallelProxyExecutionManager: Start execution. Total sources: 1
TpTrace Information: 0 : 1280, 1, 2022/03/30, 14:13:37.502, 1289138949547, vstest.console.dll, ProxyParallelExecutionManager: Triggering test run for next source: D:\c#Code\softuniC#\04.OOP\ExamPreparation\Exam - 22 August 2021\Unit tests\HeroRepository.Tests\bin\Debug\netcoreapp3.1\fine-code-coverage\build-output\HeroRepository.Tests.dll
TpTrace Verbose: 0 : 1280, 5, 2022/03/30, 14:13:37.503, 1289138951316, vstest.console.dll, ParallelProxyExecutionManager: Execution started. Started clients: 1
TpTrace Verbose: 0 : 1280, 1, 2022/03/30, 14:13:37.503, 1289138951822, vstest.console.dll, ProxyParallelExecutionManager: No sources available for execution.
TpTrace Information: 0 : 1280, 1, 2022/03/30, 14:13:37.503, 1289138952163, vstest.console.dll, TestRunRequest.ExecuteAsync: Started.
TpTrace Verbose: 0 : 1280, 1, 2022/03/30, 14:13:37.503, 1289138952657, vstest.console.dll, TestRunRequest.WaitForCompletion: Waiting with timeout -1.
TpTrace Verbose: 0 : 1280, 5, 2022/03/30, 14:13:37.503, 1289138955017, vstest.console.dll, TestRunRequest:SendTestRunMessage: Starting.
TpTrace Information: 0 : 1280, 5, 2022/03/30, 14:13:37.503, 1289138956173, vstest.console.dll, TestRunRequest:SendTestRunMessage: Completed.
TpTrace Verbose: 0 : 1280, 5, 2022/03/30, 14:13:37.503, 1289138957837, vstest.console.dll, ProxyExecutionManager: Test host is always Lazy initialize.
TpTrace Verbose: 0 : 1280, 5, 2022/03/30, 14:13:37.503, 1289138959639, vstest.console.dll, TestRequestSender.InitializeCommunication: initialize communication. 
TpTrace Information: 0 : 1280, 5, 2022/03/30, 14:13:37.504, 1289138964407, vstest.console.dll, SocketServer.Start: Listening on endpoint : 127.0.0.1:54102
TpTrace Verbose: 0 : 1280, 5, 2022/03/30, 14:13:37.505, 1289138970768, vstest.console.dll, DotnetTestHostmanager: Adding  --runtimeconfig "D:\c#Code\softuniC#\04.OOP\ExamPreparation\Exam - 22 August 2021\Unit tests\HeroRepository.Tests\bin\Debug\netcoreapp3.1\fine-code-coverage\build-output\HeroRepository.Tests.runtimeconfig.json" in args
TpTrace Verbose: 0 : 1280, 5, 2022/03/30, 14:13:37.505, 1289138971469, vstest.console.dll, DotnetTestHostmanager: Adding  --depsfile "D:\c#Code\softuniC#\04.OOP\ExamPreparation\Exam - 22 August 2021\Unit tests\HeroRepository.Tests\bin\Debug\netcoreapp3.1\fine-code-coverage\build-output\HeroRepository.Tests.deps.json" in args
TpTrace Verbose: 0 : 1280, 5, 2022/03/30, 14:13:37.505, 1289138973369, vstest.console.dll, DotnetTestHostManager: Testhost.exe/testhost.x86.exe found at path: D:\c#Code\softuniC#\04.OOP\ExamPreparation\Exam - 22 August 2021\Unit tests\HeroRepository.Tests\bin\Debug\netcoreapp3.1\fine-code-coverage\build-output\testhost.exe
TpTrace Verbose: 0 : 1280, 5, 2022/03/30, 14:13:37.505, 1289138973740, vstest.console.dll, DotnetTestHostmanager: Full path of host exe is D:\c#Code\softuniC#\04.OOP\ExamPreparation\Exam - 22 August 2021\Unit tests\HeroRepository.Tests\bin\Debug\netcoreapp3.1\fine-code-coverage\build-output\testhost.exe
TpTrace Verbose: 0 : 1280, 7, 2022/03/30, 14:13:37.506, 1289138989123, vstest.console.dll, DotnetTestHostManager: Starting process 'D:\c#Code\softuniC#\04.OOP\ExamPreparation\Exam - 22 August 2021\Unit tests\HeroRepository.Tests\bin\Debug\netcoreapp3.1\fine-code-coverage\build-output\testhost.exe' with command line ' --runtimeconfig "D:\c#Code\softuniC#\04.OOP\ExamPreparation\Exam - 22 August 2021\Unit tests\HeroRepository.Tests\bin\Debug\netcoreapp3.1\fine-code-coverage\build-output\HeroRepository.Tests.runtimeconfig.json" --depsfile "D:\c#Code\softuniC#\04.OOP\ExamPreparation\Exam - 22 August 2021\Unit tests\HeroRepository.Tests\bin\Debug\netcoreapp3.1\fine-code-coverage\build-output\HeroRepository.Tests.deps.json" --port 54102 --endpoint 127.0.0.1:054102 --role client --parentprocessid 1280 --diag "D:\c#Code\softuniC#\04.OOP\ExamPreparation\Exam - 22 August 2021\Unit tests\HeroRepository.Tests\bin\Debug\netcoreapp3.1\fine-code-coverage\coverage-tool-output\diagnostics.host.22-03-30_14-13-37_50474_5.log" --tracelevel 4 --datacollectionport 54101 --telemetryoptedin false'
TpTrace Verbose: 0 : 1280, 7, 2022/03/30, 14:13:37.512, 1289139045718, vstest.console.dll, Test Runtime launched
TpTrace Verbose: 0 : 1280, 5, 2022/03/30, 14:13:37.513, 1289139051914, vstest.console.dll, TestRequestSender.WaitForRequestHandlerConnection: waiting for connection with timeout: 90000
TpTrace Verbose: 0 : 1280, 11, 2022/03/30, 14:13:37.653, 1289140459750, vstest.console.dll, SocketServer.OnClientConnected: Client connected for endPoint: 127.0.0.1:54102, starting MessageLoopAsync:
TpTrace Verbose: 0 : 1280, 11, 2022/03/30, 14:13:37.654, 1289140463386, vstest.console.dll, TcpClientExtensions.MessageLoopAsync: Polling on remoteEndPoint: 127.0.0.1:54103 localEndPoint: 127.0.0.1:54102
TpTrace Verbose: 0 : 1280, 11, 2022/03/30, 14:13:37.760, 1289141523598, vstest.console.dll, TcpClientExtensions.MessageLoopAsync: NotifyDataAvailable remoteEndPoint: 127.0.0.1:54103 localEndPoint: 127.0.0.1:54102
TpTrace Verbose: 0 : 1280, 11, 2022/03/30, 14:13:37.760, 1289141526657, vstest.console.dll, TestRequestSender.CheckVersionWithTestHost: onMessageReceived received message: (ProtocolVersion) -> 5
TpTrace Verbose: 0 : 1280, 11, 2022/03/30, 14:13:37.761, 1289141529939, vstest.console.dll, TcpClientExtensions.MessageLoopAsync: Polling on remoteEndPoint: 127.0.0.1:54103 localEndPoint: 127.0.0.1:54102
TpTrace Verbose: 0 : 1280, 5, 2022/03/30, 14:13:37.761, 1289141533203, vstest.console.dll, TestPluginCache.GetExtensionPaths: Filtered extension paths: 
TpTrace Verbose: 0 : 1280, 5, 2022/03/30, 14:13:37.761, 1289141534008, vstest.console.dll, TestPluginCache.GetExtensionPaths: Added default extension paths: C:\Program Files\dotnet\sdk\6.0.102\Extensions\Microsoft.Diagnostics.NETCore.Client.dll
C:\Program Files\dotnet\sdk\6.0.102\Extensions\Microsoft.TestPlatform.Extensions.BlameDataCollector.dll
C:\Program Files\dotnet\sdk\6.0.102\Extensions\Microsoft.TestPlatform.Extensions.EventLogCollector.dll
C:\Program Files\dotnet\sdk\6.0.102\Extensions\Microsoft.TestPlatform.TestHostRuntimeProvider.dll
C:\Program Files\dotnet\sdk\6.0.102\Extensions\Microsoft.VisualStudio.TestPlatform.Extensions.Html.TestLogger.dll
C:\Program Files\dotnet\sdk\6.0.102\Extensions\Microsoft.VisualStudio.TestPlatform.Extensions.Trx.TestLogger.dll
TpTrace Verbose: 0 : 1280, 5, 2022/03/30, 14:13:37.761, 1289141534409, vstest.console.dll, TestPluginCache.GetExtensionPaths: Added unfilterableExtensionPaths: 
TpTrace Verbose: 0 : 1280, 5, 2022/03/30, 14:13:37.764, 1289141562268, vstest.console.dll, TestRequestSender.InitializeExecution: Sending initializing execution with message: {"Version":5,"MessageType":"TestExecution.Initialize","Payload":["D:\\c#Code\\softuniC#\\04.OOP\\ExamPreparation\\Exam - 22 August 2021\\Unit tests\\HeroRepository.Tests\\bin\\Debug\\netcoreapp3.1\\fine-code-coverage\\build-output\\NUnit3.TestAdapter.dll"]}
TpTrace Verbose: 0 : 1280, 11, 2022/03/30, 14:13:37.768, 1289141602508, vstest.console.dll, TcpClientExtensions.MessageLoopAsync: NotifyDataAvailable remoteEndPoint: 127.0.0.1:54103 localEndPoint: 127.0.0.1:54102
TpTrace Verbose: 0 : 1280, 11, 2022/03/30, 14:13:37.768, 1289141604759, vstest.console.dll, TestRequestSender.OnExecutionMessageReceived: Received message: {"Version":5,"MessageType":"TestSession.Message","Payload":{"MessageLevel":0,"Message":"Logging TestHost Diagnostics in file: D:\\c#Code\\softuniC#\\04.OOP\\ExamPreparation\\Exam - 22 August 2021\\Unit tests\\HeroRepository.Tests\\bin\\Debug\\netcoreapp3.1\\fine-code-coverage\\coverage-tool-output\\diagnostics.host.22-03-30_14-13-37_50474_5.log"}}
TpTrace Verbose: 0 : 1280, 5, 2022/03/30, 14:13:37.770, 1289141626599, vstest.console.dll, TestRequestSender.StartTestRun: Sending test run with message: {"Version":5,"MessageType":"TestExecution.StartWithSources","Payload":{"AdapterSourceMap":{"_none_":["D:\\c#Code\\softuniC#\\04.OOP\\ExamPreparation\\Exam - 22 August 2021\\Unit tests\\HeroRepository.Tests\\bin\\Debug\\netcoreapp3.1\\fine-code-coverage\\build-output\\HeroRepository.Tests.dll"]},"RunSettings":"<RunSettings>\r\n  <RunConfiguration>\r\n    <ResultsDirectory>D:\\c#Code\\softuniC#\\04.OOP\\ExamPreparation\\Exam - 22 August 2021\\Unit tests\\HeroRepository.Tests\\bin\\Debug\\netcoreapp3.1\\fine-code-coverage\\coverage-tool-output</ResultsDirectory>\r\n    <TargetPlatform>X64</TargetPlatform>\r\n    <TargetFrameworkVersion>.NETCoreApp,Version=v3.1</TargetFrameworkVersion>\r\n    <DesignMode>False</DesignMode>\r\n    <CollectSourceInformation>False</CollectSourceInformation>\r\n  </RunConfiguration>\r\n  <LoggerRunSettings>\r\n    <Loggers>\r\n      <Logger friendlyName=\"blame\" enabled=\"True\" />\r\n      <Logger friendlyName=\"Console\" uri=\"logger://microsoft/TestPlatform/ConsoleLogger/v1\" assemblyQualifiedName=\"Microsoft.VisualStudio.TestPlatform.CommandLine.Internal.ConsoleLogger, vstest.console, Version=15.0.0.0, Culture=neutral, PublicKeyToken=b03f5f7f11d50a3a\" codeBase=\"C:\\Program Files\\dotnet\\sdk\\6.0.102\\vstest.console.dll\" enabled=\"True\" />\r\n    </Loggers>\r\n  </LoggerRunSettings>\r\n  <DataCollectionRunSettings>\r\n    <DataCollectors>\r\n      <DataCollector friendlyName=\"blame\" enabled=\"True\">\r\n        <Configuration>\r\n          <ResultsDirectory>D:\\c#Code\\softuniC#\\04.OOP\\ExamPreparation\\Exam - 22 August 2021\\Unit tests\\HeroRepository.Tests\\bin\\Debug\\netcoreapp3.1\\fine-code-coverage\\coverage-tool-output</ResultsDirectory>\r\n        </Configuration>\r\n      </DataCollector>\r\n    </DataCollectors>\r\n  </DataCollectionRunSettings>\r\n</RunSettings>","TestExecutionContext":{"FrequencyOfRunStatsChangeEvent":10,"RunStatsChangeEventTimeout":"00:00:01.5000000","InIsolation":false,"KeepAlive":false,"AreTestCaseLevelEventsRequired":false,"IsDebug":false,"TestCaseFilter":null,"FilterOptions":null},"Package":null}}
TpTrace Verbose: 0 : 1280, 11, 2022/03/30, 14:13:37.770, 1289141627619, vstest.console.dll, TestRunRequest:SendTestRunMessage: Starting.
TpTrace Information: 0 : 1280, 11, 2022/03/30, 14:13:37.770, 1289141628322, vstest.console.dll, TestRunRequest:SendTestRunMessage: Completed.
TpTrace Verbose: 0 : 1280, 11, 2022/03/30, 14:13:37.770, 1289141628524, vstest.console.dll, TcpClientExtensions.MessageLoopAsync: Polling on remoteEndPoint: 127.0.0.1:54103 localEndPoint: 127.0.0.1:54102
TpTrace Verbose: 0 : 1280, 11, 2022/03/30, 14:13:37.885, 1289142773912, vstest.console.dll, TcpClientExtensions.MessageLoopAsync: NotifyDataAvailable remoteEndPoint: 127.0.0.1:54103 localEndPoint: 127.0.0.1:54102
TpTrace Verbose: 0 : 1280, 11, 2022/03/30, 14:13:37.885, 1289142775597, vstest.console.dll, TestRequestSender.OnExecutionMessageReceived: Received message: {"Version":5,"MessageType":"TestSession.Message","Payload":{"MessageLevel":0,"Message":"NUnit Adapter 3.17.0.0: Test execution started"}}
TpTrace Verbose: 0 : 1280, 11, 2022/03/30, 14:13:37.885, 1289142777863, vstest.console.dll, TestRunRequest:SendTestRunMessage: Starting.
TpTrace Information: 0 : 1280, 11, 2022/03/30, 14:13:37.885, 1289142778323, vstest.console.dll, TestRunRequest:SendTestRunMessage: Completed.
TpTrace Verbose: 0 : 1280, 11, 2022/03/30, 14:13:37.885, 1289142778523, vstest.console.dll, TcpClientExtensions.MessageLoopAsync: Polling on remoteEndPoint: 127.0.0.1:54103 localEndPoint: 127.0.0.1:54102
TpTrace Verbose: 0 : 1280, 11, 2022/03/30, 14:13:37.905, 1289142974924, vstest.console.dll, TcpClientExtensions.MessageLoopAsync: NotifyDataAvailable remoteEndPoint: 127.0.0.1:54103 localEndPoint: 127.0.0.1:54102
TpTrace Verbose: 0 : 1280, 11, 2022/03/30, 14:13:37.905, 1289142976644, vstest.console.dll, TestRequestSender.OnExecutionMessageReceived: Received message: {"Version":5,"MessageType":"TestSession.Message","Payload":{"MessageLevel":0,"Message":"Running all tests in D:\\c#Code\\softuniC#\\04.OOP\\ExamPreparation\\Exam - 22 August 2021\\Unit tests\\HeroRepository.Tests\\bin\\Debug\\netcoreapp3.1\\fine-code-coverage\\build-output\\HeroRepository.Tests.dll"}}
TpTrace Verbose: 0 : 1280, 11, 2022/03/30, 14:13:37.905, 1289142978946, vstest.console.dll, TestRunRequest:SendTestRunMessage: Starting.
TpTrace Information: 0 : 1280, 11, 2022/03/30, 14:13:37.905, 1289142979666, vstest.console.dll, TestRunRequest:SendTestRunMessage: Completed.
TpTrace Verbose: 0 : 1280, 11, 2022/03/30, 14:13:37.906, 1289142980051, vstest.console.dll, TcpClientExtensions.MessageLoopAsync: Polling on remoteEndPoint: 127.0.0.1:54103 localEndPoint: 127.0.0.1:54102
TpTrace Verbose: 0 : 1280, 11, 2022/03/30, 14:13:38.052, 1289144444302, vstest.console.dll, TcpClientExtensions.MessageLoopAsync: NotifyDataAvailable remoteEndPoint: 127.0.0.1:54103 localEndPoint: 127.0.0.1:54102
TpTrace Verbose: 0 : 1280, 11, 2022/03/30, 14:13:38.052, 1289144447145, vstest.console.dll, TestRequestSender.OnExecutionMessageReceived: Received message: {"Version":5,"MessageType":"TestSession.Message","Payload":{"MessageLevel":0,"Message":"   NUnit3TestExecutor discovered 9 of 9 NUnit test cases"}}
TpTrace Verbose: 0 : 1280, 11, 2022/03/30, 14:13:38.053, 1289144450673, vstest.console.dll, TestRunRequest:SendTestRunMessage: Starting.
TpTrace Information: 0 : 1280, 11, 2022/03/30, 14:13:38.053, 1289144451609, vstest.console.dll, TestRunRequest:SendTestRunMessage: Completed.
TpTrace Verbose: 0 : 1280, 11, 2022/03/30, 14:13:38.053, 1289144452085, vstest.console.dll, TcpClientExtensions.MessageLoopAsync: Polling on remoteEndPoint: 127.0.0.1:54103 localEndPoint: 127.0.0.1:54102
TpTrace Verbose: 0 : 1280, 11, 2022/03/30, 14:13:38.138, 1289145304105, vstest.console.dll, TcpClientExtensions.MessageLoopAsync: NotifyDataAvailable remoteEndPoint: 127.0.0.1:54103 localEndPoint: 127.0.0.1:54102
TpTrace Verbose: 0 : 1280, 11, 2022/03/30, 14:13:38.138, 1289145306600, vstest.console.dll, TestRequestSender.OnExecutionMessageReceived: Received message: {"Version":5,"MessageType":"TestSession.Message","Payload":{"MessageLevel":0,"Message":"NUnit Adapter 3.17.0.0: Test execution complete"}}
TpTrace Verbose: 0 : 1280, 11, 2022/03/30, 14:13:38.139, 1289145310377, vstest.console.dll, TestRunRequest:SendTestRunMessage: Starting.
TpTrace Information: 0 : 1280, 11, 2022/03/30, 14:13:38.139, 1289145313014, vstest.console.dll, TestRunRequest:SendTestRunMessage: Completed.
TpTrace Verbose: 0 : 1280, 11, 2022/03/30, 14:13:38.139, 1289145313691, vstest.console.dll, TcpClientExtensions.MessageLoopAsync: Polling on remoteEndPoint: 127.0.0.1:54103 localEndPoint: 127.0.0.1:54102
TpTrace Verbose: 0 : 1280, 11, 2022/03/30, 14:13:38.174, 1289145664525, vstest.console.dll, TcpClientExtensions.MessageLoopAsync: NotifyDataAvailable remoteEndPoint: 127.0.0.1:54103 localEndPoint: 127.0.0.1:54102
TpTrace Verbose: 0 : 1280, 11, 2022/03/30, 14:13:38.174, 1289145669115, vstest.console.dll, TestRequestSender.OnExecutionMessageReceived: Received message: {"Version":5,"MessageType":"TestExecution.Completed","Payload":{"TestRunCompleteArgs":{"TestRunStatistics":{"ExecutedTests":9,"Stats":{"Passed":9}},"IsCanceled":false,"IsAborted":false,"Error":null,"AttachmentSets":[],"ElapsedTimeInRunningTests":"00:00:00.2696216","Metrics":{}},"LastRunTests":{"NewTestResults":[{"TestCase":{"Id":"3add4b9b-01c7-bff3-3134-7ddfb4f6d4ef","FullyQualifiedName":"HeroRepositoryTests.CanCreateValidHeroes","DisplayName":"CanCreateValidHeroes","ExecutorUri":"executor://NUnit3TestExecutor","Source":"D:\\c#Code\\softuniC#\\04.OOP\\ExamPreparation\\Exam - 22 August 2021\\Unit tests\\HeroRepository.Tests\\bin\\Debug\\netcoreapp3.1\\fine-code-coverage\\build-output\\HeroRepository.Tests.dll","CodeFilePath":null,"LineNumber":0,"Properties":[]},"Attachments":[],"Outcome":1,"ErrorMessage":null,"ErrorStackTrace":null,"DisplayName":"CanCreateValidHeroes","Messages":[],"ComputerName":"DESKTOP-G5675TN","Duration":"00:00:00.0087940","StartTime":"2022-03-30T11:13:38.0727557+00:00","EndTime":"2022-03-30T11:13:38.0815327+00:00","Properties":[]},{"TestCase":{"Id":"10aef300-71c1-a874-1700-e80d4f483008","FullyQualifiedName":"HeroRepositoryTests.CanRemoveHero","DisplayName":"CanRemoveHero","ExecutorUri":"executor://NUnit3TestExecutor","Source":"D:\\c#Code\\softuniC#\\04.OOP\\ExamPreparation\\Exam - 22 August 2021\\Unit tests\\HeroRepository.Tests\\bin\\Debug\\netcoreapp3.1\\fine-code-coverage\\build-output\\HeroRepository.Tests.dll","CodeFilePath":null,"LineNumber":0,"Properties":[]},"Attachments":[],"Outcome":1,"ErrorMessage":null,"ErrorStackTrace":null,"DisplayName":"CanRemoveHero","Messages":[],"ComputerName":"DESKTOP-G5675TN","Duration":"00:00:00.0025510","StartTime":"2022-03-30T11:13:38.0826943+00:00","EndTime":"2022-03-30T11:13:38.085245+00:00","Properties":[]},{"TestCase":{"Id":"11992c75-a770-c731-a90d-81a44eaa7bad","FullyQualifiedName":"HeroRepositoryTests.CantAddHeroThatAlreadyExists","DisplayName":"CantAddHeroThatAlreadyExists","ExecutorUri":"executor://NUnit3TestExecutor","Source":"D:\\c#Code\\softuniC#\\04.OOP\\ExamPreparation\\Exam - 22 August 2021\\Unit tests\\HeroRepository.Tests\\bin\\Debug\\netcoreapp3.1\\fine-code-coverage\\build-output\\HeroRepository.Tests.dll","CodeFilePath":null,"LineNumber":0,"Properties":[]},"Attachments":[],"Outcome":1,"ErrorMessage":null,"ErrorStackTrace":null,"DisplayName":"CantAddHeroThatAlreadyExists","Messages":[],"ComputerName":"DESKTOP-G5675TN","Duration":"00:00:00.0034650","StartTime":"2022-03-30T11:13:38.085283+00:00","EndTime":"2022-03-30T11:13:38.088745+00:00","Properties":[]},{"TestCase":{"Id":"f4483d2b-6d6a-e112-8d58-b5f45342512f","FullyQualifiedName":"HeroRepositoryTests.CantAddHeroThatIsNull","DisplayName":"CantAddHeroThatIsNull","ExecutorUri":"executor://NUnit3TestExecutor","Source":"D:\\c#Code\\softuniC#\\04.OOP\\ExamPreparation\\Exam - 22 August 2021\\Unit tests\\HeroRepository.Tests\\bin\\Debug\\netcoreapp3.1\\fine-code-coverage\\build-output\\HeroRepository.Tests.dll","CodeFilePath":null,"LineNumber":0,"Properties":[]},"Attachments":[],"Outcome":1,"ErrorMessage":null,"ErrorStackTrace":null,"DisplayName":"CantAddHeroThatIsNull","Messages":[],"ComputerName":"DESKTOP-G5675TN","Duration":"00:00:00.0003690","StartTime":"2022-03-30T11:13:38.0887676+00:00","EndTime":"2022-03-30T11:13:38.0891346+00:00","Properties":[]},{"TestCase":{"Id":"298406e0-26e2-854e-714a-48c009aea6df","FullyQualifiedName":"HeroRepositoryTests.CantRemoveNullOrWhitespace(null)","DisplayName":"CantRemoveNullOrWhitespace(null)","ExecutorUri":"executor://NUnit3TestExecutor","Source":"D:\\c#Code\\softuniC#\\04.OOP\\ExamPreparation\\Exam - 22 August 2021\\Unit tests\\HeroRepository.Tests\\bin\\Debug\\netcoreapp3.1\\fine-code-coverage\\build-output\\HeroRepository.Tests.dll","CodeFilePath":null,"LineNumber":0,"Properties":[]},"Attachments":[],"Outcome":1,"ErrorMessage":null,"ErrorStackTrace":null,"DisplayName":"CantRemoveNullOrWhitespace(null)","Messages":[],"ComputerName":"DESKTOP-G5675TN","Duration":"00:00:00.0003050","StartTime":"2022-03-30T11:13:38.0891823+00:00","EndTime":"2022-03-30T11:13:38.0894862+00:00","Properties":[]},{"TestCase":{"Id":"487c893c-58e9-8892-16b2-ec63be63cccc","FullyQualifiedName":"HeroRepositoryTests.CantRemoveNullOrWhitespace(\" \")","DisplayName":"CantRemoveNullOrWhitespace(\" \")","ExecutorUri":"executor://NUnit3TestExecutor","Source":"D:\\c#Code\\softuniC#\\04.OOP\\ExamPreparation\\Exam - 22 August 2021\\Unit tests\\HeroRepository.Tests\\bin\\Debug\\netcoreapp3.1\\fine-code-coverage\\build-output\\HeroRepository.Tests.dll","CodeFilePath":null,"LineNumber":0,"Properties":[]},"Attachments":[],"Outcome":1,"ErrorMessage":null,"ErrorStackTrace":null,"DisplayName":"CantRemoveNullOrWhitespace(\" \")","Messages":[],"ComputerName":"DESKTOP-G5675TN","Duration":"00:00:00.0000780","StartTime":"2022-03-30T11:13:38.0894984+00:00","EndTime":"2022-03-30T11:13:38.089576+00:00","Properties":[]},{"TestCase":{"Id":"347a3359-e6b7-bf24-cb61-7cff86b43422","FullyQualifiedName":"HeroRepositoryTests.EmptyConstructorWorks","DisplayName":"EmptyConstructorWorks","ExecutorUri":"executor://NUnit3TestExecutor","Source":"D:\\c#Code\\softuniC#\\04.OOP\\ExamPreparation\\Exam - 22 August 2021\\Unit tests\\HeroRepository.Tests\\bin\\Debug\\netcoreapp3.1\\fine-code-coverage\\build-output\\HeroRepository.Tests.dll","CodeFilePath":null,"LineNumber":0,"Properties":[]},"Attachments":[],"Outcome":1,"ErrorMessage":null,"ErrorStackTrace":null,"DisplayName":"EmptyConstructorWorks","Messages":[],"ComputerName":"DESKTOP-G5675TN","Duration":"00:00:00.0001470","StartTime":"2022-03-30T11:13:38.0906924+00:00","EndTime":"2022-03-30T11:13:38.0908408+00:00","Properties":[]},{"TestCase":{"Id":"8bdaf12b-16ba-b0bc-8bcf-179c7d586625","FullyQualifiedName":"HeroRepositoryTests.GetHeroWithTheHighestLevel","DisplayName":"GetHeroWithTheHighestLevel","ExecutorUri":"executor://NUnit3TestExecutor","Source":"D:\\c#Code\\softuniC#\\04.OOP\\ExamPreparation\\Exam - 22 August 2021\\Unit tests\\HeroRepository.Tests\\bin\\Debug\\netcoreapp3.1\\fine-code-coverage\\build-output\\HeroRepository.Tests.dll","CodeFilePath":null,"LineNumber":0,"Properties":[]},"Attachments":[],"Outcome":1,"ErrorMessage":null,"ErrorStackTrace":null,"DisplayName":"GetHeroWithTheHighestLevel","Messages":[],"ComputerName":"DESKTOP-G5675TN","Duration":"00:00:00.0006750","StartTime":"2022-03-30T11:13:38.0908507+00:00","EndTime":"2022-03-30T11:13:38.0915233+00:00","Properties":[]},{"TestCase":{"Id":"808715cb-f4c4-e818-c4c4-3f1503451ef6","FullyQualifiedName":"HeroRepositoryTests.GetHeroWorks","DisplayName":"GetHeroWorks","ExecutorUri":"executor://NUnit3TestExecutor","Source":"D:\\c#Code\\softuniC#\\04.OOP\\ExamPreparation\\Exam - 22 August 2021\\Unit tests\\HeroRepository.Tests\\bin\\Debug\\netcoreapp3.1\\fine-code-coverage\\build-output\\HeroRepository.Tests.dll","CodeFilePath":null,"LineNumber":0,"Properties":[]},"Attachments":[],"Outcome":1,"ErrorMessage":null,"ErrorStackTrace":null,"DisplayName":"GetHeroWorks","Messages":[],"ComputerName":"DESKTOP-G5675TN","Duration":"00:00:00.0003810","StartTime":"2022-03-30T11:13:38.091545+00:00","EndTime":"2022-03-30T11:13:38.0919246+00:00","Properties":[]}],"TestRunStatistics":{"ExecutedTests":9,"Stats":{"Passed":9}},"ActiveTests":[]},"RunAttachments":[],"ExecutorUris":["executor://nunit3testexecutor/"]}}
TpTrace Verbose: 0 : 1280, 11, 2022/03/30, 14:13:38.176, 1289145684717, vstest.console.dll, TestRequestSender.EndSession: Sending end session.
TpTrace Verbose: 0 : 1280, 11, 2022/03/30, 14:13:38.176, 1289145686136, vstest.console.dll, ProxyOperationManager.Close: waiting for test host to exit for 100 ms
TpTrace Warning: 0 : 1280, 13, 2022/03/30, 14:13:38.192, 1289145845032, vstest.console.dll, TestHostManagerCallbacks.ErrorReceivedCallback Test host standard error line: 
TpTrace Verbose: 0 : 1280, 8, 2022/03/30, 14:13:38.197, 1289145895226, vstest.console.dll, TestHostProvider.ExitCallBack: Host exited starting callback.
TpTrace Information: 0 : 1280, 8, 2022/03/30, 14:13:38.198, 1289145903455, vstest.console.dll, TestHostManagerCallbacks.ExitCallBack: Testhost processId: 13176 exited with exitcode: 0 error: ''
TpTrace Verbose: 0 : 1280, 8, 2022/03/30, 14:13:38.198, 1289145904196, vstest.console.dll, DotnetTestHostManager.OnHostExited: invoking OnHostExited callback
TpTrace Verbose: 0 : 1280, 8, 2022/03/30, 14:13:38.198, 1289145904581, vstest.console.dll, CrossPlatEngine.TestHostManagerHostExited: calling on client process exit callback.
TpTrace Information: 0 : 1280, 8, 2022/03/30, 14:13:38.198, 1289145905015, vstest.console.dll, TestRequestSender.OnClientProcessExit: Test host process exited. Standard error: 
TpTrace Information: 0 : 1280, 8, 2022/03/30, 14:13:38.198, 1289145905271, vstest.console.dll, SocketServer.Stop: Stop server endPoint: 127.0.0.1:54102
TpTrace Information: 0 : 1280, 8, 2022/03/30, 14:13:38.198, 1289145905442, vstest.console.dll, SocketServer.Stop: Cancellation requested. Stopping message loop.
TpTrace Warning: 0 : 1280, 11, 2022/03/30, 14:13:38.198, 1289145905421, vstest.console.dll, ProxyOperationManager: Timed out waiting for test host to exit. Will terminate process.
TpTrace Verbose: 0 : 1280, 11, 2022/03/30, 14:13:38.199, 1289145915118, vstest.console.dll, ProxyDataCollectionManager.InvokeDataCollectionServiceAction: Starting.
TpTrace Information: 0 : 1280, 11, 2022/03/30, 14:13:38.199, 1289145915960, vstest.console.dll, ProxyDataCollectionManager.AfterTestRunEnd: Get attachment set for datacollector processId: 9320 port: 54099
TpTrace Verbose: 0 : 1280, 11, 2022/03/30, 14:13:38.199, 1289145916621, vstest.console.dll, DataCollectionRequestSender.SendAfterTestRunStartAndGetResult : Send AfterTestRunEnd message with isCancelled: False
TpTrace Verbose: 0 : 1280, 11, 2022/03/30, 14:13:38.203, 1289145958023, vstest.console.dll, DataCollectionRequestSender.SendAfterTestRunStartAndGetResult : Received message: (DataCollection.AfterTestRunEndResult) -> {
  "AttachmentSets": [],
  "Metrics": {}
}
TpTrace Warning: 0 : 1280, 10, 2022/03/30, 14:13:38.207, 1289145994280, vstest.console.dll, DataCollectionLauncher.ErrorReceivedCallback datacollector standard error line: 
TpTrace Information: 0 : 1280, 11, 2022/03/30, 14:13:38.208, 1289146000715, vstest.console.dll, ProxyDataCollectionManager.InvokeDataCollectionServiceAction: Completed.
TpTrace Information: 0 : 1280, 8, 2022/03/30, 14:13:38.211, 1289146031462, vstest.console.dll, DataCollectionLauncher.ExitCallBack: Data collector exited with exitcode: 0 error: ''
TpTrace Verbose: 0 : 1280, 11, 2022/03/30, 14:13:38.248, 1289146401844, vstest.console.dll, TestRunRequest:SendTestRunStatsChange: Starting.
TpTrace Information: 0 : 1280, 11, 2022/03/30, 14:13:38.248, 1289146404102, vstest.console.dll, TestRunRequest:SendTestRunStatsChange: Completed.
TpTrace Verbose: 0 : 1280, 11, 2022/03/30, 14:13:38.248, 1289146405422, vstest.console.dll, ParallelProxyExecutionManager: HandlePartialRunComplete: Total completed clients = 1, Run complete = True, Run canceled: False.
TpTrace Verbose: 0 : 1280, 11, 2022/03/30, 14:13:38.266, 1289146580785, vstest.console.dll, TestRunRequest:TestRunComplete: Starting. IsAborted:False IsCanceled:False.
TpTrace Verbose: 0 : 1280, 11, 2022/03/30, 14:13:38.266, 1289146582855, vstest.console.dll, TestLoggerManager.HandleTestRunComplete: Ignoring as the object is disposed.
TpTrace Information: 0 : 1280, 11, 2022/03/30, 14:13:38.266, 1289146585557, vstest.console.dll, TestRunRequest:TestRunComplete: Completed.
TpTrace Verbose: 0 : 1280, 11, 2022/03/30, 14:13:38.266, 1289146585975, vstest.console.dll, TestRequestSender.SetOperationComplete: Setting operation complete.
TpTrace Information: 0 : 1280, 11, 2022/03/30, 14:13:38.266, 1289146586211, vstest.console.dll, SocketServer.Stop: Stop server endPoint: 127.0.0.1:54102
TpTrace Information: 0 : 1280, 11, 2022/03/30, 14:13:38.266, 1289146586362, vstest.console.dll, SocketServer.Stop: Cancellation requested. Stopping message loop.
TpTrace Verbose: 0 : 1280, 1, 2022/03/30, 14:13:38.266, 1289146586273, vstest.console.dll, TestRunRequest.Dispose: Starting.
TpTrace Information: 0 : 1280, 11, 2022/03/30, 14:13:38.266, 1289146586617, vstest.console.dll, SocketServer.PrivateStop: Stopping server endPoint: 127.0.0.1:54102 error: 
TpTrace Information: 0 : 1280, 1, 2022/03/30, 14:13:38.266, 1289146587614, vstest.console.dll, TestRunRequest.Dispose: Completed.
TpTrace Information: 0 : 1280, 1, 2022/03/30, 14:13:38.267, 1289146590491, vstest.console.dll, TestRequestManager.RunTests: run tests completed.
TpTrace Information: 0 : 1280, 1, 2022/03/30, 14:13:38.267, 1289146591659, vstest.console.dll, RunTestsArgumentProcessor:Execute: Test run is completed.
TpTrace Verbose: 0 : 1280, 11, 2022/03/30, 14:13:38.267, 1289146591763, vstest.console.dll, LengthPrefixCommunicationChannel.Dispose: Dispose reader and writer.
TpTrace Information: 0 : 1280, 11, 2022/03/30, 14:13:38.267, 1289146592511, vstest.console.dll, SocketServer.Stop: Raise disconnected event endPoint: 127.0.0.1:54102 error: 
TpTrace Verbose: 0 : 1280, 11, 2022/03/30, 14:13:38.267, 1289146593130, vstest.console.dll, TestRequestSender: OnTestRunAbort: Operation is already complete. Skip error message.
TpTrace Verbose: 0 : 1280, 1, 2022/03/30, 14:13:38.267, 1289146593375, vstest.console.dll, Executor.Execute: Exiting with exit code of 0
TpTrace Verbose: 0 : 1280, 11, 2022/03/30, 14:13:38.267, 1289146593373, vstest.console.dll, TcpClientExtensions.MessageLoopAsync: exiting MessageLoopAsync remoteEndPoint: 127.0.0.1:54103 localEndPoint: 127.0.0.1:54102
