TpTrace Verbose: 0 : 14604, 1, 2022/03/26, 23:44:23.072, 6233948206310, vstest.console.dll, Version: 17.0.0
TpTrace Information: 0 : 14604, 1, 2022/03/26, 23:44:23.081, 6233948277321, vstest.console.dll, FilePatternParser: The given file D:\c#Code\softuniC#\04.OOP\ExamPreparation\UnitTest\Robots.Tests\bin\Debug\netcoreapp3.0\fine-code-coverage\build-output\Robots.Tests.dll is a full path.
TpTrace Verbose: 0 : 14604, 1, 2022/03/26, 23:44:23.086, 6233948322054, vstest.console.dll, TestPluginCache.DiscoverTestExtensions: finding test extensions in assemblies ends with: RuntimeProvider.dll TPluginInfo: Microsoft.VisualStudio.TestPlatform.Common.ExtensionFramework.Utilities.TestRuntimePluginInformation TExtension: Microsoft.VisualStudio.TestPlatform.ObjectModel.Host.ITestRuntimeProvider
TpTrace Verbose: 0 : 14604, 1, 2022/03/26, 23:44:23.086, 6233948325640, vstest.console.dll, TestPluginCache.GetExtensionPaths: Filtered extension paths: 
TpTrace Verbose: 0 : 14604, 1, 2022/03/26, 23:44:23.086, 6233948326358, vstest.console.dll, TestPluginCache.GetExtensionPaths: Added default extension paths: C:\Program Files\dotnet\sdk\6.0.102\Extensions\Microsoft.Diagnostics.NETCore.Client.dll
C:\Program Files\dotnet\sdk\6.0.102\Extensions\Microsoft.TestPlatform.Extensions.BlameDataCollector.dll
C:\Program Files\dotnet\sdk\6.0.102\Extensions\Microsoft.TestPlatform.Extensions.EventLogCollector.dll
C:\Program Files\dotnet\sdk\6.0.102\Extensions\Microsoft.TestPlatform.TestHostRuntimeProvider.dll
C:\Program Files\dotnet\sdk\6.0.102\Extensions\Microsoft.VisualStudio.TestPlatform.Extensions.Html.TestLogger.dll
C:\Program Files\dotnet\sdk\6.0.102\Extensions\Microsoft.VisualStudio.TestPlatform.Extensions.Trx.TestLogger.dll
TpTrace Verbose: 0 : 14604, 1, 2022/03/26, 23:44:23.086, 6233948326628, vstest.console.dll, TestPluginCache.GetExtensionPaths: Added unfilterableExtensionPaths: 
TpTrace Information: 0 : 14604, 1, 2022/03/26, 23:44:23.087, 6233948333311, vstest.console.dll, AssemblyResolver.ctor: Creating AssemblyResolver with searchDirectories C:\Program Files\dotnet\sdk\6.0.102\Extensions,C:\Program Files\dotnet\sdk\6.0.102
TpTrace Verbose: 0 : 14604, 1, 2022/03/26, 23:44:23.088, 6233948346725, vstest.console.dll, TestPluginCache.DiscoverTestExtensions: Discovering the extensions using extension path.
TpTrace Verbose: 0 : 14604, 1, 2022/03/26, 23:44:23.089, 6233948348212, vstest.console.dll, TestPluginCache.GetExtensionPaths: Filtered extension paths: 
TpTrace Verbose: 0 : 14604, 1, 2022/03/26, 23:44:23.089, 6233948348537, vstest.console.dll, TestPluginCache.GetExtensionPaths: Added default extension paths: C:\Program Files\dotnet\sdk\6.0.102\Extensions\Microsoft.Diagnostics.NETCore.Client.dll
C:\Program Files\dotnet\sdk\6.0.102\Extensions\Microsoft.TestPlatform.Extensions.BlameDataCollector.dll
C:\Program Files\dotnet\sdk\6.0.102\Extensions\Microsoft.TestPlatform.Extensions.EventLogCollector.dll
C:\Program Files\dotnet\sdk\6.0.102\Extensions\Microsoft.TestPlatform.TestHostRuntimeProvider.dll
C:\Program Files\dotnet\sdk\6.0.102\Extensions\Microsoft.VisualStudio.TestPlatform.Extensions.Html.TestLogger.dll
C:\Program Files\dotnet\sdk\6.0.102\Extensions\Microsoft.VisualStudio.TestPlatform.Extensions.Trx.TestLogger.dll
TpTrace Verbose: 0 : 14604, 1, 2022/03/26, 23:44:23.089, 6233948348724, vstest.console.dll, TestPluginCache.GetExtensionPaths: Added unfilterableExtensionPaths: 
TpTrace Verbose: 0 : 14604, 1, 2022/03/26, 23:44:23.089, 6233948349292, vstest.console.dll, TestPluginCache.DiscoverTestExtensions: Discovering the extensions using allExtensionPaths: C:\Program Files\dotnet\sdk\6.0.102\Extensions\Microsoft.Diagnostics.NETCore.Client.dll
C:\Program Files\dotnet\sdk\6.0.102\Extensions\Microsoft.TestPlatform.Extensions.BlameDataCollector.dll
C:\Program Files\dotnet\sdk\6.0.102\Extensions\Microsoft.TestPlatform.Extensions.EventLogCollector.dll
C:\Program Files\dotnet\sdk\6.0.102\Extensions\Microsoft.TestPlatform.TestHostRuntimeProvider.dll
C:\Program Files\dotnet\sdk\6.0.102\Extensions\Microsoft.VisualStudio.TestPlatform.Extensions.Html.TestLogger.dll
C:\Program Files\dotnet\sdk\6.0.102\Extensions\Microsoft.VisualStudio.TestPlatform.Extensions.Trx.TestLogger.dll
TpTrace Information: 0 : 14604, 1, 2022/03/26, 23:44:23.089, 6233948351129, vstest.console.dll, AssemblyResolver.AddSearchDirectories: Adding more searchDirectories C:\Program Files\dotnet\sdk\6.0.102\Extensions,C:\Program Files\dotnet\sdk\6.0.102
TpTrace Information: 0 : 14604, 1, 2022/03/26, 23:44:23.089, 6233948351854, vstest.console.dll, AssemblyResolver.AddSearchDirectories: Adding more searchDirectories C:\Program Files\dotnet\sdk\6.0.102\Extensions,C:\Program Files\dotnet\sdk\6.0.102
TpTrace Information: 0 : 14604, 1, 2022/03/26, 23:44:23.089, 6233948352071, vstest.console.dll, AssemblyResolver.AddSearchDirectories: Adding more searchDirectories C:\Program Files\dotnet\sdk\6.0.102\Extensions,C:\Program Files\dotnet\sdk\6.0.102
TpTrace Information: 0 : 14604, 1, 2022/03/26, 23:44:23.089, 6233948352229, vstest.console.dll, AssemblyResolver.AddSearchDirectories: Adding more searchDirectories C:\Program Files\dotnet\sdk\6.0.102\Extensions,C:\Program Files\dotnet\sdk\6.0.102
TpTrace Information: 0 : 14604, 1, 2022/03/26, 23:44:23.089, 6233948352386, vstest.console.dll, AssemblyResolver.AddSearchDirectories: Adding more searchDirectories C:\Program Files\dotnet\sdk\6.0.102\Extensions,C:\Program Files\dotnet\sdk\6.0.102
TpTrace Information: 0 : 14604, 1, 2022/03/26, 23:44:23.089, 6233948352592, vstest.console.dll, AssemblyResolver.AddSearchDirectories: Adding more searchDirectories C:\Program Files\dotnet\sdk\6.0.102\Extensions,C:\Program Files\dotnet\sdk\6.0.102
TpTrace Information: 0 : 14604, 1, 2022/03/26, 23:44:23.089, 6233948355656, vstest.console.dll, AssemblyResolver.OnResolve: Microsoft.Diagnostics.NETCore.Client: Resolving assembly.
TpTrace Information: 0 : 14604, 1, 2022/03/26, 23:44:23.089, 6233948356265, vstest.console.dll, AssemblyResolver.OnResolve: Microsoft.Diagnostics.NETCore.Client: Searching in: 'C:\Program Files\dotnet\sdk\6.0.102\Extensions'.
TpTrace Information: 0 : 14604, 1, 2022/03/26, 23:44:23.090, 6233948363209, vstest.console.dll, AssemblyResolver.OnResolve: Microsoft.Diagnostics.NETCore.Client: Loading assembly 'C:\Program Files\dotnet\sdk\6.0.102\Extensions\Microsoft.Diagnostics.NETCore.Client.dll'.
TpTrace Information: 0 : 14604, 1, 2022/03/26, 23:44:23.091, 6233948369741, vstest.console.dll, AssemblyResolver.OnResolve: Resolved assembly: Microsoft.Diagnostics.NETCore.Client, from path: C:\Program Files\dotnet\sdk\6.0.102\Extensions\Microsoft.Diagnostics.NETCore.Client.dll
TpTrace Information: 0 : 14604, 1, 2022/03/26, 23:44:23.096, 6233948424705, vstest.console.dll, AssemblyResolver.OnResolve: Microsoft.Bcl.AsyncInterfaces: Resolving assembly.
TpTrace Information: 0 : 14604, 1, 2022/03/26, 23:44:23.096, 6233948425628, vstest.console.dll, AssemblyResolver.OnResolve: Microsoft.Bcl.AsyncInterfaces: Searching in: 'C:\Program Files\dotnet\sdk\6.0.102\Extensions'.
TpTrace Information: 0 : 14604, 1, 2022/03/26, 23:44:23.096, 6233948426321, vstest.console.dll, AssemblyResolver.OnResolve: Microsoft.Bcl.AsyncInterfaces: Assembly path does not exist: 'C:\Program Files\dotnet\sdk\6.0.102\Extensions\Microsoft.Bcl.AsyncInterfaces.dll', returning.
TpTrace Information: 0 : 14604, 1, 2022/03/26, 23:44:23.096, 6233948426783, vstest.console.dll, AssemblyResolver.OnResolve: Microsoft.Bcl.AsyncInterfaces: Assembly path does not exist: 'C:\Program Files\dotnet\sdk\6.0.102\Extensions\Microsoft.Bcl.AsyncInterfaces.exe', returning.
TpTrace Information: 0 : 14604, 1, 2022/03/26, 23:44:23.096, 6233948426952, vstest.console.dll, AssemblyResolver.OnResolve: Microsoft.Bcl.AsyncInterfaces: Searching in: 'C:\Program Files\dotnet\sdk\6.0.102'.
TpTrace Information: 0 : 14604, 1, 2022/03/26, 23:44:23.096, 6233948427353, vstest.console.dll, AssemblyResolver.OnResolve: Microsoft.Bcl.AsyncInterfaces: Assembly path does not exist: 'C:\Program Files\dotnet\sdk\6.0.102\Microsoft.Bcl.AsyncInterfaces.dll', returning.
TpTrace Information: 0 : 14604, 1, 2022/03/26, 23:44:23.097, 6233948427702, vstest.console.dll, AssemblyResolver.OnResolve: Microsoft.Bcl.AsyncInterfaces: Assembly path does not exist: 'C:\Program Files\dotnet\sdk\6.0.102\Microsoft.Bcl.AsyncInterfaces.exe', returning.
TpTrace Information: 0 : 14604, 1, 2022/03/26, 23:44:23.097, 6233948428534, vstest.console.dll, AssemblyResolver.OnResolve: Microsoft.Bcl.AsyncInterfaces: Failed to load assembly.
TpTrace Verbose: 0 : 14604, 1, 2022/03/26, 23:44:23.097, 6233948428866, vstest.console.dll, CurrentDomainAssemblyResolve: Resolving assembly 'Microsoft.Bcl.AsyncInterfaces'.
TpTrace Information: 0 : 14604, 1, 2022/03/26, 23:44:23.097, 6233948429348, vstest.console.dll, AssemblyResolver.OnResolve: Microsoft.Bcl.AsyncInterfaces: Resolving assembly.
TpTrace Information: 0 : 14604, 1, 2022/03/26, 23:44:23.097, 6233948429626, vstest.console.dll, AssemblyResolver.OnResolve: Microsoft.Bcl.AsyncInterfaces: Resolved from cache.
TpTrace Verbose: 0 : 14604, 1, 2022/03/26, 23:44:23.097, 6233948429803, vstest.console.dll, CurrentDomainAssemblyResolve: Resolving assembly 'Microsoft.Bcl.AsyncInterfaces'.
TpTrace Verbose: 0 : 14604, 1, 2022/03/26, 23:44:23.097, 6233948430095, vstest.console.dll, CurrentDomainAssemblyResolve: Failed to resolve assembly 'Microsoft.Bcl.AsyncInterfaces'.
TpTrace Verbose: 0 : 14604, 1, 2022/03/26, 23:44:23.097, 6233948433244, vstest.console.dll, CurrentDomainAssemblyResolve: Failed to resolve assembly 'Microsoft.Bcl.AsyncInterfaces'.
TpTrace Warning: 0 : 14604, 1, 2022/03/26, 23:44:23.110, 6233948562937, vstest.console.dll, TestPluginDiscoverer: Failed to get types from assembly 'Microsoft.Diagnostics.NETCore.Client, Version=0.2.4.21401, Culture=neutral, PublicKeyToken=31bf3856ad364e35'.  Skipping test extension scan for this assembly.  Error: System.Reflection.ReflectionTypeLoadException: Unable to load one or more of the requested types.
Could not load file or assembly 'Microsoft.Bcl.AsyncInterfaces, Version=1.0.0.0, Culture=neutral, PublicKeyToken=cc7b13ffcd2ddd51'. The system cannot find the file specified.
   at System.Reflection.RuntimeModule.GetTypes(RuntimeModule module)
   at System.Reflection.Assembly.GetTypes()
   at Microsoft.VisualStudio.TestPlatform.Common.ExtensionFramework.TestPluginDiscoverer.GetTestExtensionsFromAssembly[TPluginInfo,TExtension](Assembly assembly, Dictionary`2 pluginInfos)
System.IO.FileNotFoundException: Could not load file or assembly 'Microsoft.Bcl.AsyncInterfaces, Version=1.0.0.0, Culture=neutral, PublicKeyToken=cc7b13ffcd2ddd51'. The system cannot find the file specified.
File name: 'Microsoft.Bcl.AsyncInterfaces, Version=1.0.0.0, Culture=neutral, PublicKeyToken=cc7b13ffcd2ddd51'
 ---> System.IO.FileNotFoundException: Could not load file or assembly 'Microsoft.Bcl.AsyncInterfaces, Culture=neutral, PublicKeyToken=null'. The system cannot find the file specified.
File name: 'Microsoft.Bcl.AsyncInterfaces, Culture=neutral, PublicKeyToken=null'
   at System.Reflection.RuntimeAssembly.InternalLoad(ObjectHandleOnStack assemblyName, ObjectHandleOnStack requestingAssembly, StackCrawlMarkHandle stackMark, Boolean throwOnFileNotFound, ObjectHandleOnStack assemblyLoadContext, ObjectHandleOnStack retAssembly)
   at System.Reflection.RuntimeAssembly.InternalLoad(AssemblyName assemblyName, RuntimeAssembly requestingAssembly, StackCrawlMark& stackMark, Boolean throwOnFileNotFound, AssemblyLoadContext assemblyLoadContext)
   at System.Reflection.Assembly.Load(AssemblyName assemblyRef)
   at Microsoft.VisualStudio.TestPlatform.Common.ExtensionFramework.TestPluginCache.CurrentDomainAssemblyResolve(Object sender, AssemblyResolveEventArgs args)
   at Microsoft.VisualStudio.TestPlatform.PlatformAbstractions.PlatformAssemblyResolver.AssemblyResolverEvent(Object sender, Object eventArgs)
   at System.Runtime.Loader.AssemblyLoadContext.GetFirstResolvedAssemblyFromResolvingEvent(AssemblyName assemblyName)
   at System.Runtime.Loader.AssemblyLoadContext.ResolveUsingEvent(AssemblyName assemblyName)
   at System.Runtime.Loader.AssemblyLoadContext.ResolveUsingResolvingEvent(IntPtr gchManagedAssemblyLoadContext, AssemblyName assemblyName)
TpTrace Warning: 0 : 14604, 1, 2022/03/26, 23:44:23.110, 6233948564539, vstest.console.dll, LoaderExceptions: System.IO.FileNotFoundException: Could not load file or assembly 'Microsoft.Bcl.AsyncInterfaces, Version=1.0.0.0, Culture=neutral, PublicKeyToken=cc7b13ffcd2ddd51'. The system cannot find the file specified.
File name: 'Microsoft.Bcl.AsyncInterfaces, Version=1.0.0.0, Culture=neutral, PublicKeyToken=cc7b13ffcd2ddd51'
 ---> System.IO.FileNotFoundException: Could not load file or assembly 'Microsoft.Bcl.AsyncInterfaces, Culture=neutral, PublicKeyToken=null'. The system cannot find the file specified.
File name: 'Microsoft.Bcl.AsyncInterfaces, Culture=neutral, PublicKeyToken=null'
   at System.Reflection.RuntimeAssembly.InternalLoad(ObjectHandleOnStack assemblyName, ObjectHandleOnStack requestingAssembly, StackCrawlMarkHandle stackMark, Boolean throwOnFileNotFound, ObjectHandleOnStack assemblyLoadContext, ObjectHandleOnStack retAssembly)
   at System.Reflection.RuntimeAssembly.InternalLoad(AssemblyName assemblyName, RuntimeAssembly requestingAssembly, StackCrawlMark& stackMark, Boolean throwOnFileNotFound, AssemblyLoadContext assemblyLoadContext)
   at System.Reflection.Assembly.Load(AssemblyName assemblyRef)
   at Microsoft.VisualStudio.TestPlatform.Common.ExtensionFramework.TestPluginCache.CurrentDomainAssemblyResolve(Object sender, AssemblyResolveEventArgs args)
   at Microsoft.VisualStudio.TestPlatform.PlatformAbstractions.PlatformAssemblyResolver.AssemblyResolverEvent(Object sender, Object eventArgs)
   at System.Runtime.Loader.AssemblyLoadContext.GetFirstResolvedAssemblyFromResolvingEvent(AssemblyName assemblyName)
   at System.Runtime.Loader.AssemblyLoadContext.ResolveUsingEvent(AssemblyName assemblyName)
   at System.Runtime.Loader.AssemblyLoadContext.ResolveUsingResolvingEvent(IntPtr gchManagedAssemblyLoadContext, AssemblyName assemblyName)
TpTrace Information: 0 : 14604, 1, 2022/03/26, 23:44:23.110, 6233948565396, vstest.console.dll, AssemblyResolver.OnResolve: Microsoft.TestPlatform.Extensions.BlameDataCollector: Resolving assembly.
TpTrace Information: 0 : 14604, 1, 2022/03/26, 23:44:23.110, 6233948565626, vstest.console.dll, AssemblyResolver.OnResolve: Microsoft.TestPlatform.Extensions.BlameDataCollector: Searching in: 'C:\Program Files\dotnet\sdk\6.0.102\Extensions'.
TpTrace Information: 0 : 14604, 1, 2022/03/26, 23:44:23.111, 6233948570613, vstest.console.dll, AssemblyResolver.OnResolve: Microsoft.TestPlatform.Extensions.BlameDataCollector: Loading assembly 'C:\Program Files\dotnet\sdk\6.0.102\Extensions\Microsoft.TestPlatform.Extensions.BlameDataCollector.dll'.
TpTrace Information: 0 : 14604, 1, 2022/03/26, 23:44:23.111, 6233948575602, vstest.console.dll, AssemblyResolver.OnResolve: Resolved assembly: Microsoft.TestPlatform.Extensions.BlameDataCollector, from path: C:\Program Files\dotnet\sdk\6.0.102\Extensions\Microsoft.TestPlatform.Extensions.BlameDataCollector.dll
TpTrace Information: 0 : 14604, 1, 2022/03/26, 23:44:23.112, 6233948580688, vstest.console.dll, AssemblyResolver.OnResolve: Microsoft.TestPlatform.Extensions.EventLogCollector: Resolving assembly.
TpTrace Information: 0 : 14604, 1, 2022/03/26, 23:44:23.112, 6233948581075, vstest.console.dll, AssemblyResolver.OnResolve: Microsoft.TestPlatform.Extensions.EventLogCollector: Searching in: 'C:\Program Files\dotnet\sdk\6.0.102\Extensions'.
TpTrace Information: 0 : 14604, 1, 2022/03/26, 23:44:23.112, 6233948585867, vstest.console.dll, AssemblyResolver.OnResolve: Microsoft.TestPlatform.Extensions.EventLogCollector: Loading assembly 'C:\Program Files\dotnet\sdk\6.0.102\Extensions\Microsoft.TestPlatform.Extensions.EventLogCollector.dll'.
TpTrace Information: 0 : 14604, 1, 2022/03/26, 23:44:23.113, 6233948589945, vstest.console.dll, AssemblyResolver.OnResolve: Resolved assembly: Microsoft.TestPlatform.Extensions.EventLogCollector, from path: C:\Program Files\dotnet\sdk\6.0.102\Extensions\Microsoft.TestPlatform.Extensions.EventLogCollector.dll
TpTrace Information: 0 : 14604, 1, 2022/03/26, 23:44:23.114, 6233948607536, vstest.console.dll, AssemblyResolver.OnResolve: Microsoft.TestPlatform.TestHostRuntimeProvider: Resolving assembly.
TpTrace Information: 0 : 14604, 1, 2022/03/26, 23:44:23.115, 6233948608818, vstest.console.dll, AssemblyResolver.OnResolve: Microsoft.TestPlatform.TestHostRuntimeProvider: Searching in: 'C:\Program Files\dotnet\sdk\6.0.102\Extensions'.
TpTrace Information: 0 : 14604, 1, 2022/03/26, 23:44:23.115, 6233948613258, vstest.console.dll, AssemblyResolver.OnResolve: Microsoft.TestPlatform.TestHostRuntimeProvider: Loading assembly 'C:\Program Files\dotnet\sdk\6.0.102\Extensions\Microsoft.TestPlatform.TestHostRuntimeProvider.dll'.
TpTrace Information: 0 : 14604, 1, 2022/03/26, 23:44:23.116, 6233948619204, vstest.console.dll, AssemblyResolver.OnResolve: Resolved assembly: Microsoft.TestPlatform.TestHostRuntimeProvider, from path: C:\Program Files\dotnet\sdk\6.0.102\Extensions\Microsoft.TestPlatform.TestHostRuntimeProvider.dll
TpTrace Information: 0 : 14604, 1, 2022/03/26, 23:44:23.117, 6233948628690, vstest.console.dll, AssemblyResolver.OnResolve: Microsoft.VisualStudio.TestPlatform.Extensions.Html.TestLogger: Resolving assembly.
TpTrace Information: 0 : 14604, 1, 2022/03/26, 23:44:23.117, 6233948629186, vstest.console.dll, AssemblyResolver.OnResolve: Microsoft.VisualStudio.TestPlatform.Extensions.Html.TestLogger: Searching in: 'C:\Program Files\dotnet\sdk\6.0.102\Extensions'.
TpTrace Information: 0 : 14604, 1, 2022/03/26, 23:44:23.117, 6233948634391, vstest.console.dll, AssemblyResolver.OnResolve: Microsoft.VisualStudio.TestPlatform.Extensions.Html.TestLogger: Loading assembly 'C:\Program Files\dotnet\sdk\6.0.102\Extensions\Microsoft.VisualStudio.TestPlatform.Extensions.Html.TestLogger.dll'.
TpTrace Information: 0 : 14604, 1, 2022/03/26, 23:44:23.118, 6233948639553, vstest.console.dll, AssemblyResolver.OnResolve: Resolved assembly: Microsoft.VisualStudio.TestPlatform.Extensions.Html.TestLogger, from path: C:\Program Files\dotnet\sdk\6.0.102\Extensions\Microsoft.VisualStudio.TestPlatform.Extensions.Html.TestLogger.dll
TpTrace Information: 0 : 14604, 1, 2022/03/26, 23:44:23.118, 6233948642270, vstest.console.dll, AssemblyResolver.OnResolve: Microsoft.VisualStudio.TestPlatform.Extensions.Trx.TestLogger: Resolving assembly.
TpTrace Information: 0 : 14604, 1, 2022/03/26, 23:44:23.118, 6233948642696, vstest.console.dll, AssemblyResolver.OnResolve: Microsoft.VisualStudio.TestPlatform.Extensions.Trx.TestLogger: Searching in: 'C:\Program Files\dotnet\sdk\6.0.102\Extensions'.
TpTrace Information: 0 : 14604, 1, 2022/03/26, 23:44:23.118, 6233948647249, vstest.console.dll, AssemblyResolver.OnResolve: Microsoft.VisualStudio.TestPlatform.Extensions.Trx.TestLogger: Loading assembly 'C:\Program Files\dotnet\sdk\6.0.102\Extensions\Microsoft.VisualStudio.TestPlatform.Extensions.Trx.TestLogger.dll'.
TpTrace Information: 0 : 14604, 1, 2022/03/26, 23:44:23.119, 6233948652277, vstest.console.dll, AssemblyResolver.OnResolve: Resolved assembly: Microsoft.VisualStudio.TestPlatform.Extensions.Trx.TestLogger, from path: C:\Program Files\dotnet\sdk\6.0.102\Extensions\Microsoft.VisualStudio.TestPlatform.Extensions.Trx.TestLogger.dll
TpTrace Verbose: 0 : 14604, 1, 2022/03/26, 23:44:23.119, 6233948656447, vstest.console.dll, TestPluginCache: Discovered the extensions using extension path ''.
TpTrace Verbose: 0 : 14604, 1, 2022/03/26, 23:44:23.119, 6233948656823, vstest.console.dll, TestPluginCache: Discoverers are ''.
TpTrace Verbose: 0 : 14604, 1, 2022/03/26, 23:44:23.119, 6233948656983, vstest.console.dll, TestPluginCache: Executors are ''.
TpTrace Verbose: 0 : 14604, 1, 2022/03/26, 23:44:23.119, 6233948657125, vstest.console.dll, TestPluginCache: Executors2 are ''.
TpTrace Verbose: 0 : 14604, 1, 2022/03/26, 23:44:23.119, 6233948657258, vstest.console.dll, TestPluginCache: Setting providers are ''.
TpTrace Verbose: 0 : 14604, 1, 2022/03/26, 23:44:23.119, 6233948657395, vstest.console.dll, TestPluginCache: Loggers are ''.
TpTrace Information: 0 : 14604, 1, 2022/03/26, 23:44:23.123, 6233948696783, vstest.console.dll, RunTestsArgumentProcessor:Execute: Test run is starting.
TpTrace Verbose: 0 : 14604, 1, 2022/03/26, 23:44:23.124, 6233948697883, vstest.console.dll, RunTestsArgumentProcessor:Execute: Queuing Test run.
TpTrace Information: 0 : 14604, 1, 2022/03/26, 23:44:23.124, 6233948699167, vstest.console.dll, TestRequestManager.RunTests: run tests started.
TpTrace Information: 0 : 14604, 1, 2022/03/26, 23:44:23.126, 6233948726741, vstest.console.dll, AssemblyMetadataProvider.GetFrameWork: Determined framework:'.NETCoreApp,Version=v3.0' for source: 'D:\c#Code\softuniC#\04.OOP\ExamPreparation\UnitTest\Robots.Tests\bin\Debug\netcoreapp3.0\fine-code-coverage\build-output\Robots.Tests.dll'
TpTrace Information: 0 : 14604, 1, 2022/03/26, 23:44:23.127, 6233948728558, vstest.console.dll, Determined framework for all sources: .NETCoreApp,Version=v3.0
TpTrace Information: 0 : 14604, 1, 2022/03/26, 23:44:23.127, 6233948732438, vstest.console.dll, AssemblyMetadataProvider.GetArchitecture: Determined architecture:AnyCPU info for assembly: D:\c#Code\softuniC#\04.OOP\ExamPreparation\UnitTest\Robots.Tests\bin\Debug\netcoreapp3.0\fine-code-coverage\build-output\Robots.Tests.dll
TpTrace Information: 0 : 14604, 1, 2022/03/26, 23:44:23.128, 6233948745940, vstest.console.dll, Determined platform for all sources: X64
TpTrace Information: 0 : 14604, 1, 2022/03/26, 23:44:23.130, 6233948764524, vstest.console.dll, Compatible sources list : 
TpTrace Information: 0 : 14604, 1, 2022/03/26, 23:44:23.130, 6233948765354, vstest.console.dll, D:\c#Code\softuniC#\04.OOP\ExamPreparation\UnitTest\Robots.Tests\bin\Debug\netcoreapp3.0\fine-code-coverage\build-output\Robots.Tests.dll
TpTrace Information: 0 : 14604, 1, 2022/03/26, 23:44:23.132, 6233948782579, vstest.console.dll, InferRunSettingsHelper.IsTestSettingsEnabled: Unable to navigate to RunSettings/MSTest. Current node: RunSettings
TpTrace Information: 0 : 14604, 1, 2022/03/26, 23:44:23.133, 6233948788210, vstest.console.dll, AssemblyResolver.OnResolve: Microsoft.VisualStudio.TestPlatform.Fakes: Resolving assembly.
TpTrace Information: 0 : 14604, 1, 2022/03/26, 23:44:23.133, 6233948788772, vstest.console.dll, AssemblyResolver.OnResolve: Microsoft.VisualStudio.TestPlatform.Fakes: Searching in: 'C:\Program Files\dotnet\sdk\6.0.102\Extensions'.
TpTrace Information: 0 : 14604, 1, 2022/03/26, 23:44:23.133, 6233948789855, vstest.console.dll, AssemblyResolver.OnResolve: Microsoft.VisualStudio.TestPlatform.Fakes: Assembly path does not exist: 'C:\Program Files\dotnet\sdk\6.0.102\Extensions\Microsoft.VisualStudio.TestPlatform.Fakes.dll', returning.
TpTrace Information: 0 : 14604, 1, 2022/03/26, 23:44:23.133, 6233948790267, vstest.console.dll, AssemblyResolver.OnResolve: Microsoft.VisualStudio.TestPlatform.Fakes: Assembly path does not exist: 'C:\Program Files\dotnet\sdk\6.0.102\Extensions\Microsoft.VisualStudio.TestPlatform.Fakes.exe', returning.
TpTrace Information: 0 : 14604, 1, 2022/03/26, 23:44:23.133, 6233948790440, vstest.console.dll, AssemblyResolver.OnResolve: Microsoft.VisualStudio.TestPlatform.Fakes: Searching in: 'C:\Program Files\dotnet\sdk\6.0.102'.
TpTrace Information: 0 : 14604, 1, 2022/03/26, 23:44:23.133, 6233948790865, vstest.console.dll, AssemblyResolver.OnResolve: Microsoft.VisualStudio.TestPlatform.Fakes: Assembly path does not exist: 'C:\Program Files\dotnet\sdk\6.0.102\Microsoft.VisualStudio.TestPlatform.Fakes.dll', returning.
TpTrace Information: 0 : 14604, 1, 2022/03/26, 23:44:23.133, 6233948791267, vstest.console.dll, AssemblyResolver.OnResolve: Microsoft.VisualStudio.TestPlatform.Fakes: Assembly path does not exist: 'C:\Program Files\dotnet\sdk\6.0.102\Microsoft.VisualStudio.TestPlatform.Fakes.exe', returning.
TpTrace Information: 0 : 14604, 1, 2022/03/26, 23:44:23.133, 6233948791439, vstest.console.dll, AssemblyResolver.OnResolve: Microsoft.VisualStudio.TestPlatform.Fakes: Failed to load assembly.
TpTrace Information: 0 : 14604, 1, 2022/03/26, 23:44:23.133, 6233948793551, vstest.console.dll, Failed to load assembly Microsoft.VisualStudio.TestPlatform.Fakes, Version=17.0.0.0, Culture=neutral. Reason:System.IO.FileNotFoundException: Could not load file or assembly 'Microsoft.VisualStudio.TestPlatform.Fakes, Version=17.0.0.0, Culture=neutral, PublicKeyToken=null'. The system cannot find the file specified.
File name: 'Microsoft.VisualStudio.TestPlatform.Fakes, Version=17.0.0.0, Culture=neutral, PublicKeyToken=null'
   at System.Reflection.RuntimeAssembly.InternalLoad(ObjectHandleOnStack assemblyName, ObjectHandleOnStack requestingAssembly, StackCrawlMarkHandle stackMark, Boolean throwOnFileNotFound, ObjectHandleOnStack assemblyLoadContext, ObjectHandleOnStack retAssembly)
   at System.Reflection.RuntimeAssembly.InternalLoad(AssemblyName assemblyName, RuntimeAssembly requestingAssembly, StackCrawlMark& stackMark, Boolean throwOnFileNotFound, AssemblyLoadContext assemblyLoadContext)
   at System.Reflection.Assembly.Load(AssemblyName assemblyRef)
   at Microsoft.VisualStudio.TestPlatform.Common.Utilities.FakesUtilities.LoadTestPlatformAssembly()
TpTrace Verbose: 0 : 14604, 1, 2022/03/26, 23:44:23.136, 6233948825957, vstest.console.dll, TestPluginCache.DiscoverTestExtensions: finding test extensions in assemblies ends with: TestLogger.dll TPluginInfo: Microsoft.VisualStudio.TestPlatform.Common.ExtensionFramework.Utilities.TestLoggerPluginInformation TExtension: Microsoft.VisualStudio.TestPlatform.ObjectModel.Client.ITestLogger
TpTrace Verbose: 0 : 14604, 1, 2022/03/26, 23:44:23.136, 6233948826930, vstest.console.dll, TestPluginCache.GetExtensionPaths: Filtered extension paths: 
TpTrace Verbose: 0 : 14604, 1, 2022/03/26, 23:44:23.136, 6233948827137, vstest.console.dll, TestPluginCache.GetExtensionPaths: Added default extension paths: C:\Program Files\dotnet\sdk\6.0.102\Extensions\Microsoft.Diagnostics.NETCore.Client.dll
C:\Program Files\dotnet\sdk\6.0.102\Extensions\Microsoft.TestPlatform.Extensions.BlameDataCollector.dll
C:\Program Files\dotnet\sdk\6.0.102\Extensions\Microsoft.TestPlatform.Extensions.EventLogCollector.dll
C:\Program Files\dotnet\sdk\6.0.102\Extensions\Microsoft.TestPlatform.TestHostRuntimeProvider.dll
C:\Program Files\dotnet\sdk\6.0.102\Extensions\Microsoft.VisualStudio.TestPlatform.Extensions.Html.TestLogger.dll
C:\Program Files\dotnet\sdk\6.0.102\Extensions\Microsoft.VisualStudio.TestPlatform.Extensions.Trx.TestLogger.dll
TpTrace Verbose: 0 : 14604, 1, 2022/03/26, 23:44:23.136, 6233948827310, vstest.console.dll, TestPluginCache.GetExtensionPaths: Added unfilterableExtensionPaths: 
TpTrace Information: 0 : 14604, 1, 2022/03/26, 23:44:23.137, 6233948828951, vstest.console.dll, AssemblyResolver.AddSearchDirectories: Adding more searchDirectories C:\Program Files\dotnet\sdk\6.0.102\Extensions,C:\Program Files\dotnet\sdk\6.0.102
TpTrace Verbose: 0 : 14604, 1, 2022/03/26, 23:44:23.137, 6233948829296, vstest.console.dll, TestPluginCache.DiscoverTestExtensions: Discovering the extensions using extension path.
TpTrace Verbose: 0 : 14604, 1, 2022/03/26, 23:44:23.137, 6233948829549, vstest.console.dll, TestPluginCache.GetExtensionPaths: Filtered extension paths: 
TpTrace Verbose: 0 : 14604, 1, 2022/03/26, 23:44:23.137, 6233948829797, vstest.console.dll, TestPluginCache.GetExtensionPaths: Added default extension paths: C:\Program Files\dotnet\sdk\6.0.102\Extensions\Microsoft.Diagnostics.NETCore.Client.dll
C:\Program Files\dotnet\sdk\6.0.102\Extensions\Microsoft.TestPlatform.Extensions.BlameDataCollector.dll
C:\Program Files\dotnet\sdk\6.0.102\Extensions\Microsoft.TestPlatform.Extensions.EventLogCollector.dll
C:\Program Files\dotnet\sdk\6.0.102\Extensions\Microsoft.TestPlatform.TestHostRuntimeProvider.dll
C:\Program Files\dotnet\sdk\6.0.102\Extensions\Microsoft.VisualStudio.TestPlatform.Extensions.Html.TestLogger.dll
C:\Program Files\dotnet\sdk\6.0.102\Extensions\Microsoft.VisualStudio.TestPlatform.Extensions.Trx.TestLogger.dll
TpTrace Verbose: 0 : 14604, 1, 2022/03/26, 23:44:23.137, 6233948829970, vstest.console.dll, TestPluginCache.GetExtensionPaths: Added unfilterableExtensionPaths: 
TpTrace Verbose: 0 : 14604, 1, 2022/03/26, 23:44:23.137, 6233948830156, vstest.console.dll, TestPluginCache.DiscoverTestExtensions: Discovering the extensions using allExtensionPaths: C:\Program Files\dotnet\sdk\6.0.102\Extensions\Microsoft.Diagnostics.NETCore.Client.dll
C:\Program Files\dotnet\sdk\6.0.102\Extensions\Microsoft.TestPlatform.Extensions.BlameDataCollector.dll
C:\Program Files\dotnet\sdk\6.0.102\Extensions\Microsoft.TestPlatform.Extensions.EventLogCollector.dll
C:\Program Files\dotnet\sdk\6.0.102\Extensions\Microsoft.TestPlatform.TestHostRuntimeProvider.dll
C:\Program Files\dotnet\sdk\6.0.102\Extensions\Microsoft.VisualStudio.TestPlatform.Extensions.Html.TestLogger.dll
C:\Program Files\dotnet\sdk\6.0.102\Extensions\Microsoft.VisualStudio.TestPlatform.Extensions.Trx.TestLogger.dll
TpTrace Information: 0 : 14604, 1, 2022/03/26, 23:44:23.137, 6233948830459, vstest.console.dll, AssemblyResolver.AddSearchDirectories: Adding more searchDirectories C:\Program Files\dotnet\sdk\6.0.102\Extensions,C:\Program Files\dotnet\sdk\6.0.102
TpTrace Information: 0 : 14604, 1, 2022/03/26, 23:44:23.137, 6233948830740, vstest.console.dll, AssemblyResolver.AddSearchDirectories: Adding more searchDirectories C:\Program Files\dotnet\sdk\6.0.102\Extensions,C:\Program Files\dotnet\sdk\6.0.102
TpTrace Information: 0 : 14604, 1, 2022/03/26, 23:44:23.137, 6233948830899, vstest.console.dll, AssemblyResolver.AddSearchDirectories: Adding more searchDirectories C:\Program Files\dotnet\sdk\6.0.102\Extensions,C:\Program Files\dotnet\sdk\6.0.102
TpTrace Information: 0 : 14604, 1, 2022/03/26, 23:44:23.137, 6233948831051, vstest.console.dll, AssemblyResolver.AddSearchDirectories: Adding more searchDirectories C:\Program Files\dotnet\sdk\6.0.102\Extensions,C:\Program Files\dotnet\sdk\6.0.102
TpTrace Information: 0 : 14604, 1, 2022/03/26, 23:44:23.137, 6233948831232, vstest.console.dll, AssemblyResolver.AddSearchDirectories: Adding more searchDirectories C:\Program Files\dotnet\sdk\6.0.102\Extensions,C:\Program Files\dotnet\sdk\6.0.102
TpTrace Information: 0 : 14604, 1, 2022/03/26, 23:44:23.137, 6233948831385, vstest.console.dll, AssemblyResolver.AddSearchDirectories: Adding more searchDirectories C:\Program Files\dotnet\sdk\6.0.102\Extensions,C:\Program Files\dotnet\sdk\6.0.102
TpTrace Information: 0 : 14604, 1, 2022/03/26, 23:44:23.137, 6233948833456, vstest.console.dll, AssemblyResolver.OnResolve: Microsoft.Bcl.AsyncInterfaces: Resolving assembly.
TpTrace Information: 0 : 14604, 1, 2022/03/26, 23:44:23.137, 6233948833755, vstest.console.dll, AssemblyResolver.OnResolve: Microsoft.Bcl.AsyncInterfaces: Resolved from cache.
TpTrace Verbose: 0 : 14604, 1, 2022/03/26, 23:44:23.137, 6233948833999, vstest.console.dll, CurrentDomainAssemblyResolve: Resolving assembly 'Microsoft.Bcl.AsyncInterfaces'.
TpTrace Information: 0 : 14604, 1, 2022/03/26, 23:44:23.137, 6233948834280, vstest.console.dll, AssemblyResolver.OnResolve: Microsoft.Bcl.AsyncInterfaces: Resolving assembly.
TpTrace Information: 0 : 14604, 1, 2022/03/26, 23:44:23.137, 6233948834461, vstest.console.dll, AssemblyResolver.OnResolve: Microsoft.Bcl.AsyncInterfaces: Resolved from cache.
TpTrace Verbose: 0 : 14604, 1, 2022/03/26, 23:44:23.137, 6233948834716, vstest.console.dll, CurrentDomainAssemblyResolve: Resolving assembly 'Microsoft.Bcl.AsyncInterfaces'.
TpTrace Verbose: 0 : 14604, 1, 2022/03/26, 23:44:23.137, 6233948834897, vstest.console.dll, CurrentDomainAssemblyResolve: Failed to resolve assembly 'Microsoft.Bcl.AsyncInterfaces'.
TpTrace Verbose: 0 : 14604, 1, 2022/03/26, 23:44:23.137, 6233948836115, vstest.console.dll, CurrentDomainAssemblyResolve: Failed to resolve assembly 'Microsoft.Bcl.AsyncInterfaces'.
TpTrace Warning: 0 : 14604, 1, 2022/03/26, 23:44:23.138, 6233948838954, vstest.console.dll, TestPluginDiscoverer: Failed to get types from assembly 'Microsoft.Diagnostics.NETCore.Client, Version=0.2.4.21401, Culture=neutral, PublicKeyToken=31bf3856ad364e35'.  Skipping test extension scan for this assembly.  Error: System.Reflection.ReflectionTypeLoadException: Unable to load one or more of the requested types.
Could not load file or assembly 'Microsoft.Bcl.AsyncInterfaces, Version=1.0.0.0, Culture=neutral, PublicKeyToken=cc7b13ffcd2ddd51'. The system cannot find the file specified.
   at System.Reflection.RuntimeModule.GetTypes(RuntimeModule module)
   at System.Reflection.Assembly.GetTypes()
   at Microsoft.VisualStudio.TestPlatform.Common.ExtensionFramework.TestPluginDiscoverer.GetTestExtensionsFromAssembly[TPluginInfo,TExtension](Assembly assembly, Dictionary`2 pluginInfos)
System.IO.FileNotFoundException: Could not load file or assembly 'Microsoft.Bcl.AsyncInterfaces, Version=1.0.0.0, Culture=neutral, PublicKeyToken=cc7b13ffcd2ddd51'. The system cannot find the file specified.
File name: 'Microsoft.Bcl.AsyncInterfaces, Version=1.0.0.0, Culture=neutral, PublicKeyToken=cc7b13ffcd2ddd51'
 ---> System.IO.FileNotFoundException: Could not load file or assembly 'Microsoft.Bcl.AsyncInterfaces, Culture=neutral, PublicKeyToken=null'. The system cannot find the file specified.
File name: 'Microsoft.Bcl.AsyncInterfaces, Culture=neutral, PublicKeyToken=null'
   at System.Reflection.RuntimeAssembly.InternalLoad(ObjectHandleOnStack assemblyName, ObjectHandleOnStack requestingAssembly, StackCrawlMarkHandle stackMark, Boolean throwOnFileNotFound, ObjectHandleOnStack assemblyLoadContext, ObjectHandleOnStack retAssembly)
   at System.Reflection.RuntimeAssembly.InternalLoad(AssemblyName assemblyName, RuntimeAssembly requestingAssembly, StackCrawlMark& stackMark, Boolean throwOnFileNotFound, AssemblyLoadContext assemblyLoadContext)
   at System.Reflection.Assembly.Load(AssemblyName assemblyRef)
   at Microsoft.VisualStudio.TestPlatform.Common.ExtensionFramework.TestPluginCache.CurrentDomainAssemblyResolve(Object sender, AssemblyResolveEventArgs args)
   at Microsoft.VisualStudio.TestPlatform.PlatformAbstractions.PlatformAssemblyResolver.AssemblyResolverEvent(Object sender, Object eventArgs)
   at System.Runtime.Loader.AssemblyLoadContext.GetFirstResolvedAssemblyFromResolvingEvent(AssemblyName assemblyName)
   at System.Runtime.Loader.AssemblyLoadContext.ResolveUsingEvent(AssemblyName assemblyName)
   at System.Runtime.Loader.AssemblyLoadContext.ResolveUsingResolvingEvent(IntPtr gchManagedAssemblyLoadContext, AssemblyName assemblyName)
TpTrace Warning: 0 : 14604, 1, 2022/03/26, 23:44:23.138, 6233948840653, vstest.console.dll, LoaderExceptions: System.IO.FileNotFoundException: Could not load file or assembly 'Microsoft.Bcl.AsyncInterfaces, Version=1.0.0.0, Culture=neutral, PublicKeyToken=cc7b13ffcd2ddd51'. The system cannot find the file specified.
File name: 'Microsoft.Bcl.AsyncInterfaces, Version=1.0.0.0, Culture=neutral, PublicKeyToken=cc7b13ffcd2ddd51'
 ---> System.IO.FileNotFoundException: Could not load file or assembly 'Microsoft.Bcl.AsyncInterfaces, Culture=neutral, PublicKeyToken=null'. The system cannot find the file specified.
File name: 'Microsoft.Bcl.AsyncInterfaces, Culture=neutral, PublicKeyToken=null'
   at System.Reflection.RuntimeAssembly.InternalLoad(ObjectHandleOnStack assemblyName, ObjectHandleOnStack requestingAssembly, StackCrawlMarkHandle stackMark, Boolean throwOnFileNotFound, ObjectHandleOnStack assemblyLoadContext, ObjectHandleOnStack retAssembly)
   at System.Reflection.RuntimeAssembly.InternalLoad(AssemblyName assemblyName, RuntimeAssembly requestingAssembly, StackCrawlMark& stackMark, Boolean throwOnFileNotFound, AssemblyLoadContext assemblyLoadContext)
   at System.Reflection.Assembly.Load(AssemblyName assemblyRef)
   at Microsoft.VisualStudio.TestPlatform.Common.ExtensionFramework.TestPluginCache.CurrentDomainAssemblyResolve(Object sender, AssemblyResolveEventArgs args)
   at Microsoft.VisualStudio.TestPlatform.PlatformAbstractions.PlatformAssemblyResolver.AssemblyResolverEvent(Object sender, Object eventArgs)
   at System.Runtime.Loader.AssemblyLoadContext.GetFirstResolvedAssemblyFromResolvingEvent(AssemblyName assemblyName)
   at System.Runtime.Loader.AssemblyLoadContext.ResolveUsingEvent(AssemblyName assemblyName)
   at System.Runtime.Loader.AssemblyLoadContext.ResolveUsingResolvingEvent(IntPtr gchManagedAssemblyLoadContext, AssemblyName assemblyName)
TpTrace Verbose: 0 : 14604, 1, 2022/03/26, 23:44:23.138, 6233948843439, vstest.console.dll, TestPluginCache: Discovered the extensions using extension path ''.
TpTrace Verbose: 0 : 14604, 1, 2022/03/26, 23:44:23.138, 6233948843745, vstest.console.dll, TestPluginCache: Discoverers are ''.
TpTrace Verbose: 0 : 14604, 1, 2022/03/26, 23:44:23.138, 6233948843897, vstest.console.dll, TestPluginCache: Executors are ''.
TpTrace Verbose: 0 : 14604, 1, 2022/03/26, 23:44:23.138, 6233948844037, vstest.console.dll, TestPluginCache: Executors2 are ''.
TpTrace Verbose: 0 : 14604, 1, 2022/03/26, 23:44:23.138, 6233948844173, vstest.console.dll, TestPluginCache: Setting providers are ''.
TpTrace Verbose: 0 : 14604, 1, 2022/03/26, 23:44:23.138, 6233948844701, vstest.console.dll, TestPluginCache: Loggers are 'logger://Microsoft/TestPlatform/Extensions/Blame/v1,logger://Microsoft/TestPlatform/HtmlLogger/v1,logger://Microsoft/TestPlatform/TrxLogger/v1'.
TpTrace Information: 0 : 14604, 1, 2022/03/26, 23:44:23.139, 6233948849800, vstest.console.dll, TestPluginManager.CreateTestExtension: Attempting to load test extension: Microsoft.TestPlatform.Extensions.BlameDataCollector.BlameLogger
TpTrace Information: 0 : 14604, 1, 2022/03/26, 23:44:23.144, 6233948899097, vstest.console.dll, TestPluginManager.CreateTestExtension: Attempting to load test extension: Microsoft.VisualStudio.TestPlatform.CrossPlatEngine.Hosting.DefaultTestHostManager
TpTrace Information: 0 : 14604, 1, 2022/03/26, 23:44:23.144, 6233948901827, vstest.console.dll, TestPluginManager.CreateTestExtension: Attempting to load test extension: Microsoft.VisualStudio.TestPlatform.CrossPlatEngine.Hosting.DotnetTestHostManager
TpTrace Verbose: 0 : 14604, 1, 2022/03/26, 23:44:23.144, 6233948906074, vstest.console.dll, TestEngine: Initializing Parallel Execution as MaxCpuCount is set to: 1
TpTrace Information: 0 : 14604, 1, 2022/03/26, 23:44:23.145, 6233948910499, vstest.console.dll, InferRunSettingsHelper.IsTestSettingsEnabled: Unable to navigate to RunSettings/MSTest. Current node: RunSettings
TpTrace Verbose: 0 : 14604, 1, 2022/03/26, 23:44:23.156, 6233949022977, vstest.console.dll, TestRequestSender is acting as server
TpTrace Verbose: 0 : 14604, 5, 2022/03/26, 23:44:23.160, 6233949062469, vstest.console.dll, DataCollectionRequestSender.InitializeCommunication : Initialize communication. 
TpTrace Information: 0 : 14604, 5, 2022/03/26, 23:44:23.164, 6233949106853, vstest.console.dll, Listening on Endpoint : 127.0.0.1:50694
TpTrace Verbose: 0 : 14604, 5, 2022/03/26, 23:44:23.173, 6233949197470, vstest.console.dll, DotnetDataCollectionLauncher: Full path of dotnet.exe is C:\Program Files\dotnet\dotnet.exe
TpTrace Verbose: 0 : 14604, 5, 2022/03/26, 23:44:23.174, 6233949199206, vstest.console.dll, DotnetDataCollectionLauncher: Adding  --runtimeconfig "C:\Program Files\dotnet\sdk\6.0.102\datacollector.runtimeconfig.json" in args
TpTrace Verbose: 0 : 14604, 5, 2022/03/26, 23:44:23.174, 6233949199680, vstest.console.dll, DotnetDataCollectionLauncher: Adding  --depsfile "C:\Program Files\dotnet\sdk\6.0.102\datacollector.deps.json" in args
TpTrace Information: 0 : 14604, 5, 2022/03/26, 23:44:23.183, 6233949297435, vstest.console.dll, ProxyDataCollectionManager.Initialize: Launched datacollector processId: 24144 port: 50694
TpTrace Information: 0 : 14604, 5, 2022/03/26, 23:44:23.184, 6233949299275, vstest.console.dll, ProxyDataCollectionManager.Initialize: waiting for connection with timeout: 90 seconds
TpTrace Verbose: 0 : 14604, 5, 2022/03/26, 23:44:23.184, 6233949299617, vstest.console.dll, DataCollectionRequestSender.WaitForRequestHandlerConnection : Waiting for connection with timeout: 90000
TpTrace Information: 0 : 14604, 8, 2022/03/26, 23:44:23.295, 6233950415365, vstest.console.dll, Using the buffer size of 16384 bytes
TpTrace Information: 0 : 14604, 8, 2022/03/26, 23:44:23.295, 6233950416445, vstest.console.dll, Accepted Client request and set the flag
TpTrace Verbose: 0 : 14604, 5, 2022/03/26, 23:44:23.295, 6233950416142, vstest.console.dll, ProxyDataCollectionManager.InvokeDataCollectionServiceAction: Starting.
TpTrace Information: 0 : 14604, 5, 2022/03/26, 23:44:23.295, 6233950417546, vstest.console.dll, ProxyDataCollectionManager.BeforeTestRunStart: Get environment variable and port for datacollector processId: 24144 port: 50694
TpTrace Verbose: 0 : 14604, 5, 2022/03/26, 23:44:23.296, 6233950418597, vstest.console.dll, DataCollectionRequestSender.SendBeforeTestRunStartAndGetResult : Send BeforeTestRunStart message with settingsXml <RunSettings><RunConfiguration><ResultsDirectory>D:\c#Code\softuniC#\04.OOP\ExamPreparation\UnitTest\Robots.Tests\bin\Debug\netcoreapp3.0\fine-code-coverage\coverage-tool-output</ResultsDirectory><TargetPlatform>X64</TargetPlatform><TargetFrameworkVersion>.NETCoreApp,Version=v3.0</TargetFrameworkVersion><DesignMode>False</DesignMode><CollectSourceInformation>False</CollectSourceInformation><TestAdaptersPaths>C:\Program Files\dotnet\sdk\6.0.102\Extensions</TestAdaptersPaths></RunConfiguration><LoggerRunSettings><Loggers><Logger friendlyName="blame" enabled="True" /><Logger friendlyName="Console" uri="logger://microsoft/TestPlatform/ConsoleLogger/v1" assemblyQualifiedName="Microsoft.VisualStudio.TestPlatform.CommandLine.Internal.ConsoleLogger, vstest.console, Version=15.0.0.0, Culture=neutral, PublicKeyToken=b03f5f7f11d50a3a" codeBase="C:\Program Files\dotnet\sdk\6.0.102\vstest.console.dll" enabled="True" /></Loggers></LoggerRunSettings><DataCollectionRunSettings><DataCollectors><DataCollector friendlyName="blame" enabled="True"><Configuration><ResultsDirectory>D:\c#Code\softuniC#\04.OOP\ExamPreparation\UnitTest\Robots.Tests\bin\Debug\netcoreapp3.0\fine-code-coverage\coverage-tool-output</ResultsDirectory></Configuration></DataCollector></DataCollectors></DataCollectionRunSettings></RunSettings> and sources System.Linq.Enumerable+Concat2Iterator`1[System.String]: 
TpTrace Verbose: 0 : 14604, 5, 2022/03/26, 23:44:23.355, 6233951017094, vstest.console.dll, DataCollectionRequestSender.SendBeforeTestRunStartAndGetResult : Received message: (DataCollection.SendMessage) -> {
  "FriendlyName": null,
  "Uri": null,
  "TestCaseId": "00000000-0000-0000-0000-000000000000",
  "Message": "Logging DataCollector Diagnostics in file: D:\\c#Code\\softuniC#\\04.OOP\\ExamPreparation\\UnitTest\\Robots.Tests\\bin\\Debug\\netcoreapp3.0\\fine-code-coverage\\coverage-tool-output\\diagnostics.datacollector.22-03-26_23-44-23_17088_5.log",
  "Level": 0
}
TpTrace Verbose: 0 : 14604, 5, 2022/03/26, 23:44:23.410, 6233951564641, vstest.console.dll, DataCollectionRequestSender.SendBeforeTestRunStartAndGetResult : Received message: (DataCollection.BeforeTestRunStartResult) -> {
  "EnvironmentVariables": {},
  "DataCollectionEventsPort": 50696
}
TpTrace Information: 0 : 14604, 5, 2022/03/26, 23:44:23.415, 6233951611372, vstest.console.dll, ProxyDataCollectionManager.BeforeTestRunStart: SendBeforeTestRunStartAndGetResult successful, env variable from datacollector:   and testhost port: 50696
TpTrace Information: 0 : 14604, 5, 2022/03/26, 23:44:23.415, 6233951612499, vstest.console.dll, ProxyDataCollectionManager.InvokeDataCollectionServiceAction: Completed.
TpTrace Verbose: 0 : 14604, 1, 2022/03/26, 23:44:23.415, 6233951614208, vstest.console.dll, TestRunRequest.ExecuteAsync: Creating test run request.
TpTrace Verbose: 0 : 14604, 1, 2022/03/26, 23:44:23.416, 6233951618371, vstest.console.dll, TestRunRequest.ExecuteAsync: Starting.
TpTrace Information: 0 : 14604, 1, 2022/03/26, 23:44:23.416, 6233951623020, vstest.console.dll, TestRunRequest.ExecuteAsync: Starting run with settings:TestRunCriteria:
   KeepAlive=False,FrequencyOfRunStatsChangeEvent=10,RunStatsChangeEventTimeout=00:00:01.5000000,TestCaseFilter=,TestExecutorLauncher=
   Settingsxml=<RunSettings>
  <RunConfiguration>
    <ResultsDirectory>D:\c#Code\softuniC#\04.OOP\ExamPreparation\UnitTest\Robots.Tests\bin\Debug\netcoreapp3.0\fine-code-coverage\coverage-tool-output</ResultsDirectory>
    <TargetPlatform>X64</TargetPlatform>
    <TargetFrameworkVersion>.NETCoreApp,Version=v3.0</TargetFrameworkVersion>
    <DesignMode>False</DesignMode>
    <CollectSourceInformation>False</CollectSourceInformation>
  </RunConfiguration>
  <LoggerRunSettings>
    <Loggers>
      <Logger friendlyName="blame" enabled="True" />
      <Logger friendlyName="Console" uri="logger://microsoft/TestPlatform/ConsoleLogger/v1" assemblyQualifiedName="Microsoft.VisualStudio.TestPlatform.CommandLine.Internal.ConsoleLogger, vstest.console, Version=15.0.0.0, Culture=neutral, PublicKeyToken=b03f5f7f11d50a3a" codeBase="C:\Program Files\dotnet\sdk\6.0.102\vstest.console.dll" enabled="True" />
    </Loggers>
  </LoggerRunSettings>
  <DataCollectionRunSettings>
    <DataCollectors>
      <DataCollector friendlyName="blame" enabled="True">
        <Configuration>
          <ResultsDirectory>D:\c#Code\softuniC#\04.OOP\ExamPreparation\UnitTest\Robots.Tests\bin\Debug\netcoreapp3.0\fine-code-coverage\coverage-tool-output</ResultsDirectory>
        </Configuration>
      </DataCollector>
    </DataCollectors>
  </DataCollectionRunSettings>
</RunSettings>

TpTrace Verbose: 0 : 14604, 1, 2022/03/26, 23:44:23.416, 6233951623759, vstest.console.dll, TestRunRequest.ExecuteAsync: Wait for the first run request is over.
TpTrace Verbose: 0 : 14604, 1, 2022/03/26, 23:44:23.417, 6233951629134, vstest.console.dll, ParallelProxyExecutionManager: Start execution. Total sources: 1
TpTrace Information: 0 : 14604, 1, 2022/03/26, 23:44:23.417, 6233951633453, vstest.console.dll, ProxyParallelExecutionManager: Triggering test run for next source: D:\c#Code\softuniC#\04.OOP\ExamPreparation\UnitTest\Robots.Tests\bin\Debug\netcoreapp3.0\fine-code-coverage\build-output\Robots.Tests.dll
TpTrace Verbose: 0 : 14604, 1, 2022/03/26, 23:44:23.417, 6233951635214, vstest.console.dll, ProxyParallelExecutionManager: No sources available for execution.
TpTrace Verbose: 0 : 14604, 5, 2022/03/26, 23:44:23.417, 6233951635308, vstest.console.dll, ParallelProxyExecutionManager: Execution started. Started clients: 1
TpTrace Information: 0 : 14604, 1, 2022/03/26, 23:44:23.417, 6233951635519, vstest.console.dll, TestRunRequest.ExecuteAsync: Started.
TpTrace Verbose: 0 : 14604, 1, 2022/03/26, 23:44:23.417, 6233951636983, vstest.console.dll, TestRunRequest.WaitForCompletion: Waiting with timeout -1.
TpTrace Verbose: 0 : 14604, 5, 2022/03/26, 23:44:23.418, 6233951639211, vstest.console.dll, TestRunRequest:SendTestRunMessage: Starting.
TpTrace Information: 0 : 14604, 5, 2022/03/26, 23:44:23.418, 6233951640153, vstest.console.dll, TestRunRequest:SendTestRunMessage: Completed.
TpTrace Verbose: 0 : 14604, 5, 2022/03/26, 23:44:23.418, 6233951641670, vstest.console.dll, ProxyExecutionManager: Test host is always Lazy initialize.
TpTrace Verbose: 0 : 14604, 5, 2022/03/26, 23:44:23.418, 6233951643352, vstest.console.dll, TestRequestSender.InitializeCommunication: initialize communication. 
TpTrace Information: 0 : 14604, 5, 2022/03/26, 23:44:23.419, 6233951647657, vstest.console.dll, SocketServer.Start: Listening on endpoint : 127.0.0.1:50697
TpTrace Verbose: 0 : 14604, 5, 2022/03/26, 23:44:23.419, 6233951653327, vstest.console.dll, DotnetTestHostmanager: Adding  --runtimeconfig "D:\c#Code\softuniC#\04.OOP\ExamPreparation\UnitTest\Robots.Tests\bin\Debug\netcoreapp3.0\fine-code-coverage\build-output\Robots.Tests.runtimeconfig.json" in args
TpTrace Verbose: 0 : 14604, 5, 2022/03/26, 23:44:23.419, 6233951653886, vstest.console.dll, DotnetTestHostmanager: Adding  --depsfile "D:\c#Code\softuniC#\04.OOP\ExamPreparation\UnitTest\Robots.Tests\bin\Debug\netcoreapp3.0\fine-code-coverage\build-output\Robots.Tests.deps.json" in args
TpTrace Information: 0 : 14604, 5, 2022/03/26, 23:44:23.419, 6233951655694, vstest.console.dll, AssemblyResolver.OnResolve: Microsoft.Extensions.DependencyModel: Resolving assembly.
TpTrace Information: 0 : 14604, 5, 2022/03/26, 23:44:23.419, 6233951656087, vstest.console.dll, AssemblyResolver.OnResolve: Microsoft.Extensions.DependencyModel: Searching in: 'C:\Program Files\dotnet\sdk\6.0.102\Extensions'.
TpTrace Information: 0 : 14604, 5, 2022/03/26, 23:44:23.419, 6233951656805, vstest.console.dll, AssemblyResolver.OnResolve: Microsoft.Extensions.DependencyModel: Assembly path does not exist: 'C:\Program Files\dotnet\sdk\6.0.102\Extensions\Microsoft.Extensions.DependencyModel.dll', returning.
TpTrace Information: 0 : 14604, 5, 2022/03/26, 23:44:23.419, 6233951657232, vstest.console.dll, AssemblyResolver.OnResolve: Microsoft.Extensions.DependencyModel: Assembly path does not exist: 'C:\Program Files\dotnet\sdk\6.0.102\Extensions\Microsoft.Extensions.DependencyModel.exe', returning.
TpTrace Information: 0 : 14604, 5, 2022/03/26, 23:44:23.419, 6233951657440, vstest.console.dll, AssemblyResolver.OnResolve: Microsoft.Extensions.DependencyModel: Searching in: 'C:\Program Files\dotnet\sdk\6.0.102'.
TpTrace Information: 0 : 14604, 5, 2022/03/26, 23:44:23.420, 6233951663175, vstest.console.dll, AssemblyResolver.OnResolve: Microsoft.Extensions.DependencyModel: Loading assembly 'C:\Program Files\dotnet\sdk\6.0.102\Microsoft.Extensions.DependencyModel.dll'.
TpTrace Information: 0 : 14604, 5, 2022/03/26, 23:44:23.421, 6233951670669, vstest.console.dll, AssemblyResolver.OnResolve: Resolved assembly: Microsoft.Extensions.DependencyModel, from path: C:\Program Files\dotnet\sdk\6.0.102\Microsoft.Extensions.DependencyModel.dll
TpTrace Verbose: 0 : 14604, 5, 2022/03/26, 23:44:23.421, 6233951673433, vstest.console.dll, DotnetTestHostmanager: Reading file D:\c#Code\softuniC#\04.OOP\ExamPreparation\UnitTest\Robots.Tests\bin\Debug\netcoreapp3.0\fine-code-coverage\build-output\Robots.Tests.deps.json to get path of testhost.dll
TpTrace Verbose: 0 : 14604, 5, 2022/03/26, 23:44:23.434, 6233951804804, vstest.console.dll, DotnetTestHostmanager: Relative path of testhost.dll with respect to package folder is microsoft.testplatform.testhost/16.5.0\lib/netcoreapp2.1/testhost.dll
TpTrace Verbose: 0 : 14604, 5, 2022/03/26, 23:44:23.435, 6233951810633, vstest.console.dll, DotnetTestHostmanager: Looking for path microsoft.testplatform.testhost/16.5.0\lib/netcoreapp2.1/testhost.dll in folder C:\Users\peter\.dotnet\store\|arch|\|tfm|
TpTrace Verbose: 0 : 14604, 5, 2022/03/26, 23:44:23.435, 6233951811759, vstest.console.dll, DotnetTestHostmanager: Looking for path microsoft.testplatform.testhost/16.5.0\lib/netcoreapp2.1/testhost.dll in folder C:\Users\peter\.nuget\packages
TpTrace Verbose: 0 : 14604, 5, 2022/03/26, 23:44:23.435, 6233951813185, vstest.console.dll, DotnetTestHostManager: Testhost.exe/testhost.x86.exe found at path: C:\Users\peter\.nuget\packages\microsoft.testplatform.testhost\16.5.0\build\netcoreapp2.1\x64\testhost.exe
TpTrace Verbose: 0 : 14604, 5, 2022/03/26, 23:44:23.435, 6233951813501, vstest.console.dll, DotnetTestHostmanager: Full path of host exe is C:\Users\peter\.nuget\packages\microsoft.testplatform.testhost\16.5.0\build\netcoreapp2.1\x64\testhost.exe
TpTrace Verbose: 0 : 14604, 7, 2022/03/26, 23:44:23.436, 6233951821186, vstest.console.dll, DotnetTestHostManager: Starting process 'C:\Users\peter\.nuget\packages\microsoft.testplatform.testhost\16.5.0\build\netcoreapp2.1\x64\testhost.exe' with command line ' --runtimeconfig "D:\c#Code\softuniC#\04.OOP\ExamPreparation\UnitTest\Robots.Tests\bin\Debug\netcoreapp3.0\fine-code-coverage\build-output\Robots.Tests.runtimeconfig.json" --depsfile "D:\c#Code\softuniC#\04.OOP\ExamPreparation\UnitTest\Robots.Tests\bin\Debug\netcoreapp3.0\fine-code-coverage\build-output\Robots.Tests.deps.json" --port 50697 --endpoint 127.0.0.1:050697 --role client --parentprocessid 14604 --diag "D:\c#Code\softuniC#\04.OOP\ExamPreparation\UnitTest\Robots.Tests\bin\Debug\netcoreapp3.0\fine-code-coverage\coverage-tool-output\diagnostics.host.22-03-26_23-44-23_41927_5.log" --tracelevel 4 --datacollectionport 50696 --telemetryoptedin false'
TpTrace Verbose: 0 : 14604, 7, 2022/03/26, 23:44:23.442, 6233951878641, vstest.console.dll, Test Runtime launched
TpTrace Verbose: 0 : 14604, 5, 2022/03/26, 23:44:23.442, 6233951884049, vstest.console.dll, TestRequestSender.WaitForRequestHandlerConnection: waiting for connection with timeout: 90000
TpTrace Verbose: 0 : 14604, 7, 2022/03/26, 23:44:23.561, 6233953069314, vstest.console.dll, SocketServer.OnClientConnected: Client connected for endPoint: 127.0.0.1:50697, starting MessageLoopAsync:
TpTrace Verbose: 0 : 14604, 7, 2022/03/26, 23:44:23.561, 6233953071680, vstest.console.dll, TcpClientExtensions.MessageLoopAsync: Polling on remoteEndPoint: 127.0.0.1:50698 localEndPoint: 127.0.0.1:50697
TpTrace Verbose: 0 : 14604, 7, 2022/03/26, 23:44:23.667, 6233954130440, vstest.console.dll, TcpClientExtensions.MessageLoopAsync: NotifyDataAvailable remoteEndPoint: 127.0.0.1:50698 localEndPoint: 127.0.0.1:50697
TpTrace Verbose: 0 : 14604, 7, 2022/03/26, 23:44:23.667, 6233954134223, vstest.console.dll, TestRequestSender.CheckVersionWithTestHost: onMessageReceived received message: (ProtocolVersion) -> 2
TpTrace Verbose: 0 : 14604, 7, 2022/03/26, 23:44:23.668, 6233954139963, vstest.console.dll, TcpClientExtensions.MessageLoopAsync: Polling on remoteEndPoint: 127.0.0.1:50698 localEndPoint: 127.0.0.1:50697
TpTrace Verbose: 0 : 14604, 5, 2022/03/26, 23:44:23.668, 6233954141273, vstest.console.dll, TestPluginCache.GetExtensionPaths: Filtered extension paths: 
TpTrace Verbose: 0 : 14604, 5, 2022/03/26, 23:44:23.668, 6233954142314, vstest.console.dll, TestPluginCache.GetExtensionPaths: Added default extension paths: C:\Program Files\dotnet\sdk\6.0.102\Extensions\Microsoft.Diagnostics.NETCore.Client.dll
C:\Program Files\dotnet\sdk\6.0.102\Extensions\Microsoft.TestPlatform.Extensions.BlameDataCollector.dll
C:\Program Files\dotnet\sdk\6.0.102\Extensions\Microsoft.TestPlatform.Extensions.EventLogCollector.dll
C:\Program Files\dotnet\sdk\6.0.102\Extensions\Microsoft.TestPlatform.TestHostRuntimeProvider.dll
C:\Program Files\dotnet\sdk\6.0.102\Extensions\Microsoft.VisualStudio.TestPlatform.Extensions.Html.TestLogger.dll
C:\Program Files\dotnet\sdk\6.0.102\Extensions\Microsoft.VisualStudio.TestPlatform.Extensions.Trx.TestLogger.dll
TpTrace Verbose: 0 : 14604, 5, 2022/03/26, 23:44:23.668, 6233954142698, vstest.console.dll, TestPluginCache.GetExtensionPaths: Added unfilterableExtensionPaths: 
TpTrace Verbose: 0 : 14604, 5, 2022/03/26, 23:44:23.671, 6233954170599, vstest.console.dll, TestRequestSender.InitializeExecution: Sending initializing execution with message: {"Version":2,"MessageType":"TestExecution.Initialize","Payload":["D:\\c#Code\\softuniC#\\04.OOP\\ExamPreparation\\UnitTest\\Robots.Tests\\bin\\Debug\\netcoreapp3.0\\fine-code-coverage\\build-output\\NUnit3.TestAdapter.dll"]}
TpTrace Verbose: 0 : 14604, 7, 2022/03/26, 23:44:23.677, 6233954228758, vstest.console.dll, TcpClientExtensions.MessageLoopAsync: NotifyDataAvailable remoteEndPoint: 127.0.0.1:50698 localEndPoint: 127.0.0.1:50697
TpTrace Verbose: 0 : 14604, 7, 2022/03/26, 23:44:23.677, 6233954230288, vstest.console.dll, TestRequestSender.OnExecutionMessageReceived: Received message: {"Version":2,"MessageType":"TestSession.Message","Payload":{"MessageLevel":0,"Message":"Logging TestHost Diagnostics in file: D:\\c#Code\\softuniC#\\04.OOP\\ExamPreparation\\UnitTest\\Robots.Tests\\bin\\Debug\\netcoreapp3.0\\fine-code-coverage\\coverage-tool-output\\diagnostics.host.22-03-26_23-44-23_41927_5.log"}}
TpTrace Verbose: 0 : 14604, 5, 2022/03/26, 23:44:23.678, 6233954244781, vstest.console.dll, TestRequestSender.StartTestRun: Sending test run with message: {"Version":2,"MessageType":"TestExecution.StartWithSources","Payload":{"AdapterSourceMap":{"_none_":["D:\\c#Code\\softuniC#\\04.OOP\\ExamPreparation\\UnitTest\\Robots.Tests\\bin\\Debug\\netcoreapp3.0\\fine-code-coverage\\build-output\\Robots.Tests.dll"]},"RunSettings":"<RunSettings>\r\n  <RunConfiguration>\r\n    <ResultsDirectory>D:\\c#Code\\softuniC#\\04.OOP\\ExamPreparation\\UnitTest\\Robots.Tests\\bin\\Debug\\netcoreapp3.0\\fine-code-coverage\\coverage-tool-output</ResultsDirectory>\r\n    <TargetPlatform>X64</TargetPlatform>\r\n    <TargetFrameworkVersion>.NETCoreApp,Version=v3.0</TargetFrameworkVersion>\r\n    <DesignMode>False</DesignMode>\r\n    <CollectSourceInformation>False</CollectSourceInformation>\r\n  </RunConfiguration>\r\n  <LoggerRunSettings>\r\n    <Loggers>\r\n      <Logger friendlyName=\"blame\" enabled=\"True\" />\r\n      <Logger friendlyName=\"Console\" uri=\"logger://microsoft/TestPlatform/ConsoleLogger/v1\" assemblyQualifiedName=\"Microsoft.VisualStudio.TestPlatform.CommandLine.Internal.ConsoleLogger, vstest.console, Version=15.0.0.0, Culture=neutral, PublicKeyToken=b03f5f7f11d50a3a\" codeBase=\"C:\\Program Files\\dotnet\\sdk\\6.0.102\\vstest.console.dll\" enabled=\"True\" />\r\n    </Loggers>\r\n  </LoggerRunSettings>\r\n  <DataCollectionRunSettings>\r\n    <DataCollectors>\r\n      <DataCollector friendlyName=\"blame\" enabled=\"True\">\r\n        <Configuration>\r\n          <ResultsDirectory>D:\\c#Code\\softuniC#\\04.OOP\\ExamPreparation\\UnitTest\\Robots.Tests\\bin\\Debug\\netcoreapp3.0\\fine-code-coverage\\coverage-tool-output</ResultsDirectory>\r\n        </Configuration>\r\n      </DataCollector>\r\n    </DataCollectors>\r\n  </DataCollectionRunSettings>\r\n</RunSettings>","TestExecutionContext":{"FrequencyOfRunStatsChangeEvent":10,"RunStatsChangeEventTimeout":"00:00:01.5000000","InIsolation":false,"KeepAlive":false,"AreTestCaseLevelEventsRequired":false,"IsDebug":false,"TestCaseFilter":null,"FilterOptions":null},"Package":null}}
TpTrace Verbose: 0 : 14604, 7, 2022/03/26, 23:44:23.679, 6233954249591, vstest.console.dll, TestRunRequest:SendTestRunMessage: Starting.
TpTrace Information: 0 : 14604, 7, 2022/03/26, 23:44:23.679, 6233954250879, vstest.console.dll, TestRunRequest:SendTestRunMessage: Completed.
TpTrace Verbose: 0 : 14604, 7, 2022/03/26, 23:44:23.679, 6233954251123, vstest.console.dll, TcpClientExtensions.MessageLoopAsync: Polling on remoteEndPoint: 127.0.0.1:50698 localEndPoint: 127.0.0.1:50697
TpTrace Verbose: 0 : 14604, 7, 2022/03/26, 23:44:23.787, 6233955334782, vstest.console.dll, TcpClientExtensions.MessageLoopAsync: NotifyDataAvailable remoteEndPoint: 127.0.0.1:50698 localEndPoint: 127.0.0.1:50697
TpTrace Verbose: 0 : 14604, 7, 2022/03/26, 23:44:23.787, 6233955336210, vstest.console.dll, TestRequestSender.OnExecutionMessageReceived: Received message: {"Version":2,"MessageType":"TestSession.Message","Payload":{"MessageLevel":0,"Message":"NUnit Adapter 3.16.1.0: Test execution started"}}
TpTrace Verbose: 0 : 14604, 7, 2022/03/26, 23:44:23.788, 6233955337998, vstest.console.dll, TestRunRequest:SendTestRunMessage: Starting.
TpTrace Information: 0 : 14604, 7, 2022/03/26, 23:44:23.788, 6233955338415, vstest.console.dll, TestRunRequest:SendTestRunMessage: Completed.
TpTrace Verbose: 0 : 14604, 7, 2022/03/26, 23:44:23.788, 6233955338617, vstest.console.dll, TcpClientExtensions.MessageLoopAsync: Polling on remoteEndPoint: 127.0.0.1:50698 localEndPoint: 127.0.0.1:50697
TpTrace Verbose: 0 : 14604, 7, 2022/03/26, 23:44:23.793, 6233955387736, vstest.console.dll, TcpClientExtensions.MessageLoopAsync: NotifyDataAvailable remoteEndPoint: 127.0.0.1:50698 localEndPoint: 127.0.0.1:50697
TpTrace Verbose: 0 : 14604, 7, 2022/03/26, 23:44:23.793, 6233955389643, vstest.console.dll, TestRequestSender.OnExecutionMessageReceived: Received message: {"Version":2,"MessageType":"TestSession.Message","Payload":{"MessageLevel":0,"Message":"Running all tests in D:\\c#Code\\softuniC#\\04.OOP\\ExamPreparation\\UnitTest\\Robots.Tests\\bin\\Debug\\netcoreapp3.0\\fine-code-coverage\\build-output\\Robots.Tests.dll"}}
TpTrace Verbose: 0 : 14604, 7, 2022/03/26, 23:44:23.793, 6233955392401, vstest.console.dll, TestRunRequest:SendTestRunMessage: Starting.
TpTrace Information: 0 : 14604, 7, 2022/03/26, 23:44:23.793, 6233955393376, vstest.console.dll, TestRunRequest:SendTestRunMessage: Completed.
TpTrace Verbose: 0 : 14604, 7, 2022/03/26, 23:44:23.793, 6233955393941, vstest.console.dll, TcpClientExtensions.MessageLoopAsync: Polling on remoteEndPoint: 127.0.0.1:50698 localEndPoint: 127.0.0.1:50697
TpTrace Verbose: 0 : 14604, 7, 2022/03/26, 23:44:23.931, 6233956773322, vstest.console.dll, TcpClientExtensions.MessageLoopAsync: NotifyDataAvailable remoteEndPoint: 127.0.0.1:50698 localEndPoint: 127.0.0.1:50697
TpTrace Verbose: 0 : 14604, 7, 2022/03/26, 23:44:23.931, 6233956776353, vstest.console.dll, TestRequestSender.OnExecutionMessageReceived: Received message: {"Version":2,"MessageType":"TestSession.Message","Payload":{"MessageLevel":0,"Message":"   NUnit3TestExecutor converted 13 of 13 NUnit test cases"}}
TpTrace Verbose: 0 : 14604, 7, 2022/03/26, 23:44:23.932, 6233956778960, vstest.console.dll, TestRunRequest:SendTestRunMessage: Starting.
TpTrace Information: 0 : 14604, 7, 2022/03/26, 23:44:23.932, 6233956779454, vstest.console.dll, TestRunRequest:SendTestRunMessage: Completed.
TpTrace Verbose: 0 : 14604, 7, 2022/03/26, 23:44:23.932, 6233956779731, vstest.console.dll, TcpClientExtensions.MessageLoopAsync: Polling on remoteEndPoint: 127.0.0.1:50698 localEndPoint: 127.0.0.1:50697
TpTrace Verbose: 0 : 14604, 7, 2022/03/26, 23:44:24.035, 6233957808532, vstest.console.dll, TcpClientExtensions.MessageLoopAsync: NotifyDataAvailable remoteEndPoint: 127.0.0.1:50698 localEndPoint: 127.0.0.1:50697
TpTrace Verbose: 0 : 14604, 7, 2022/03/26, 23:44:24.035, 6233957812956, vstest.console.dll, TestRequestSender.OnExecutionMessageReceived: Received message: {"Version":2,"MessageType":"TestExecution.StatsChange","Payload":{"NewTestResults":[{"TestCase":{"Id":"471ae6b5-561c-ca49-e61d-c5b51dbcd8d8","FullyQualifiedName":"Robots.Tests.RobotsTests.CanAddRobotIfValid","DisplayName":"CanAddRobotIfValid","ExecutorUri":"executor://NUnit3TestExecutor","Source":"D:\\c#Code\\softuniC#\\04.OOP\\ExamPreparation\\UnitTest\\Robots.Tests\\bin\\Debug\\netcoreapp3.0\\fine-code-coverage\\build-output\\Robots.Tests.dll","CodeFilePath":null,"LineNumber":0,"Properties":[]},"Attachments":[],"Outcome":1,"ErrorMessage":null,"ErrorStackTrace":null,"DisplayName":"CanAddRobotIfValid","Messages":[],"ComputerName":"DESKTOP-G5675TN","Duration":"00:00:00.0093970","StartTime":"2022-03-26T21:44:23+00:00","EndTime":"2022-03-26T21:44:23+00:00","Properties":[]},{"TestCase":{"Id":"f8a25376-5c57-579c-c9f5-267635484c79","FullyQualifiedName":"Robots.Tests.RobotsTests.CanRemoveRobotThatExists","DisplayName":"CanRemoveRobotThatExists","ExecutorUri":"executor://NUnit3TestExecutor","Source":"D:\\c#Code\\softuniC#\\04.OOP\\ExamPreparation\\UnitTest\\Robots.Tests\\bin\\Debug\\netcoreapp3.0\\fine-code-coverage\\build-output\\Robots.Tests.dll","CodeFilePath":null,"LineNumber":0,"Properties":[]},"Attachments":[],"Outcome":1,"ErrorMessage":null,"ErrorStackTrace":null,"DisplayName":"CanRemoveRobotThatExists","Messages":[],"ComputerName":"DESKTOP-G5675TN","Duration":"00:00:00.0006420","StartTime":"2022-03-26T21:44:23+00:00","EndTime":"2022-03-26T21:44:23+00:00","Properties":[]},{"TestCase":{"Id":"58adac24-1b25-2045-cd92-1d2bc0ac9d63","FullyQualifiedName":"Robots.Tests.RobotsTests.CantAddRobotIfCapacityIsFull","DisplayName":"CantAddRobotIfCapacityIsFull","ExecutorUri":"executor://NUnit3TestExecutor","Source":"D:\\c#Code\\softuniC#\\04.OOP\\ExamPreparation\\UnitTest\\Robots.Tests\\bin\\Debug\\netcoreapp3.0\\fine-code-coverage\\build-output\\Robots.Tests.dll","CodeFilePath":null,"LineNumber":0,"Properties":[]},"Attachments":[],"Outcome":1,"ErrorMessage":null,"ErrorStackTrace":null,"DisplayName":"CantAddRobotIfCapacityIsFull","Messages":[],"ComputerName":"DESKTOP-G5675TN","Duration":"00:00:00.0024670","StartTime":"2022-03-26T21:44:23+00:00","EndTime":"2022-03-26T21:44:23+00:00","Properties":[]},{"TestCase":{"Id":"85c9ca84-18a3-8fb0-7b11-66b249bd5e73","FullyQualifiedName":"Robots.Tests.RobotsTests.CantAddRobotIfItAlreadyExists","DisplayName":"CantAddRobotIfItAlreadyExists","ExecutorUri":"executor://NUnit3TestExecutor","Source":"D:\\c#Code\\softuniC#\\04.OOP\\ExamPreparation\\UnitTest\\Robots.Tests\\bin\\Debug\\netcoreapp3.0\\fine-code-coverage\\build-output\\Robots.Tests.dll","CodeFilePath":null,"LineNumber":0,"Properties":[]},"Attachments":[],"Outcome":1,"ErrorMessage":null,"ErrorStackTrace":null,"DisplayName":"CantAddRobotIfItAlreadyExists","Messages":[],"ComputerName":"DESKTOP-G5675TN","Duration":"00:00:00.0002999","StartTime":"2022-03-26T21:44:23+00:00","EndTime":"2022-03-26T21:44:23+00:00","Properties":[]},{"TestCase":{"Id":"2c0dc53a-b630-d9f0-2a88-37da88f7c1a6","FullyQualifiedName":"Robots.Tests.RobotsTests.CantCreateRobotManagerWithCapacityNegative","DisplayName":"CantCreateRobotManagerWithCapacityNegative","ExecutorUri":"executor://NUnit3TestExecutor","Source":"D:\\c#Code\\softuniC#\\04.OOP\\ExamPreparation\\UnitTest\\Robots.Tests\\bin\\Debug\\netcoreapp3.0\\fine-code-coverage\\build-output\\Robots.Tests.dll","CodeFilePath":null,"LineNumber":0,"Properties":[]},"Attachments":[],"Outcome":1,"ErrorMessage":null,"ErrorStackTrace":null,"DisplayName":"CantCreateRobotManagerWithCapacityNegative","Messages":[],"ComputerName":"DESKTOP-G5675TN","Duration":"00:00:00.0002720","StartTime":"2022-03-26T21:44:23+00:00","EndTime":"2022-03-26T21:44:23+00:00","Properties":[]},{"TestCase":{"Id":"d02b07bc-f00b-15b1-38e2-7802343eddf4","FullyQualifiedName":"Robots.Tests.RobotsTests.CantRemoveRobotThatDoesntExist","DisplayName":"CantRemoveRobotThatDoesntExist","ExecutorUri":"executor://NUnit3TestExecutor","Source":"D:\\c#Code\\softuniC#\\04.OOP\\ExamPreparation\\UnitTest\\Robots.Tests\\bin\\Debug\\netcoreapp3.0\\fine-code-coverage\\build-output\\Robots.Tests.dll","CodeFilePath":null,"LineNumber":0,"Properties":[]},"Attachments":[],"Outcome":1,"ErrorMessage":null,"ErrorStackTrace":null,"DisplayName":"CantRemoveRobotThatDoesntExist","Messages":[],"ComputerName":"DESKTOP-G5675TN","Duration":"00:00:00.0001840","StartTime":"2022-03-26T21:44:23+00:00","EndTime":"2022-03-26T21:44:23+00:00","Properties":[]},{"TestCase":{"Id":"30992648-a2cb-2509-70fe-43da70906545","FullyQualifiedName":"Robots.Tests.RobotsTests.ConstructorMustSetCapacity","DisplayName":"ConstructorMustSetCapacity","ExecutorUri":"executor://NUnit3TestExecutor","Source":"D:\\c#Code\\softuniC#\\04.OOP\\ExamPreparation\\UnitTest\\Robots.Tests\\bin\\Debug\\netcoreapp3.0\\fine-code-coverage\\build-output\\Robots.Tests.dll","CodeFilePath":null,"LineNumber":0,"Properties":[]},"Attachments":[],"Outcome":1,"ErrorMessage":null,"ErrorStackTrace":null,"DisplayName":"ConstructorMustSetCapacity","Messages":[],"ComputerName":"DESKTOP-G5675TN","Duration":"00:00:00.0001180","StartTime":"2022-03-26T21:44:23+00:00","EndTime":"2022-03-26T21:44:23+00:00","Properties":[]},{"TestCase":{"Id":"a55db6f8-6883-2b35-cd63-9d1d2abbabe6","FullyQualifiedName":"Robots.Tests.RobotsTests.ManagerStartsWithZeroElements","DisplayName":"ManagerStartsWithZeroElements","ExecutorUri":"executor://NUnit3TestExecutor","Source":"D:\\c#Code\\softuniC#\\04.OOP\\ExamPreparation\\UnitTest\\Robots.Tests\\bin\\Debug\\netcoreapp3.0\\fine-code-coverage\\build-output\\Robots.Tests.dll","CodeFilePath":null,"LineNumber":0,"Properties":[]},"Attachments":[],"Outcome":1,"ErrorMessage":null,"ErrorStackTrace":null,"DisplayName":"ManagerStartsWithZeroElements","Messages":[],"ComputerName":"DESKTOP-G5675TN","Duration":"00:00:00.0000780","StartTime":"2022-03-26T21:44:23+00:00","EndTime":"2022-03-26T21:44:23+00:00","Properties":[]},{"TestCase":{"Id":"881465cc-4f1c-ab93-a0ce-044d7ff3f052","FullyQualifiedName":"Robots.Tests.RobotsTests.RobotCanBeCharged","DisplayName":"RobotCanBeCharged","ExecutorUri":"executor://NUnit3TestExecutor","Source":"D:\\c#Code\\softuniC#\\04.OOP\\ExamPreparation\\UnitTest\\Robots.Tests\\bin\\Debug\\netcoreapp3.0\\fine-code-coverage\\build-output\\Robots.Tests.dll","CodeFilePath":null,"LineNumber":0,"Properties":[]},"Attachments":[],"Outcome":1,"ErrorMessage":null,"ErrorStackTrace":null,"DisplayName":"RobotCanBeCharged","Messages":[],"ComputerName":"DESKTOP-G5675TN","Duration":"00:00:00.0005810","StartTime":"2022-03-26T21:44:23+00:00","EndTime":"2022-03-26T21:44:23+00:00","Properties":[]}],"TestRunStatistics":{"ExecutedTests":9,"Stats":{"Passed":9}},"ActiveTests":[{"Id":"ed949200-b5b2-79f1-211d-9abbbe0bbaa6","FullyQualifiedName":"Robots.Tests.RobotsTests.RobotCantWorkWithoutEnoghBattery","DisplayName":"RobotCantWorkWithoutEnoghBattery","ExecutorUri":"executor://NUnit3TestExecutor","Source":"D:\\c#Code\\softuniC#\\04.OOP\\ExamPreparation\\UnitTest\\Robots.Tests\\bin\\Debug\\netcoreapp3.0\\fine-code-coverage\\build-output\\Robots.Tests.dll","CodeFilePath":null,"LineNumber":0,"Properties":[]}]}}
TpTrace Verbose: 0 : 14604, 7, 2022/03/26, 23:44:24.055, 6233958011581, vstest.console.dll, TestRunRequest:SendTestRunStatsChange: Starting.
TpTrace Verbose: 0 : 14604, 7, 2022/03/26, 23:44:24.055, 6233958012866, vstest.console.dll, InProgress is RobotCantWorkWithoutEnoghBattery
TpTrace Information: 0 : 14604, 7, 2022/03/26, 23:44:24.055, 6233958014530, vstest.console.dll, TestRunRequest:SendTestRunStatsChange: Completed.
TpTrace Verbose: 0 : 14604, 7, 2022/03/26, 23:44:24.055, 6233958014877, vstest.console.dll, TcpClientExtensions.MessageLoopAsync: Polling on remoteEndPoint: 127.0.0.1:50698 localEndPoint: 127.0.0.1:50697
TpTrace Verbose: 0 : 14604, 7, 2022/03/26, 23:44:24.055, 6233958015232, vstest.console.dll, TcpClientExtensions.MessageLoopAsync: NotifyDataAvailable remoteEndPoint: 127.0.0.1:50698 localEndPoint: 127.0.0.1:50697
TpTrace Verbose: 0 : 14604, 7, 2022/03/26, 23:44:24.055, 6233958015613, vstest.console.dll, TestRequestSender.OnExecutionMessageReceived: Received message: {"Version":2,"MessageType":"TestSession.Message","Payload":{"MessageLevel":0,"Message":"NUnit Adapter 3.16.1.0: Test execution complete"}}
TpTrace Verbose: 0 : 14604, 7, 2022/03/26, 23:44:24.055, 6233958016838, vstest.console.dll, TestRunRequest:SendTestRunMessage: Starting.
TpTrace Information: 0 : 14604, 7, 2022/03/26, 23:44:24.055, 6233958017190, vstest.console.dll, TestRunRequest:SendTestRunMessage: Completed.
TpTrace Verbose: 0 : 14604, 7, 2022/03/26, 23:44:24.055, 6233958017485, vstest.console.dll, TcpClientExtensions.MessageLoopAsync: Polling on remoteEndPoint: 127.0.0.1:50698 localEndPoint: 127.0.0.1:50697
TpTrace Verbose: 0 : 14604, 7, 2022/03/26, 23:44:24.064, 6233958100224, vstest.console.dll, TcpClientExtensions.MessageLoopAsync: NotifyDataAvailable remoteEndPoint: 127.0.0.1:50698 localEndPoint: 127.0.0.1:50697
TpTrace Verbose: 0 : 14604, 7, 2022/03/26, 23:44:24.064, 6233958103301, vstest.console.dll, TestRequestSender.OnExecutionMessageReceived: Received message: {"Version":2,"MessageType":"TestExecution.Completed","Payload":{"TestRunCompleteArgs":{"TestRunStatistics":{"ExecutedTests":13,"Stats":{"Passed":13}},"IsCanceled":false,"IsAborted":false,"Error":null,"AttachmentSets":[],"ElapsedTimeInRunningTests":"00:00:00.2799860","Metrics":{}},"LastRunTests":{"NewTestResults":[{"TestCase":{"Id":"ed949200-b5b2-79f1-211d-9abbbe0bbaa6","FullyQualifiedName":"Robots.Tests.RobotsTests.RobotCantWorkWithoutEnoghBattery","DisplayName":"RobotCantWorkWithoutEnoghBattery","ExecutorUri":"executor://NUnit3TestExecutor","Source":"D:\\c#Code\\softuniC#\\04.OOP\\ExamPreparation\\UnitTest\\Robots.Tests\\bin\\Debug\\netcoreapp3.0\\fine-code-coverage\\build-output\\Robots.Tests.dll","CodeFilePath":null,"LineNumber":0,"Properties":[]},"Attachments":[],"Outcome":1,"ErrorMessage":null,"ErrorStackTrace":null,"DisplayName":"RobotCantWorkWithoutEnoghBattery","Messages":[],"ComputerName":"DESKTOP-G5675TN","Duration":"00:00:00.0002840","StartTime":"2022-03-26T21:44:23+00:00","EndTime":"2022-03-26T21:44:23+00:00","Properties":[]},{"TestCase":{"Id":"922b5dd4-80fd-2dac-4ed5-ba992d4522d5","FullyQualifiedName":"Robots.Tests.RobotsTests.RobotThatDoesntExistCantBeCharged","DisplayName":"RobotThatDoesntExistCantBeCharged","ExecutorUri":"executor://NUnit3TestExecutor","Source":"D:\\c#Code\\softuniC#\\04.OOP\\ExamPreparation\\UnitTest\\Robots.Tests\\bin\\Debug\\netcoreapp3.0\\fine-code-coverage\\build-output\\Robots.Tests.dll","CodeFilePath":null,"LineNumber":0,"Properties":[]},"Attachments":[],"Outcome":1,"ErrorMessage":null,"ErrorStackTrace":null,"DisplayName":"RobotThatDoesntExistCantBeCharged","Messages":[],"ComputerName":"DESKTOP-G5675TN","Duration":"00:00:00.0001940","StartTime":"2022-03-26T21:44:23+00:00","EndTime":"2022-03-26T21:44:23+00:00","Properties":[]},{"TestCase":{"Id":"1004fbe0-10a8-620d-2555-2251eec8d628","FullyQualifiedName":"Robots.Tests.RobotsTests.RobotThatDoesntExistThrowsError","DisplayName":"RobotThatDoesntExistThrowsError","ExecutorUri":"executor://NUnit3TestExecutor","Source":"D:\\c#Code\\softuniC#\\04.OOP\\ExamPreparation\\UnitTest\\Robots.Tests\\bin\\Debug\\netcoreapp3.0\\fine-code-coverage\\build-output\\Robots.Tests.dll","CodeFilePath":null,"LineNumber":0,"Properties":[]},"Attachments":[],"Outcome":1,"ErrorMessage":null,"ErrorStackTrace":null,"DisplayName":"RobotThatDoesntExistThrowsError","Messages":[],"ComputerName":"DESKTOP-G5675TN","Duration":"00:00:00.0002270","StartTime":"2022-03-26T21:44:23+00:00","EndTime":"2022-03-26T21:44:23+00:00","Properties":[]},{"TestCase":{"Id":"5fda0c3c-088b-9c55-eb89-287415b4d31e","FullyQualifiedName":"Robots.Tests.RobotsTests.RobotThatExistCanWork","DisplayName":"RobotThatExistCanWork","ExecutorUri":"executor://NUnit3TestExecutor","Source":"D:\\c#Code\\softuniC#\\04.OOP\\ExamPreparation\\UnitTest\\Robots.Tests\\bin\\Debug\\netcoreapp3.0\\fine-code-coverage\\build-output\\Robots.Tests.dll","CodeFilePath":null,"LineNumber":0,"Properties":[]},"Attachments":[],"Outcome":1,"ErrorMessage":null,"ErrorStackTrace":null,"DisplayName":"RobotThatExistCanWork","Messages":[],"ComputerName":"DESKTOP-G5675TN","Duration":"00:00:00.0001140","StartTime":"2022-03-26T21:44:23+00:00","EndTime":"2022-03-26T21:44:23+00:00","Properties":[]}],"TestRunStatistics":{"ExecutedTests":13,"Stats":{"Passed":13}},"ActiveTests":[]},"RunAttachments":[],"ExecutorUris":["executor://nunit3testexecutor/"]}}
TpTrace Verbose: 0 : 14604, 7, 2022/03/26, 23:44:24.065, 6233958110302, vstest.console.dll, TestRequestSender.EndSession: Sending end session.
TpTrace Verbose: 0 : 14604, 7, 2022/03/26, 23:44:24.065, 6233958112441, vstest.console.dll, ProxyOperationManager.Close: waiting for test host to exit for 100 ms
TpTrace Warning: 0 : 14604, 13, 2022/03/26, 23:44:24.080, 6233958267187, vstest.console.dll, TestHostManagerCallbacks.ErrorReceivedCallback Test host standard error line: 
TpTrace Verbose: 0 : 14604, 8, 2022/03/26, 23:44:24.086, 6233958322795, vstest.console.dll, TestHostProvider.ExitCallBack: Host exited starting callback.
TpTrace Information: 0 : 14604, 8, 2022/03/26, 23:44:24.087, 6233958331698, vstest.console.dll, TestHostManagerCallbacks.ExitCallBack: Testhost processId: 21404 exited with exitcode: 0 error: ''
TpTrace Verbose: 0 : 14604, 8, 2022/03/26, 23:44:24.087, 6233958332173, vstest.console.dll, DotnetTestHostManager.OnHostExited: invoking OnHostExited callback
TpTrace Verbose: 0 : 14604, 8, 2022/03/26, 23:44:24.087, 6233958332552, vstest.console.dll, CrossPlatEngine.TestHostManagerHostExited: calling on client process exit callback.
TpTrace Information: 0 : 14604, 8, 2022/03/26, 23:44:24.087, 6233958332951, vstest.console.dll, TestRequestSender.OnClientProcessExit: Test host process exited. Standard error: 
TpTrace Information: 0 : 14604, 8, 2022/03/26, 23:44:24.087, 6233958333193, vstest.console.dll, SocketServer.Stop: Stop server endPoint: 127.0.0.1:50697
TpTrace Information: 0 : 14604, 8, 2022/03/26, 23:44:24.087, 6233958333343, vstest.console.dll, SocketServer.Stop: Cancellation requested. Stopping message loop.
TpTrace Warning: 0 : 14604, 7, 2022/03/26, 23:44:24.087, 6233958333353, vstest.console.dll, ProxyOperationManager: Timed out waiting for test host to exit. Will terminate process.
TpTrace Verbose: 0 : 14604, 7, 2022/03/26, 23:44:24.088, 6233958340678, vstest.console.dll, ProxyDataCollectionManager.InvokeDataCollectionServiceAction: Starting.
TpTrace Information: 0 : 14604, 7, 2022/03/26, 23:44:24.088, 6233958341615, vstest.console.dll, ProxyDataCollectionManager.AfterTestRunEnd: Get attachment set for datacollector processId: 24144 port: 50694
TpTrace Verbose: 0 : 14604, 7, 2022/03/26, 23:44:24.088, 6233958342320, vstest.console.dll, DataCollectionRequestSender.SendAfterTestRunStartAndGetResult : Send AfterTestRunEnd message with isCancelled: False
TpTrace Verbose: 0 : 14604, 7, 2022/03/26, 23:44:24.092, 6233958386365, vstest.console.dll, DataCollectionRequestSender.SendAfterTestRunStartAndGetResult : Received message: (DataCollection.AfterTestRunEndResult) -> {
  "AttachmentSets": [],
  "Metrics": {}
}
TpTrace Information: 0 : 14604, 7, 2022/03/26, 23:44:24.095, 6233958415216, vstest.console.dll, ProxyDataCollectionManager.InvokeDataCollectionServiceAction: Completed.
TpTrace Warning: 0 : 14604, 10, 2022/03/26, 23:44:24.097, 6233958429055, vstest.console.dll, DataCollectionLauncher.ErrorReceivedCallback datacollector standard error line: 
TpTrace Information: 0 : 14604, 8, 2022/03/26, 23:44:24.100, 6233958466319, vstest.console.dll, DataCollectionLauncher.ExitCallBack: Data collector exited with exitcode: 0 error: ''
TpTrace Verbose: 0 : 14604, 7, 2022/03/26, 23:44:24.112, 6233958583367, vstest.console.dll, TestRunRequest:SendTestRunStatsChange: Starting.
TpTrace Information: 0 : 14604, 7, 2022/03/26, 23:44:24.112, 6233958584610, vstest.console.dll, TestRunRequest:SendTestRunStatsChange: Completed.
TpTrace Verbose: 0 : 14604, 7, 2022/03/26, 23:44:24.112, 6233958585889, vstest.console.dll, ParallelProxyExecutionManager: HandlePartialRunComplete: Total completed clients = 1, Run complete = True, Run canceled: False.
TpTrace Verbose: 0 : 14604, 7, 2022/03/26, 23:44:24.127, 6233958735946, vstest.console.dll, TestRunRequest:TestRunComplete: Starting. IsAborted:False IsCanceled:False.
TpTrace Verbose: 0 : 14604, 7, 2022/03/26, 23:44:24.128, 6233958738745, vstest.console.dll, TestLoggerManager.HandleTestRunComplete: Ignoring as the object is disposed.
TpTrace Information: 0 : 14604, 7, 2022/03/26, 23:44:24.128, 6233958742496, vstest.console.dll, TestRunRequest:TestRunComplete: Completed.
TpTrace Verbose: 0 : 14604, 1, 2022/03/26, 23:44:24.128, 6233958742565, vstest.console.dll, TestRunRequest.Dispose: Starting.
TpTrace Verbose: 0 : 14604, 7, 2022/03/26, 23:44:24.128, 6233958743287, vstest.console.dll, TestRequestSender.SetOperationComplete: Setting operation complete.
TpTrace Information: 0 : 14604, 1, 2022/03/26, 23:44:24.128, 6233958743718, vstest.console.dll, TestRunRequest.Dispose: Completed.
TpTrace Information: 0 : 14604, 7, 2022/03/26, 23:44:24.128, 6233958744766, vstest.console.dll, SocketServer.Stop: Stop server endPoint: 127.0.0.1:50697
TpTrace Information: 0 : 14604, 7, 2022/03/26, 23:44:24.128, 6233958745236, vstest.console.dll, SocketServer.Stop: Cancellation requested. Stopping message loop.
TpTrace Information: 0 : 14604, 1, 2022/03/26, 23:44:24.128, 6233958744810, vstest.console.dll, TestRequestManager.RunTests: run tests completed.
TpTrace Information: 0 : 14604, 7, 2022/03/26, 23:44:24.128, 6233958745792, vstest.console.dll, SocketServer.PrivateStop: Stopping server endPoint: 127.0.0.1:50697 error: 
TpTrace Information: 0 : 14604, 1, 2022/03/26, 23:44:24.128, 6233958746873, vstest.console.dll, RunTestsArgumentProcessor:Execute: Test run is completed.
TpTrace Verbose: 0 : 14604, 1, 2022/03/26, 23:44:24.129, 6233958748427, vstest.console.dll, Executor.Execute: Exiting with exit code of 0
TpTrace Verbose: 0 : 14604, 7, 2022/03/26, 23:44:24.129, 6233958752029, vstest.console.dll, LengthPrefixCommunicationChannel.Dispose: Dispose reader and writer.
