TpTrace Verbose: 0 : 10972, 1, 2022/03/16, 18:19:13.855, 6603998533984, vstest.console.dll, Version: 17.0.0
TpTrace Information: 0 : 10972, 1, 2022/03/16, 18:19:13.863, 6603998601549, vstest.console.dll, FilePatternParser: The given file D:\c#Code\softuniC#\04.OOP\08.UnitTesting\Exercies\CarManager.Tests\bin\Debug\netcoreapp3.1\fine-code-coverage\build-output\CarManager.Tests.dll is a full path.
TpTrace Verbose: 0 : 10972, 1, 2022/03/16, 18:19:13.868, 6603998645831, vstest.console.dll, TestPluginCache.DiscoverTestExtensions: finding test extensions in assemblies ends with: RuntimeProvider.dll TPluginInfo: Microsoft.VisualStudio.TestPlatform.Common.ExtensionFramework.Utilities.TestRuntimePluginInformation TExtension: Microsoft.VisualStudio.TestPlatform.ObjectModel.Host.ITestRuntimeProvider
TpTrace Verbose: 0 : 10972, 1, 2022/03/16, 18:19:13.868, 6603998652045, vstest.console.dll, TestPluginCache.GetExtensionPaths: Filtered extension paths: 
TpTrace Verbose: 0 : 10972, 1, 2022/03/16, 18:19:13.869, 6603998652812, vstest.console.dll, TestPluginCache.GetExtensionPaths: Added default extension paths: C:\Program Files\dotnet\sdk\6.0.102\Extensions\Microsoft.Diagnostics.NETCore.Client.dll
C:\Program Files\dotnet\sdk\6.0.102\Extensions\Microsoft.TestPlatform.Extensions.BlameDataCollector.dll
C:\Program Files\dotnet\sdk\6.0.102\Extensions\Microsoft.TestPlatform.Extensions.EventLogCollector.dll
C:\Program Files\dotnet\sdk\6.0.102\Extensions\Microsoft.TestPlatform.TestHostRuntimeProvider.dll
C:\Program Files\dotnet\sdk\6.0.102\Extensions\Microsoft.VisualStudio.TestPlatform.Extensions.Html.TestLogger.dll
C:\Program Files\dotnet\sdk\6.0.102\Extensions\Microsoft.VisualStudio.TestPlatform.Extensions.Trx.TestLogger.dll
TpTrace Verbose: 0 : 10972, 1, 2022/03/16, 18:19:13.869, 6603998653081, vstest.console.dll, TestPluginCache.GetExtensionPaths: Added unfilterableExtensionPaths: 
TpTrace Information: 0 : 10972, 1, 2022/03/16, 18:19:13.869, 6603998659170, vstest.console.dll, AssemblyResolver.ctor: Creating AssemblyResolver with searchDirectories C:\Program Files\dotnet\sdk\6.0.102\Extensions,C:\Program Files\dotnet\sdk\6.0.102
TpTrace Verbose: 0 : 10972, 1, 2022/03/16, 18:19:13.870, 6603998668826, vstest.console.dll, TestPluginCache.DiscoverTestExtensions: Discovering the extensions using extension path.
TpTrace Verbose: 0 : 10972, 1, 2022/03/16, 18:19:13.870, 6603998669983, vstest.console.dll, TestPluginCache.GetExtensionPaths: Filtered extension paths: 
TpTrace Verbose: 0 : 10972, 1, 2022/03/16, 18:19:13.870, 6603998670274, vstest.console.dll, TestPluginCache.GetExtensionPaths: Added default extension paths: C:\Program Files\dotnet\sdk\6.0.102\Extensions\Microsoft.Diagnostics.NETCore.Client.dll
C:\Program Files\dotnet\sdk\6.0.102\Extensions\Microsoft.TestPlatform.Extensions.BlameDataCollector.dll
C:\Program Files\dotnet\sdk\6.0.102\Extensions\Microsoft.TestPlatform.Extensions.EventLogCollector.dll
C:\Program Files\dotnet\sdk\6.0.102\Extensions\Microsoft.TestPlatform.TestHostRuntimeProvider.dll
C:\Program Files\dotnet\sdk\6.0.102\Extensions\Microsoft.VisualStudio.TestPlatform.Extensions.Html.TestLogger.dll
C:\Program Files\dotnet\sdk\6.0.102\Extensions\Microsoft.VisualStudio.TestPlatform.Extensions.Trx.TestLogger.dll
TpTrace Verbose: 0 : 10972, 1, 2022/03/16, 18:19:13.870, 6603998670454, vstest.console.dll, TestPluginCache.GetExtensionPaths: Added unfilterableExtensionPaths: 
TpTrace Verbose: 0 : 10972, 1, 2022/03/16, 18:19:13.870, 6603998670893, vstest.console.dll, TestPluginCache.DiscoverTestExtensions: Discovering the extensions using allExtensionPaths: C:\Program Files\dotnet\sdk\6.0.102\Extensions\Microsoft.Diagnostics.NETCore.Client.dll
C:\Program Files\dotnet\sdk\6.0.102\Extensions\Microsoft.TestPlatform.Extensions.BlameDataCollector.dll
C:\Program Files\dotnet\sdk\6.0.102\Extensions\Microsoft.TestPlatform.Extensions.EventLogCollector.dll
C:\Program Files\dotnet\sdk\6.0.102\Extensions\Microsoft.TestPlatform.TestHostRuntimeProvider.dll
C:\Program Files\dotnet\sdk\6.0.102\Extensions\Microsoft.VisualStudio.TestPlatform.Extensions.Html.TestLogger.dll
C:\Program Files\dotnet\sdk\6.0.102\Extensions\Microsoft.VisualStudio.TestPlatform.Extensions.Trx.TestLogger.dll
TpTrace Information: 0 : 10972, 1, 2022/03/16, 18:19:13.871, 6603998672274, vstest.console.dll, AssemblyResolver.AddSearchDirectories: Adding more searchDirectories C:\Program Files\dotnet\sdk\6.0.102\Extensions,C:\Program Files\dotnet\sdk\6.0.102
TpTrace Information: 0 : 10972, 1, 2022/03/16, 18:19:13.871, 6603998672687, vstest.console.dll, AssemblyResolver.AddSearchDirectories: Adding more searchDirectories C:\Program Files\dotnet\sdk\6.0.102\Extensions,C:\Program Files\dotnet\sdk\6.0.102
TpTrace Information: 0 : 10972, 1, 2022/03/16, 18:19:13.871, 6603998672879, vstest.console.dll, AssemblyResolver.AddSearchDirectories: Adding more searchDirectories C:\Program Files\dotnet\sdk\6.0.102\Extensions,C:\Program Files\dotnet\sdk\6.0.102
TpTrace Information: 0 : 10972, 1, 2022/03/16, 18:19:13.871, 6603998673042, vstest.console.dll, AssemblyResolver.AddSearchDirectories: Adding more searchDirectories C:\Program Files\dotnet\sdk\6.0.102\Extensions,C:\Program Files\dotnet\sdk\6.0.102
TpTrace Information: 0 : 10972, 1, 2022/03/16, 18:19:13.871, 6603998673200, vstest.console.dll, AssemblyResolver.AddSearchDirectories: Adding more searchDirectories C:\Program Files\dotnet\sdk\6.0.102\Extensions,C:\Program Files\dotnet\sdk\6.0.102
TpTrace Information: 0 : 10972, 1, 2022/03/16, 18:19:13.871, 6603998673405, vstest.console.dll, AssemblyResolver.AddSearchDirectories: Adding more searchDirectories C:\Program Files\dotnet\sdk\6.0.102\Extensions,C:\Program Files\dotnet\sdk\6.0.102
TpTrace Information: 0 : 10972, 1, 2022/03/16, 18:19:13.871, 6603998676031, vstest.console.dll, AssemblyResolver.OnResolve: Microsoft.Diagnostics.NETCore.Client: Resolving assembly.
TpTrace Information: 0 : 10972, 1, 2022/03/16, 18:19:13.871, 6603998676534, vstest.console.dll, AssemblyResolver.OnResolve: Microsoft.Diagnostics.NETCore.Client: Searching in: 'C:\Program Files\dotnet\sdk\6.0.102\Extensions'.
TpTrace Information: 0 : 10972, 1, 2022/03/16, 18:19:13.872, 6603998682333, vstest.console.dll, AssemblyResolver.OnResolve: Microsoft.Diagnostics.NETCore.Client: Loading assembly 'C:\Program Files\dotnet\sdk\6.0.102\Extensions\Microsoft.Diagnostics.NETCore.Client.dll'.
TpTrace Information: 0 : 10972, 1, 2022/03/16, 18:19:13.872, 6603998687731, vstest.console.dll, AssemblyResolver.OnResolve: Resolved assembly: Microsoft.Diagnostics.NETCore.Client, from path: C:\Program Files\dotnet\sdk\6.0.102\Extensions\Microsoft.Diagnostics.NETCore.Client.dll
TpTrace Information: 0 : 10972, 1, 2022/03/16, 18:19:13.877, 6603998737949, vstest.console.dll, AssemblyResolver.OnResolve: Microsoft.Bcl.AsyncInterfaces: Resolving assembly.
TpTrace Information: 0 : 10972, 1, 2022/03/16, 18:19:13.877, 6603998738779, vstest.console.dll, AssemblyResolver.OnResolve: Microsoft.Bcl.AsyncInterfaces: Searching in: 'C:\Program Files\dotnet\sdk\6.0.102\Extensions'.
TpTrace Information: 0 : 10972, 1, 2022/03/16, 18:19:13.877, 6603998739450, vstest.console.dll, AssemblyResolver.OnResolve: Microsoft.Bcl.AsyncInterfaces: Assembly path does not exist: 'C:\Program Files\dotnet\sdk\6.0.102\Extensions\Microsoft.Bcl.AsyncInterfaces.dll', returning.
TpTrace Information: 0 : 10972, 1, 2022/03/16, 18:19:13.877, 6603998739877, vstest.console.dll, AssemblyResolver.OnResolve: Microsoft.Bcl.AsyncInterfaces: Assembly path does not exist: 'C:\Program Files\dotnet\sdk\6.0.102\Extensions\Microsoft.Bcl.AsyncInterfaces.exe', returning.
TpTrace Information: 0 : 10972, 1, 2022/03/16, 18:19:13.877, 6603998740047, vstest.console.dll, AssemblyResolver.OnResolve: Microsoft.Bcl.AsyncInterfaces: Searching in: 'C:\Program Files\dotnet\sdk\6.0.102'.
TpTrace Information: 0 : 10972, 1, 2022/03/16, 18:19:13.877, 6603998740448, vstest.console.dll, AssemblyResolver.OnResolve: Microsoft.Bcl.AsyncInterfaces: Assembly path does not exist: 'C:\Program Files\dotnet\sdk\6.0.102\Microsoft.Bcl.AsyncInterfaces.dll', returning.
TpTrace Information: 0 : 10972, 1, 2022/03/16, 18:19:13.877, 6603998740791, vstest.console.dll, AssemblyResolver.OnResolve: Microsoft.Bcl.AsyncInterfaces: Assembly path does not exist: 'C:\Program Files\dotnet\sdk\6.0.102\Microsoft.Bcl.AsyncInterfaces.exe', returning.
TpTrace Information: 0 : 10972, 1, 2022/03/16, 18:19:13.877, 6603998741434, vstest.console.dll, AssemblyResolver.OnResolve: Microsoft.Bcl.AsyncInterfaces: Failed to load assembly.
TpTrace Verbose: 0 : 10972, 1, 2022/03/16, 18:19:13.877, 6603998741737, vstest.console.dll, CurrentDomainAssemblyResolve: Resolving assembly 'Microsoft.Bcl.AsyncInterfaces'.
TpTrace Information: 0 : 10972, 1, 2022/03/16, 18:19:13.878, 6603998742187, vstest.console.dll, AssemblyResolver.OnResolve: Microsoft.Bcl.AsyncInterfaces: Resolving assembly.
TpTrace Information: 0 : 10972, 1, 2022/03/16, 18:19:13.878, 6603998742459, vstest.console.dll, AssemblyResolver.OnResolve: Microsoft.Bcl.AsyncInterfaces: Resolved from cache.
TpTrace Verbose: 0 : 10972, 1, 2022/03/16, 18:19:13.878, 6603998742636, vstest.console.dll, CurrentDomainAssemblyResolve: Resolving assembly 'Microsoft.Bcl.AsyncInterfaces'.
TpTrace Verbose: 0 : 10972, 1, 2022/03/16, 18:19:13.878, 6603998742918, vstest.console.dll, CurrentDomainAssemblyResolve: Failed to resolve assembly 'Microsoft.Bcl.AsyncInterfaces'.
TpTrace Verbose: 0 : 10972, 1, 2022/03/16, 18:19:13.878, 6603998746157, vstest.console.dll, CurrentDomainAssemblyResolve: Failed to resolve assembly 'Microsoft.Bcl.AsyncInterfaces'.
TpTrace Warning: 0 : 10972, 1, 2022/03/16, 18:19:13.889, 6603998857515, vstest.console.dll, TestPluginDiscoverer: Failed to get types from assembly 'Microsoft.Diagnostics.NETCore.Client, Version=0.2.4.21401, Culture=neutral, PublicKeyToken=31bf3856ad364e35'.  Skipping test extension scan for this assembly.  Error: System.Reflection.ReflectionTypeLoadException: Unable to load one or more of the requested types.
Could not load file or assembly 'Microsoft.Bcl.AsyncInterfaces, Version=1.0.0.0, Culture=neutral, PublicKeyToken=cc7b13ffcd2ddd51'. The system cannot find the file specified.
   at System.Reflection.RuntimeModule.GetTypes(RuntimeModule module)
   at System.Reflection.Assembly.GetTypes()
   at Microsoft.VisualStudio.TestPlatform.Common.ExtensionFramework.TestPluginDiscoverer.GetTestExtensionsFromAssembly[TPluginInfo,TExtension](Assembly assembly, Dictionary`2 pluginInfos)
System.IO.FileNotFoundException: Could not load file or assembly 'Microsoft.Bcl.AsyncInterfaces, Version=1.0.0.0, Culture=neutral, PublicKeyToken=cc7b13ffcd2ddd51'. The system cannot find the file specified.
File name: 'Microsoft.Bcl.AsyncInterfaces, Version=1.0.0.0, Culture=neutral, PublicKeyToken=cc7b13ffcd2ddd51'
 ---> System.IO.FileNotFoundException: Could not load file or assembly 'Microsoft.Bcl.AsyncInterfaces, Culture=neutral, PublicKeyToken=null'. The system cannot find the file specified.
File name: 'Microsoft.Bcl.AsyncInterfaces, Culture=neutral, PublicKeyToken=null'
   at System.Reflection.RuntimeAssembly.InternalLoad(ObjectHandleOnStack assemblyName, ObjectHandleOnStack requestingAssembly, StackCrawlMarkHandle stackMark, Boolean throwOnFileNotFound, ObjectHandleOnStack assemblyLoadContext, ObjectHandleOnStack retAssembly)
   at System.Reflection.RuntimeAssembly.InternalLoad(AssemblyName assemblyName, RuntimeAssembly requestingAssembly, StackCrawlMark& stackMark, Boolean throwOnFileNotFound, AssemblyLoadContext assemblyLoadContext)
   at System.Reflection.Assembly.Load(AssemblyName assemblyRef)
   at Microsoft.VisualStudio.TestPlatform.Common.ExtensionFramework.TestPluginCache.CurrentDomainAssemblyResolve(Object sender, AssemblyResolveEventArgs args)
   at Microsoft.VisualStudio.TestPlatform.PlatformAbstractions.PlatformAssemblyResolver.AssemblyResolverEvent(Object sender, Object eventArgs)
   at System.Runtime.Loader.AssemblyLoadContext.GetFirstResolvedAssemblyFromResolvingEvent(AssemblyName assemblyName)
   at System.Runtime.Loader.AssemblyLoadContext.ResolveUsingEvent(AssemblyName assemblyName)
   at System.Runtime.Loader.AssemblyLoadContext.ResolveUsingResolvingEvent(IntPtr gchManagedAssemblyLoadContext, AssemblyName assemblyName)
TpTrace Warning: 0 : 10972, 1, 2022/03/16, 18:19:13.889, 6603998859554, vstest.console.dll, LoaderExceptions: System.IO.FileNotFoundException: Could not load file or assembly 'Microsoft.Bcl.AsyncInterfaces, Version=1.0.0.0, Culture=neutral, PublicKeyToken=cc7b13ffcd2ddd51'. The system cannot find the file specified.
File name: 'Microsoft.Bcl.AsyncInterfaces, Version=1.0.0.0, Culture=neutral, PublicKeyToken=cc7b13ffcd2ddd51'
 ---> System.IO.FileNotFoundException: Could not load file or assembly 'Microsoft.Bcl.AsyncInterfaces, Culture=neutral, PublicKeyToken=null'. The system cannot find the file specified.
File name: 'Microsoft.Bcl.AsyncInterfaces, Culture=neutral, PublicKeyToken=null'
   at System.Reflection.RuntimeAssembly.InternalLoad(ObjectHandleOnStack assemblyName, ObjectHandleOnStack requestingAssembly, StackCrawlMarkHandle stackMark, Boolean throwOnFileNotFound, ObjectHandleOnStack assemblyLoadContext, ObjectHandleOnStack retAssembly)
   at System.Reflection.RuntimeAssembly.InternalLoad(AssemblyName assemblyName, RuntimeAssembly requestingAssembly, StackCrawlMark& stackMark, Boolean throwOnFileNotFound, AssemblyLoadContext assemblyLoadContext)
   at System.Reflection.Assembly.Load(AssemblyName assemblyRef)
   at Microsoft.VisualStudio.TestPlatform.Common.ExtensionFramework.TestPluginCache.CurrentDomainAssemblyResolve(Object sender, AssemblyResolveEventArgs args)
   at Microsoft.VisualStudio.TestPlatform.PlatformAbstractions.PlatformAssemblyResolver.AssemblyResolverEvent(Object sender, Object eventArgs)
   at System.Runtime.Loader.AssemblyLoadContext.GetFirstResolvedAssemblyFromResolvingEvent(AssemblyName assemblyName)
   at System.Runtime.Loader.AssemblyLoadContext.ResolveUsingEvent(AssemblyName assemblyName)
   at System.Runtime.Loader.AssemblyLoadContext.ResolveUsingResolvingEvent(IntPtr gchManagedAssemblyLoadContext, AssemblyName assemblyName)
TpTrace Information: 0 : 10972, 1, 2022/03/16, 18:19:13.889, 6603998860514, vstest.console.dll, AssemblyResolver.OnResolve: Microsoft.TestPlatform.Extensions.BlameDataCollector: Resolving assembly.
TpTrace Information: 0 : 10972, 1, 2022/03/16, 18:19:13.889, 6603998860814, vstest.console.dll, AssemblyResolver.OnResolve: Microsoft.TestPlatform.Extensions.BlameDataCollector: Searching in: 'C:\Program Files\dotnet\sdk\6.0.102\Extensions'.
TpTrace Information: 0 : 10972, 1, 2022/03/16, 18:19:13.890, 6603998866593, vstest.console.dll, AssemblyResolver.OnResolve: Microsoft.TestPlatform.Extensions.BlameDataCollector: Loading assembly 'C:\Program Files\dotnet\sdk\6.0.102\Extensions\Microsoft.TestPlatform.Extensions.BlameDataCollector.dll'.
TpTrace Information: 0 : 10972, 1, 2022/03/16, 18:19:13.891, 6603998872212, vstest.console.dll, AssemblyResolver.OnResolve: Resolved assembly: Microsoft.TestPlatform.Extensions.BlameDataCollector, from path: C:\Program Files\dotnet\sdk\6.0.102\Extensions\Microsoft.TestPlatform.Extensions.BlameDataCollector.dll
TpTrace Information: 0 : 10972, 1, 2022/03/16, 18:19:13.891, 6603998877394, vstest.console.dll, AssemblyResolver.OnResolve: Microsoft.TestPlatform.Extensions.EventLogCollector: Resolving assembly.
TpTrace Information: 0 : 10972, 1, 2022/03/16, 18:19:13.891, 6603998877810, vstest.console.dll, AssemblyResolver.OnResolve: Microsoft.TestPlatform.Extensions.EventLogCollector: Searching in: 'C:\Program Files\dotnet\sdk\6.0.102\Extensions'.
TpTrace Information: 0 : 10972, 1, 2022/03/16, 18:19:13.891, 6603998881269, vstest.console.dll, AssemblyResolver.OnResolve: Microsoft.TestPlatform.Extensions.EventLogCollector: Loading assembly 'C:\Program Files\dotnet\sdk\6.0.102\Extensions\Microsoft.TestPlatform.Extensions.EventLogCollector.dll'.
TpTrace Information: 0 : 10972, 1, 2022/03/16, 18:19:13.892, 6603998884849, vstest.console.dll, AssemblyResolver.OnResolve: Resolved assembly: Microsoft.TestPlatform.Extensions.EventLogCollector, from path: C:\Program Files\dotnet\sdk\6.0.102\Extensions\Microsoft.TestPlatform.Extensions.EventLogCollector.dll
TpTrace Information: 0 : 10972, 1, 2022/03/16, 18:19:13.894, 6603998907223, vstest.console.dll, AssemblyResolver.OnResolve: Microsoft.TestPlatform.TestHostRuntimeProvider: Resolving assembly.
TpTrace Information: 0 : 10972, 1, 2022/03/16, 18:19:13.894, 6603998908498, vstest.console.dll, AssemblyResolver.OnResolve: Microsoft.TestPlatform.TestHostRuntimeProvider: Searching in: 'C:\Program Files\dotnet\sdk\6.0.102\Extensions'.
TpTrace Information: 0 : 10972, 1, 2022/03/16, 18:19:13.895, 6603998914527, vstest.console.dll, AssemblyResolver.OnResolve: Microsoft.TestPlatform.TestHostRuntimeProvider: Loading assembly 'C:\Program Files\dotnet\sdk\6.0.102\Extensions\Microsoft.TestPlatform.TestHostRuntimeProvider.dll'.
TpTrace Information: 0 : 10972, 1, 2022/03/16, 18:19:13.895, 6603998921428, vstest.console.dll, AssemblyResolver.OnResolve: Resolved assembly: Microsoft.TestPlatform.TestHostRuntimeProvider, from path: C:\Program Files\dotnet\sdk\6.0.102\Extensions\Microsoft.TestPlatform.TestHostRuntimeProvider.dll
TpTrace Information: 0 : 10972, 1, 2022/03/16, 18:19:13.897, 6603998934220, vstest.console.dll, AssemblyResolver.OnResolve: Microsoft.VisualStudio.TestPlatform.Extensions.Html.TestLogger: Resolving assembly.
TpTrace Information: 0 : 10972, 1, 2022/03/16, 18:19:13.897, 6603998935204, vstest.console.dll, AssemblyResolver.OnResolve: Microsoft.VisualStudio.TestPlatform.Extensions.Html.TestLogger: Searching in: 'C:\Program Files\dotnet\sdk\6.0.102\Extensions'.
TpTrace Information: 0 : 10972, 1, 2022/03/16, 18:19:13.897, 6603998940324, vstest.console.dll, AssemblyResolver.OnResolve: Microsoft.VisualStudio.TestPlatform.Extensions.Html.TestLogger: Loading assembly 'C:\Program Files\dotnet\sdk\6.0.102\Extensions\Microsoft.VisualStudio.TestPlatform.Extensions.Html.TestLogger.dll'.
TpTrace Information: 0 : 10972, 1, 2022/03/16, 18:19:13.898, 6603998945234, vstest.console.dll, AssemblyResolver.OnResolve: Resolved assembly: Microsoft.VisualStudio.TestPlatform.Extensions.Html.TestLogger, from path: C:\Program Files\dotnet\sdk\6.0.102\Extensions\Microsoft.VisualStudio.TestPlatform.Extensions.Html.TestLogger.dll
TpTrace Information: 0 : 10972, 1, 2022/03/16, 18:19:13.898, 6603998948744, vstest.console.dll, AssemblyResolver.OnResolve: Microsoft.VisualStudio.TestPlatform.Extensions.Trx.TestLogger: Resolving assembly.
TpTrace Information: 0 : 10972, 1, 2022/03/16, 18:19:13.898, 6603998949299, vstest.console.dll, AssemblyResolver.OnResolve: Microsoft.VisualStudio.TestPlatform.Extensions.Trx.TestLogger: Searching in: 'C:\Program Files\dotnet\sdk\6.0.102\Extensions'.
TpTrace Information: 0 : 10972, 1, 2022/03/16, 18:19:13.899, 6603998953320, vstest.console.dll, AssemblyResolver.OnResolve: Microsoft.VisualStudio.TestPlatform.Extensions.Trx.TestLogger: Loading assembly 'C:\Program Files\dotnet\sdk\6.0.102\Extensions\Microsoft.VisualStudio.TestPlatform.Extensions.Trx.TestLogger.dll'.
TpTrace Information: 0 : 10972, 1, 2022/03/16, 18:19:13.899, 6603998958549, vstest.console.dll, AssemblyResolver.OnResolve: Resolved assembly: Microsoft.VisualStudio.TestPlatform.Extensions.Trx.TestLogger, from path: C:\Program Files\dotnet\sdk\6.0.102\Extensions\Microsoft.VisualStudio.TestPlatform.Extensions.Trx.TestLogger.dll
TpTrace Verbose: 0 : 10972, 1, 2022/03/16, 18:19:13.900, 6603998964069, vstest.console.dll, TestPluginCache: Discovered the extensions using extension path ''.
TpTrace Verbose: 0 : 10972, 1, 2022/03/16, 18:19:13.900, 6603998964763, vstest.console.dll, TestPluginCache: Discoverers are ''.
TpTrace Verbose: 0 : 10972, 1, 2022/03/16, 18:19:13.900, 6603998964931, vstest.console.dll, TestPluginCache: Executors are ''.
TpTrace Verbose: 0 : 10972, 1, 2022/03/16, 18:19:13.900, 6603998965077, vstest.console.dll, TestPluginCache: Executors2 are ''.
TpTrace Verbose: 0 : 10972, 1, 2022/03/16, 18:19:13.900, 6603998965215, vstest.console.dll, TestPluginCache: Setting providers are ''.
TpTrace Verbose: 0 : 10972, 1, 2022/03/16, 18:19:13.900, 6603998965354, vstest.console.dll, TestPluginCache: Loggers are ''.
TpTrace Information: 0 : 10972, 1, 2022/03/16, 18:19:13.904, 6603999006005, vstest.console.dll, RunTestsArgumentProcessor:Execute: Test run is starting.
TpTrace Verbose: 0 : 10972, 1, 2022/03/16, 18:19:13.904, 6603999006967, vstest.console.dll, RunTestsArgumentProcessor:Execute: Queuing Test run.
TpTrace Information: 0 : 10972, 1, 2022/03/16, 18:19:13.904, 6603999008423, vstest.console.dll, TestRequestManager.RunTests: run tests started.
TpTrace Information: 0 : 10972, 1, 2022/03/16, 18:19:13.907, 6603999034988, vstest.console.dll, AssemblyMetadataProvider.GetFrameWork: Determined framework:'.NETCoreApp,Version=v3.1' for source: 'D:\c#Code\softuniC#\04.OOP\08.UnitTesting\Exercies\CarManager.Tests\bin\Debug\netcoreapp3.1\fine-code-coverage\build-output\CarManager.Tests.dll'
TpTrace Information: 0 : 10972, 1, 2022/03/16, 18:19:13.907, 6603999036470, vstest.console.dll, Determined framework for all sources: .NETCoreApp,Version=v3.1
TpTrace Information: 0 : 10972, 1, 2022/03/16, 18:19:13.907, 6603999039790, vstest.console.dll, AssemblyMetadataProvider.GetArchitecture: Determined architecture:AnyCPU info for assembly: D:\c#Code\softuniC#\04.OOP\08.UnitTesting\Exercies\CarManager.Tests\bin\Debug\netcoreapp3.1\fine-code-coverage\build-output\CarManager.Tests.dll
TpTrace Information: 0 : 10972, 1, 2022/03/16, 18:19:13.909, 6603999053073, vstest.console.dll, Determined platform for all sources: X64
TpTrace Information: 0 : 10972, 1, 2022/03/16, 18:19:13.910, 6603999071311, vstest.console.dll, Compatible sources list : 
TpTrace Information: 0 : 10972, 1, 2022/03/16, 18:19:13.911, 6603999072178, vstest.console.dll, D:\c#Code\softuniC#\04.OOP\08.UnitTesting\Exercies\CarManager.Tests\bin\Debug\netcoreapp3.1\fine-code-coverage\build-output\CarManager.Tests.dll
TpTrace Information: 0 : 10972, 1, 2022/03/16, 18:19:13.912, 6603999089409, vstest.console.dll, InferRunSettingsHelper.IsTestSettingsEnabled: Unable to navigate to RunSettings/MSTest. Current node: RunSettings
TpTrace Information: 0 : 10972, 1, 2022/03/16, 18:19:13.913, 6603999094944, vstest.console.dll, AssemblyResolver.OnResolve: Microsoft.VisualStudio.TestPlatform.Fakes: Resolving assembly.
TpTrace Information: 0 : 10972, 1, 2022/03/16, 18:19:13.913, 6603999095534, vstest.console.dll, AssemblyResolver.OnResolve: Microsoft.VisualStudio.TestPlatform.Fakes: Searching in: 'C:\Program Files\dotnet\sdk\6.0.102\Extensions'.
TpTrace Information: 0 : 10972, 1, 2022/03/16, 18:19:13.913, 6603999096586, vstest.console.dll, AssemblyResolver.OnResolve: Microsoft.VisualStudio.TestPlatform.Fakes: Assembly path does not exist: 'C:\Program Files\dotnet\sdk\6.0.102\Extensions\Microsoft.VisualStudio.TestPlatform.Fakes.dll', returning.
TpTrace Information: 0 : 10972, 1, 2022/03/16, 18:19:13.913, 6603999096984, vstest.console.dll, AssemblyResolver.OnResolve: Microsoft.VisualStudio.TestPlatform.Fakes: Assembly path does not exist: 'C:\Program Files\dotnet\sdk\6.0.102\Extensions\Microsoft.VisualStudio.TestPlatform.Fakes.exe', returning.
TpTrace Information: 0 : 10972, 1, 2022/03/16, 18:19:13.913, 6603999097153, vstest.console.dll, AssemblyResolver.OnResolve: Microsoft.VisualStudio.TestPlatform.Fakes: Searching in: 'C:\Program Files\dotnet\sdk\6.0.102'.
TpTrace Information: 0 : 10972, 1, 2022/03/16, 18:19:13.913, 6603999097587, vstest.console.dll, AssemblyResolver.OnResolve: Microsoft.VisualStudio.TestPlatform.Fakes: Assembly path does not exist: 'C:\Program Files\dotnet\sdk\6.0.102\Microsoft.VisualStudio.TestPlatform.Fakes.dll', returning.
TpTrace Information: 0 : 10972, 1, 2022/03/16, 18:19:13.913, 6603999097992, vstest.console.dll, AssemblyResolver.OnResolve: Microsoft.VisualStudio.TestPlatform.Fakes: Assembly path does not exist: 'C:\Program Files\dotnet\sdk\6.0.102\Microsoft.VisualStudio.TestPlatform.Fakes.exe', returning.
TpTrace Information: 0 : 10972, 1, 2022/03/16, 18:19:13.913, 6603999098160, vstest.console.dll, AssemblyResolver.OnResolve: Microsoft.VisualStudio.TestPlatform.Fakes: Failed to load assembly.
TpTrace Information: 0 : 10972, 1, 2022/03/16, 18:19:13.913, 6603999100269, vstest.console.dll, Failed to load assembly Microsoft.VisualStudio.TestPlatform.Fakes, Version=17.0.0.0, Culture=neutral. Reason:System.IO.FileNotFoundException: Could not load file or assembly 'Microsoft.VisualStudio.TestPlatform.Fakes, Version=17.0.0.0, Culture=neutral, PublicKeyToken=null'. The system cannot find the file specified.
File name: 'Microsoft.VisualStudio.TestPlatform.Fakes, Version=17.0.0.0, Culture=neutral, PublicKeyToken=null'
   at System.Reflection.RuntimeAssembly.InternalLoad(ObjectHandleOnStack assemblyName, ObjectHandleOnStack requestingAssembly, StackCrawlMarkHandle stackMark, Boolean throwOnFileNotFound, ObjectHandleOnStack assemblyLoadContext, ObjectHandleOnStack retAssembly)
   at System.Reflection.RuntimeAssembly.InternalLoad(AssemblyName assemblyName, RuntimeAssembly requestingAssembly, StackCrawlMark& stackMark, Boolean throwOnFileNotFound, AssemblyLoadContext assemblyLoadContext)
   at System.Reflection.Assembly.Load(AssemblyName assemblyRef)
   at Microsoft.VisualStudio.TestPlatform.Common.Utilities.FakesUtilities.LoadTestPlatformAssembly()
TpTrace Verbose: 0 : 10972, 1, 2022/03/16, 18:19:13.916, 6603999129948, vstest.console.dll, TestPluginCache.DiscoverTestExtensions: finding test extensions in assemblies ends with: TestLogger.dll TPluginInfo: Microsoft.VisualStudio.TestPlatform.Common.ExtensionFramework.Utilities.TestLoggerPluginInformation TExtension: Microsoft.VisualStudio.TestPlatform.ObjectModel.Client.ITestLogger
TpTrace Verbose: 0 : 10972, 1, 2022/03/16, 18:19:13.916, 6603999130890, vstest.console.dll, TestPluginCache.GetExtensionPaths: Filtered extension paths: 
TpTrace Verbose: 0 : 10972, 1, 2022/03/16, 18:19:13.916, 6603999131093, vstest.console.dll, TestPluginCache.GetExtensionPaths: Added default extension paths: C:\Program Files\dotnet\sdk\6.0.102\Extensions\Microsoft.Diagnostics.NETCore.Client.dll
C:\Program Files\dotnet\sdk\6.0.102\Extensions\Microsoft.TestPlatform.Extensions.BlameDataCollector.dll
C:\Program Files\dotnet\sdk\6.0.102\Extensions\Microsoft.TestPlatform.Extensions.EventLogCollector.dll
C:\Program Files\dotnet\sdk\6.0.102\Extensions\Microsoft.TestPlatform.TestHostRuntimeProvider.dll
C:\Program Files\dotnet\sdk\6.0.102\Extensions\Microsoft.VisualStudio.TestPlatform.Extensions.Html.TestLogger.dll
C:\Program Files\dotnet\sdk\6.0.102\Extensions\Microsoft.VisualStudio.TestPlatform.Extensions.Trx.TestLogger.dll
TpTrace Verbose: 0 : 10972, 1, 2022/03/16, 18:19:13.916, 6603999131270, vstest.console.dll, TestPluginCache.GetExtensionPaths: Added unfilterableExtensionPaths: 
TpTrace Information: 0 : 10972, 1, 2022/03/16, 18:19:13.917, 6603999132663, vstest.console.dll, AssemblyResolver.AddSearchDirectories: Adding more searchDirectories C:\Program Files\dotnet\sdk\6.0.102\Extensions,C:\Program Files\dotnet\sdk\6.0.102
TpTrace Verbose: 0 : 10972, 1, 2022/03/16, 18:19:13.917, 6603999132951, vstest.console.dll, TestPluginCache.DiscoverTestExtensions: Discovering the extensions using extension path.
TpTrace Verbose: 0 : 10972, 1, 2022/03/16, 18:19:13.917, 6603999133169, vstest.console.dll, TestPluginCache.GetExtensionPaths: Filtered extension paths: 
TpTrace Verbose: 0 : 10972, 1, 2022/03/16, 18:19:13.917, 6603999133397, vstest.console.dll, TestPluginCache.GetExtensionPaths: Added default extension paths: C:\Program Files\dotnet\sdk\6.0.102\Extensions\Microsoft.Diagnostics.NETCore.Client.dll
C:\Program Files\dotnet\sdk\6.0.102\Extensions\Microsoft.TestPlatform.Extensions.BlameDataCollector.dll
C:\Program Files\dotnet\sdk\6.0.102\Extensions\Microsoft.TestPlatform.Extensions.EventLogCollector.dll
C:\Program Files\dotnet\sdk\6.0.102\Extensions\Microsoft.TestPlatform.TestHostRuntimeProvider.dll
C:\Program Files\dotnet\sdk\6.0.102\Extensions\Microsoft.VisualStudio.TestPlatform.Extensions.Html.TestLogger.dll
C:\Program Files\dotnet\sdk\6.0.102\Extensions\Microsoft.VisualStudio.TestPlatform.Extensions.Trx.TestLogger.dll
TpTrace Verbose: 0 : 10972, 1, 2022/03/16, 18:19:13.917, 6603999133567, vstest.console.dll, TestPluginCache.GetExtensionPaths: Added unfilterableExtensionPaths: 
TpTrace Verbose: 0 : 10972, 1, 2022/03/16, 18:19:13.917, 6603999133754, vstest.console.dll, TestPluginCache.DiscoverTestExtensions: Discovering the extensions using allExtensionPaths: C:\Program Files\dotnet\sdk\6.0.102\Extensions\Microsoft.Diagnostics.NETCore.Client.dll
C:\Program Files\dotnet\sdk\6.0.102\Extensions\Microsoft.TestPlatform.Extensions.BlameDataCollector.dll
C:\Program Files\dotnet\sdk\6.0.102\Extensions\Microsoft.TestPlatform.Extensions.EventLogCollector.dll
C:\Program Files\dotnet\sdk\6.0.102\Extensions\Microsoft.TestPlatform.TestHostRuntimeProvider.dll
C:\Program Files\dotnet\sdk\6.0.102\Extensions\Microsoft.VisualStudio.TestPlatform.Extensions.Html.TestLogger.dll
C:\Program Files\dotnet\sdk\6.0.102\Extensions\Microsoft.VisualStudio.TestPlatform.Extensions.Trx.TestLogger.dll
TpTrace Information: 0 : 10972, 1, 2022/03/16, 18:19:13.917, 6603999134117, vstest.console.dll, AssemblyResolver.AddSearchDirectories: Adding more searchDirectories C:\Program Files\dotnet\sdk\6.0.102\Extensions,C:\Program Files\dotnet\sdk\6.0.102
TpTrace Information: 0 : 10972, 1, 2022/03/16, 18:19:13.917, 6603999134684, vstest.console.dll, AssemblyResolver.AddSearchDirectories: Adding more searchDirectories C:\Program Files\dotnet\sdk\6.0.102\Extensions,C:\Program Files\dotnet\sdk\6.0.102
TpTrace Information: 0 : 10972, 1, 2022/03/16, 18:19:13.917, 6603999134854, vstest.console.dll, AssemblyResolver.AddSearchDirectories: Adding more searchDirectories C:\Program Files\dotnet\sdk\6.0.102\Extensions,C:\Program Files\dotnet\sdk\6.0.102
TpTrace Information: 0 : 10972, 1, 2022/03/16, 18:19:13.917, 6603999135010, vstest.console.dll, AssemblyResolver.AddSearchDirectories: Adding more searchDirectories C:\Program Files\dotnet\sdk\6.0.102\Extensions,C:\Program Files\dotnet\sdk\6.0.102
TpTrace Information: 0 : 10972, 1, 2022/03/16, 18:19:13.917, 6603999135200, vstest.console.dll, AssemblyResolver.AddSearchDirectories: Adding more searchDirectories C:\Program Files\dotnet\sdk\6.0.102\Extensions,C:\Program Files\dotnet\sdk\6.0.102
TpTrace Information: 0 : 10972, 1, 2022/03/16, 18:19:13.917, 6603999135358, vstest.console.dll, AssemblyResolver.AddSearchDirectories: Adding more searchDirectories C:\Program Files\dotnet\sdk\6.0.102\Extensions,C:\Program Files\dotnet\sdk\6.0.102
TpTrace Information: 0 : 10972, 1, 2022/03/16, 18:19:13.917, 6603999137242, vstest.console.dll, AssemblyResolver.OnResolve: Microsoft.Bcl.AsyncInterfaces: Resolving assembly.
TpTrace Information: 0 : 10972, 1, 2022/03/16, 18:19:13.917, 6603999137532, vstest.console.dll, AssemblyResolver.OnResolve: Microsoft.Bcl.AsyncInterfaces: Resolved from cache.
TpTrace Verbose: 0 : 10972, 1, 2022/03/16, 18:19:13.917, 6603999137750, vstest.console.dll, CurrentDomainAssemblyResolve: Resolving assembly 'Microsoft.Bcl.AsyncInterfaces'.
TpTrace Information: 0 : 10972, 1, 2022/03/16, 18:19:13.917, 6603999138017, vstest.console.dll, AssemblyResolver.OnResolve: Microsoft.Bcl.AsyncInterfaces: Resolving assembly.
TpTrace Information: 0 : 10972, 1, 2022/03/16, 18:19:13.917, 6603999138188, vstest.console.dll, AssemblyResolver.OnResolve: Microsoft.Bcl.AsyncInterfaces: Resolved from cache.
TpTrace Verbose: 0 : 10972, 1, 2022/03/16, 18:19:13.917, 6603999138355, vstest.console.dll, CurrentDomainAssemblyResolve: Resolving assembly 'Microsoft.Bcl.AsyncInterfaces'.
TpTrace Verbose: 0 : 10972, 1, 2022/03/16, 18:19:13.917, 6603999138538, vstest.console.dll, CurrentDomainAssemblyResolve: Failed to resolve assembly 'Microsoft.Bcl.AsyncInterfaces'.
TpTrace Verbose: 0 : 10972, 1, 2022/03/16, 18:19:13.917, 6603999139691, vstest.console.dll, CurrentDomainAssemblyResolve: Failed to resolve assembly 'Microsoft.Bcl.AsyncInterfaces'.
TpTrace Warning: 0 : 10972, 1, 2022/03/16, 18:19:13.918, 6603999142319, vstest.console.dll, TestPluginDiscoverer: Failed to get types from assembly 'Microsoft.Diagnostics.NETCore.Client, Version=0.2.4.21401, Culture=neutral, PublicKeyToken=31bf3856ad364e35'.  Skipping test extension scan for this assembly.  Error: System.Reflection.ReflectionTypeLoadException: Unable to load one or more of the requested types.
Could not load file or assembly 'Microsoft.Bcl.AsyncInterfaces, Version=1.0.0.0, Culture=neutral, PublicKeyToken=cc7b13ffcd2ddd51'. The system cannot find the file specified.
   at System.Reflection.RuntimeModule.GetTypes(RuntimeModule module)
   at System.Reflection.Assembly.GetTypes()
   at Microsoft.VisualStudio.TestPlatform.Common.ExtensionFramework.TestPluginDiscoverer.GetTestExtensionsFromAssembly[TPluginInfo,TExtension](Assembly assembly, Dictionary`2 pluginInfos)
System.IO.FileNotFoundException: Could not load file or assembly 'Microsoft.Bcl.AsyncInterfaces, Version=1.0.0.0, Culture=neutral, PublicKeyToken=cc7b13ffcd2ddd51'. The system cannot find the file specified.
File name: 'Microsoft.Bcl.AsyncInterfaces, Version=1.0.0.0, Culture=neutral, PublicKeyToken=cc7b13ffcd2ddd51'
 ---> System.IO.FileNotFoundException: Could not load file or assembly 'Microsoft.Bcl.AsyncInterfaces, Culture=neutral, PublicKeyToken=null'. The system cannot find the file specified.
File name: 'Microsoft.Bcl.AsyncInterfaces, Culture=neutral, PublicKeyToken=null'
   at System.Reflection.RuntimeAssembly.InternalLoad(ObjectHandleOnStack assemblyName, ObjectHandleOnStack requestingAssembly, StackCrawlMarkHandle stackMark, Boolean throwOnFileNotFound, ObjectHandleOnStack assemblyLoadContext, ObjectHandleOnStack retAssembly)
   at System.Reflection.RuntimeAssembly.InternalLoad(AssemblyName assemblyName, RuntimeAssembly requestingAssembly, StackCrawlMark& stackMark, Boolean throwOnFileNotFound, AssemblyLoadContext assemblyLoadContext)
   at System.Reflection.Assembly.Load(AssemblyName assemblyRef)
   at Microsoft.VisualStudio.TestPlatform.Common.ExtensionFramework.TestPluginCache.CurrentDomainAssemblyResolve(Object sender, AssemblyResolveEventArgs args)
   at Microsoft.VisualStudio.TestPlatform.PlatformAbstractions.PlatformAssemblyResolver.AssemblyResolverEvent(Object sender, Object eventArgs)
   at System.Runtime.Loader.AssemblyLoadContext.GetFirstResolvedAssemblyFromResolvingEvent(AssemblyName assemblyName)
   at System.Runtime.Loader.AssemblyLoadContext.ResolveUsingEvent(AssemblyName assemblyName)
   at System.Runtime.Loader.AssemblyLoadContext.ResolveUsingResolvingEvent(IntPtr gchManagedAssemblyLoadContext, AssemblyName assemblyName)
TpTrace Warning: 0 : 10972, 1, 2022/03/16, 18:19:13.918, 6603999143891, vstest.console.dll, LoaderExceptions: System.IO.FileNotFoundException: Could not load file or assembly 'Microsoft.Bcl.AsyncInterfaces, Version=1.0.0.0, Culture=neutral, PublicKeyToken=cc7b13ffcd2ddd51'. The system cannot find the file specified.
File name: 'Microsoft.Bcl.AsyncInterfaces, Version=1.0.0.0, Culture=neutral, PublicKeyToken=cc7b13ffcd2ddd51'
 ---> System.IO.FileNotFoundException: Could not load file or assembly 'Microsoft.Bcl.AsyncInterfaces, Culture=neutral, PublicKeyToken=null'. The system cannot find the file specified.
File name: 'Microsoft.Bcl.AsyncInterfaces, Culture=neutral, PublicKeyToken=null'
   at System.Reflection.RuntimeAssembly.InternalLoad(ObjectHandleOnStack assemblyName, ObjectHandleOnStack requestingAssembly, StackCrawlMarkHandle stackMark, Boolean throwOnFileNotFound, ObjectHandleOnStack assemblyLoadContext, ObjectHandleOnStack retAssembly)
   at System.Reflection.RuntimeAssembly.InternalLoad(AssemblyName assemblyName, RuntimeAssembly requestingAssembly, StackCrawlMark& stackMark, Boolean throwOnFileNotFound, AssemblyLoadContext assemblyLoadContext)
   at System.Reflection.Assembly.Load(AssemblyName assemblyRef)
   at Microsoft.VisualStudio.TestPlatform.Common.ExtensionFramework.TestPluginCache.CurrentDomainAssemblyResolve(Object sender, AssemblyResolveEventArgs args)
   at Microsoft.VisualStudio.TestPlatform.PlatformAbstractions.PlatformAssemblyResolver.AssemblyResolverEvent(Object sender, Object eventArgs)
   at System.Runtime.Loader.AssemblyLoadContext.GetFirstResolvedAssemblyFromResolvingEvent(AssemblyName assemblyName)
   at System.Runtime.Loader.AssemblyLoadContext.ResolveUsingEvent(AssemblyName assemblyName)
   at System.Runtime.Loader.AssemblyLoadContext.ResolveUsingResolvingEvent(IntPtr gchManagedAssemblyLoadContext, AssemblyName assemblyName)
TpTrace Verbose: 0 : 10972, 1, 2022/03/16, 18:19:13.918, 6603999146849, vstest.console.dll, TestPluginCache: Discovered the extensions using extension path ''.
TpTrace Verbose: 0 : 10972, 1, 2022/03/16, 18:19:13.918, 6603999147177, vstest.console.dll, TestPluginCache: Discoverers are ''.
TpTrace Verbose: 0 : 10972, 1, 2022/03/16, 18:19:13.918, 6603999147334, vstest.console.dll, TestPluginCache: Executors are ''.
TpTrace Verbose: 0 : 10972, 1, 2022/03/16, 18:19:13.918, 6603999147475, vstest.console.dll, TestPluginCache: Executors2 are ''.
TpTrace Verbose: 0 : 10972, 1, 2022/03/16, 18:19:13.918, 6603999147612, vstest.console.dll, TestPluginCache: Setting providers are ''.
TpTrace Verbose: 0 : 10972, 1, 2022/03/16, 18:19:13.918, 6603999148110, vstest.console.dll, TestPluginCache: Loggers are 'logger://Microsoft/TestPlatform/Extensions/Blame/v1,logger://Microsoft/TestPlatform/HtmlLogger/v1,logger://Microsoft/TestPlatform/TrxLogger/v1'.
TpTrace Information: 0 : 10972, 1, 2022/03/16, 18:19:13.919, 6603999153143, vstest.console.dll, TestPluginManager.CreateTestExtension: Attempting to load test extension: Microsoft.TestPlatform.Extensions.BlameDataCollector.BlameLogger
TpTrace Information: 0 : 10972, 1, 2022/03/16, 18:19:13.923, 6603999201443, vstest.console.dll, TestPluginManager.CreateTestExtension: Attempting to load test extension: Microsoft.VisualStudio.TestPlatform.CrossPlatEngine.Hosting.DefaultTestHostManager
TpTrace Information: 0 : 10972, 1, 2022/03/16, 18:19:13.924, 6603999204023, vstest.console.dll, TestPluginManager.CreateTestExtension: Attempting to load test extension: Microsoft.VisualStudio.TestPlatform.CrossPlatEngine.Hosting.DotnetTestHostManager
TpTrace Verbose: 0 : 10972, 1, 2022/03/16, 18:19:13.924, 6603999208261, vstest.console.dll, TestEngine: Initializing Parallel Execution as MaxCpuCount is set to: 1
TpTrace Information: 0 : 10972, 1, 2022/03/16, 18:19:13.925, 6603999212520, vstest.console.dll, InferRunSettingsHelper.IsTestSettingsEnabled: Unable to navigate to RunSettings/MSTest. Current node: RunSettings
TpTrace Verbose: 0 : 10972, 1, 2022/03/16, 18:19:13.936, 6603999323597, vstest.console.dll, TestRequestSender is acting as server
TpTrace Verbose: 0 : 10972, 5, 2022/03/16, 18:19:13.940, 6603999362938, vstest.console.dll, DataCollectionRequestSender.InitializeCommunication : Initialize communication. 
TpTrace Information: 0 : 10972, 5, 2022/03/16, 18:19:13.944, 6603999409218, vstest.console.dll, Listening on Endpoint : 127.0.0.1:54936
TpTrace Verbose: 0 : 10972, 5, 2022/03/16, 18:19:13.953, 6603999499087, vstest.console.dll, DotnetDataCollectionLauncher: Full path of dotnet.exe is C:\Program Files\dotnet\dotnet.exe
TpTrace Verbose: 0 : 10972, 5, 2022/03/16, 18:19:13.953, 6603999500741, vstest.console.dll, DotnetDataCollectionLauncher: Adding  --runtimeconfig "C:\Program Files\dotnet\sdk\6.0.102\datacollector.runtimeconfig.json" in args
TpTrace Verbose: 0 : 10972, 5, 2022/03/16, 18:19:13.953, 6603999501225, vstest.console.dll, DotnetDataCollectionLauncher: Adding  --depsfile "C:\Program Files\dotnet\sdk\6.0.102\datacollector.deps.json" in args
TpTrace Information: 0 : 10972, 5, 2022/03/16, 18:19:13.962, 6603999586419, vstest.console.dll, ProxyDataCollectionManager.Initialize: Launched datacollector processId: 20352 port: 54936
TpTrace Information: 0 : 10972, 5, 2022/03/16, 18:19:13.962, 6603999588323, vstest.console.dll, ProxyDataCollectionManager.Initialize: waiting for connection with timeout: 90 seconds
TpTrace Verbose: 0 : 10972, 5, 2022/03/16, 18:19:13.962, 6603999588745, vstest.console.dll, DataCollectionRequestSender.WaitForRequestHandlerConnection : Waiting for connection with timeout: 90000
TpTrace Information: 0 : 10972, 8, 2022/03/16, 18:19:14.073, 6604000697796, vstest.console.dll, Using the buffer size of 16384 bytes
TpTrace Verbose: 0 : 10972, 5, 2022/03/16, 18:19:14.073, 6604000698757, vstest.console.dll, ProxyDataCollectionManager.InvokeDataCollectionServiceAction: Starting.
TpTrace Information: 0 : 10972, 8, 2022/03/16, 18:19:14.073, 6604000698955, vstest.console.dll, Accepted Client request and set the flag
TpTrace Information: 0 : 10972, 5, 2022/03/16, 18:19:14.073, 6604000700262, vstest.console.dll, ProxyDataCollectionManager.BeforeTestRunStart: Get environment variable and port for datacollector processId: 20352 port: 54936
TpTrace Verbose: 0 : 10972, 5, 2022/03/16, 18:19:14.074, 6604000702756, vstest.console.dll, DataCollectionRequestSender.SendBeforeTestRunStartAndGetResult : Send BeforeTestRunStart message with settingsXml <RunSettings><RunConfiguration><ResultsDirectory>D:\c#Code\softuniC#\04.OOP\08.UnitTesting\Exercies\CarManager.Tests\bin\Debug\netcoreapp3.1\fine-code-coverage\coverage-tool-output</ResultsDirectory><TargetPlatform>X64</TargetPlatform><TargetFrameworkVersion>.NETCoreApp,Version=v3.1</TargetFrameworkVersion><DesignMode>False</DesignMode><CollectSourceInformation>False</CollectSourceInformation><TestAdaptersPaths>C:\Program Files\dotnet\sdk\6.0.102\Extensions</TestAdaptersPaths></RunConfiguration><LoggerRunSettings><Loggers><Logger friendlyName="blame" enabled="True" /><Logger friendlyName="Console" uri="logger://microsoft/TestPlatform/ConsoleLogger/v1" assemblyQualifiedName="Microsoft.VisualStudio.TestPlatform.CommandLine.Internal.ConsoleLogger, vstest.console, Version=15.0.0.0, Culture=neutral, PublicKeyToken=b03f5f7f11d50a3a" codeBase="C:\Program Files\dotnet\sdk\6.0.102\vstest.console.dll" enabled="True" /></Loggers></LoggerRunSettings><DataCollectionRunSettings><DataCollectors><DataCollector friendlyName="blame" enabled="True"><Configuration><ResultsDirectory>D:\c#Code\softuniC#\04.OOP\08.UnitTesting\Exercies\CarManager.Tests\bin\Debug\netcoreapp3.1\fine-code-coverage\coverage-tool-output</ResultsDirectory></Configuration></DataCollector></DataCollectors></DataCollectionRunSettings></RunSettings> and sources System.Linq.Enumerable+Concat2Iterator`1[System.String]: 
TpTrace Verbose: 0 : 10972, 5, 2022/03/16, 18:19:14.137, 6604001332550, vstest.console.dll, DataCollectionRequestSender.SendBeforeTestRunStartAndGetResult : Received message: (DataCollection.SendMessage) -> {
  "FriendlyName": null,
  "Uri": null,
  "TestCaseId": "00000000-0000-0000-0000-000000000000",
  "Message": "Logging DataCollector Diagnostics in file: D:\\c#Code\\softuniC#\\04.OOP\\08.UnitTesting\\Exercies\\CarManager.Tests\\bin\\Debug\\netcoreapp3.1\\fine-code-coverage\\coverage-tool-output\\diagnostics.datacollector.22-03-16_18-19-13_95028_5.log",
  "Level": 0
}
TpTrace Verbose: 0 : 10972, 5, 2022/03/16, 18:19:14.194, 6604001908070, vstest.console.dll, DataCollectionRequestSender.SendBeforeTestRunStartAndGetResult : Received message: (DataCollection.BeforeTestRunStartResult) -> {
  "EnvironmentVariables": {},
  "DataCollectionEventsPort": 54938
}
TpTrace Information: 0 : 10972, 5, 2022/03/16, 18:19:14.199, 6604001953459, vstest.console.dll, ProxyDataCollectionManager.BeforeTestRunStart: SendBeforeTestRunStartAndGetResult successful, env variable from datacollector:   and testhost port: 54938
TpTrace Information: 0 : 10972, 5, 2022/03/16, 18:19:14.199, 6604001954611, vstest.console.dll, ProxyDataCollectionManager.InvokeDataCollectionServiceAction: Completed.
TpTrace Verbose: 0 : 10972, 1, 2022/03/16, 18:19:14.199, 6604001955872, vstest.console.dll, TestRunRequest.ExecuteAsync: Creating test run request.
TpTrace Verbose: 0 : 10972, 1, 2022/03/16, 18:19:14.199, 6604001958271, vstest.console.dll, TestRunRequest.ExecuteAsync: Starting.
TpTrace Information: 0 : 10972, 1, 2022/03/16, 18:19:14.199, 6604001961193, vstest.console.dll, TestRunRequest.ExecuteAsync: Starting run with settings:TestRunCriteria:
   KeepAlive=False,FrequencyOfRunStatsChangeEvent=10,RunStatsChangeEventTimeout=00:00:01.5000000,TestCaseFilter=,TestExecutorLauncher=
   Settingsxml=<RunSettings>
  <RunConfiguration>
    <ResultsDirectory>D:\c#Code\softuniC#\04.OOP\08.UnitTesting\Exercies\CarManager.Tests\bin\Debug\netcoreapp3.1\fine-code-coverage\coverage-tool-output</ResultsDirectory>
    <TargetPlatform>X64</TargetPlatform>
    <TargetFrameworkVersion>.NETCoreApp,Version=v3.1</TargetFrameworkVersion>
    <DesignMode>False</DesignMode>
    <CollectSourceInformation>False</CollectSourceInformation>
  </RunConfiguration>
  <LoggerRunSettings>
    <Loggers>
      <Logger friendlyName="blame" enabled="True" />
      <Logger friendlyName="Console" uri="logger://microsoft/TestPlatform/ConsoleLogger/v1" assemblyQualifiedName="Microsoft.VisualStudio.TestPlatform.CommandLine.Internal.ConsoleLogger, vstest.console, Version=15.0.0.0, Culture=neutral, PublicKeyToken=b03f5f7f11d50a3a" codeBase="C:\Program Files\dotnet\sdk\6.0.102\vstest.console.dll" enabled="True" />
    </Loggers>
  </LoggerRunSettings>
  <DataCollectionRunSettings>
    <DataCollectors>
      <DataCollector friendlyName="blame" enabled="True">
        <Configuration>
          <ResultsDirectory>D:\c#Code\softuniC#\04.OOP\08.UnitTesting\Exercies\CarManager.Tests\bin\Debug\netcoreapp3.1\fine-code-coverage\coverage-tool-output</ResultsDirectory>
        </Configuration>
      </DataCollector>
    </DataCollectors>
  </DataCollectionRunSettings>
</RunSettings>

TpTrace Verbose: 0 : 10972, 1, 2022/03/16, 18:19:14.199, 6604001961946, vstest.console.dll, TestRunRequest.ExecuteAsync: Wait for the first run request is over.
TpTrace Verbose: 0 : 10972, 1, 2022/03/16, 18:19:14.200, 6604001967969, vstest.console.dll, ParallelProxyExecutionManager: Start execution. Total sources: 1
TpTrace Information: 0 : 10972, 1, 2022/03/16, 18:19:14.201, 6604001973653, vstest.console.dll, ProxyParallelExecutionManager: Triggering test run for next source: D:\c#Code\softuniC#\04.OOP\08.UnitTesting\Exercies\CarManager.Tests\bin\Debug\netcoreapp3.1\fine-code-coverage\build-output\CarManager.Tests.dll
TpTrace Verbose: 0 : 10972, 1, 2022/03/16, 18:19:14.201, 6604001975663, vstest.console.dll, ProxyParallelExecutionManager: No sources available for execution.
TpTrace Verbose: 0 : 10972, 5, 2022/03/16, 18:19:14.201, 6604001975747, vstest.console.dll, ParallelProxyExecutionManager: Execution started. Started clients: 1
TpTrace Information: 0 : 10972, 1, 2022/03/16, 18:19:14.201, 6604001976007, vstest.console.dll, TestRunRequest.ExecuteAsync: Started.
TpTrace Verbose: 0 : 10972, 1, 2022/03/16, 18:19:14.201, 6604001977361, vstest.console.dll, TestRunRequest.WaitForCompletion: Waiting with timeout -1.
TpTrace Verbose: 0 : 10972, 5, 2022/03/16, 18:19:14.201, 6604001980017, vstest.console.dll, TestRunRequest:SendTestRunMessage: Starting.
TpTrace Information: 0 : 10972, 5, 2022/03/16, 18:19:14.201, 6604001981654, vstest.console.dll, TestRunRequest:SendTestRunMessage: Completed.
TpTrace Verbose: 0 : 10972, 5, 2022/03/16, 18:19:14.202, 6604001985146, vstest.console.dll, ProxyExecutionManager: Test host is always Lazy initialize.
TpTrace Verbose: 0 : 10972, 5, 2022/03/16, 18:19:14.202, 6604001988511, vstest.console.dll, TestRequestSender.InitializeCommunication: initialize communication. 
TpTrace Information: 0 : 10972, 5, 2022/03/16, 18:19:14.203, 6604001993580, vstest.console.dll, SocketServer.Start: Listening on endpoint : 127.0.0.1:54939
TpTrace Verbose: 0 : 10972, 5, 2022/03/16, 18:19:14.203, 6604001999623, vstest.console.dll, DotnetTestHostmanager: Adding  --runtimeconfig "D:\c#Code\softuniC#\04.OOP\08.UnitTesting\Exercies\CarManager.Tests\bin\Debug\netcoreapp3.1\fine-code-coverage\build-output\CarManager.Tests.runtimeconfig.json" in args
TpTrace Verbose: 0 : 10972, 5, 2022/03/16, 18:19:14.203, 6604002000330, vstest.console.dll, DotnetTestHostmanager: Adding  --depsfile "D:\c#Code\softuniC#\04.OOP\08.UnitTesting\Exercies\CarManager.Tests\bin\Debug\netcoreapp3.1\fine-code-coverage\build-output\CarManager.Tests.deps.json" in args
TpTrace Information: 0 : 10972, 5, 2022/03/16, 18:19:14.204, 6604002002386, vstest.console.dll, AssemblyResolver.OnResolve: Microsoft.Extensions.DependencyModel: Resolving assembly.
TpTrace Information: 0 : 10972, 5, 2022/03/16, 18:19:14.204, 6604002002812, vstest.console.dll, AssemblyResolver.OnResolve: Microsoft.Extensions.DependencyModel: Searching in: 'C:\Program Files\dotnet\sdk\6.0.102\Extensions'.
TpTrace Information: 0 : 10972, 5, 2022/03/16, 18:19:14.204, 6604002003597, vstest.console.dll, AssemblyResolver.OnResolve: Microsoft.Extensions.DependencyModel: Assembly path does not exist: 'C:\Program Files\dotnet\sdk\6.0.102\Extensions\Microsoft.Extensions.DependencyModel.dll', returning.
TpTrace Information: 0 : 10972, 5, 2022/03/16, 18:19:14.204, 6604002004126, vstest.console.dll, AssemblyResolver.OnResolve: Microsoft.Extensions.DependencyModel: Assembly path does not exist: 'C:\Program Files\dotnet\sdk\6.0.102\Extensions\Microsoft.Extensions.DependencyModel.exe', returning.
TpTrace Information: 0 : 10972, 5, 2022/03/16, 18:19:14.204, 6604002004302, vstest.console.dll, AssemblyResolver.OnResolve: Microsoft.Extensions.DependencyModel: Searching in: 'C:\Program Files\dotnet\sdk\6.0.102'.
TpTrace Information: 0 : 10972, 5, 2022/03/16, 18:19:14.204, 6604002009987, vstest.console.dll, AssemblyResolver.OnResolve: Microsoft.Extensions.DependencyModel: Loading assembly 'C:\Program Files\dotnet\sdk\6.0.102\Microsoft.Extensions.DependencyModel.dll'.
TpTrace Information: 0 : 10972, 5, 2022/03/16, 18:19:14.205, 6604002016024, vstest.console.dll, AssemblyResolver.OnResolve: Resolved assembly: Microsoft.Extensions.DependencyModel, from path: C:\Program Files\dotnet\sdk\6.0.102\Microsoft.Extensions.DependencyModel.dll
TpTrace Verbose: 0 : 10972, 5, 2022/03/16, 18:19:14.205, 6604002018236, vstest.console.dll, DotnetTestHostmanager: Reading file D:\c#Code\softuniC#\04.OOP\08.UnitTesting\Exercies\CarManager.Tests\bin\Debug\netcoreapp3.1\fine-code-coverage\build-output\CarManager.Tests.deps.json to get path of testhost.dll
TpTrace Verbose: 0 : 10972, 5, 2022/03/16, 18:19:14.220, 6604002169492, vstest.console.dll, DotnetTestHostmanager: Relative path of testhost.dll with respect to package folder is microsoft.testplatform.testhost/15.9.0\lib/netstandard1.5/testhost.dll
TpTrace Verbose: 0 : 10972, 5, 2022/03/16, 18:19:14.221, 6604002175772, vstest.console.dll, DotnetTestHostmanager: Looking for path microsoft.testplatform.testhost/15.9.0\lib/netstandard1.5/testhost.dll in folder C:\Users\peter\.dotnet\store\|arch|\|tfm|
TpTrace Verbose: 0 : 10972, 5, 2022/03/16, 18:19:14.221, 6604002176953, vstest.console.dll, DotnetTestHostmanager: Looking for path microsoft.testplatform.testhost/15.9.0\lib/netstandard1.5/testhost.dll in folder C:\Users\peter\.nuget\packages
TpTrace Verbose: 0 : 10972, 5, 2022/03/16, 18:19:14.221, 6604002179472, vstest.console.dll, DotnetTestHostmanager: Full path of testhost.dll is C:\Users\peter\.nuget\packages\microsoft.testplatform.testhost/15.9.0\lib/netstandard1.5/testhost.dll
TpTrace Verbose: 0 : 10972, 5, 2022/03/16, 18:19:14.221, 6604002179904, vstest.console.dll, DotnetTestHostmanager: Full path of host exe is C:\Program Files\dotnet\dotnet.exe
TpTrace Verbose: 0 : 10972, 7, 2022/03/16, 18:19:14.222, 6604002187990, vstest.console.dll, DotnetTestHostManager: Starting process 'C:\Program Files\dotnet\dotnet.exe' with command line 'exec --runtimeconfig "D:\c#Code\softuniC#\04.OOP\08.UnitTesting\Exercies\CarManager.Tests\bin\Debug\netcoreapp3.1\fine-code-coverage\build-output\CarManager.Tests.runtimeconfig.json" --depsfile "D:\c#Code\softuniC#\04.OOP\08.UnitTesting\Exercies\CarManager.Tests\bin\Debug\netcoreapp3.1\fine-code-coverage\build-output\CarManager.Tests.deps.json" "C:\Users\peter\.nuget\packages\microsoft.testplatform.testhost/15.9.0\lib/netstandard1.5/testhost.dll" --port 54939 --endpoint 127.0.0.1:054939 --role client --parentprocessid 10972 --diag "D:\c#Code\softuniC#\04.OOP\08.UnitTesting\Exercies\CarManager.Tests\bin\Debug\netcoreapp3.1\fine-code-coverage\coverage-tool-output\diagnostics.host.22-03-16_18-19-14_20342_5.log" --tracelevel 4 --datacollectionport 54938 --telemetryoptedin false'
TpTrace Verbose: 0 : 10972, 7, 2022/03/16, 18:19:14.227, 6604002241869, vstest.console.dll, Test Runtime launched
TpTrace Verbose: 0 : 10972, 5, 2022/03/16, 18:19:14.228, 6604002249038, vstest.console.dll, TestRequestSender.WaitForRequestHandlerConnection: waiting for connection with timeout: 90000
TpTrace Verbose: 0 : 10972, 7, 2022/03/16, 18:19:14.376, 6604003730921, vstest.console.dll, SocketServer.OnClientConnected: Client connected for endPoint: 127.0.0.1:54939, starting MessageLoopAsync:
TpTrace Verbose: 0 : 10972, 14, 2022/03/16, 18:19:14.377, 6604003734248, vstest.console.dll, TcpClientExtensions.MessageLoopAsync: Polling on remoteEndPoint: 127.0.0.1:54941 localEndPoint: 127.0.0.1:54939
TpTrace Verbose: 0 : 10972, 14, 2022/03/16, 18:19:14.498, 6604004951231, vstest.console.dll, TcpClientExtensions.MessageLoopAsync: NotifyDataAvailable remoteEndPoint: 127.0.0.1:54941 localEndPoint: 127.0.0.1:54939
TpTrace Verbose: 0 : 10972, 14, 2022/03/16, 18:19:14.499, 6604004954709, vstest.console.dll, TestRequestSender.CheckVersionWithTestHost: onMessageReceived received message: (ProtocolVersion) -> 2
TpTrace Verbose: 0 : 10972, 14, 2022/03/16, 18:19:14.499, 6604004960901, vstest.console.dll, TcpClientExtensions.MessageLoopAsync: Polling on remoteEndPoint: 127.0.0.1:54941 localEndPoint: 127.0.0.1:54939
TpTrace Verbose: 0 : 10972, 5, 2022/03/16, 18:19:14.499, 6604004961952, vstest.console.dll, TestPluginCache.GetExtensionPaths: Filtered extension paths: 
TpTrace Verbose: 0 : 10972, 5, 2022/03/16, 18:19:14.500, 6604004962812, vstest.console.dll, TestPluginCache.GetExtensionPaths: Added default extension paths: C:\Program Files\dotnet\sdk\6.0.102\Extensions\Microsoft.Diagnostics.NETCore.Client.dll
C:\Program Files\dotnet\sdk\6.0.102\Extensions\Microsoft.TestPlatform.Extensions.BlameDataCollector.dll
C:\Program Files\dotnet\sdk\6.0.102\Extensions\Microsoft.TestPlatform.Extensions.EventLogCollector.dll
C:\Program Files\dotnet\sdk\6.0.102\Extensions\Microsoft.TestPlatform.TestHostRuntimeProvider.dll
C:\Program Files\dotnet\sdk\6.0.102\Extensions\Microsoft.VisualStudio.TestPlatform.Extensions.Html.TestLogger.dll
C:\Program Files\dotnet\sdk\6.0.102\Extensions\Microsoft.VisualStudio.TestPlatform.Extensions.Trx.TestLogger.dll
TpTrace Verbose: 0 : 10972, 5, 2022/03/16, 18:19:14.500, 6604004963318, vstest.console.dll, TestPluginCache.GetExtensionPaths: Added unfilterableExtensionPaths: 
TpTrace Verbose: 0 : 10972, 5, 2022/03/16, 18:19:14.503, 6604004993222, vstest.console.dll, TestRequestSender.InitializeExecution: Sending initializing execution with message: {"Version":2,"MessageType":"TestExecution.Initialize","Payload":["D:\\c#Code\\softuniC#\\04.OOP\\08.UnitTesting\\Exercies\\CarManager.Tests\\bin\\Debug\\netcoreapp3.1\\fine-code-coverage\\build-output\\NUnit3.TestAdapter.dll"]}
TpTrace Verbose: 0 : 10972, 14, 2022/03/16, 18:19:14.509, 6604005060749, vstest.console.dll, TcpClientExtensions.MessageLoopAsync: NotifyDataAvailable remoteEndPoint: 127.0.0.1:54941 localEndPoint: 127.0.0.1:54939
TpTrace Verbose: 0 : 10972, 14, 2022/03/16, 18:19:14.510, 6604005062908, vstest.console.dll, TestRequestSender.OnExecutionMessageReceived: Received message: {"Version":2,"MessageType":"TestSession.Message","Payload":{"MessageLevel":0,"Message":"Logging TestHost Diagnostics in file: D:\\c#Code\\softuniC#\\04.OOP\\08.UnitTesting\\Exercies\\CarManager.Tests\\bin\\Debug\\netcoreapp3.1\\fine-code-coverage\\coverage-tool-output\\diagnostics.host.22-03-16_18-19-14_20342_5.log"}}
TpTrace Verbose: 0 : 10972, 5, 2022/03/16, 18:19:14.511, 6604005073313, vstest.console.dll, TestRequestSender.StartTestRun: Sending test run with message: {"Version":2,"MessageType":"TestExecution.StartWithSources","Payload":{"AdapterSourceMap":{"_none_":["D:\\c#Code\\softuniC#\\04.OOP\\08.UnitTesting\\Exercies\\CarManager.Tests\\bin\\Debug\\netcoreapp3.1\\fine-code-coverage\\build-output\\CarManager.Tests.dll"]},"RunSettings":"<RunSettings>\r\n  <RunConfiguration>\r\n    <ResultsDirectory>D:\\c#Code\\softuniC#\\04.OOP\\08.UnitTesting\\Exercies\\CarManager.Tests\\bin\\Debug\\netcoreapp3.1\\fine-code-coverage\\coverage-tool-output</ResultsDirectory>\r\n    <TargetPlatform>X64</TargetPlatform>\r\n    <TargetFrameworkVersion>.NETCoreApp,Version=v3.1</TargetFrameworkVersion>\r\n    <DesignMode>False</DesignMode>\r\n    <CollectSourceInformation>False</CollectSourceInformation>\r\n  </RunConfiguration>\r\n  <LoggerRunSettings>\r\n    <Loggers>\r\n      <Logger friendlyName=\"blame\" enabled=\"True\" />\r\n      <Logger friendlyName=\"Console\" uri=\"logger://microsoft/TestPlatform/ConsoleLogger/v1\" assemblyQualifiedName=\"Microsoft.VisualStudio.TestPlatform.CommandLine.Internal.ConsoleLogger, vstest.console, Version=15.0.0.0, Culture=neutral, PublicKeyToken=b03f5f7f11d50a3a\" codeBase=\"C:\\Program Files\\dotnet\\sdk\\6.0.102\\vstest.console.dll\" enabled=\"True\" />\r\n    </Loggers>\r\n  </LoggerRunSettings>\r\n  <DataCollectionRunSettings>\r\n    <DataCollectors>\r\n      <DataCollector friendlyName=\"blame\" enabled=\"True\">\r\n        <Configuration>\r\n          <ResultsDirectory>D:\\c#Code\\softuniC#\\04.OOP\\08.UnitTesting\\Exercies\\CarManager.Tests\\bin\\Debug\\netcoreapp3.1\\fine-code-coverage\\coverage-tool-output</ResultsDirectory>\r\n        </Configuration>\r\n      </DataCollector>\r\n    </DataCollectors>\r\n  </DataCollectionRunSettings>\r\n</RunSettings>","TestExecutionContext":{"FrequencyOfRunStatsChangeEvent":10,"RunStatsChangeEventTimeout":"00:00:01.5000000","InIsolation":false,"KeepAlive":false,"AreTestCaseLevelEventsRequired":false,"IsDebug":false,"TestCaseFilter":null,"FilterOptions":null},"Package":null}}
TpTrace Verbose: 0 : 10972, 14, 2022/03/16, 18:19:14.511, 6604005077012, vstest.console.dll, TestRunRequest:SendTestRunMessage: Starting.
TpTrace Information: 0 : 10972, 14, 2022/03/16, 18:19:14.511, 6604005078115, vstest.console.dll, TestRunRequest:SendTestRunMessage: Completed.
TpTrace Verbose: 0 : 10972, 14, 2022/03/16, 18:19:14.511, 6604005079049, vstest.console.dll, TcpClientExtensions.MessageLoopAsync: Polling on remoteEndPoint: 127.0.0.1:54941 localEndPoint: 127.0.0.1:54939
TpTrace Verbose: 0 : 10972, 14, 2022/03/16, 18:19:14.600, 6604005965628, vstest.console.dll, TcpClientExtensions.MessageLoopAsync: NotifyDataAvailable remoteEndPoint: 127.0.0.1:54941 localEndPoint: 127.0.0.1:54939
TpTrace Verbose: 0 : 10972, 14, 2022/03/16, 18:19:14.600, 6604005967669, vstest.console.dll, TestRequestSender.OnExecutionMessageReceived: Received message: {"Version":2,"MessageType":"TestSession.Message","Payload":{"MessageLevel":0,"Message":"NUnit Adapter 3.9.0.0: Test execution started"}}
TpTrace Verbose: 0 : 10972, 14, 2022/03/16, 18:19:14.600, 6604005970951, vstest.console.dll, TestRunRequest:SendTestRunMessage: Starting.
TpTrace Information: 0 : 10972, 14, 2022/03/16, 18:19:14.600, 6604005971761, vstest.console.dll, TestRunRequest:SendTestRunMessage: Completed.
TpTrace Verbose: 0 : 10972, 14, 2022/03/16, 18:19:14.601, 6604005972150, vstest.console.dll, TcpClientExtensions.MessageLoopAsync: Polling on remoteEndPoint: 127.0.0.1:54941 localEndPoint: 127.0.0.1:54939
TpTrace Verbose: 0 : 10972, 14, 2022/03/16, 18:19:14.606, 6604006028004, vstest.console.dll, TcpClientExtensions.MessageLoopAsync: NotifyDataAvailable remoteEndPoint: 127.0.0.1:54941 localEndPoint: 127.0.0.1:54939
TpTrace Verbose: 0 : 10972, 14, 2022/03/16, 18:19:14.606, 6604006029958, vstest.console.dll, TestRequestSender.OnExecutionMessageReceived: Received message: {"Version":2,"MessageType":"TestSession.Message","Payload":{"MessageLevel":0,"Message":"Running all tests in D:\\c#Code\\softuniC#\\04.OOP\\08.UnitTesting\\Exercies\\CarManager.Tests\\bin\\Debug\\netcoreapp3.1\\fine-code-coverage\\build-output\\CarManager.Tests.dll"}}
TpTrace Verbose: 0 : 10972, 14, 2022/03/16, 18:19:14.606, 6604006031484, vstest.console.dll, TestRunRequest:SendTestRunMessage: Starting.
TpTrace Information: 0 : 10972, 14, 2022/03/16, 18:19:14.606, 6604006031869, vstest.console.dll, TestRunRequest:SendTestRunMessage: Completed.
TpTrace Verbose: 0 : 10972, 14, 2022/03/16, 18:19:14.606, 6604006032063, vstest.console.dll, TcpClientExtensions.MessageLoopAsync: Polling on remoteEndPoint: 127.0.0.1:54941 localEndPoint: 127.0.0.1:54939
TpTrace Verbose: 0 : 10972, 14, 2022/03/16, 18:19:14.706, 6604007026405, vstest.console.dll, TcpClientExtensions.MessageLoopAsync: NotifyDataAvailable remoteEndPoint: 127.0.0.1:54941 localEndPoint: 127.0.0.1:54939
TpTrace Verbose: 0 : 10972, 14, 2022/03/16, 18:19:14.706, 6604007028880, vstest.console.dll, TestRequestSender.OnExecutionMessageReceived: Received message: {"Version":2,"MessageType":"TestSession.Message","Payload":{"MessageLevel":0,"Message":"NUnit3TestExecutor converted 23 of 23 NUnit test cases"}}
TpTrace Verbose: 0 : 10972, 14, 2022/03/16, 18:19:14.707, 6604007032317, vstest.console.dll, TestRunRequest:SendTestRunMessage: Starting.
TpTrace Information: 0 : 10972, 14, 2022/03/16, 18:19:14.707, 6604007033793, vstest.console.dll, TestRunRequest:SendTestRunMessage: Completed.
TpTrace Verbose: 0 : 10972, 14, 2022/03/16, 18:19:14.707, 6604007034124, vstest.console.dll, TcpClientExtensions.MessageLoopAsync: Polling on remoteEndPoint: 127.0.0.1:54941 localEndPoint: 127.0.0.1:54939
TpTrace Verbose: 0 : 10972, 14, 2022/03/16, 18:19:14.884, 6604008809722, vstest.console.dll, TcpClientExtensions.MessageLoopAsync: NotifyDataAvailable remoteEndPoint: 127.0.0.1:54941 localEndPoint: 127.0.0.1:54939
TpTrace Verbose: 0 : 10972, 14, 2022/03/16, 18:19:14.885, 6604008814979, vstest.console.dll, TestRequestSender.OnExecutionMessageReceived: Received message: {"Version":2,"MessageType":"TestExecution.StatsChange","Payload":{"NewTestResults":[{"TestCase":{"Id":"fd077f7f-0e88-709e-b0f3-c4c5556895b8","FullyQualifiedName":"Tests.CarTests.CanCanRefilIfThereIsEnoughSpace(1)","DisplayName":"CanCanRefilIfThereIsEnoughSpace(1)","ExecutorUri":"executor://NUnit3TestExecutor","Source":"D:\\c#Code\\softuniC#\\04.OOP\\08.UnitTesting\\Exercies\\CarManager.Tests\\bin\\Debug\\netcoreapp3.1\\fine-code-coverage\\build-output\\CarManager.Tests.dll","CodeFilePath":null,"LineNumber":0,"Properties":[]},"Attachments":[],"Outcome":1,"ErrorMessage":null,"ErrorStackTrace":null,"DisplayName":"CanCanRefilIfThereIsEnoughSpace(1)","Messages":[],"ComputerName":"DESKTOP-G5675TN","Duration":"00:00:00.0145400","StartTime":"2022-03-16T16:19:14+00:00","EndTime":"2022-03-16T16:19:14+00:00","Properties":[]},{"TestCase":{"Id":"18c79756-ffd7-d3cb-ee62-35fd6f04a91c","FullyQualifiedName":"Tests.CarTests.CanCanRefilIfThereIsEnoughSpace(20)","DisplayName":"CanCanRefilIfThereIsEnoughSpace(20)","ExecutorUri":"executor://NUnit3TestExecutor","Source":"D:\\c#Code\\softuniC#\\04.OOP\\08.UnitTesting\\Exercies\\CarManager.Tests\\bin\\Debug\\netcoreapp3.1\\fine-code-coverage\\build-output\\CarManager.Tests.dll","CodeFilePath":null,"LineNumber":0,"Properties":[{"Key":{"Id":"TestObject.Traits","Label":"Traits","Category":"","Description":"","Attributes":5,"ValueType":"System.Collections.Generic.KeyValuePair`2[[System.String],[System.String]][]"},"Value":[]}]},"Attachments":[],"Outcome":1,"ErrorMessage":null,"ErrorStackTrace":null,"DisplayName":"CanCanRefilIfThereIsEnoughSpace(20)","Messages":[],"ComputerName":"DESKTOP-G5675TN","Duration":"00:00:00.0003089","StartTime":"2022-03-16T16:19:14+00:00","EndTime":"2022-03-16T16:19:14+00:00","Properties":[]},{"TestCase":{"Id":"290c3b33-b1e7-5361-1a49-a5c650713cf9","FullyQualifiedName":"Tests.CarTests.CanCanRefilIfThereIsEnoughSpace(100)","DisplayName":"CanCanRefilIfThereIsEnoughSpace(100)","ExecutorUri":"executor://NUnit3TestExecutor","Source":"D:\\c#Code\\softuniC#\\04.OOP\\08.UnitTesting\\Exercies\\CarManager.Tests\\bin\\Debug\\netcoreapp3.1\\fine-code-coverage\\build-output\\CarManager.Tests.dll","CodeFilePath":null,"LineNumber":0,"Properties":[{"Key":{"Id":"TestObject.Traits","Label":"Traits","Category":"","Description":"","Attributes":5,"ValueType":"System.Collections.Generic.KeyValuePair`2[[System.String],[System.String]][]"},"Value":[]}]},"Attachments":[],"Outcome":1,"ErrorMessage":null,"ErrorStackTrace":null,"DisplayName":"CanCanRefilIfThereIsEnoughSpace(100)","Messages":[],"ComputerName":"DESKTOP-G5675TN","Duration":"00:00:00.0001740","StartTime":"2022-03-16T16:19:14+00:00","EndTime":"2022-03-16T16:19:14+00:00","Properties":[]},{"TestCase":{"Id":"ba59d55f-89be-95f9-833c-f818567086b4","FullyQualifiedName":"Tests.CarTests.CantRefillOverFulelCapacity(101)","DisplayName":"CantRefillOverFulelCapacity(101)","ExecutorUri":"executor://NUnit3TestExecutor","Source":"D:\\c#Code\\softuniC#\\04.OOP\\08.UnitTesting\\Exercies\\CarManager.Tests\\bin\\Debug\\netcoreapp3.1\\fine-code-coverage\\build-output\\CarManager.Tests.dll","CodeFilePath":null,"LineNumber":0,"Properties":[{"Key":{"Id":"TestObject.Traits","Label":"Traits","Category":"","Description":"","Attributes":5,"ValueType":"System.Collections.Generic.KeyValuePair`2[[System.String],[System.String]][]"},"Value":[]}]},"Attachments":[],"Outcome":1,"ErrorMessage":null,"ErrorStackTrace":null,"DisplayName":"CantRefillOverFulelCapacity(101)","Messages":[],"ComputerName":"DESKTOP-G5675TN","Duration":"00:00:00.0003830","StartTime":"2022-03-16T16:19:14+00:00","EndTime":"2022-03-16T16:19:14+00:00","Properties":[]},{"TestCase":{"Id":"a69f6777-cf1b-ee9b-d041-0086f921b82e","FullyQualifiedName":"Tests.CarTests.CantRefillOverFulelCapacity(200)","DisplayName":"CantRefillOverFulelCapacity(200)","ExecutorUri":"executor://NUnit3TestExecutor","Source":"D:\\c#Code\\softuniC#\\04.OOP\\08.UnitTesting\\Exercies\\CarManager.Tests\\bin\\Debug\\netcoreapp3.1\\fine-code-coverage\\build-output\\CarManager.Tests.dll","CodeFilePath":null,"LineNumber":0,"Properties":[{"Key":{"Id":"TestObject.Traits","Label":"Traits","Category":"","Description":"","Attributes":5,"ValueType":"System.Collections.Generic.KeyValuePair`2[[System.String],[System.String]][]"},"Value":[]}]},"Attachments":[],"Outcome":1,"ErrorMessage":null,"ErrorStackTrace":null,"DisplayName":"CantRefillOverFulelCapacity(200)","Messages":[],"ComputerName":"DESKTOP-G5675TN","Duration":"00:00:00.0001520","StartTime":"2022-03-16T16:19:14+00:00","EndTime":"2022-03-16T16:19:14+00:00","Properties":[]},{"TestCase":{"Id":"0c56c1b2-4405-37d8-12fd-734f56a49b9c","FullyQualifiedName":"Tests.CarTests.CantRefilZeroOrNagativeAountOfFuel(0)","DisplayName":"CantRefilZeroOrNagativeAountOfFuel(0)","ExecutorUri":"executor://NUnit3TestExecutor","Source":"D:\\c#Code\\softuniC#\\04.OOP\\08.UnitTesting\\Exercies\\CarManager.Tests\\bin\\Debug\\netcoreapp3.1\\fine-code-coverage\\build-output\\CarManager.Tests.dll","CodeFilePath":null,"LineNumber":0,"Properties":[{"Key":{"Id":"TestObject.Traits","Label":"Traits","Category":"","Description":"","Attributes":5,"ValueType":"System.Collections.Generic.KeyValuePair`2[[System.String],[System.String]][]"},"Value":[]}]},"Attachments":[],"Outcome":1,"ErrorMessage":null,"ErrorStackTrace":null,"DisplayName":"CantRefilZeroOrNagativeAountOfFuel(0)","Messages":[],"ComputerName":"DESKTOP-G5675TN","Duration":"00:00:00.0025260","StartTime":"2022-03-16T16:19:14+00:00","EndTime":"2022-03-16T16:19:14+00:00","Properties":[]},{"TestCase":{"Id":"d90f4e15-9e06-a257-10bd-48ecd02d21de","FullyQualifiedName":"Tests.CarTests.CantRefilZeroOrNagativeAountOfFuel(-20)","DisplayName":"CantRefilZeroOrNagativeAountOfFuel(-20)","ExecutorUri":"executor://NUnit3TestExecutor","Source":"D:\\c#Code\\softuniC#\\04.OOP\\08.UnitTesting\\Exercies\\CarManager.Tests\\bin\\Debug\\netcoreapp3.1\\fine-code-coverage\\build-output\\CarManager.Tests.dll","CodeFilePath":null,"LineNumber":0,"Properties":[{"Key":{"Id":"TestObject.Traits","Label":"Traits","Category":"","Description":"","Attributes":5,"ValueType":"System.Collections.Generic.KeyValuePair`2[[System.String],[System.String]][]"},"Value":[]}]},"Attachments":[],"Outcome":1,"ErrorMessage":null,"ErrorStackTrace":null,"DisplayName":"CantRefilZeroOrNagativeAountOfFuel(-20)","Messages":[],"ComputerName":"DESKTOP-G5675TN","Duration":"00:00:00.0002210","StartTime":"2022-03-16T16:19:14+00:00","EndTime":"2022-03-16T16:19:14+00:00","Properties":[]},{"TestCase":{"Id":"fdfbeda0-3a56-6fa2-c404-58efb54a727f","FullyQualifiedName":"Tests.CarTests.CarCanDriveIFTheFuelIsEnough(2)","DisplayName":"CarCanDriveIFTheFuelIsEnough(2)","ExecutorUri":"executor://NUnit3TestExecutor","Source":"D:\\c#Code\\softuniC#\\04.OOP\\08.UnitTesting\\Exercies\\CarManager.Tests\\bin\\Debug\\netcoreapp3.1\\fine-code-coverage\\build-output\\CarManager.Tests.dll","CodeFilePath":null,"LineNumber":0,"Properties":[{"Key":{"Id":"TestObject.Traits","Label":"Traits","Category":"","Description":"","Attributes":5,"ValueType":"System.Collections.Generic.KeyValuePair`2[[System.String],[System.String]][]"},"Value":[]}]},"Attachments":[],"Outcome":1,"ErrorMessage":null,"ErrorStackTrace":null,"DisplayName":"CarCanDriveIFTheFuelIsEnough(2)","Messages":[],"ComputerName":"DESKTOP-G5675TN","Duration":"00:00:00.0010320","StartTime":"2022-03-16T16:19:14+00:00","EndTime":"2022-03-16T16:19:14+00:00","Properties":[]},{"TestCase":{"Id":"e42f632c-c760-2967-3856-89b4f9545d89","FullyQualifiedName":"Tests.CarTests.CarCanDriveIFTheFuelIsEnough(20)","DisplayName":"CarCanDriveIFTheFuelIsEnough(20)","ExecutorUri":"executor://NUnit3TestExecutor","Source":"D:\\c#Code\\softuniC#\\04.OOP\\08.UnitTesting\\Exercies\\CarManager.Tests\\bin\\Debug\\netcoreapp3.1\\fine-code-coverage\\build-output\\CarManager.Tests.dll","CodeFilePath":null,"LineNumber":0,"Properties":[{"Key":{"Id":"TestObject.Traits","Label":"Traits","Category":"","Description":"","Attributes":5,"ValueType":"System.Collections.Generic.KeyValuePair`2[[System.String],[System.String]][]"},"Value":[]}]},"Attachments":[],"Outcome":1,"ErrorMessage":null,"ErrorStackTrace":null,"DisplayName":"CarCanDriveIFTheFuelIsEnough(20)","Messages":[],"ComputerName":"DESKTOP-G5675TN","Duration":"00:00:00.0001990","StartTime":"2022-03-16T16:19:14+00:00","EndTime":"2022-03-16T16:19:14+00:00","Properties":[]}],"TestRunStatistics":{"ExecutedTests":9,"Stats":{"Passed":9}},"ActiveTests":[{"Id":"9220265d-63af-a3f9-ef7e-2c556205d4e0","FullyQualifiedName":"Tests.CarTests.CarCantDriveWithoutEnoughFuel(200)","DisplayName":"CarCantDriveWithoutEnoughFuel(200)","ExecutorUri":"executor://NUnit3TestExecutor","Source":"D:\\c#Code\\softuniC#\\04.OOP\\08.UnitTesting\\Exercies\\CarManager.Tests\\bin\\Debug\\netcoreapp3.1\\fine-code-coverage\\build-output\\CarManager.Tests.dll","CodeFilePath":null,"LineNumber":0,"Properties":[{"Key":{"Id":"TestObject.Traits","Label":"Traits","Category":"","Description":"","Attributes":5,"ValueType":"System.Collections.Generic.KeyValuePair`2[[System.String],[System.String]][]"},"Value":[]}]}]}}
TpTrace Verbose: 0 : 10972, 14, 2022/03/16, 18:19:14.927, 6604009241202, vstest.console.dll, TestRunRequest:SendTestRunStatsChange: Starting.
TpTrace Verbose: 0 : 10972, 14, 2022/03/16, 18:19:14.928, 6604009242527, vstest.console.dll, InProgress is CarCantDriveWithoutEnoughFuel(200)
TpTrace Information: 0 : 10972, 14, 2022/03/16, 18:19:14.928, 6604009244027, vstest.console.dll, TestRunRequest:SendTestRunStatsChange: Completed.
TpTrace Verbose: 0 : 10972, 14, 2022/03/16, 18:19:14.928, 6604009244410, vstest.console.dll, TcpClientExtensions.MessageLoopAsync: Polling on remoteEndPoint: 127.0.0.1:54941 localEndPoint: 127.0.0.1:54939
TpTrace Verbose: 0 : 10972, 14, 2022/03/16, 18:19:14.928, 6604009244767, vstest.console.dll, TcpClientExtensions.MessageLoopAsync: NotifyDataAvailable remoteEndPoint: 127.0.0.1:54941 localEndPoint: 127.0.0.1:54939
TpTrace Verbose: 0 : 10972, 14, 2022/03/16, 18:19:14.928, 6604009245896, vstest.console.dll, TestRequestSender.OnExecutionMessageReceived: Received message: {"Version":2,"MessageType":"TestExecution.StatsChange","Payload":{"NewTestResults":[{"TestCase":{"Id":"9220265d-63af-a3f9-ef7e-2c556205d4e0","FullyQualifiedName":"Tests.CarTests.CarCantDriveWithoutEnoughFuel(200)","DisplayName":"CarCantDriveWithoutEnoughFuel(200)","ExecutorUri":"executor://NUnit3TestExecutor","Source":"D:\\c#Code\\softuniC#\\04.OOP\\08.UnitTesting\\Exercies\\CarManager.Tests\\bin\\Debug\\netcoreapp3.1\\fine-code-coverage\\build-output\\CarManager.Tests.dll","CodeFilePath":null,"LineNumber":0,"Properties":[{"Key":{"Id":"TestObject.Traits","Label":"Traits","Category":"","Description":"","Attributes":5,"ValueType":"System.Collections.Generic.KeyValuePair`2[[System.String],[System.String]][]"},"Value":[]}]},"Attachments":[],"Outcome":1,"ErrorMessage":null,"ErrorStackTrace":null,"DisplayName":"CarCantDriveWithoutEnoughFuel(200)","Messages":[],"ComputerName":"DESKTOP-G5675TN","Duration":"00:00:00.0005010","StartTime":"2022-03-16T16:19:14+00:00","EndTime":"2022-03-16T16:19:14+00:00","Properties":[]},{"TestCase":{"Id":"738516bf-152f-8ed6-b0f3-e5321b1e9b52","FullyQualifiedName":"Tests.CarTests.CarCantDriveWithoutEnoughFuel(20)","DisplayName":"CarCantDriveWithoutEnoughFuel(20)","ExecutorUri":"executor://NUnit3TestExecutor","Source":"D:\\c#Code\\softuniC#\\04.OOP\\08.UnitTesting\\Exercies\\CarManager.Tests\\bin\\Debug\\netcoreapp3.1\\fine-code-coverage\\build-output\\CarManager.Tests.dll","CodeFilePath":null,"LineNumber":0,"Properties":[{"Key":{"Id":"TestObject.Traits","Label":"Traits","Category":"","Description":"","Attributes":5,"ValueType":"System.Collections.Generic.KeyValuePair`2[[System.String],[System.String]][]"},"Value":[]}]},"Attachments":[],"Outcome":1,"ErrorMessage":null,"ErrorStackTrace":null,"DisplayName":"CarCantDriveWithoutEnoughFuel(20)","Messages":[],"ComputerName":"DESKTOP-G5675TN","Duration":"00:00:00.0001970","StartTime":"2022-03-16T16:19:14+00:00","EndTime":"2022-03-16T16:19:14+00:00","Properties":[]},{"TestCase":{"Id":"26f8edb9-35b5-4316-b2a6-ffd9dc4715c1","FullyQualifiedName":"Tests.CarTests.CarMakeIsSetProperly","DisplayName":"CarMakeIsSetProperly","ExecutorUri":"executor://NUnit3TestExecutor","Source":"D:\\c#Code\\softuniC#\\04.OOP\\08.UnitTesting\\Exercies\\CarManager.Tests\\bin\\Debug\\netcoreapp3.1\\fine-code-coverage\\build-output\\CarManager.Tests.dll","CodeFilePath":null,"LineNumber":0,"Properties":[{"Key":{"Id":"TestObject.Traits","Label":"Traits","Category":"","Description":"","Attributes":5,"ValueType":"System.Collections.Generic.KeyValuePair`2[[System.String],[System.String]][]"},"Value":[]}]},"Attachments":[],"Outcome":1,"ErrorMessage":null,"ErrorStackTrace":null,"DisplayName":"CarMakeIsSetProperly","Messages":[],"ComputerName":"DESKTOP-G5675TN","Duration":"00:00:00.0003289","StartTime":"2022-03-16T16:19:14+00:00","EndTime":"2022-03-16T16:19:14+00:00","Properties":[]},{"TestCase":{"Id":"1b171534-6335-f62f-f1e3-29baa3087f08","FullyQualifiedName":"Tests.CarTests.CarModelIsSetPorperly","DisplayName":"CarModelIsSetPorperly","ExecutorUri":"executor://NUnit3TestExecutor","Source":"D:\\c#Code\\softuniC#\\04.OOP\\08.UnitTesting\\Exercies\\CarManager.Tests\\bin\\Debug\\netcoreapp3.1\\fine-code-coverage\\build-output\\CarManager.Tests.dll","CodeFilePath":null,"LineNumber":0,"Properties":[{"Key":{"Id":"TestObject.Traits","Label":"Traits","Category":"","Description":"","Attributes":5,"ValueType":"System.Collections.Generic.KeyValuePair`2[[System.String],[System.String]][]"},"Value":[]}]},"Attachments":[],"Outcome":1,"ErrorMessage":null,"ErrorStackTrace":null,"DisplayName":"CarModelIsSetPorperly","Messages":[],"ComputerName":"DESKTOP-G5675TN","Duration":"00:00:00.0003440","StartTime":"2022-03-16T16:19:14+00:00","EndTime":"2022-03-16T16:19:14+00:00","Properties":[]},{"TestCase":{"Id":"9e6819bf-cb95-9a0d-3b13-a6cf08aa3028","FullyQualifiedName":"Tests.CarTests.ConstructorTest","DisplayName":"ConstructorTest","ExecutorUri":"executor://NUnit3TestExecutor","Source":"D:\\c#Code\\softuniC#\\04.OOP\\08.UnitTesting\\Exercies\\CarManager.Tests\\bin\\Debug\\netcoreapp3.1\\fine-code-coverage\\build-output\\CarManager.Tests.dll","CodeFilePath":null,"LineNumber":0,"Properties":[{"Key":{"Id":"TestObject.Traits","Label":"Traits","Category":"","Description":"","Attributes":5,"ValueType":"System.Collections.Generic.KeyValuePair`2[[System.String],[System.String]][]"},"Value":[]}]},"Attachments":[],"Outcome":1,"ErrorMessage":null,"ErrorStackTrace":null,"DisplayName":"ConstructorTest","Messages":[],"ComputerName":"DESKTOP-G5675TN","Duration":"00:00:00.0005570","StartTime":"2022-03-16T16:19:14+00:00","EndTime":"2022-03-16T16:19:14+00:00","Properties":[]},{"TestCase":{"Id":"ca5dc642-5b93-10c9-a1c3-dfb807be07f9","FullyQualifiedName":"Tests.CarTests.FuelCapacityCantBeZeroOrNegative(0)","DisplayName":"FuelCapacityCantBeZeroOrNegative(0)","ExecutorUri":"executor://NUnit3TestExecutor","Source":"D:\\c#Code\\softuniC#\\04.OOP\\08.UnitTesting\\Exercies\\CarManager.Tests\\bin\\Debug\\netcoreapp3.1\\fine-code-coverage\\build-output\\CarManager.Tests.dll","CodeFilePath":null,"LineNumber":0,"Properties":[{"Key":{"Id":"TestObject.Traits","Label":"Traits","Category":"","Description":"","Attributes":5,"ValueType":"System.Collections.Generic.KeyValuePair`2[[System.String],[System.String]][]"},"Value":[]}]},"Attachments":[],"Outcome":1,"ErrorMessage":null,"ErrorStackTrace":null,"DisplayName":"FuelCapacityCantBeZeroOrNegative(0)","Messages":[],"ComputerName":"DESKTOP-G5675TN","Duration":"00:00:00.0005360","StartTime":"2022-03-16T16:19:14+00:00","EndTime":"2022-03-16T16:19:14+00:00","Properties":[]},{"TestCase":{"Id":"524a8c7e-7fc8-05ef-a934-453f6e7933bf","FullyQualifiedName":"Tests.CarTests.FuelCapacityCantBeZeroOrNegative(-20)","DisplayName":"FuelCapacityCantBeZeroOrNegative(-20)","ExecutorUri":"executor://NUnit3TestExecutor","Source":"D:\\c#Code\\softuniC#\\04.OOP\\08.UnitTesting\\Exercies\\CarManager.Tests\\bin\\Debug\\netcoreapp3.1\\fine-code-coverage\\build-output\\CarManager.Tests.dll","CodeFilePath":null,"LineNumber":0,"Properties":[{"Key":{"Id":"TestObject.Traits","Label":"Traits","Category":"","Description":"","Attributes":5,"ValueType":"System.Collections.Generic.KeyValuePair`2[[System.String],[System.String]][]"},"Value":[]}]},"Attachments":[],"Outcome":1,"ErrorMessage":null,"ErrorStackTrace":null,"DisplayName":"FuelCapacityCantBeZeroOrNegative(-20)","Messages":[],"ComputerName":"DESKTOP-G5675TN","Duration":"00:00:00.0002090","StartTime":"2022-03-16T16:19:14+00:00","EndTime":"2022-03-16T16:19:14+00:00","Properties":[]},{"TestCase":{"Id":"f5cd10f5-e434-d4e7-5f9f-61ae07f1f33e","FullyQualifiedName":"Tests.CarTests.FuelConsumptionCantBeZeroOrNegative(0)","DisplayName":"FuelConsumptionCantBeZeroOrNegative(0)","ExecutorUri":"executor://NUnit3TestExecutor","Source":"D:\\c#Code\\softuniC#\\04.OOP\\08.UnitTesting\\Exercies\\CarManager.Tests\\bin\\Debug\\netcoreapp3.1\\fine-code-coverage\\build-output\\CarManager.Tests.dll","CodeFilePath":null,"LineNumber":0,"Properties":[{"Key":{"Id":"TestObject.Traits","Label":"Traits","Category":"","Description":"","Attributes":5,"ValueType":"System.Collections.Generic.KeyValuePair`2[[System.String],[System.String]][]"},"Value":[]}]},"Attachments":[],"Outcome":1,"ErrorMessage":null,"ErrorStackTrace":null,"DisplayName":"FuelConsumptionCantBeZeroOrNegative(0)","Messages":[],"ComputerName":"DESKTOP-G5675TN","Duration":"00:00:00.0004370","StartTime":"2022-03-16T16:19:14+00:00","EndTime":"2022-03-16T16:19:14+00:00","Properties":[]},{"TestCase":{"Id":"cfee3f9a-e491-2663-33bb-5dd9f5ec4f30","FullyQualifiedName":"Tests.CarTests.FuelConsumptionCantBeZeroOrNegative(-20)","DisplayName":"FuelConsumptionCantBeZeroOrNegative(-20)","ExecutorUri":"executor://NUnit3TestExecutor","Source":"D:\\c#Code\\softuniC#\\04.OOP\\08.UnitTesting\\Exercies\\CarManager.Tests\\bin\\Debug\\netcoreapp3.1\\fine-code-coverage\\build-output\\CarManager.Tests.dll","CodeFilePath":null,"LineNumber":0,"Properties":[{"Key":{"Id":"TestObject.Traits","Label":"Traits","Category":"","Description":"","Attributes":5,"ValueType":"System.Collections.Generic.KeyValuePair`2[[System.String],[System.String]][]"},"Value":[]}]},"Attachments":[],"Outcome":1,"ErrorMessage":null,"ErrorStackTrace":null,"DisplayName":"FuelConsumptionCantBeZeroOrNegative(-20)","Messages":[],"ComputerName":"DESKTOP-G5675TN","Duration":"00:00:00.0001940","StartTime":"2022-03-16T16:19:14+00:00","EndTime":"2022-03-16T16:19:14+00:00","Properties":[]}],"TestRunStatistics":{"ExecutedTests":18,"Stats":{"Passed":18}},"ActiveTests":[{"Id":"1e0867ca-6aa9-2c43-b099-c71f45c3177e","FullyQualifiedName":"Tests.CarTests.MakeCantBeNullOrEmpty(\"\")","DisplayName":"MakeCantBeNullOrEmpty(\"\")","ExecutorUri":"executor://NUnit3TestExecutor","Source":"D:\\c#Code\\softuniC#\\04.OOP\\08.UnitTesting\\Exercies\\CarManager.Tests\\bin\\Debug\\netcoreapp3.1\\fine-code-coverage\\build-output\\CarManager.Tests.dll","CodeFilePath":null,"LineNumber":0,"Properties":[{"Key":{"Id":"TestObject.Traits","Label":"Traits","Category":"","Description":"","Attributes":5,"ValueType":"System.Collections.Generic.KeyValuePair`2[[System.String],[System.String]][]"},"Value":[]}]}]}}
TpTrace Verbose: 0 : 10972, 14, 2022/03/16, 18:19:14.931, 6604009280460, vstest.console.dll, TestRunRequest:SendTestRunStatsChange: Starting.
TpTrace Verbose: 0 : 10972, 14, 2022/03/16, 18:19:14.931, 6604009281495, vstest.console.dll, InProgress is MakeCantBeNullOrEmpty("")
TpTrace Information: 0 : 10972, 14, 2022/03/16, 18:19:14.931, 6604009281977, vstest.console.dll, TestRunRequest:SendTestRunStatsChange: Completed.
TpTrace Verbose: 0 : 10972, 14, 2022/03/16, 18:19:14.932, 6604009282196, vstest.console.dll, TcpClientExtensions.MessageLoopAsync: Polling on remoteEndPoint: 127.0.0.1:54941 localEndPoint: 127.0.0.1:54939
TpTrace Verbose: 0 : 10972, 14, 2022/03/16, 18:19:14.935, 6604009317932, vstest.console.dll, TcpClientExtensions.MessageLoopAsync: NotifyDataAvailable remoteEndPoint: 127.0.0.1:54941 localEndPoint: 127.0.0.1:54939
TpTrace Verbose: 0 : 10972, 14, 2022/03/16, 18:19:14.935, 6604009319244, vstest.console.dll, TestRequestSender.OnExecutionMessageReceived: Received message: {"Version":2,"MessageType":"TestSession.Message","Payload":{"MessageLevel":0,"Message":"NUnit Adapter 3.9.0.0: Test execution complete"}}
TpTrace Verbose: 0 : 10972, 14, 2022/03/16, 18:19:14.935, 6604009320802, vstest.console.dll, TestRunRequest:SendTestRunMessage: Starting.
TpTrace Information: 0 : 10972, 14, 2022/03/16, 18:19:14.935, 6604009321261, vstest.console.dll, TestRunRequest:SendTestRunMessage: Completed.
TpTrace Verbose: 0 : 10972, 14, 2022/03/16, 18:19:14.935, 6604009321472, vstest.console.dll, TcpClientExtensions.MessageLoopAsync: Polling on remoteEndPoint: 127.0.0.1:54941 localEndPoint: 127.0.0.1:54939
TpTrace Verbose: 0 : 10972, 14, 2022/03/16, 18:19:14.945, 6604009413747, vstest.console.dll, TcpClientExtensions.MessageLoopAsync: NotifyDataAvailable remoteEndPoint: 127.0.0.1:54941 localEndPoint: 127.0.0.1:54939
TpTrace Verbose: 0 : 10972, 14, 2022/03/16, 18:19:14.945, 6604009416122, vstest.console.dll, TestRequestSender.OnExecutionMessageReceived: Received message: {"Version":2,"MessageType":"TestExecution.Completed","Payload":{"TestRunCompleteArgs":{"TestRunStatistics":{"ExecutedTests":23,"Stats":{"Passed":23}},"IsCanceled":false,"IsAborted":false,"Error":null,"AttachmentSets":[],"ElapsedTimeInRunningTests":"00:00:00.3530034","Metrics":{}},"LastRunTests":{"NewTestResults":[{"TestCase":{"Id":"1e0867ca-6aa9-2c43-b099-c71f45c3177e","FullyQualifiedName":"Tests.CarTests.MakeCantBeNullOrEmpty(\"\")","DisplayName":"MakeCantBeNullOrEmpty(\"\")","ExecutorUri":"executor://NUnit3TestExecutor","Source":"D:\\c#Code\\softuniC#\\04.OOP\\08.UnitTesting\\Exercies\\CarManager.Tests\\bin\\Debug\\netcoreapp3.1\\fine-code-coverage\\build-output\\CarManager.Tests.dll","CodeFilePath":null,"LineNumber":0,"Properties":[{"Key":{"Id":"TestObject.Traits","Label":"Traits","Category":"","Description":"","Attributes":5,"ValueType":"System.Collections.Generic.KeyValuePair`2[[System.String],[System.String]][]"},"Value":[]}]},"Attachments":[],"Outcome":1,"ErrorMessage":null,"ErrorStackTrace":null,"DisplayName":"MakeCantBeNullOrEmpty(\"\")","Messages":[],"ComputerName":"DESKTOP-G5675TN","Duration":"00:00:00.0005190","StartTime":"2022-03-16T16:19:14+00:00","EndTime":"2022-03-16T16:19:14+00:00","Properties":[]},{"TestCase":{"Id":"349946b4-8257-1562-58c3-75303509e919","FullyQualifiedName":"Tests.CarTests.MakeCantBeNullOrEmpty(null)","DisplayName":"MakeCantBeNullOrEmpty(null)","ExecutorUri":"executor://NUnit3TestExecutor","Source":"D:\\c#Code\\softuniC#\\04.OOP\\08.UnitTesting\\Exercies\\CarManager.Tests\\bin\\Debug\\netcoreapp3.1\\fine-code-coverage\\build-output\\CarManager.Tests.dll","CodeFilePath":null,"LineNumber":0,"Properties":[{"Key":{"Id":"TestObject.Traits","Label":"Traits","Category":"","Description":"","Attributes":5,"ValueType":"System.Collections.Generic.KeyValuePair`2[[System.String],[System.String]][]"},"Value":[]}]},"Attachments":[],"Outcome":1,"ErrorMessage":null,"ErrorStackTrace":null,"DisplayName":"MakeCantBeNullOrEmpty(null)","Messages":[],"ComputerName":"DESKTOP-G5675TN","Duration":"00:00:00.0002080","StartTime":"2022-03-16T16:19:14+00:00","EndTime":"2022-03-16T16:19:14+00:00","Properties":[]},{"TestCase":{"Id":"bcc43801-ea52-dadc-ba78-5a1a1ee6ce9f","FullyQualifiedName":"Tests.CarTests.ModelCantBeNullOrEmpty(\"\")","DisplayName":"ModelCantBeNullOrEmpty(\"\")","ExecutorUri":"executor://NUnit3TestExecutor","Source":"D:\\c#Code\\softuniC#\\04.OOP\\08.UnitTesting\\Exercies\\CarManager.Tests\\bin\\Debug\\netcoreapp3.1\\fine-code-coverage\\build-output\\CarManager.Tests.dll","CodeFilePath":null,"LineNumber":0,"Properties":[{"Key":{"Id":"TestObject.Traits","Label":"Traits","Category":"","Description":"","Attributes":5,"ValueType":"System.Collections.Generic.KeyValuePair`2[[System.String],[System.String]][]"},"Value":[]}]},"Attachments":[],"Outcome":1,"ErrorMessage":null,"ErrorStackTrace":null,"DisplayName":"ModelCantBeNullOrEmpty(\"\")","Messages":[],"ComputerName":"DESKTOP-G5675TN","Duration":"00:00:00.0007300","StartTime":"2022-03-16T16:19:14+00:00","EndTime":"2022-03-16T16:19:14+00:00","Properties":[]},{"TestCase":{"Id":"32db862e-5d86-2c9e-bd4c-04af8b4ac36c","FullyQualifiedName":"Tests.CarTests.ModelCantBeNullOrEmpty(null)","DisplayName":"ModelCantBeNullOrEmpty(null)","ExecutorUri":"executor://NUnit3TestExecutor","Source":"D:\\c#Code\\softuniC#\\04.OOP\\08.UnitTesting\\Exercies\\CarManager.Tests\\bin\\Debug\\netcoreapp3.1\\fine-code-coverage\\build-output\\CarManager.Tests.dll","CodeFilePath":null,"LineNumber":0,"Properties":[{"Key":{"Id":"TestObject.Traits","Label":"Traits","Category":"","Description":"","Attributes":5,"ValueType":"System.Collections.Generic.KeyValuePair`2[[System.String],[System.String]][]"},"Value":[]}]},"Attachments":[],"Outcome":1,"ErrorMessage":null,"ErrorStackTrace":null,"DisplayName":"ModelCantBeNullOrEmpty(null)","Messages":[],"ComputerName":"DESKTOP-G5675TN","Duration":"00:00:00.0001740","StartTime":"2022-03-16T16:19:14+00:00","EndTime":"2022-03-16T16:19:14+00:00","Properties":[]},{"TestCase":{"Id":"93128357-01fb-0e4a-d5c8-904b80f4a2d5","FullyQualifiedName":"Tests.CarTests.StartingFuelMustBeZero","DisplayName":"StartingFuelMustBeZero","ExecutorUri":"executor://NUnit3TestExecutor","Source":"D:\\c#Code\\softuniC#\\04.OOP\\08.UnitTesting\\Exercies\\CarManager.Tests\\bin\\Debug\\netcoreapp3.1\\fine-code-coverage\\build-output\\CarManager.Tests.dll","CodeFilePath":null,"LineNumber":0,"Properties":[{"Key":{"Id":"TestObject.Traits","Label":"Traits","Category":"","Description":"","Attributes":5,"ValueType":"System.Collections.Generic.KeyValuePair`2[[System.String],[System.String]][]"},"Value":[]}]},"Attachments":[],"Outcome":1,"ErrorMessage":null,"ErrorStackTrace":null,"DisplayName":"StartingFuelMustBeZero","Messages":[],"ComputerName":"DESKTOP-G5675TN","Duration":"00:00:00.0002750","StartTime":"2022-03-16T16:19:14+00:00","EndTime":"2022-03-16T16:19:14+00:00","Properties":[]}],"TestRunStatistics":{"ExecutedTests":23,"Stats":{"Passed":23}},"ActiveTests":[]},"RunAttachments":[],"ExecutorUris":["executor://nunit3testexecutor/"]}}
TpTrace Verbose: 0 : 10972, 14, 2022/03/16, 18:19:14.945, 6604009419848, vstest.console.dll, TestRequestSender.EndSession: Sending end session.
TpTrace Verbose: 0 : 10972, 14, 2022/03/16, 18:19:14.945, 6604009420926, vstest.console.dll, ProxyOperationManager.Close: waiting for test host to exit for 100 ms
TpTrace Warning: 0 : 10972, 13, 2022/03/16, 18:19:14.956, 6604009525198, vstest.console.dll, TestHostManagerCallbacks.ErrorReceivedCallback Test host standard error line: 
TpTrace Verbose: 0 : 10972, 8, 2022/03/16, 18:19:14.960, 6604009569023, vstest.console.dll, TestHostProvider.ExitCallBack: Host exited starting callback.
TpTrace Information: 0 : 10972, 8, 2022/03/16, 18:19:14.961, 6604009577011, vstest.console.dll, TestHostManagerCallbacks.ExitCallBack: Testhost processId: 17356 exited with exitcode: 0 error: ''
TpTrace Verbose: 0 : 10972, 8, 2022/03/16, 18:19:14.961, 6604009577626, vstest.console.dll, DotnetTestHostManager.OnHostExited: invoking OnHostExited callback
TpTrace Verbose: 0 : 10972, 8, 2022/03/16, 18:19:14.961, 6604009578162, vstest.console.dll, CrossPlatEngine.TestHostManagerHostExited: calling on client process exit callback.
TpTrace Information: 0 : 10972, 8, 2022/03/16, 18:19:14.961, 6604009578629, vstest.console.dll, TestRequestSender.OnClientProcessExit: Test host process exited. Standard error: 
TpTrace Information: 0 : 10972, 8, 2022/03/16, 18:19:14.961, 6604009578921, vstest.console.dll, SocketServer.Stop: Stop server endPoint: 127.0.0.1:54939
TpTrace Information: 0 : 10972, 8, 2022/03/16, 18:19:14.961, 6604009579079, vstest.console.dll, SocketServer.Stop: Cancellation requested. Stopping message loop.
TpTrace Warning: 0 : 10972, 14, 2022/03/16, 18:19:14.961, 6604009578983, vstest.console.dll, ProxyOperationManager: Timed out waiting for test host to exit. Will terminate process.
TpTrace Verbose: 0 : 10972, 14, 2022/03/16, 18:19:14.962, 6604009588224, vstest.console.dll, ProxyDataCollectionManager.InvokeDataCollectionServiceAction: Starting.
TpTrace Information: 0 : 10972, 14, 2022/03/16, 18:19:14.962, 6604009589718, vstest.console.dll, ProxyDataCollectionManager.AfterTestRunEnd: Get attachment set for datacollector processId: 20352 port: 54936
TpTrace Verbose: 0 : 10972, 14, 2022/03/16, 18:19:14.962, 6604009590490, vstest.console.dll, DataCollectionRequestSender.SendAfterTestRunStartAndGetResult : Send AfterTestRunEnd message with isCancelled: False
TpTrace Verbose: 0 : 10972, 14, 2022/03/16, 18:19:14.967, 6604009635860, vstest.console.dll, DataCollectionRequestSender.SendAfterTestRunStartAndGetResult : Received message: (DataCollection.AfterTestRunEndResult) -> {
  "AttachmentSets": [],
  "Metrics": {}
}
TpTrace Warning: 0 : 10972, 10, 2022/03/16, 18:19:14.970, 6604009670283, vstest.console.dll, DataCollectionLauncher.ErrorReceivedCallback datacollector standard error line: 
TpTrace Information: 0 : 10972, 14, 2022/03/16, 18:19:14.970, 6604009670537, vstest.console.dll, ProxyDataCollectionManager.InvokeDataCollectionServiceAction: Completed.
TpTrace Information: 0 : 10972, 8, 2022/03/16, 18:19:14.974, 6604009710323, vstest.console.dll, DataCollectionLauncher.ExitCallBack: Data collector exited with exitcode: 0 error: ''
TpTrace Verbose: 0 : 10972, 14, 2022/03/16, 18:19:14.998, 6604009950299, vstest.console.dll, TestRunRequest:SendTestRunStatsChange: Starting.
TpTrace Information: 0 : 10972, 14, 2022/03/16, 18:19:14.998, 6604009951644, vstest.console.dll, TestRunRequest:SendTestRunStatsChange: Completed.
TpTrace Verbose: 0 : 10972, 14, 2022/03/16, 18:19:14.999, 6604009953138, vstest.console.dll, ParallelProxyExecutionManager: HandlePartialRunComplete: Total completed clients = 1, Run complete = True, Run canceled: False.
TpTrace Verbose: 0 : 10972, 14, 2022/03/16, 18:19:15.014, 6604010106706, vstest.console.dll, TestRunRequest:TestRunComplete: Starting. IsAborted:False IsCanceled:False.
TpTrace Verbose: 0 : 10972, 14, 2022/03/16, 18:19:15.014, 6604010109259, vstest.console.dll, TestLoggerManager.HandleTestRunComplete: Ignoring as the object is disposed.
TpTrace Information: 0 : 10972, 14, 2022/03/16, 18:19:15.015, 6604010113064, vstest.console.dll, TestRunRequest:TestRunComplete: Completed.
TpTrace Verbose: 0 : 10972, 1, 2022/03/16, 18:19:15.015, 6604010113682, vstest.console.dll, TestRunRequest.Dispose: Starting.
TpTrace Verbose: 0 : 10972, 14, 2022/03/16, 18:19:15.015, 6604010113836, vstest.console.dll, TestRequestSender.SetOperationComplete: Setting operation complete.
TpTrace Information: 0 : 10972, 1, 2022/03/16, 18:19:15.015, 6604010114870, vstest.console.dll, TestRunRequest.Dispose: Completed.
TpTrace Information: 0 : 10972, 14, 2022/03/16, 18:19:15.015, 6604010115556, vstest.console.dll, SocketServer.Stop: Stop server endPoint: 127.0.0.1:54939
TpTrace Information: 0 : 10972, 14, 2022/03/16, 18:19:15.015, 6604010116157, vstest.console.dll, SocketServer.Stop: Cancellation requested. Stopping message loop.
TpTrace Information: 0 : 10972, 14, 2022/03/16, 18:19:15.015, 6604010116706, vstest.console.dll, SocketServer.PrivateStop: Stopping server endPoint: 127.0.0.1:54939 error: 
TpTrace Information: 0 : 10972, 1, 2022/03/16, 18:19:15.015, 6604010116884, vstest.console.dll, TestRequestManager.RunTests: run tests completed.
TpTrace Information: 0 : 10972, 1, 2022/03/16, 18:19:15.015, 6604010118467, vstest.console.dll, RunTestsArgumentProcessor:Execute: Test run is completed.
TpTrace Verbose: 0 : 10972, 1, 2022/03/16, 18:19:15.015, 6604010120603, vstest.console.dll, Executor.Execute: Exiting with exit code of 0
TpTrace Verbose: 0 : 10972, 14, 2022/03/16, 18:19:15.016, 6604010123059, vstest.console.dll, LengthPrefixCommunicationChannel.Dispose: Dispose reader and writer.
TpTrace Information: 0 : 10972, 14, 2022/03/16, 18:19:15.016, 6604010124375, vstest.console.dll, SocketServer.Stop: Raise disconnected event endPoint: 127.0.0.1:54939 error: 
