TpTrace Verbose: 0 : 14164, 1, 2022/04/09, 09:29:27.757, 1080162146589, vstest.console.dll, Version: 17.0.0
TpTrace Information: 0 : 14164, 1, 2022/04/09, 09:29:27.766, 1080162214860, vstest.console.dll, FilePatternParser: The given file D:\c#Code\softuniC#\04.OOP\EXAM\Unit tests\SmartphoneShop.Tests\bin\Debug\netcoreapp3.1\fine-code-coverage\build-output\SmartphoneShop.Tests.dll is a full path.
TpTrace Verbose: 0 : 14164, 1, 2022/04/09, 09:29:27.770, 1080162258064, vstest.console.dll, TestPluginCache.DiscoverTestExtensions: finding test extensions in assemblies ends with: RuntimeProvider.dll TPluginInfo: Microsoft.VisualStudio.TestPlatform.Common.ExtensionFramework.Utilities.TestRuntimePluginInformation TExtension: Microsoft.VisualStudio.TestPlatform.ObjectModel.Host.ITestRuntimeProvider
TpTrace Verbose: 0 : 14164, 1, 2022/04/09, 09:29:27.770, 1080162261594, vstest.console.dll, TestPluginCache.GetExtensionPaths: Filtered extension paths: 
TpTrace Verbose: 0 : 14164, 1, 2022/04/09, 09:29:27.770, 1080162262339, vstest.console.dll, TestPluginCache.GetExtensionPaths: Added default extension paths: C:\Program Files\dotnet\sdk\6.0.102\Extensions\Microsoft.Diagnostics.NETCore.Client.dll
C:\Program Files\dotnet\sdk\6.0.102\Extensions\Microsoft.TestPlatform.Extensions.BlameDataCollector.dll
C:\Program Files\dotnet\sdk\6.0.102\Extensions\Microsoft.TestPlatform.Extensions.EventLogCollector.dll
C:\Program Files\dotnet\sdk\6.0.102\Extensions\Microsoft.TestPlatform.TestHostRuntimeProvider.dll
C:\Program Files\dotnet\sdk\6.0.102\Extensions\Microsoft.VisualStudio.TestPlatform.Extensions.Html.TestLogger.dll
C:\Program Files\dotnet\sdk\6.0.102\Extensions\Microsoft.VisualStudio.TestPlatform.Extensions.Trx.TestLogger.dll
TpTrace Verbose: 0 : 14164, 1, 2022/04/09, 09:29:27.770, 1080162262627, vstest.console.dll, TestPluginCache.GetExtensionPaths: Added unfilterableExtensionPaths: 
TpTrace Information: 0 : 14164, 1, 2022/04/09, 09:29:27.771, 1080162269799, vstest.console.dll, AssemblyResolver.ctor: Creating AssemblyResolver with searchDirectories C:\Program Files\dotnet\sdk\6.0.102\Extensions,C:\Program Files\dotnet\sdk\6.0.102
TpTrace Verbose: 0 : 14164, 1, 2022/04/09, 09:29:27.773, 1080162285244, vstest.console.dll, TestPluginCache.DiscoverTestExtensions: Discovering the extensions using extension path.
TpTrace Verbose: 0 : 14164, 1, 2022/04/09, 09:29:27.773, 1080162286781, vstest.console.dll, TestPluginCache.GetExtensionPaths: Filtered extension paths: 
TpTrace Verbose: 0 : 14164, 1, 2022/04/09, 09:29:27.773, 1080162287124, vstest.console.dll, TestPluginCache.GetExtensionPaths: Added default extension paths: C:\Program Files\dotnet\sdk\6.0.102\Extensions\Microsoft.Diagnostics.NETCore.Client.dll
C:\Program Files\dotnet\sdk\6.0.102\Extensions\Microsoft.TestPlatform.Extensions.BlameDataCollector.dll
C:\Program Files\dotnet\sdk\6.0.102\Extensions\Microsoft.TestPlatform.Extensions.EventLogCollector.dll
C:\Program Files\dotnet\sdk\6.0.102\Extensions\Microsoft.TestPlatform.TestHostRuntimeProvider.dll
C:\Program Files\dotnet\sdk\6.0.102\Extensions\Microsoft.VisualStudio.TestPlatform.Extensions.Html.TestLogger.dll
C:\Program Files\dotnet\sdk\6.0.102\Extensions\Microsoft.VisualStudio.TestPlatform.Extensions.Trx.TestLogger.dll
TpTrace Verbose: 0 : 14164, 1, 2022/04/09, 09:29:27.773, 1080162287323, vstest.console.dll, TestPluginCache.GetExtensionPaths: Added unfilterableExtensionPaths: 
TpTrace Verbose: 0 : 14164, 1, 2022/04/09, 09:29:27.773, 1080162287802, vstest.console.dll, TestPluginCache.DiscoverTestExtensions: Discovering the extensions using allExtensionPaths: C:\Program Files\dotnet\sdk\6.0.102\Extensions\Microsoft.Diagnostics.NETCore.Client.dll
C:\Program Files\dotnet\sdk\6.0.102\Extensions\Microsoft.TestPlatform.Extensions.BlameDataCollector.dll
C:\Program Files\dotnet\sdk\6.0.102\Extensions\Microsoft.TestPlatform.Extensions.EventLogCollector.dll
C:\Program Files\dotnet\sdk\6.0.102\Extensions\Microsoft.TestPlatform.TestHostRuntimeProvider.dll
C:\Program Files\dotnet\sdk\6.0.102\Extensions\Microsoft.VisualStudio.TestPlatform.Extensions.Html.TestLogger.dll
C:\Program Files\dotnet\sdk\6.0.102\Extensions\Microsoft.VisualStudio.TestPlatform.Extensions.Trx.TestLogger.dll
TpTrace Information: 0 : 14164, 1, 2022/04/09, 09:29:27.773, 1080162289345, vstest.console.dll, AssemblyResolver.AddSearchDirectories: Adding more searchDirectories C:\Program Files\dotnet\sdk\6.0.102\Extensions,C:\Program Files\dotnet\sdk\6.0.102
TpTrace Information: 0 : 14164, 1, 2022/04/09, 09:29:27.773, 1080162289777, vstest.console.dll, AssemblyResolver.AddSearchDirectories: Adding more searchDirectories C:\Program Files\dotnet\sdk\6.0.102\Extensions,C:\Program Files\dotnet\sdk\6.0.102
TpTrace Information: 0 : 14164, 1, 2022/04/09, 09:29:27.773, 1080162289977, vstest.console.dll, AssemblyResolver.AddSearchDirectories: Adding more searchDirectories C:\Program Files\dotnet\sdk\6.0.102\Extensions,C:\Program Files\dotnet\sdk\6.0.102
TpTrace Information: 0 : 14164, 1, 2022/04/09, 09:29:27.773, 1080162290154, vstest.console.dll, AssemblyResolver.AddSearchDirectories: Adding more searchDirectories C:\Program Files\dotnet\sdk\6.0.102\Extensions,C:\Program Files\dotnet\sdk\6.0.102
TpTrace Information: 0 : 14164, 1, 2022/04/09, 09:29:27.773, 1080162290343, vstest.console.dll, AssemblyResolver.AddSearchDirectories: Adding more searchDirectories C:\Program Files\dotnet\sdk\6.0.102\Extensions,C:\Program Files\dotnet\sdk\6.0.102
TpTrace Information: 0 : 14164, 1, 2022/04/09, 09:29:27.773, 1080162290558, vstest.console.dll, AssemblyResolver.AddSearchDirectories: Adding more searchDirectories C:\Program Files\dotnet\sdk\6.0.102\Extensions,C:\Program Files\dotnet\sdk\6.0.102
TpTrace Information: 0 : 14164, 1, 2022/04/09, 09:29:27.773, 1080162293240, vstest.console.dll, AssemblyResolver.OnResolve: Microsoft.Diagnostics.NETCore.Client: Resolving assembly.
TpTrace Information: 0 : 14164, 1, 2022/04/09, 09:29:27.773, 1080162293950, vstest.console.dll, AssemblyResolver.OnResolve: Microsoft.Diagnostics.NETCore.Client: Searching in: 'C:\Program Files\dotnet\sdk\6.0.102\Extensions'.
TpTrace Information: 0 : 14164, 1, 2022/04/09, 09:29:27.774, 1080162299677, vstest.console.dll, AssemblyResolver.OnResolve: Microsoft.Diagnostics.NETCore.Client: Loading assembly 'C:\Program Files\dotnet\sdk\6.0.102\Extensions\Microsoft.Diagnostics.NETCore.Client.dll'.
TpTrace Information: 0 : 14164, 1, 2022/04/09, 09:29:27.775, 1080162304730, vstest.console.dll, AssemblyResolver.OnResolve: Resolved assembly: Microsoft.Diagnostics.NETCore.Client, from path: C:\Program Files\dotnet\sdk\6.0.102\Extensions\Microsoft.Diagnostics.NETCore.Client.dll
TpTrace Information: 0 : 14164, 1, 2022/04/09, 09:29:27.781, 1080162364813, vstest.console.dll, AssemblyResolver.OnResolve: Microsoft.Bcl.AsyncInterfaces: Resolving assembly.
TpTrace Information: 0 : 14164, 1, 2022/04/09, 09:29:27.781, 1080162365730, vstest.console.dll, AssemblyResolver.OnResolve: Microsoft.Bcl.AsyncInterfaces: Searching in: 'C:\Program Files\dotnet\sdk\6.0.102\Extensions'.
TpTrace Information: 0 : 14164, 1, 2022/04/09, 09:29:27.781, 1080162366519, vstest.console.dll, AssemblyResolver.OnResolve: Microsoft.Bcl.AsyncInterfaces: Assembly path does not exist: 'C:\Program Files\dotnet\sdk\6.0.102\Extensions\Microsoft.Bcl.AsyncInterfaces.dll', returning.
TpTrace Information: 0 : 14164, 1, 2022/04/09, 09:29:27.781, 1080162366967, vstest.console.dll, AssemblyResolver.OnResolve: Microsoft.Bcl.AsyncInterfaces: Assembly path does not exist: 'C:\Program Files\dotnet\sdk\6.0.102\Extensions\Microsoft.Bcl.AsyncInterfaces.exe', returning.
TpTrace Information: 0 : 14164, 1, 2022/04/09, 09:29:27.781, 1080162367136, vstest.console.dll, AssemblyResolver.OnResolve: Microsoft.Bcl.AsyncInterfaces: Searching in: 'C:\Program Files\dotnet\sdk\6.0.102'.
TpTrace Information: 0 : 14164, 1, 2022/04/09, 09:29:27.781, 1080162367577, vstest.console.dll, AssemblyResolver.OnResolve: Microsoft.Bcl.AsyncInterfaces: Assembly path does not exist: 'C:\Program Files\dotnet\sdk\6.0.102\Microsoft.Bcl.AsyncInterfaces.dll', returning.
TpTrace Information: 0 : 14164, 1, 2022/04/09, 09:29:27.781, 1080162367938, vstest.console.dll, AssemblyResolver.OnResolve: Microsoft.Bcl.AsyncInterfaces: Assembly path does not exist: 'C:\Program Files\dotnet\sdk\6.0.102\Microsoft.Bcl.AsyncInterfaces.exe', returning.
TpTrace Information: 0 : 14164, 1, 2022/04/09, 09:29:27.781, 1080162368658, vstest.console.dll, AssemblyResolver.OnResolve: Microsoft.Bcl.AsyncInterfaces: Failed to load assembly.
TpTrace Verbose: 0 : 14164, 1, 2022/04/09, 09:29:27.781, 1080162369029, vstest.console.dll, CurrentDomainAssemblyResolve: Resolving assembly 'Microsoft.Bcl.AsyncInterfaces'.
TpTrace Information: 0 : 14164, 1, 2022/04/09, 09:29:27.781, 1080162369584, vstest.console.dll, AssemblyResolver.OnResolve: Microsoft.Bcl.AsyncInterfaces: Resolving assembly.
TpTrace Information: 0 : 14164, 1, 2022/04/09, 09:29:27.781, 1080162369895, vstest.console.dll, AssemblyResolver.OnResolve: Microsoft.Bcl.AsyncInterfaces: Resolved from cache.
TpTrace Verbose: 0 : 14164, 1, 2022/04/09, 09:29:27.781, 1080162370083, vstest.console.dll, CurrentDomainAssemblyResolve: Resolving assembly 'Microsoft.Bcl.AsyncInterfaces'.
TpTrace Verbose: 0 : 14164, 1, 2022/04/09, 09:29:27.781, 1080162370411, vstest.console.dll, CurrentDomainAssemblyResolve: Failed to resolve assembly 'Microsoft.Bcl.AsyncInterfaces'.
TpTrace Verbose: 0 : 14164, 1, 2022/04/09, 09:29:27.782, 1080162374101, vstest.console.dll, CurrentDomainAssemblyResolve: Failed to resolve assembly 'Microsoft.Bcl.AsyncInterfaces'.
TpTrace Warning: 0 : 14164, 1, 2022/04/09, 09:29:27.795, 1080162505746, vstest.console.dll, TestPluginDiscoverer: Failed to get types from assembly 'Microsoft.Diagnostics.NETCore.Client, Version=0.2.4.21401, Culture=neutral, PublicKeyToken=31bf3856ad364e35'.  Skipping test extension scan for this assembly.  Error: System.Reflection.ReflectionTypeLoadException: Unable to load one or more of the requested types.
Could not load file or assembly 'Microsoft.Bcl.AsyncInterfaces, Version=1.0.0.0, Culture=neutral, PublicKeyToken=cc7b13ffcd2ddd51'. The system cannot find the file specified.
   at System.Reflection.RuntimeModule.GetTypes(RuntimeModule module)
   at System.Reflection.Assembly.GetTypes()
   at Microsoft.VisualStudio.TestPlatform.Common.ExtensionFramework.TestPluginDiscoverer.GetTestExtensionsFromAssembly[TPluginInfo,TExtension](Assembly assembly, Dictionary`2 pluginInfos)
System.IO.FileNotFoundException: Could not load file or assembly 'Microsoft.Bcl.AsyncInterfaces, Version=1.0.0.0, Culture=neutral, PublicKeyToken=cc7b13ffcd2ddd51'. The system cannot find the file specified.
File name: 'Microsoft.Bcl.AsyncInterfaces, Version=1.0.0.0, Culture=neutral, PublicKeyToken=cc7b13ffcd2ddd51'
 ---> System.IO.FileNotFoundException: Could not load file or assembly 'Microsoft.Bcl.AsyncInterfaces, Culture=neutral, PublicKeyToken=null'. The system cannot find the file specified.
File name: 'Microsoft.Bcl.AsyncInterfaces, Culture=neutral, PublicKeyToken=null'
   at System.Reflection.RuntimeAssembly.InternalLoad(ObjectHandleOnStack assemblyName, ObjectHandleOnStack requestingAssembly, StackCrawlMarkHandle stackMark, Boolean throwOnFileNotFound, ObjectHandleOnStack assemblyLoadContext, ObjectHandleOnStack retAssembly)
   at System.Reflection.RuntimeAssembly.InternalLoad(AssemblyName assemblyName, RuntimeAssembly requestingAssembly, StackCrawlMark& stackMark, Boolean throwOnFileNotFound, AssemblyLoadContext assemblyLoadContext)
   at System.Reflection.Assembly.Load(AssemblyName assemblyRef)
   at Microsoft.VisualStudio.TestPlatform.Common.ExtensionFramework.TestPluginCache.CurrentDomainAssemblyResolve(Object sender, AssemblyResolveEventArgs args)
   at Microsoft.VisualStudio.TestPlatform.PlatformAbstractions.PlatformAssemblyResolver.AssemblyResolverEvent(Object sender, Object eventArgs)
   at System.Runtime.Loader.AssemblyLoadContext.GetFirstResolvedAssemblyFromResolvingEvent(AssemblyName assemblyName)
   at System.Runtime.Loader.AssemblyLoadContext.ResolveUsingEvent(AssemblyName assemblyName)
   at System.Runtime.Loader.AssemblyLoadContext.ResolveUsingResolvingEvent(IntPtr gchManagedAssemblyLoadContext, AssemblyName assemblyName)
TpTrace Warning: 0 : 14164, 1, 2022/04/09, 09:29:27.795, 1080162507354, vstest.console.dll, LoaderExceptions: System.IO.FileNotFoundException: Could not load file or assembly 'Microsoft.Bcl.AsyncInterfaces, Version=1.0.0.0, Culture=neutral, PublicKeyToken=cc7b13ffcd2ddd51'. The system cannot find the file specified.
File name: 'Microsoft.Bcl.AsyncInterfaces, Version=1.0.0.0, Culture=neutral, PublicKeyToken=cc7b13ffcd2ddd51'
 ---> System.IO.FileNotFoundException: Could not load file or assembly 'Microsoft.Bcl.AsyncInterfaces, Culture=neutral, PublicKeyToken=null'. The system cannot find the file specified.
File name: 'Microsoft.Bcl.AsyncInterfaces, Culture=neutral, PublicKeyToken=null'
   at System.Reflection.RuntimeAssembly.InternalLoad(ObjectHandleOnStack assemblyName, ObjectHandleOnStack requestingAssembly, StackCrawlMarkHandle stackMark, Boolean throwOnFileNotFound, ObjectHandleOnStack assemblyLoadContext, ObjectHandleOnStack retAssembly)
   at System.Reflection.RuntimeAssembly.InternalLoad(AssemblyName assemblyName, RuntimeAssembly requestingAssembly, StackCrawlMark& stackMark, Boolean throwOnFileNotFound, AssemblyLoadContext assemblyLoadContext)
   at System.Reflection.Assembly.Load(AssemblyName assemblyRef)
   at Microsoft.VisualStudio.TestPlatform.Common.ExtensionFramework.TestPluginCache.CurrentDomainAssemblyResolve(Object sender, AssemblyResolveEventArgs args)
   at Microsoft.VisualStudio.TestPlatform.PlatformAbstractions.PlatformAssemblyResolver.AssemblyResolverEvent(Object sender, Object eventArgs)
   at System.Runtime.Loader.AssemblyLoadContext.GetFirstResolvedAssemblyFromResolvingEvent(AssemblyName assemblyName)
   at System.Runtime.Loader.AssemblyLoadContext.ResolveUsingEvent(AssemblyName assemblyName)
   at System.Runtime.Loader.AssemblyLoadContext.ResolveUsingResolvingEvent(IntPtr gchManagedAssemblyLoadContext, AssemblyName assemblyName)
TpTrace Information: 0 : 14164, 1, 2022/04/09, 09:29:27.795, 1080162508113, vstest.console.dll, AssemblyResolver.OnResolve: Microsoft.TestPlatform.Extensions.BlameDataCollector: Resolving assembly.
TpTrace Information: 0 : 14164, 1, 2022/04/09, 09:29:27.795, 1080162508344, vstest.console.dll, AssemblyResolver.OnResolve: Microsoft.TestPlatform.Extensions.BlameDataCollector: Searching in: 'C:\Program Files\dotnet\sdk\6.0.102\Extensions'.
TpTrace Information: 0 : 14164, 1, 2022/04/09, 09:29:27.795, 1080162513576, vstest.console.dll, AssemblyResolver.OnResolve: Microsoft.TestPlatform.Extensions.BlameDataCollector: Loading assembly 'C:\Program Files\dotnet\sdk\6.0.102\Extensions\Microsoft.TestPlatform.Extensions.BlameDataCollector.dll'.
TpTrace Information: 0 : 14164, 1, 2022/04/09, 09:29:27.796, 1080162520866, vstest.console.dll, AssemblyResolver.OnResolve: Resolved assembly: Microsoft.TestPlatform.Extensions.BlameDataCollector, from path: C:\Program Files\dotnet\sdk\6.0.102\Extensions\Microsoft.TestPlatform.Extensions.BlameDataCollector.dll
TpTrace Information: 0 : 14164, 1, 2022/04/09, 09:29:27.797, 1080162526298, vstest.console.dll, AssemblyResolver.OnResolve: Microsoft.TestPlatform.Extensions.EventLogCollector: Resolving assembly.
TpTrace Information: 0 : 14164, 1, 2022/04/09, 09:29:27.797, 1080162526788, vstest.console.dll, AssemblyResolver.OnResolve: Microsoft.TestPlatform.Extensions.EventLogCollector: Searching in: 'C:\Program Files\dotnet\sdk\6.0.102\Extensions'.
TpTrace Information: 0 : 14164, 1, 2022/04/09, 09:29:27.797, 1080162531209, vstest.console.dll, AssemblyResolver.OnResolve: Microsoft.TestPlatform.Extensions.EventLogCollector: Loading assembly 'C:\Program Files\dotnet\sdk\6.0.102\Extensions\Microsoft.TestPlatform.Extensions.EventLogCollector.dll'.
TpTrace Information: 0 : 14164, 1, 2022/04/09, 09:29:27.798, 1080162536429, vstest.console.dll, AssemblyResolver.OnResolve: Resolved assembly: Microsoft.TestPlatform.Extensions.EventLogCollector, from path: C:\Program Files\dotnet\sdk\6.0.102\Extensions\Microsoft.TestPlatform.Extensions.EventLogCollector.dll
TpTrace Information: 0 : 14164, 1, 2022/04/09, 09:29:27.800, 1080162555083, vstest.console.dll, AssemblyResolver.OnResolve: Microsoft.TestPlatform.TestHostRuntimeProvider: Resolving assembly.
TpTrace Information: 0 : 14164, 1, 2022/04/09, 09:29:27.800, 1080162556461, vstest.console.dll, AssemblyResolver.OnResolve: Microsoft.TestPlatform.TestHostRuntimeProvider: Searching in: 'C:\Program Files\dotnet\sdk\6.0.102\Extensions'.
TpTrace Information: 0 : 14164, 1, 2022/04/09, 09:29:27.800, 1080162559736, vstest.console.dll, AssemblyResolver.OnResolve: Microsoft.TestPlatform.TestHostRuntimeProvider: Loading assembly 'C:\Program Files\dotnet\sdk\6.0.102\Extensions\Microsoft.TestPlatform.TestHostRuntimeProvider.dll'.
TpTrace Information: 0 : 14164, 1, 2022/04/09, 09:29:27.801, 1080162564213, vstest.console.dll, AssemblyResolver.OnResolve: Resolved assembly: Microsoft.TestPlatform.TestHostRuntimeProvider, from path: C:\Program Files\dotnet\sdk\6.0.102\Extensions\Microsoft.TestPlatform.TestHostRuntimeProvider.dll
TpTrace Information: 0 : 14164, 1, 2022/04/09, 09:29:27.802, 1080162575243, vstest.console.dll, AssemblyResolver.OnResolve: Microsoft.VisualStudio.TestPlatform.Extensions.Html.TestLogger: Resolving assembly.
TpTrace Information: 0 : 14164, 1, 2022/04/09, 09:29:27.802, 1080162576131, vstest.console.dll, AssemblyResolver.OnResolve: Microsoft.VisualStudio.TestPlatform.Extensions.Html.TestLogger: Searching in: 'C:\Program Files\dotnet\sdk\6.0.102\Extensions'.
TpTrace Information: 0 : 14164, 1, 2022/04/09, 09:29:27.802, 1080162581338, vstest.console.dll, AssemblyResolver.OnResolve: Microsoft.VisualStudio.TestPlatform.Extensions.Html.TestLogger: Loading assembly 'C:\Program Files\dotnet\sdk\6.0.102\Extensions\Microsoft.VisualStudio.TestPlatform.Extensions.Html.TestLogger.dll'.
TpTrace Information: 0 : 14164, 1, 2022/04/09, 09:29:27.803, 1080162586611, vstest.console.dll, AssemblyResolver.OnResolve: Resolved assembly: Microsoft.VisualStudio.TestPlatform.Extensions.Html.TestLogger, from path: C:\Program Files\dotnet\sdk\6.0.102\Extensions\Microsoft.VisualStudio.TestPlatform.Extensions.Html.TestLogger.dll
TpTrace Information: 0 : 14164, 1, 2022/04/09, 09:29:27.803, 1080162590038, vstest.console.dll, AssemblyResolver.OnResolve: Microsoft.VisualStudio.TestPlatform.Extensions.Trx.TestLogger: Resolving assembly.
TpTrace Information: 0 : 14164, 1, 2022/04/09, 09:29:27.803, 1080162590483, vstest.console.dll, AssemblyResolver.OnResolve: Microsoft.VisualStudio.TestPlatform.Extensions.Trx.TestLogger: Searching in: 'C:\Program Files\dotnet\sdk\6.0.102\Extensions'.
TpTrace Information: 0 : 14164, 1, 2022/04/09, 09:29:27.804, 1080162594403, vstest.console.dll, AssemblyResolver.OnResolve: Microsoft.VisualStudio.TestPlatform.Extensions.Trx.TestLogger: Loading assembly 'C:\Program Files\dotnet\sdk\6.0.102\Extensions\Microsoft.VisualStudio.TestPlatform.Extensions.Trx.TestLogger.dll'.
TpTrace Information: 0 : 14164, 1, 2022/04/09, 09:29:27.804, 1080162598630, vstest.console.dll, AssemblyResolver.OnResolve: Resolved assembly: Microsoft.VisualStudio.TestPlatform.Extensions.Trx.TestLogger, from path: C:\Program Files\dotnet\sdk\6.0.102\Extensions\Microsoft.VisualStudio.TestPlatform.Extensions.Trx.TestLogger.dll
TpTrace Verbose: 0 : 14164, 1, 2022/04/09, 09:29:27.804, 1080162602838, vstest.console.dll, TestPluginCache: Discovered the extensions using extension path ''.
TpTrace Verbose: 0 : 14164, 1, 2022/04/09, 09:29:27.804, 1080162603234, vstest.console.dll, TestPluginCache: Discoverers are ''.
TpTrace Verbose: 0 : 14164, 1, 2022/04/09, 09:29:27.804, 1080162603402, vstest.console.dll, TestPluginCache: Executors are ''.
TpTrace Verbose: 0 : 14164, 1, 2022/04/09, 09:29:27.804, 1080162603546, vstest.console.dll, TestPluginCache: Executors2 are ''.
TpTrace Verbose: 0 : 14164, 1, 2022/04/09, 09:29:27.804, 1080162603686, vstest.console.dll, TestPluginCache: Setting providers are ''.
TpTrace Verbose: 0 : 14164, 1, 2022/04/09, 09:29:27.804, 1080162604012, vstest.console.dll, TestPluginCache: Loggers are ''.
TpTrace Information: 0 : 14164, 1, 2022/04/09, 09:29:27.808, 1080162639834, vstest.console.dll, RunTestsArgumentProcessor:Execute: Test run is starting.
TpTrace Verbose: 0 : 14164, 1, 2022/04/09, 09:29:27.808, 1080162640993, vstest.console.dll, RunTestsArgumentProcessor:Execute: Queuing Test run.
TpTrace Information: 0 : 14164, 1, 2022/04/09, 09:29:27.808, 1080162642539, vstest.console.dll, TestRequestManager.RunTests: run tests started.
TpTrace Information: 0 : 14164, 1, 2022/04/09, 09:29:27.812, 1080162676248, vstest.console.dll, AssemblyMetadataProvider.GetFrameWork: Determined framework:'.NETCoreApp,Version=v3.1' for source: 'D:\c#Code\softuniC#\04.OOP\EXAM\Unit tests\SmartphoneShop.Tests\bin\Debug\netcoreapp3.1\fine-code-coverage\build-output\SmartphoneShop.Tests.dll'
TpTrace Information: 0 : 14164, 1, 2022/04/09, 09:29:27.812, 1080162678601, vstest.console.dll, Determined framework for all sources: .NETCoreApp,Version=v3.1
TpTrace Information: 0 : 14164, 1, 2022/04/09, 09:29:27.812, 1080162683908, vstest.console.dll, AssemblyMetadataProvider.GetArchitecture: Determined architecture:AnyCPU info for assembly: D:\c#Code\softuniC#\04.OOP\EXAM\Unit tests\SmartphoneShop.Tests\bin\Debug\netcoreapp3.1\fine-code-coverage\build-output\SmartphoneShop.Tests.dll
TpTrace Information: 0 : 14164, 1, 2022/04/09, 09:29:27.814, 1080162699983, vstest.console.dll, Determined platform for all sources: X64
TpTrace Information: 0 : 14164, 1, 2022/04/09, 09:29:27.816, 1080162721587, vstest.console.dll, Compatible sources list : 
TpTrace Information: 0 : 14164, 1, 2022/04/09, 09:29:27.816, 1080162723017, vstest.console.dll, D:\c#Code\softuniC#\04.OOP\EXAM\Unit tests\SmartphoneShop.Tests\bin\Debug\netcoreapp3.1\fine-code-coverage\build-output\SmartphoneShop.Tests.dll
TpTrace Information: 0 : 14164, 1, 2022/04/09, 09:29:27.818, 1080162742123, vstest.console.dll, InferRunSettingsHelper.IsTestSettingsEnabled: Unable to navigate to RunSettings/MSTest. Current node: RunSettings
TpTrace Information: 0 : 14164, 1, 2022/04/09, 09:29:27.819, 1080162747866, vstest.console.dll, AssemblyResolver.OnResolve: Microsoft.VisualStudio.TestPlatform.Fakes: Resolving assembly.
TpTrace Information: 0 : 14164, 1, 2022/04/09, 09:29:27.819, 1080162748426, vstest.console.dll, AssemblyResolver.OnResolve: Microsoft.VisualStudio.TestPlatform.Fakes: Searching in: 'C:\Program Files\dotnet\sdk\6.0.102\Extensions'.
TpTrace Information: 0 : 14164, 1, 2022/04/09, 09:29:27.819, 1080162749548, vstest.console.dll, AssemblyResolver.OnResolve: Microsoft.VisualStudio.TestPlatform.Fakes: Assembly path does not exist: 'C:\Program Files\dotnet\sdk\6.0.102\Extensions\Microsoft.VisualStudio.TestPlatform.Fakes.dll', returning.
TpTrace Information: 0 : 14164, 1, 2022/04/09, 09:29:27.819, 1080162749972, vstest.console.dll, AssemblyResolver.OnResolve: Microsoft.VisualStudio.TestPlatform.Fakes: Assembly path does not exist: 'C:\Program Files\dotnet\sdk\6.0.102\Extensions\Microsoft.VisualStudio.TestPlatform.Fakes.exe', returning.
TpTrace Information: 0 : 14164, 1, 2022/04/09, 09:29:27.819, 1080162750143, vstest.console.dll, AssemblyResolver.OnResolve: Microsoft.VisualStudio.TestPlatform.Fakes: Searching in: 'C:\Program Files\dotnet\sdk\6.0.102'.
TpTrace Information: 0 : 14164, 1, 2022/04/09, 09:29:27.819, 1080162750574, vstest.console.dll, AssemblyResolver.OnResolve: Microsoft.VisualStudio.TestPlatform.Fakes: Assembly path does not exist: 'C:\Program Files\dotnet\sdk\6.0.102\Microsoft.VisualStudio.TestPlatform.Fakes.dll', returning.
TpTrace Information: 0 : 14164, 1, 2022/04/09, 09:29:27.819, 1080162750984, vstest.console.dll, AssemblyResolver.OnResolve: Microsoft.VisualStudio.TestPlatform.Fakes: Assembly path does not exist: 'C:\Program Files\dotnet\sdk\6.0.102\Microsoft.VisualStudio.TestPlatform.Fakes.exe', returning.
TpTrace Information: 0 : 14164, 1, 2022/04/09, 09:29:27.819, 1080162751155, vstest.console.dll, AssemblyResolver.OnResolve: Microsoft.VisualStudio.TestPlatform.Fakes: Failed to load assembly.
TpTrace Information: 0 : 14164, 1, 2022/04/09, 09:29:27.819, 1080162753347, vstest.console.dll, Failed to load assembly Microsoft.VisualStudio.TestPlatform.Fakes, Version=17.0.0.0, Culture=neutral. Reason:System.IO.FileNotFoundException: Could not load file or assembly 'Microsoft.VisualStudio.TestPlatform.Fakes, Version=17.0.0.0, Culture=neutral, PublicKeyToken=null'. The system cannot find the file specified.
File name: 'Microsoft.VisualStudio.TestPlatform.Fakes, Version=17.0.0.0, Culture=neutral, PublicKeyToken=null'
   at System.Reflection.RuntimeAssembly.InternalLoad(ObjectHandleOnStack assemblyName, ObjectHandleOnStack requestingAssembly, StackCrawlMarkHandle stackMark, Boolean throwOnFileNotFound, ObjectHandleOnStack assemblyLoadContext, ObjectHandleOnStack retAssembly)
   at System.Reflection.RuntimeAssembly.InternalLoad(AssemblyName assemblyName, RuntimeAssembly requestingAssembly, StackCrawlMark& stackMark, Boolean throwOnFileNotFound, AssemblyLoadContext assemblyLoadContext)
   at System.Reflection.Assembly.Load(AssemblyName assemblyRef)
   at Microsoft.VisualStudio.TestPlatform.Common.Utilities.FakesUtilities.LoadTestPlatformAssembly()
TpTrace Verbose: 0 : 14164, 1, 2022/04/09, 09:29:27.823, 1080162792034, vstest.console.dll, TestPluginCache.DiscoverTestExtensions: finding test extensions in assemblies ends with: TestLogger.dll TPluginInfo: Microsoft.VisualStudio.TestPlatform.Common.ExtensionFramework.Utilities.TestLoggerPluginInformation TExtension: Microsoft.VisualStudio.TestPlatform.ObjectModel.Client.ITestLogger
TpTrace Verbose: 0 : 14164, 1, 2022/04/09, 09:29:27.823, 1080162793473, vstest.console.dll, TestPluginCache.GetExtensionPaths: Filtered extension paths: 
TpTrace Verbose: 0 : 14164, 1, 2022/04/09, 09:29:27.823, 1080162794039, vstest.console.dll, TestPluginCache.GetExtensionPaths: Added default extension paths: C:\Program Files\dotnet\sdk\6.0.102\Extensions\Microsoft.Diagnostics.NETCore.Client.dll
C:\Program Files\dotnet\sdk\6.0.102\Extensions\Microsoft.TestPlatform.Extensions.BlameDataCollector.dll
C:\Program Files\dotnet\sdk\6.0.102\Extensions\Microsoft.TestPlatform.Extensions.EventLogCollector.dll
C:\Program Files\dotnet\sdk\6.0.102\Extensions\Microsoft.TestPlatform.TestHostRuntimeProvider.dll
C:\Program Files\dotnet\sdk\6.0.102\Extensions\Microsoft.VisualStudio.TestPlatform.Extensions.Html.TestLogger.dll
C:\Program Files\dotnet\sdk\6.0.102\Extensions\Microsoft.VisualStudio.TestPlatform.Extensions.Trx.TestLogger.dll
TpTrace Verbose: 0 : 14164, 1, 2022/04/09, 09:29:27.824, 1080162794446, vstest.console.dll, TestPluginCache.GetExtensionPaths: Added unfilterableExtensionPaths: 
TpTrace Information: 0 : 14164, 1, 2022/04/09, 09:29:27.824, 1080162796771, vstest.console.dll, AssemblyResolver.AddSearchDirectories: Adding more searchDirectories C:\Program Files\dotnet\sdk\6.0.102\Extensions,C:\Program Files\dotnet\sdk\6.0.102
TpTrace Verbose: 0 : 14164, 1, 2022/04/09, 09:29:27.824, 1080162797364, vstest.console.dll, TestPluginCache.DiscoverTestExtensions: Discovering the extensions using extension path.
TpTrace Verbose: 0 : 14164, 1, 2022/04/09, 09:29:27.824, 1080162797822, vstest.console.dll, TestPluginCache.GetExtensionPaths: Filtered extension paths: 
TpTrace Verbose: 0 : 14164, 1, 2022/04/09, 09:29:27.824, 1080162798252, vstest.console.dll, TestPluginCache.GetExtensionPaths: Added default extension paths: C:\Program Files\dotnet\sdk\6.0.102\Extensions\Microsoft.Diagnostics.NETCore.Client.dll
C:\Program Files\dotnet\sdk\6.0.102\Extensions\Microsoft.TestPlatform.Extensions.BlameDataCollector.dll
C:\Program Files\dotnet\sdk\6.0.102\Extensions\Microsoft.TestPlatform.Extensions.EventLogCollector.dll
C:\Program Files\dotnet\sdk\6.0.102\Extensions\Microsoft.TestPlatform.TestHostRuntimeProvider.dll
C:\Program Files\dotnet\sdk\6.0.102\Extensions\Microsoft.VisualStudio.TestPlatform.Extensions.Html.TestLogger.dll
C:\Program Files\dotnet\sdk\6.0.102\Extensions\Microsoft.VisualStudio.TestPlatform.Extensions.Trx.TestLogger.dll
TpTrace Verbose: 0 : 14164, 1, 2022/04/09, 09:29:27.824, 1080162798631, vstest.console.dll, TestPluginCache.GetExtensionPaths: Added unfilterableExtensionPaths: 
TpTrace Verbose: 0 : 14164, 1, 2022/04/09, 09:29:27.824, 1080162799033, vstest.console.dll, TestPluginCache.DiscoverTestExtensions: Discovering the extensions using allExtensionPaths: C:\Program Files\dotnet\sdk\6.0.102\Extensions\Microsoft.Diagnostics.NETCore.Client.dll
C:\Program Files\dotnet\sdk\6.0.102\Extensions\Microsoft.TestPlatform.Extensions.BlameDataCollector.dll
C:\Program Files\dotnet\sdk\6.0.102\Extensions\Microsoft.TestPlatform.Extensions.EventLogCollector.dll
C:\Program Files\dotnet\sdk\6.0.102\Extensions\Microsoft.TestPlatform.TestHostRuntimeProvider.dll
C:\Program Files\dotnet\sdk\6.0.102\Extensions\Microsoft.VisualStudio.TestPlatform.Extensions.Html.TestLogger.dll
C:\Program Files\dotnet\sdk\6.0.102\Extensions\Microsoft.VisualStudio.TestPlatform.Extensions.Trx.TestLogger.dll
TpTrace Information: 0 : 14164, 1, 2022/04/09, 09:29:27.824, 1080162799675, vstest.console.dll, AssemblyResolver.AddSearchDirectories: Adding more searchDirectories C:\Program Files\dotnet\sdk\6.0.102\Extensions,C:\Program Files\dotnet\sdk\6.0.102
TpTrace Information: 0 : 14164, 1, 2022/04/09, 09:29:27.824, 1080162800217, vstest.console.dll, AssemblyResolver.AddSearchDirectories: Adding more searchDirectories C:\Program Files\dotnet\sdk\6.0.102\Extensions,C:\Program Files\dotnet\sdk\6.0.102
TpTrace Information: 0 : 14164, 1, 2022/04/09, 09:29:27.824, 1080162800611, vstest.console.dll, AssemblyResolver.AddSearchDirectories: Adding more searchDirectories C:\Program Files\dotnet\sdk\6.0.102\Extensions,C:\Program Files\dotnet\sdk\6.0.102
TpTrace Information: 0 : 14164, 1, 2022/04/09, 09:29:27.824, 1080162800973, vstest.console.dll, AssemblyResolver.AddSearchDirectories: Adding more searchDirectories C:\Program Files\dotnet\sdk\6.0.102\Extensions,C:\Program Files\dotnet\sdk\6.0.102
TpTrace Information: 0 : 14164, 1, 2022/04/09, 09:29:27.824, 1080162801408, vstest.console.dll, AssemblyResolver.AddSearchDirectories: Adding more searchDirectories C:\Program Files\dotnet\sdk\6.0.102\Extensions,C:\Program Files\dotnet\sdk\6.0.102
TpTrace Information: 0 : 14164, 1, 2022/04/09, 09:29:27.824, 1080162801759, vstest.console.dll, AssemblyResolver.AddSearchDirectories: Adding more searchDirectories C:\Program Files\dotnet\sdk\6.0.102\Extensions,C:\Program Files\dotnet\sdk\6.0.102
TpTrace Information: 0 : 14164, 1, 2022/04/09, 09:29:27.825, 1080162805284, vstest.console.dll, AssemblyResolver.OnResolve: Microsoft.Bcl.AsyncInterfaces: Resolving assembly.
TpTrace Information: 0 : 14164, 1, 2022/04/09, 09:29:27.825, 1080162805712, vstest.console.dll, AssemblyResolver.OnResolve: Microsoft.Bcl.AsyncInterfaces: Resolved from cache.
TpTrace Verbose: 0 : 14164, 1, 2022/04/09, 09:29:27.825, 1080162805941, vstest.console.dll, CurrentDomainAssemblyResolve: Resolving assembly 'Microsoft.Bcl.AsyncInterfaces'.
TpTrace Information: 0 : 14164, 1, 2022/04/09, 09:29:27.825, 1080162806224, vstest.console.dll, AssemblyResolver.OnResolve: Microsoft.Bcl.AsyncInterfaces: Resolving assembly.
TpTrace Information: 0 : 14164, 1, 2022/04/09, 09:29:27.825, 1080162806400, vstest.console.dll, AssemblyResolver.OnResolve: Microsoft.Bcl.AsyncInterfaces: Resolved from cache.
TpTrace Verbose: 0 : 14164, 1, 2022/04/09, 09:29:27.825, 1080162806608, vstest.console.dll, CurrentDomainAssemblyResolve: Resolving assembly 'Microsoft.Bcl.AsyncInterfaces'.
TpTrace Verbose: 0 : 14164, 1, 2022/04/09, 09:29:27.825, 1080162806764, vstest.console.dll, CurrentDomainAssemblyResolve: Failed to resolve assembly 'Microsoft.Bcl.AsyncInterfaces'.
TpTrace Verbose: 0 : 14164, 1, 2022/04/09, 09:29:27.825, 1080162808141, vstest.console.dll, CurrentDomainAssemblyResolve: Failed to resolve assembly 'Microsoft.Bcl.AsyncInterfaces'.
TpTrace Warning: 0 : 14164, 1, 2022/04/09, 09:29:27.825, 1080162810987, vstest.console.dll, TestPluginDiscoverer: Failed to get types from assembly 'Microsoft.Diagnostics.NETCore.Client, Version=0.2.4.21401, Culture=neutral, PublicKeyToken=31bf3856ad364e35'.  Skipping test extension scan for this assembly.  Error: System.Reflection.ReflectionTypeLoadException: Unable to load one or more of the requested types.
Could not load file or assembly 'Microsoft.Bcl.AsyncInterfaces, Version=1.0.0.0, Culture=neutral, PublicKeyToken=cc7b13ffcd2ddd51'. The system cannot find the file specified.
   at System.Reflection.RuntimeModule.GetTypes(RuntimeModule module)
   at System.Reflection.Assembly.GetTypes()
   at Microsoft.VisualStudio.TestPlatform.Common.ExtensionFramework.TestPluginDiscoverer.GetTestExtensionsFromAssembly[TPluginInfo,TExtension](Assembly assembly, Dictionary`2 pluginInfos)
System.IO.FileNotFoundException: Could not load file or assembly 'Microsoft.Bcl.AsyncInterfaces, Version=1.0.0.0, Culture=neutral, PublicKeyToken=cc7b13ffcd2ddd51'. The system cannot find the file specified.
File name: 'Microsoft.Bcl.AsyncInterfaces, Version=1.0.0.0, Culture=neutral, PublicKeyToken=cc7b13ffcd2ddd51'
 ---> System.IO.FileNotFoundException: Could not load file or assembly 'Microsoft.Bcl.AsyncInterfaces, Culture=neutral, PublicKeyToken=null'. The system cannot find the file specified.
File name: 'Microsoft.Bcl.AsyncInterfaces, Culture=neutral, PublicKeyToken=null'
   at System.Reflection.RuntimeAssembly.InternalLoad(ObjectHandleOnStack assemblyName, ObjectHandleOnStack requestingAssembly, StackCrawlMarkHandle stackMark, Boolean throwOnFileNotFound, ObjectHandleOnStack assemblyLoadContext, ObjectHandleOnStack retAssembly)
   at System.Reflection.RuntimeAssembly.InternalLoad(AssemblyName assemblyName, RuntimeAssembly requestingAssembly, StackCrawlMark& stackMark, Boolean throwOnFileNotFound, AssemblyLoadContext assemblyLoadContext)
   at System.Reflection.Assembly.Load(AssemblyName assemblyRef)
   at Microsoft.VisualStudio.TestPlatform.Common.ExtensionFramework.TestPluginCache.CurrentDomainAssemblyResolve(Object sender, AssemblyResolveEventArgs args)
   at Microsoft.VisualStudio.TestPlatform.PlatformAbstractions.PlatformAssemblyResolver.AssemblyResolverEvent(Object sender, Object eventArgs)
   at System.Runtime.Loader.AssemblyLoadContext.GetFirstResolvedAssemblyFromResolvingEvent(AssemblyName assemblyName)
   at System.Runtime.Loader.AssemblyLoadContext.ResolveUsingEvent(AssemblyName assemblyName)
   at System.Runtime.Loader.AssemblyLoadContext.ResolveUsingResolvingEvent(IntPtr gchManagedAssemblyLoadContext, AssemblyName assemblyName)
TpTrace Warning: 0 : 14164, 1, 2022/04/09, 09:29:27.825, 1080162812743, vstest.console.dll, LoaderExceptions: System.IO.FileNotFoundException: Could not load file or assembly 'Microsoft.Bcl.AsyncInterfaces, Version=1.0.0.0, Culture=neutral, PublicKeyToken=cc7b13ffcd2ddd51'. The system cannot find the file specified.
File name: 'Microsoft.Bcl.AsyncInterfaces, Version=1.0.0.0, Culture=neutral, PublicKeyToken=cc7b13ffcd2ddd51'
 ---> System.IO.FileNotFoundException: Could not load file or assembly 'Microsoft.Bcl.AsyncInterfaces, Culture=neutral, PublicKeyToken=null'. The system cannot find the file specified.
File name: 'Microsoft.Bcl.AsyncInterfaces, Culture=neutral, PublicKeyToken=null'
   at System.Reflection.RuntimeAssembly.InternalLoad(ObjectHandleOnStack assemblyName, ObjectHandleOnStack requestingAssembly, StackCrawlMarkHandle stackMark, Boolean throwOnFileNotFound, ObjectHandleOnStack assemblyLoadContext, ObjectHandleOnStack retAssembly)
   at System.Reflection.RuntimeAssembly.InternalLoad(AssemblyName assemblyName, RuntimeAssembly requestingAssembly, StackCrawlMark& stackMark, Boolean throwOnFileNotFound, AssemblyLoadContext assemblyLoadContext)
   at System.Reflection.Assembly.Load(AssemblyName assemblyRef)
   at Microsoft.VisualStudio.TestPlatform.Common.ExtensionFramework.TestPluginCache.CurrentDomainAssemblyResolve(Object sender, AssemblyResolveEventArgs args)
   at Microsoft.VisualStudio.TestPlatform.PlatformAbstractions.PlatformAssemblyResolver.AssemblyResolverEvent(Object sender, Object eventArgs)
   at System.Runtime.Loader.AssemblyLoadContext.GetFirstResolvedAssemblyFromResolvingEvent(AssemblyName assemblyName)
   at System.Runtime.Loader.AssemblyLoadContext.ResolveUsingEvent(AssemblyName assemblyName)
   at System.Runtime.Loader.AssemblyLoadContext.ResolveUsingResolvingEvent(IntPtr gchManagedAssemblyLoadContext, AssemblyName assemblyName)
TpTrace Verbose: 0 : 14164, 1, 2022/04/09, 09:29:27.826, 1080162816298, vstest.console.dll, TestPluginCache: Discovered the extensions using extension path ''.
TpTrace Verbose: 0 : 14164, 1, 2022/04/09, 09:29:27.826, 1080162816643, vstest.console.dll, TestPluginCache: Discoverers are ''.
TpTrace Verbose: 0 : 14164, 1, 2022/04/09, 09:29:27.826, 1080162816808, vstest.console.dll, TestPluginCache: Executors are ''.
TpTrace Verbose: 0 : 14164, 1, 2022/04/09, 09:29:27.826, 1080162816962, vstest.console.dll, TestPluginCache: Executors2 are ''.
TpTrace Verbose: 0 : 14164, 1, 2022/04/09, 09:29:27.826, 1080162817113, vstest.console.dll, TestPluginCache: Setting providers are ''.
TpTrace Verbose: 0 : 14164, 1, 2022/04/09, 09:29:27.826, 1080162817693, vstest.console.dll, TestPluginCache: Loggers are 'logger://Microsoft/TestPlatform/Extensions/Blame/v1,logger://Microsoft/TestPlatform/HtmlLogger/v1,logger://Microsoft/TestPlatform/TrxLogger/v1'.
TpTrace Information: 0 : 14164, 1, 2022/04/09, 09:29:27.826, 1080162822931, vstest.console.dll, TestPluginManager.CreateTestExtension: Attempting to load test extension: Microsoft.TestPlatform.Extensions.BlameDataCollector.BlameLogger
TpTrace Information: 0 : 14164, 1, 2022/04/09, 09:29:27.832, 1080162878132, vstest.console.dll, TestPluginManager.CreateTestExtension: Attempting to load test extension: Microsoft.VisualStudio.TestPlatform.CrossPlatEngine.Hosting.DefaultTestHostManager
TpTrace Information: 0 : 14164, 1, 2022/04/09, 09:29:27.832, 1080162880859, vstest.console.dll, TestPluginManager.CreateTestExtension: Attempting to load test extension: Microsoft.VisualStudio.TestPlatform.CrossPlatEngine.Hosting.DotnetTestHostManager
TpTrace Verbose: 0 : 14164, 1, 2022/04/09, 09:29:27.833, 1080162884917, vstest.console.dll, TestEngine: Initializing Parallel Execution as MaxCpuCount is set to: 1
TpTrace Information: 0 : 14164, 1, 2022/04/09, 09:29:27.833, 1080162889117, vstest.console.dll, InferRunSettingsHelper.IsTestSettingsEnabled: Unable to navigate to RunSettings/MSTest. Current node: RunSettings
TpTrace Verbose: 0 : 14164, 1, 2022/04/09, 09:29:27.843, 1080162993443, vstest.console.dll, TestRequestSender is acting as server
TpTrace Verbose: 0 : 14164, 5, 2022/04/09, 09:29:27.848, 1080163038313, vstest.console.dll, DataCollectionRequestSender.InitializeCommunication : Initialize communication. 
TpTrace Information: 0 : 14164, 5, 2022/04/09, 09:29:27.854, 1080163095647, vstest.console.dll, Listening on Endpoint : 127.0.0.1:61801
TpTrace Verbose: 0 : 14164, 5, 2022/04/09, 09:29:27.862, 1080163183675, vstest.console.dll, DotnetDataCollectionLauncher: Full path of dotnet.exe is C:\Program Files\dotnet\dotnet.exe
TpTrace Verbose: 0 : 14164, 5, 2022/04/09, 09:29:27.863, 1080163185483, vstest.console.dll, DotnetDataCollectionLauncher: Adding  --runtimeconfig "C:\Program Files\dotnet\sdk\6.0.102\datacollector.runtimeconfig.json" in args
TpTrace Verbose: 0 : 14164, 5, 2022/04/09, 09:29:27.863, 1080163185982, vstest.console.dll, DotnetDataCollectionLauncher: Adding  --depsfile "C:\Program Files\dotnet\sdk\6.0.102\datacollector.deps.json" in args
TpTrace Information: 0 : 14164, 5, 2022/04/09, 09:29:27.871, 1080163269163, vstest.console.dll, ProxyDataCollectionManager.Initialize: Launched datacollector processId: 1604 port: 61801
TpTrace Information: 0 : 14164, 5, 2022/04/09, 09:29:27.871, 1080163270809, vstest.console.dll, ProxyDataCollectionManager.Initialize: waiting for connection with timeout: 90 seconds
TpTrace Verbose: 0 : 14164, 5, 2022/04/09, 09:29:27.871, 1080163271172, vstest.console.dll, DataCollectionRequestSender.WaitForRequestHandlerConnection : Waiting for connection with timeout: 90000
TpTrace Information: 0 : 14164, 8, 2022/04/09, 09:29:27.984, 1080164401192, vstest.console.dll, Using the buffer size of 16384 bytes
TpTrace Verbose: 0 : 14164, 5, 2022/04/09, 09:29:27.984, 1080164402074, vstest.console.dll, ProxyDataCollectionManager.InvokeDataCollectionServiceAction: Starting.
TpTrace Information: 0 : 14164, 8, 2022/04/09, 09:29:27.984, 1080164402505, vstest.console.dll, Accepted Client request and set the flag
TpTrace Information: 0 : 14164, 5, 2022/04/09, 09:29:27.984, 1080164403530, vstest.console.dll, ProxyDataCollectionManager.BeforeTestRunStart: Get environment variable and port for datacollector processId: 1604 port: 61801
TpTrace Verbose: 0 : 14164, 5, 2022/04/09, 09:29:27.985, 1080164404951, vstest.console.dll, DataCollectionRequestSender.SendBeforeTestRunStartAndGetResult : Send BeforeTestRunStart message with settingsXml <RunSettings><RunConfiguration><ResultsDirectory>D:\c#Code\softuniC#\04.OOP\EXAM\Unit tests\SmartphoneShop.Tests\bin\Debug\netcoreapp3.1\fine-code-coverage\coverage-tool-output</ResultsDirectory><TargetPlatform>X64</TargetPlatform><TargetFrameworkVersion>.NETCoreApp,Version=v3.1</TargetFrameworkVersion><DesignMode>False</DesignMode><CollectSourceInformation>False</CollectSourceInformation><TestAdaptersPaths>C:\Program Files\dotnet\sdk\6.0.102\Extensions</TestAdaptersPaths></RunConfiguration><LoggerRunSettings><Loggers><Logger friendlyName="blame" enabled="True" /><Logger friendlyName="Console" uri="logger://microsoft/TestPlatform/ConsoleLogger/v1" assemblyQualifiedName="Microsoft.VisualStudio.TestPlatform.CommandLine.Internal.ConsoleLogger, vstest.console, Version=15.0.0.0, Culture=neutral, PublicKeyToken=b03f5f7f11d50a3a" codeBase="C:\Program Files\dotnet\sdk\6.0.102\vstest.console.dll" enabled="True" /></Loggers></LoggerRunSettings><DataCollectionRunSettings><DataCollectors><DataCollector friendlyName="blame" enabled="True"><Configuration><ResultsDirectory>D:\c#Code\softuniC#\04.OOP\EXAM\Unit tests\SmartphoneShop.Tests\bin\Debug\netcoreapp3.1\fine-code-coverage\coverage-tool-output</ResultsDirectory></Configuration></DataCollector></DataCollectors></DataCollectionRunSettings></RunSettings> and sources System.Linq.Enumerable+Concat2Iterator`1[System.String]: 
TpTrace Verbose: 0 : 14164, 5, 2022/04/09, 09:29:28.041, 1080164968543, vstest.console.dll, DataCollectionRequestSender.SendBeforeTestRunStartAndGetResult : Received message: (DataCollection.SendMessage) -> {
  "FriendlyName": null,
  "Uri": null,
  "TestCaseId": "00000000-0000-0000-0000-000000000000",
  "Message": "Logging DataCollector Diagnostics in file: D:\\c#Code\\softuniC#\\04.OOP\\EXAM\\Unit tests\\SmartphoneShop.Tests\\bin\\Debug\\netcoreapp3.1\\fine-code-coverage\\coverage-tool-output\\diagnostics.datacollector.22-04-09_09-29-27_85975_5.log",
  "Level": 0
}
TpTrace Verbose: 0 : 14164, 5, 2022/04/09, 09:29:28.095, 1080165510442, vstest.console.dll, DataCollectionRequestSender.SendBeforeTestRunStartAndGetResult : Received message: (DataCollection.BeforeTestRunStartResult) -> {
  "EnvironmentVariables": {},
  "DataCollectionEventsPort": 61803
}
TpTrace Information: 0 : 14164, 5, 2022/04/09, 09:29:28.100, 1080165559912, vstest.console.dll, ProxyDataCollectionManager.BeforeTestRunStart: SendBeforeTestRunStartAndGetResult successful, env variable from datacollector:   and testhost port: 61803
TpTrace Information: 0 : 14164, 5, 2022/04/09, 09:29:28.100, 1080165561022, vstest.console.dll, ProxyDataCollectionManager.InvokeDataCollectionServiceAction: Completed.
TpTrace Verbose: 0 : 14164, 1, 2022/04/09, 09:29:28.100, 1080165562344, vstest.console.dll, TestRunRequest.ExecuteAsync: Creating test run request.
TpTrace Verbose: 0 : 14164, 1, 2022/04/09, 09:29:28.101, 1080165564940, vstest.console.dll, TestRunRequest.ExecuteAsync: Starting.
TpTrace Information: 0 : 14164, 1, 2022/04/09, 09:29:28.101, 1080165567654, vstest.console.dll, TestRunRequest.ExecuteAsync: Starting run with settings:TestRunCriteria:
   KeepAlive=False,FrequencyOfRunStatsChangeEvent=10,RunStatsChangeEventTimeout=00:00:01.5000000,TestCaseFilter=,TestExecutorLauncher=
   Settingsxml=<RunSettings>
  <RunConfiguration>
    <ResultsDirectory>D:\c#Code\softuniC#\04.OOP\EXAM\Unit tests\SmartphoneShop.Tests\bin\Debug\netcoreapp3.1\fine-code-coverage\coverage-tool-output</ResultsDirectory>
    <TargetPlatform>X64</TargetPlatform>
    <TargetFrameworkVersion>.NETCoreApp,Version=v3.1</TargetFrameworkVersion>
    <DesignMode>False</DesignMode>
    <CollectSourceInformation>False</CollectSourceInformation>
  </RunConfiguration>
  <LoggerRunSettings>
    <Loggers>
      <Logger friendlyName="blame" enabled="True" />
      <Logger friendlyName="Console" uri="logger://microsoft/TestPlatform/ConsoleLogger/v1" assemblyQualifiedName="Microsoft.VisualStudio.TestPlatform.CommandLine.Internal.ConsoleLogger, vstest.console, Version=15.0.0.0, Culture=neutral, PublicKeyToken=b03f5f7f11d50a3a" codeBase="C:\Program Files\dotnet\sdk\6.0.102\vstest.console.dll" enabled="True" />
    </Loggers>
  </LoggerRunSettings>
  <DataCollectionRunSettings>
    <DataCollectors>
      <DataCollector friendlyName="blame" enabled="True">
        <Configuration>
          <ResultsDirectory>D:\c#Code\softuniC#\04.OOP\EXAM\Unit tests\SmartphoneShop.Tests\bin\Debug\netcoreapp3.1\fine-code-coverage\coverage-tool-output</ResultsDirectory>
        </Configuration>
      </DataCollector>
    </DataCollectors>
  </DataCollectionRunSettings>
</RunSettings>

TpTrace Verbose: 0 : 14164, 1, 2022/04/09, 09:29:28.101, 1080165568031, vstest.console.dll, TestRunRequest.ExecuteAsync: Wait for the first run request is over.
TpTrace Verbose: 0 : 14164, 1, 2022/04/09, 09:29:28.101, 1080165571531, vstest.console.dll, ParallelProxyExecutionManager: Start execution. Total sources: 1
TpTrace Information: 0 : 14164, 1, 2022/04/09, 09:29:28.102, 1080165576467, vstest.console.dll, ProxyParallelExecutionManager: Triggering test run for next source: D:\c#Code\softuniC#\04.OOP\EXAM\Unit tests\SmartphoneShop.Tests\bin\Debug\netcoreapp3.1\fine-code-coverage\build-output\SmartphoneShop.Tests.dll
TpTrace Verbose: 0 : 14164, 5, 2022/04/09, 09:29:28.102, 1080165578311, vstest.console.dll, ParallelProxyExecutionManager: Execution started. Started clients: 1
TpTrace Verbose: 0 : 14164, 1, 2022/04/09, 09:29:28.102, 1080165578711, vstest.console.dll, ProxyParallelExecutionManager: No sources available for execution.
TpTrace Information: 0 : 14164, 1, 2022/04/09, 09:29:28.102, 1080165579093, vstest.console.dll, TestRunRequest.ExecuteAsync: Started.
TpTrace Verbose: 0 : 14164, 1, 2022/04/09, 09:29:28.102, 1080165579547, vstest.console.dll, TestRunRequest.WaitForCompletion: Waiting with timeout -1.
TpTrace Verbose: 0 : 14164, 5, 2022/04/09, 09:29:28.102, 1080165580987, vstest.console.dll, TestRunRequest:SendTestRunMessage: Starting.
TpTrace Information: 0 : 14164, 5, 2022/04/09, 09:29:28.102, 1080165582001, vstest.console.dll, TestRunRequest:SendTestRunMessage: Completed.
TpTrace Verbose: 0 : 14164, 5, 2022/04/09, 09:29:28.102, 1080165583700, vstest.console.dll, ProxyExecutionManager: Test host is always Lazy initialize.
TpTrace Verbose: 0 : 14164, 5, 2022/04/09, 09:29:28.103, 1080165585693, vstest.console.dll, TestRequestSender.InitializeCommunication: initialize communication. 
TpTrace Information: 0 : 14164, 5, 2022/04/09, 09:29:28.103, 1080165590569, vstest.console.dll, SocketServer.Start: Listening on endpoint : 127.0.0.1:61804
TpTrace Verbose: 0 : 14164, 5, 2022/04/09, 09:29:28.104, 1080165597161, vstest.console.dll, DotnetTestHostmanager: Adding  --runtimeconfig "D:\c#Code\softuniC#\04.OOP\EXAM\Unit tests\SmartphoneShop.Tests\bin\Debug\netcoreapp3.1\fine-code-coverage\build-output\SmartphoneShop.Tests.runtimeconfig.json" in args
TpTrace Verbose: 0 : 14164, 5, 2022/04/09, 09:29:28.104, 1080165598050, vstest.console.dll, DotnetTestHostmanager: Adding  --depsfile "D:\c#Code\softuniC#\04.OOP\EXAM\Unit tests\SmartphoneShop.Tests\bin\Debug\netcoreapp3.1\fine-code-coverage\build-output\SmartphoneShop.Tests.deps.json" in args
TpTrace Verbose: 0 : 14164, 5, 2022/04/09, 09:29:28.104, 1080165599716, vstest.console.dll, DotnetTestHostManager: Testhost.exe/testhost.x86.exe found at path: D:\c#Code\softuniC#\04.OOP\EXAM\Unit tests\SmartphoneShop.Tests\bin\Debug\netcoreapp3.1\fine-code-coverage\build-output\testhost.exe
TpTrace Verbose: 0 : 14164, 5, 2022/04/09, 09:29:28.104, 1080165600051, vstest.console.dll, DotnetTestHostmanager: Full path of host exe is D:\c#Code\softuniC#\04.OOP\EXAM\Unit tests\SmartphoneShop.Tests\bin\Debug\netcoreapp3.1\fine-code-coverage\build-output\testhost.exe
TpTrace Verbose: 0 : 14164, 7, 2022/04/09, 09:29:28.105, 1080165609175, vstest.console.dll, DotnetTestHostManager: Starting process 'D:\c#Code\softuniC#\04.OOP\EXAM\Unit tests\SmartphoneShop.Tests\bin\Debug\netcoreapp3.1\fine-code-coverage\build-output\testhost.exe' with command line ' --runtimeconfig "D:\c#Code\softuniC#\04.OOP\EXAM\Unit tests\SmartphoneShop.Tests\bin\Debug\netcoreapp3.1\fine-code-coverage\build-output\SmartphoneShop.Tests.runtimeconfig.json" --depsfile "D:\c#Code\softuniC#\04.OOP\EXAM\Unit tests\SmartphoneShop.Tests\bin\Debug\netcoreapp3.1\fine-code-coverage\build-output\SmartphoneShop.Tests.deps.json" --port 61804 --endpoint 127.0.0.1:061804 --role client --parentprocessid 14164 --diag "D:\c#Code\softuniC#\04.OOP\EXAM\Unit tests\SmartphoneShop.Tests\bin\Debug\netcoreapp3.1\fine-code-coverage\coverage-tool-output\diagnostics.host.22-04-09_09-29-28_10396_5.log" --tracelevel 4 --datacollectionport 61803 --telemetryoptedin false'
TpTrace Verbose: 0 : 14164, 7, 2022/04/09, 09:29:28.110, 1080165657205, vstest.console.dll, Test Runtime launched
TpTrace Verbose: 0 : 14164, 5, 2022/04/09, 09:29:28.110, 1080165662490, vstest.console.dll, TestRequestSender.WaitForRequestHandlerConnection: waiting for connection with timeout: 90000
TpTrace Verbose: 0 : 14164, 7, 2022/04/09, 09:29:28.242, 1080166981334, vstest.console.dll, SocketServer.OnClientConnected: Client connected for endPoint: 127.0.0.1:61804, starting MessageLoopAsync:
TpTrace Verbose: 0 : 14164, 7, 2022/04/09, 09:29:28.242, 1080166983756, vstest.console.dll, TcpClientExtensions.MessageLoopAsync: Polling on remoteEndPoint: 127.0.0.1:61805 localEndPoint: 127.0.0.1:61804
TpTrace Verbose: 0 : 14164, 7, 2022/04/09, 09:29:28.353, 1080168092217, vstest.console.dll, TcpClientExtensions.MessageLoopAsync: NotifyDataAvailable remoteEndPoint: 127.0.0.1:61805 localEndPoint: 127.0.0.1:61804
TpTrace Verbose: 0 : 14164, 7, 2022/04/09, 09:29:28.354, 1080168095092, vstest.console.dll, TestRequestSender.CheckVersionWithTestHost: onMessageReceived received message: (ProtocolVersion) -> 5
TpTrace Verbose: 0 : 14164, 7, 2022/04/09, 09:29:28.354, 1080168100317, vstest.console.dll, TcpClientExtensions.MessageLoopAsync: Polling on remoteEndPoint: 127.0.0.1:61805 localEndPoint: 127.0.0.1:61804
TpTrace Verbose: 0 : 14164, 5, 2022/04/09, 09:29:28.354, 1080168101684, vstest.console.dll, TestPluginCache.GetExtensionPaths: Filtered extension paths: 
TpTrace Verbose: 0 : 14164, 5, 2022/04/09, 09:29:28.354, 1080168102597, vstest.console.dll, TestPluginCache.GetExtensionPaths: Added default extension paths: C:\Program Files\dotnet\sdk\6.0.102\Extensions\Microsoft.Diagnostics.NETCore.Client.dll
C:\Program Files\dotnet\sdk\6.0.102\Extensions\Microsoft.TestPlatform.Extensions.BlameDataCollector.dll
C:\Program Files\dotnet\sdk\6.0.102\Extensions\Microsoft.TestPlatform.Extensions.EventLogCollector.dll
C:\Program Files\dotnet\sdk\6.0.102\Extensions\Microsoft.TestPlatform.TestHostRuntimeProvider.dll
C:\Program Files\dotnet\sdk\6.0.102\Extensions\Microsoft.VisualStudio.TestPlatform.Extensions.Html.TestLogger.dll
C:\Program Files\dotnet\sdk\6.0.102\Extensions\Microsoft.VisualStudio.TestPlatform.Extensions.Trx.TestLogger.dll
TpTrace Verbose: 0 : 14164, 5, 2022/04/09, 09:29:28.354, 1080168103042, vstest.console.dll, TestPluginCache.GetExtensionPaths: Added unfilterableExtensionPaths: 
TpTrace Verbose: 0 : 14164, 5, 2022/04/09, 09:29:28.358, 1080168134745, vstest.console.dll, TestRequestSender.InitializeExecution: Sending initializing execution with message: {"Version":5,"MessageType":"TestExecution.Initialize","Payload":["D:\\c#Code\\softuniC#\\04.OOP\\EXAM\\Unit tests\\SmartphoneShop.Tests\\bin\\Debug\\netcoreapp3.1\\fine-code-coverage\\build-output\\NUnit3.TestAdapter.dll"]}
TpTrace Verbose: 0 : 14164, 7, 2022/04/09, 09:29:28.361, 1080168171907, vstest.console.dll, TcpClientExtensions.MessageLoopAsync: NotifyDataAvailable remoteEndPoint: 127.0.0.1:61805 localEndPoint: 127.0.0.1:61804
TpTrace Verbose: 0 : 14164, 7, 2022/04/09, 09:29:28.362, 1080168174521, vstest.console.dll, TestRequestSender.OnExecutionMessageReceived: Received message: {"Version":5,"MessageType":"TestSession.Message","Payload":{"MessageLevel":0,"Message":"Logging TestHost Diagnostics in file: D:\\c#Code\\softuniC#\\04.OOP\\EXAM\\Unit tests\\SmartphoneShop.Tests\\bin\\Debug\\netcoreapp3.1\\fine-code-coverage\\coverage-tool-output\\diagnostics.host.22-04-09_09-29-28_10396_5.log"}}
TpTrace Verbose: 0 : 14164, 7, 2022/04/09, 09:29:28.364, 1080168201664, vstest.console.dll, TestRunRequest:SendTestRunMessage: Starting.
TpTrace Information: 0 : 14164, 7, 2022/04/09, 09:29:28.364, 1080168203197, vstest.console.dll, TestRunRequest:SendTestRunMessage: Completed.
TpTrace Verbose: 0 : 14164, 7, 2022/04/09, 09:29:28.364, 1080168203517, vstest.console.dll, TcpClientExtensions.MessageLoopAsync: Polling on remoteEndPoint: 127.0.0.1:61805 localEndPoint: 127.0.0.1:61804
TpTrace Verbose: 0 : 14164, 5, 2022/04/09, 09:29:28.366, 1080168214466, vstest.console.dll, TestRequestSender.StartTestRun: Sending test run with message: {"Version":5,"MessageType":"TestExecution.StartWithSources","Payload":{"AdapterSourceMap":{"_none_":["D:\\c#Code\\softuniC#\\04.OOP\\EXAM\\Unit tests\\SmartphoneShop.Tests\\bin\\Debug\\netcoreapp3.1\\fine-code-coverage\\build-output\\SmartphoneShop.Tests.dll"]},"RunSettings":"<RunSettings>\r\n  <RunConfiguration>\r\n    <ResultsDirectory>D:\\c#Code\\softuniC#\\04.OOP\\EXAM\\Unit tests\\SmartphoneShop.Tests\\bin\\Debug\\netcoreapp3.1\\fine-code-coverage\\coverage-tool-output</ResultsDirectory>\r\n    <TargetPlatform>X64</TargetPlatform>\r\n    <TargetFrameworkVersion>.NETCoreApp,Version=v3.1</TargetFrameworkVersion>\r\n    <DesignMode>False</DesignMode>\r\n    <CollectSourceInformation>False</CollectSourceInformation>\r\n  </RunConfiguration>\r\n  <LoggerRunSettings>\r\n    <Loggers>\r\n      <Logger friendlyName=\"blame\" enabled=\"True\" />\r\n      <Logger friendlyName=\"Console\" uri=\"logger://microsoft/TestPlatform/ConsoleLogger/v1\" assemblyQualifiedName=\"Microsoft.VisualStudio.TestPlatform.CommandLine.Internal.ConsoleLogger, vstest.console, Version=15.0.0.0, Culture=neutral, PublicKeyToken=b03f5f7f11d50a3a\" codeBase=\"C:\\Program Files\\dotnet\\sdk\\6.0.102\\vstest.console.dll\" enabled=\"True\" />\r\n    </Loggers>\r\n  </LoggerRunSettings>\r\n  <DataCollectionRunSettings>\r\n    <DataCollectors>\r\n      <DataCollector friendlyName=\"blame\" enabled=\"True\">\r\n        <Configuration>\r\n          <ResultsDirectory>D:\\c#Code\\softuniC#\\04.OOP\\EXAM\\Unit tests\\SmartphoneShop.Tests\\bin\\Debug\\netcoreapp3.1\\fine-code-coverage\\coverage-tool-output</ResultsDirectory>\r\n        </Configuration>\r\n      </DataCollector>\r\n    </DataCollectors>\r\n  </DataCollectionRunSettings>\r\n</RunSettings>","TestExecutionContext":{"FrequencyOfRunStatsChangeEvent":10,"RunStatsChangeEventTimeout":"00:00:01.5000000","InIsolation":false,"KeepAlive":false,"AreTestCaseLevelEventsRequired":false,"IsDebug":false,"TestCaseFilter":null,"FilterOptions":null},"Package":null}}
TpTrace Verbose: 0 : 14164, 7, 2022/04/09, 09:29:28.495, 1080169507889, vstest.console.dll, TcpClientExtensions.MessageLoopAsync: NotifyDataAvailable remoteEndPoint: 127.0.0.1:61805 localEndPoint: 127.0.0.1:61804
TpTrace Verbose: 0 : 14164, 7, 2022/04/09, 09:29:28.495, 1080169509500, vstest.console.dll, TestRequestSender.OnExecutionMessageReceived: Received message: {"Version":5,"MessageType":"TestSession.Message","Payload":{"MessageLevel":0,"Message":"NUnit Adapter 3.17.0.0: Test execution started"}}
TpTrace Verbose: 0 : 14164, 7, 2022/04/09, 09:29:28.495, 1080169511743, vstest.console.dll, TestRunRequest:SendTestRunMessage: Starting.
TpTrace Information: 0 : 14164, 7, 2022/04/09, 09:29:28.495, 1080169512308, vstest.console.dll, TestRunRequest:SendTestRunMessage: Completed.
TpTrace Verbose: 0 : 14164, 7, 2022/04/09, 09:29:28.495, 1080169512553, vstest.console.dll, TcpClientExtensions.MessageLoopAsync: Polling on remoteEndPoint: 127.0.0.1:61805 localEndPoint: 127.0.0.1:61804
TpTrace Verbose: 0 : 14164, 7, 2022/04/09, 09:29:28.516, 1080169715995, vstest.console.dll, TcpClientExtensions.MessageLoopAsync: NotifyDataAvailable remoteEndPoint: 127.0.0.1:61805 localEndPoint: 127.0.0.1:61804
TpTrace Verbose: 0 : 14164, 7, 2022/04/09, 09:29:28.516, 1080169717589, vstest.console.dll, TestRequestSender.OnExecutionMessageReceived: Received message: {"Version":5,"MessageType":"TestSession.Message","Payload":{"MessageLevel":0,"Message":"Running all tests in D:\\c#Code\\softuniC#\\04.OOP\\EXAM\\Unit tests\\SmartphoneShop.Tests\\bin\\Debug\\netcoreapp3.1\\fine-code-coverage\\build-output\\SmartphoneShop.Tests.dll"}}
TpTrace Verbose: 0 : 14164, 7, 2022/04/09, 09:29:28.516, 1080169719549, vstest.console.dll, TestRunRequest:SendTestRunMessage: Starting.
TpTrace Information: 0 : 14164, 7, 2022/04/09, 09:29:28.516, 1080169720034, vstest.console.dll, TestRunRequest:SendTestRunMessage: Completed.
TpTrace Verbose: 0 : 14164, 7, 2022/04/09, 09:29:28.516, 1080169720328, vstest.console.dll, TcpClientExtensions.MessageLoopAsync: Polling on remoteEndPoint: 127.0.0.1:61805 localEndPoint: 127.0.0.1:61804
TpTrace Verbose: 0 : 14164, 7, 2022/04/09, 09:29:28.673, 1080171291962, vstest.console.dll, TcpClientExtensions.MessageLoopAsync: NotifyDataAvailable remoteEndPoint: 127.0.0.1:61805 localEndPoint: 127.0.0.1:61804
TpTrace Verbose: 0 : 14164, 7, 2022/04/09, 09:29:28.674, 1080171294544, vstest.console.dll, TestRequestSender.OnExecutionMessageReceived: Received message: {"Version":5,"MessageType":"TestSession.Message","Payload":{"MessageLevel":0,"Message":"   NUnit3TestExecutor discovered 12 of 12 NUnit test cases"}}
TpTrace Verbose: 0 : 14164, 7, 2022/04/09, 09:29:28.674, 1080171297691, vstest.console.dll, TestRunRequest:SendTestRunMessage: Starting.
TpTrace Information: 0 : 14164, 7, 2022/04/09, 09:29:28.674, 1080171298709, vstest.console.dll, TestRunRequest:SendTestRunMessage: Completed.
TpTrace Verbose: 0 : 14164, 7, 2022/04/09, 09:29:28.674, 1080171299223, vstest.console.dll, TcpClientExtensions.MessageLoopAsync: Polling on remoteEndPoint: 127.0.0.1:61805 localEndPoint: 127.0.0.1:61804
TpTrace Verbose: 0 : 14164, 7, 2022/04/09, 09:29:28.780, 1080172361426, vstest.console.dll, TcpClientExtensions.MessageLoopAsync: NotifyDataAvailable remoteEndPoint: 127.0.0.1:61805 localEndPoint: 127.0.0.1:61804
TpTrace Verbose: 0 : 14164, 7, 2022/04/09, 09:29:28.781, 1080172366142, vstest.console.dll, TestRequestSender.OnExecutionMessageReceived: Received message: {"Version":5,"MessageType":"TestExecution.StatsChange","Payload":{"NewTestResults":[{"TestCase":{"Id":"bcb4ec0e-3949-a2b5-e9d5-f7c99a36b6a8","FullyQualifiedName":"SmartphoneShop.Tests.SmartphoneShopTests.CantAddPhoneToFullShop","DisplayName":"CantAddPhoneToFullShop","ExecutorUri":"executor://NUnit3TestExecutor","Source":"D:\\c#Code\\softuniC#\\04.OOP\\EXAM\\Unit tests\\SmartphoneShop.Tests\\bin\\Debug\\netcoreapp3.1\\fine-code-coverage\\build-output\\SmartphoneShop.Tests.dll","CodeFilePath":null,"LineNumber":0,"Properties":[]},"Attachments":[],"Outcome":1,"ErrorMessage":null,"ErrorStackTrace":null,"DisplayName":"CantAddPhoneToFullShop","Messages":[],"ComputerName":"DESKTOP-G5675TN","Duration":"00:00:00.0074370","StartTime":"2022-04-09T06:29:28.6952586+00:00","EndTime":"2022-04-09T06:29:28.7026423+00:00","Properties":[]},{"TestCase":{"Id":"e16f9289-f243-01e3-9154-ea5684a08825","FullyQualifiedName":"SmartphoneShop.Tests.SmartphoneShopTests.CantAddSmartphoneThatAlreadyExists","DisplayName":"CantAddSmartphoneThatAlreadyExists","ExecutorUri":"executor://NUnit3TestExecutor","Source":"D:\\c#Code\\softuniC#\\04.OOP\\EXAM\\Unit tests\\SmartphoneShop.Tests\\bin\\Debug\\netcoreapp3.1\\fine-code-coverage\\build-output\\SmartphoneShop.Tests.dll","CodeFilePath":null,"LineNumber":0,"Properties":[]},"Attachments":[],"Outcome":1,"ErrorMessage":null,"ErrorStackTrace":null,"DisplayName":"CantAddSmartphoneThatAlreadyExists","Messages":[],"ComputerName":"DESKTOP-G5675TN","Duration":"00:00:00.0003680","StartTime":"2022-04-09T06:29:28.7037558+00:00","EndTime":"2022-04-09T06:29:28.7041232+00:00","Properties":[]},{"TestCase":{"Id":"4fe4f615-6fb2-1747-9b1a-c5cfa48b5e69","FullyQualifiedName":"SmartphoneShop.Tests.SmartphoneShopTests.CantChargePhoneThatDoesntExist","DisplayName":"CantChargePhoneThatDoesntExist","ExecutorUri":"executor://NUnit3TestExecutor","Source":"D:\\c#Code\\softuniC#\\04.OOP\\EXAM\\Unit tests\\SmartphoneShop.Tests\\bin\\Debug\\netcoreapp3.1\\fine-code-coverage\\build-output\\SmartphoneShop.Tests.dll","CodeFilePath":null,"LineNumber":0,"Properties":[]},"Attachments":[],"Outcome":1,"ErrorMessage":null,"ErrorStackTrace":null,"DisplayName":"CantChargePhoneThatDoesntExist","Messages":[],"ComputerName":"DESKTOP-G5675TN","Duration":"00:00:00.0004900","StartTime":"2022-04-09T06:29:28.7041476+00:00","EndTime":"2022-04-09T06:29:28.7046364+00:00","Properties":[]},{"TestCase":{"Id":"27931c57-157d-40a9-5512-64c8af5af8ec","FullyQualifiedName":"SmartphoneShop.Tests.SmartphoneShopTests.CantRemovePhoneThatDoesntExist","DisplayName":"CantRemovePhoneThatDoesntExist","ExecutorUri":"executor://NUnit3TestExecutor","Source":"D:\\c#Code\\softuniC#\\04.OOP\\EXAM\\Unit tests\\SmartphoneShop.Tests\\bin\\Debug\\netcoreapp3.1\\fine-code-coverage\\build-output\\SmartphoneShop.Tests.dll","CodeFilePath":null,"LineNumber":0,"Properties":[]},"Attachments":[],"Outcome":1,"ErrorMessage":null,"ErrorStackTrace":null,"DisplayName":"CantRemovePhoneThatDoesntExist","Messages":[],"ComputerName":"DESKTOP-G5675TN","Duration":"00:00:00.0008460","StartTime":"2022-04-09T06:29:28.7046483+00:00","EndTime":"2022-04-09T06:29:28.7054894+00:00","Properties":[]},{"TestCase":{"Id":"283b918b-bfd0-7ffa-dc0f-ab2ebe68bc7e","FullyQualifiedName":"SmartphoneShop.Tests.SmartphoneShopTests.CantTestPhoneThatDoesntExist","DisplayName":"CantTestPhoneThatDoesntExist","ExecutorUri":"executor://NUnit3TestExecutor","Source":"D:\\c#Code\\softuniC#\\04.OOP\\EXAM\\Unit tests\\SmartphoneShop.Tests\\bin\\Debug\\netcoreapp3.1\\fine-code-coverage\\build-output\\SmartphoneShop.Tests.dll","CodeFilePath":null,"LineNumber":0,"Properties":[]},"Attachments":[],"Outcome":1,"ErrorMessage":null,"ErrorStackTrace":null,"DisplayName":"CantTestPhoneThatDoesntExist","Messages":[],"ComputerName":"DESKTOP-G5675TN","Duration":"00:00:00.0008020","StartTime":"2022-04-09T06:29:28.7055267+00:00","EndTime":"2022-04-09T06:29:28.7063266+00:00","Properties":[]},{"TestCase":{"Id":"bc01ba24-3cfa-902d-e2e4-2e6151f1d1ae","FullyQualifiedName":"SmartphoneShop.Tests.SmartphoneShopTests.CantTestPhoneThatIsLowOnBattery","DisplayName":"CantTestPhoneThatIsLowOnBattery","ExecutorUri":"executor://NUnit3TestExecutor","Source":"D:\\c#Code\\softuniC#\\04.OOP\\EXAM\\Unit tests\\SmartphoneShop.Tests\\bin\\Debug\\netcoreapp3.1\\fine-code-coverage\\build-output\\SmartphoneShop.Tests.dll","CodeFilePath":null,"LineNumber":0,"Properties":[]},"Attachments":[],"Outcome":1,"ErrorMessage":null,"ErrorStackTrace":null,"DisplayName":"CantTestPhoneThatIsLowOnBattery","Messages":[],"ComputerName":"DESKTOP-G5675TN","Duration":"00:00:00.0002810","StartTime":"2022-04-09T06:29:28.7063461+00:00","EndTime":"2022-04-09T06:29:28.7066259+00:00","Properties":[]},{"TestCase":{"Id":"4f68aa90-0eb2-eb5f-33b2-4c7b2de6f4ad","FullyQualifiedName":"SmartphoneShop.Tests.SmartphoneShopTests.CapacityCantBeLessThenZero","DisplayName":"CapacityCantBeLessThenZero","ExecutorUri":"executor://NUnit3TestExecutor","Source":"D:\\c#Code\\softuniC#\\04.OOP\\EXAM\\Unit tests\\SmartphoneShop.Tests\\bin\\Debug\\netcoreapp3.1\\fine-code-coverage\\build-output\\SmartphoneShop.Tests.dll","CodeFilePath":null,"LineNumber":0,"Properties":[]},"Attachments":[],"Outcome":1,"ErrorMessage":null,"ErrorStackTrace":null,"DisplayName":"CapacityCantBeLessThenZero","Messages":[],"ComputerName":"DESKTOP-G5675TN","Duration":"00:00:00.0002590","StartTime":"2022-04-09T06:29:28.7066356+00:00","EndTime":"2022-04-09T06:29:28.7068938+00:00","Properties":[]},{"TestCase":{"Id":"74227cd3-a849-823c-874c-51d6fc18e015","FullyQualifiedName":"SmartphoneShop.Tests.SmartphoneShopTests.ConstructorSetsCapacityAndPhones","DisplayName":"ConstructorSetsCapacityAndPhones","ExecutorUri":"executor://NUnit3TestExecutor","Source":"D:\\c#Code\\softuniC#\\04.OOP\\EXAM\\Unit tests\\SmartphoneShop.Tests\\bin\\Debug\\netcoreapp3.1\\fine-code-coverage\\build-output\\SmartphoneShop.Tests.dll","CodeFilePath":null,"LineNumber":0,"Properties":[]},"Attachments":[],"Outcome":1,"ErrorMessage":null,"ErrorStackTrace":null,"DisplayName":"ConstructorSetsCapacityAndPhones","Messages":[],"ComputerName":"DESKTOP-G5675TN","Duration":"00:00:00.0050650","StartTime":"2022-04-09T06:29:28.7069029+00:00","EndTime":"2022-04-09T06:29:28.7119651+00:00","Properties":[]},{"TestCase":{"Id":"f899371d-b53d-8c65-46c4-1ddc67f310bd","FullyQualifiedName":"SmartphoneShop.Tests.SmartphoneShopTests.PhoneCanBeCharged","DisplayName":"PhoneCanBeCharged","ExecutorUri":"executor://NUnit3TestExecutor","Source":"D:\\c#Code\\softuniC#\\04.OOP\\EXAM\\Unit tests\\SmartphoneShop.Tests\\bin\\Debug\\netcoreapp3.1\\fine-code-coverage\\build-output\\SmartphoneShop.Tests.dll","CodeFilePath":null,"LineNumber":0,"Properties":[]},"Attachments":[],"Outcome":1,"ErrorMessage":null,"ErrorStackTrace":null,"DisplayName":"PhoneCanBeCharged","Messages":[],"ComputerName":"DESKTOP-G5675TN","Duration":"00:00:00.0002280","StartTime":"2022-04-09T06:29:28.7119936+00:00","EndTime":"2022-04-09T06:29:28.7122214+00:00","Properties":[]}],"TestRunStatistics":{"ExecutedTests":9,"Stats":{"Passed":9}},"ActiveTests":[{"Id":"da6f88b6-451d-0b33-bb95-dcf8051c6b6b","FullyQualifiedName":"SmartphoneShop.Tests.SmartphoneShopTests.PhoneCanBeRemoved","DisplayName":"PhoneCanBeRemoved","ExecutorUri":"executor://NUnit3TestExecutor","Source":"D:\\c#Code\\softuniC#\\04.OOP\\EXAM\\Unit tests\\SmartphoneShop.Tests\\bin\\Debug\\netcoreapp3.1\\fine-code-coverage\\build-output\\SmartphoneShop.Tests.dll","CodeFilePath":null,"LineNumber":0,"Properties":[]}]}}
TpTrace Verbose: 0 : 14164, 7, 2022/04/09, 09:29:28.803, 1080172585472, vstest.console.dll, TestRunRequest:SendTestRunStatsChange: Starting.
TpTrace Verbose: 0 : 14164, 7, 2022/04/09, 09:29:28.803, 1080172586986, vstest.console.dll, InProgress is PhoneCanBeRemoved
TpTrace Information: 0 : 14164, 7, 2022/04/09, 09:29:28.803, 1080172588788, vstest.console.dll, TestRunRequest:SendTestRunStatsChange: Completed.
TpTrace Verbose: 0 : 14164, 7, 2022/04/09, 09:29:28.803, 1080172589109, vstest.console.dll, TcpClientExtensions.MessageLoopAsync: Polling on remoteEndPoint: 127.0.0.1:61805 localEndPoint: 127.0.0.1:61804
TpTrace Verbose: 0 : 14164, 7, 2022/04/09, 09:29:28.803, 1080172589433, vstest.console.dll, TcpClientExtensions.MessageLoopAsync: NotifyDataAvailable remoteEndPoint: 127.0.0.1:61805 localEndPoint: 127.0.0.1:61804
TpTrace Verbose: 0 : 14164, 7, 2022/04/09, 09:29:28.803, 1080172589820, vstest.console.dll, TestRequestSender.OnExecutionMessageReceived: Received message: {"Version":5,"MessageType":"TestSession.Message","Payload":{"MessageLevel":0,"Message":"NUnit Adapter 3.17.0.0: Test execution complete"}}
TpTrace Verbose: 0 : 14164, 7, 2022/04/09, 09:29:28.803, 1080172591301, vstest.console.dll, TestRunRequest:SendTestRunMessage: Starting.
TpTrace Information: 0 : 14164, 7, 2022/04/09, 09:29:28.803, 1080172591636, vstest.console.dll, TestRunRequest:SendTestRunMessage: Completed.
TpTrace Verbose: 0 : 14164, 7, 2022/04/09, 09:29:28.803, 1080172591814, vstest.console.dll, TcpClientExtensions.MessageLoopAsync: Polling on remoteEndPoint: 127.0.0.1:61805 localEndPoint: 127.0.0.1:61804
TpTrace Verbose: 0 : 14164, 7, 2022/04/09, 09:29:28.810, 1080172654818, vstest.console.dll, TcpClientExtensions.MessageLoopAsync: NotifyDataAvailable remoteEndPoint: 127.0.0.1:61805 localEndPoint: 127.0.0.1:61804
TpTrace Verbose: 0 : 14164, 7, 2022/04/09, 09:29:28.810, 1080172656813, vstest.console.dll, TestRequestSender.OnExecutionMessageReceived: Received message: {"Version":5,"MessageType":"TestExecution.Completed","Payload":{"TestRunCompleteArgs":{"TestRunStatistics":{"ExecutedTests":12,"Stats":{"Passed":12}},"IsCanceled":false,"IsAborted":false,"Error":null,"AttachmentSets":[],"ElapsedTimeInRunningTests":"00:00:00.3187379","Metrics":{}},"LastRunTests":{"NewTestResults":[{"TestCase":{"Id":"da6f88b6-451d-0b33-bb95-dcf8051c6b6b","FullyQualifiedName":"SmartphoneShop.Tests.SmartphoneShopTests.PhoneCanBeRemoved","DisplayName":"PhoneCanBeRemoved","ExecutorUri":"executor://NUnit3TestExecutor","Source":"D:\\c#Code\\softuniC#\\04.OOP\\EXAM\\Unit tests\\SmartphoneShop.Tests\\bin\\Debug\\netcoreapp3.1\\fine-code-coverage\\build-output\\SmartphoneShop.Tests.dll","CodeFilePath":null,"LineNumber":0,"Properties":[]},"Attachments":[],"Outcome":1,"ErrorMessage":null,"ErrorStackTrace":null,"DisplayName":"PhoneCanBeRemoved","Messages":[],"ComputerName":"DESKTOP-G5675TN","Duration":"00:00:00.0002120","StartTime":"2022-04-09T06:29:28.7122308+00:00","EndTime":"2022-04-09T06:29:28.7124418+00:00","Properties":[]},{"TestCase":{"Id":"3da28c5c-ef3c-3d6b-5ba5-071d3f118fa1","FullyQualifiedName":"SmartphoneShop.Tests.SmartphoneShopTests.PhoneCanBeTested","DisplayName":"PhoneCanBeTested","ExecutorUri":"executor://NUnit3TestExecutor","Source":"D:\\c#Code\\softuniC#\\04.OOP\\EXAM\\Unit tests\\SmartphoneShop.Tests\\bin\\Debug\\netcoreapp3.1\\fine-code-coverage\\build-output\\SmartphoneShop.Tests.dll","CodeFilePath":null,"LineNumber":0,"Properties":[]},"Attachments":[],"Outcome":1,"ErrorMessage":null,"ErrorStackTrace":null,"DisplayName":"PhoneCanBeTested","Messages":[],"ComputerName":"DESKTOP-G5675TN","Duration":"00:00:00.0001920","StartTime":"2022-04-09T06:29:28.7124503+00:00","EndTime":"2022-04-09T06:29:28.7126412+00:00","Properties":[]},{"TestCase":{"Id":"e4310bf4-0ff8-3bd8-8008-1b7a31c0cc44","FullyQualifiedName":"SmartphoneShop.Tests.SmartphoneShopTests.PhonesCanBeAdded","DisplayName":"PhonesCanBeAdded","ExecutorUri":"executor://NUnit3TestExecutor","Source":"D:\\c#Code\\softuniC#\\04.OOP\\EXAM\\Unit tests\\SmartphoneShop.Tests\\bin\\Debug\\netcoreapp3.1\\fine-code-coverage\\build-output\\SmartphoneShop.Tests.dll","CodeFilePath":null,"LineNumber":0,"Properties":[]},"Attachments":[],"Outcome":1,"ErrorMessage":null,"ErrorStackTrace":null,"DisplayName":"PhonesCanBeAdded","Messages":[],"ComputerName":"DESKTOP-G5675TN","Duration":"00:00:00.0001280","StartTime":"2022-04-09T06:29:28.7126496+00:00","EndTime":"2022-04-09T06:29:28.7127772+00:00","Properties":[]}],"TestRunStatistics":{"ExecutedTests":12,"Stats":{"Passed":12}},"ActiveTests":[]},"RunAttachments":[],"ExecutorUris":["executor://nunit3testexecutor/"]}}
TpTrace Verbose: 0 : 14164, 7, 2022/04/09, 09:29:28.810, 1080172659319, vstest.console.dll, TestRequestSender.EndSession: Sending end session.
TpTrace Verbose: 0 : 14164, 7, 2022/04/09, 09:29:28.810, 1080172660602, vstest.console.dll, ProxyOperationManager.Close: waiting for test host to exit for 100 ms
TpTrace Warning: 0 : 14164, 13, 2022/04/09, 09:29:28.827, 1080172832368, vstest.console.dll, TestHostManagerCallbacks.ErrorReceivedCallback Test host standard error line: 
TpTrace Verbose: 0 : 14164, 8, 2022/04/09, 09:29:28.832, 1080172883074, vstest.console.dll, TestHostProvider.ExitCallBack: Host exited starting callback.
TpTrace Information: 0 : 14164, 8, 2022/04/09, 09:29:28.833, 1080172888008, vstest.console.dll, TestHostManagerCallbacks.ExitCallBack: Testhost processId: 12304 exited with exitcode: 0 error: ''
TpTrace Verbose: 0 : 14164, 8, 2022/04/09, 09:29:28.833, 1080172888578, vstest.console.dll, DotnetTestHostManager.OnHostExited: invoking OnHostExited callback
TpTrace Verbose: 0 : 14164, 8, 2022/04/09, 09:29:28.833, 1080172888999, vstest.console.dll, CrossPlatEngine.TestHostManagerHostExited: calling on client process exit callback.
TpTrace Information: 0 : 14164, 8, 2022/04/09, 09:29:28.833, 1080172889435, vstest.console.dll, TestRequestSender.OnClientProcessExit: Test host process exited. Standard error: 
TpTrace Warning: 0 : 14164, 7, 2022/04/09, 09:29:28.833, 1080172889488, vstest.console.dll, ProxyOperationManager: Timed out waiting for test host to exit. Will terminate process.
TpTrace Information: 0 : 14164, 8, 2022/04/09, 09:29:28.833, 1080172890478, vstest.console.dll, SocketServer.Stop: Stop server endPoint: 127.0.0.1:61804
TpTrace Information: 0 : 14164, 8, 2022/04/09, 09:29:28.833, 1080172891276, vstest.console.dll, SocketServer.Stop: Cancellation requested. Stopping message loop.
TpTrace Verbose: 0 : 14164, 7, 2022/04/09, 09:29:28.834, 1080172895716, vstest.console.dll, ProxyDataCollectionManager.InvokeDataCollectionServiceAction: Starting.
TpTrace Information: 0 : 14164, 7, 2022/04/09, 09:29:28.834, 1080172896190, vstest.console.dll, ProxyDataCollectionManager.AfterTestRunEnd: Get attachment set for datacollector processId: 1604 port: 61801
TpTrace Verbose: 0 : 14164, 7, 2022/04/09, 09:29:28.834, 1080172896592, vstest.console.dll, DataCollectionRequestSender.SendAfterTestRunStartAndGetResult : Send AfterTestRunEnd message with isCancelled: False
TpTrace Verbose: 0 : 14164, 7, 2022/04/09, 09:29:28.837, 1080172930773, vstest.console.dll, DataCollectionRequestSender.SendAfterTestRunStartAndGetResult : Received message: (DataCollection.AfterTestRunEndResult) -> {
  "AttachmentSets": [],
  "Metrics": {}
}
TpTrace Information: 0 : 14164, 7, 2022/04/09, 09:29:28.840, 1080172959626, vstest.console.dll, ProxyDataCollectionManager.InvokeDataCollectionServiceAction: Completed.
TpTrace Warning: 0 : 14164, 10, 2022/04/09, 09:29:28.841, 1080172968359, vstest.console.dll, DataCollectionLauncher.ErrorReceivedCallback datacollector standard error line: 
TpTrace Information: 0 : 14164, 8, 2022/04/09, 09:29:28.844, 1080173002515, vstest.console.dll, DataCollectionLauncher.ExitCallBack: Data collector exited with exitcode: 0 error: ''
TpTrace Verbose: 0 : 14164, 7, 2022/04/09, 09:29:28.857, 1080173128197, vstest.console.dll, TestRunRequest:SendTestRunStatsChange: Starting.
TpTrace Information: 0 : 14164, 7, 2022/04/09, 09:29:28.857, 1080173129447, vstest.console.dll, TestRunRequest:SendTestRunStatsChange: Completed.
TpTrace Verbose: 0 : 14164, 7, 2022/04/09, 09:29:28.857, 1080173130953, vstest.console.dll, ParallelProxyExecutionManager: HandlePartialRunComplete: Total completed clients = 1, Run complete = True, Run canceled: False.
TpTrace Verbose: 0 : 14164, 7, 2022/04/09, 09:29:28.872, 1080173279666, vstest.console.dll, TestRunRequest:TestRunComplete: Starting. IsAborted:False IsCanceled:False.
TpTrace Verbose: 0 : 14164, 7, 2022/04/09, 09:29:28.872, 1080173281582, vstest.console.dll, TestLoggerManager.HandleTestRunComplete: Ignoring as the object is disposed.
TpTrace Information: 0 : 14164, 7, 2022/04/09, 09:29:28.873, 1080173284107, vstest.console.dll, TestRunRequest:TestRunComplete: Completed.
TpTrace Verbose: 0 : 14164, 7, 2022/04/09, 09:29:28.873, 1080173284535, vstest.console.dll, TestRequestSender.SetOperationComplete: Setting operation complete.
TpTrace Verbose: 0 : 14164, 1, 2022/04/09, 09:29:28.873, 1080173284745, vstest.console.dll, TestRunRequest.Dispose: Starting.
TpTrace Information: 0 : 14164, 7, 2022/04/09, 09:29:28.873, 1080173284866, vstest.console.dll, SocketServer.Stop: Stop server endPoint: 127.0.0.1:61804
TpTrace Information: 0 : 14164, 1, 2022/04/09, 09:29:28.873, 1080173285779, vstest.console.dll, TestRunRequest.Dispose: Completed.
TpTrace Information: 0 : 14164, 7, 2022/04/09, 09:29:28.873, 1080173286062, vstest.console.dll, SocketServer.Stop: Cancellation requested. Stopping message loop.
TpTrace Information: 0 : 14164, 1, 2022/04/09, 09:29:28.873, 1080173286609, vstest.console.dll, TestRequestManager.RunTests: run tests completed.
TpTrace Information: 0 : 14164, 7, 2022/04/09, 09:29:28.873, 1080173286977, vstest.console.dll, SocketServer.PrivateStop: Stopping server endPoint: 127.0.0.1:61804 error: 
TpTrace Information: 0 : 14164, 1, 2022/04/09, 09:29:28.873, 1080173287770, vstest.console.dll, RunTestsArgumentProcessor:Execute: Test run is completed.
TpTrace Verbose: 0 : 14164, 1, 2022/04/09, 09:29:28.873, 1080173289347, vstest.console.dll, Executor.Execute: Exiting with exit code of 0
TpTrace Verbose: 0 : 14164, 7, 2022/04/09, 09:29:28.873, 1080173292410, vstest.console.dll, LengthPrefixCommunicationChannel.Dispose: Dispose reader and writer.
TpTrace Information: 0 : 14164, 7, 2022/04/09, 09:29:28.873, 1080173293125, vstest.console.dll, SocketServer.Stop: Raise disconnected event endPoint: 127.0.0.1:61804 error: 
