TpTrace Verbose: 0 : 2892, 1, 2022/04/01, 13:05:29.218, 34809021737, vstest.console.dll, Version: 17.0.0
TpTrace Information: 0 : 2892, 1, 2022/04/01, 13:05:29.227, 34809092723, vstest.console.dll, FilePatternParser: The given file D:\c#Code\softuniC#\04.OOP\ExamPreparation\Exam - 20 Dec 2021\Unit tests\BookSkeleton\Book.Tests\bin\Debug\netcoreapp3.1\fine-code-coverage\build-output\Book.Tests.dll is a full path.
TpTrace Verbose: 0 : 2892, 1, 2022/04/01, 13:05:29.232, 34809134127, vstest.console.dll, TestPluginCache.DiscoverTestExtensions: finding test extensions in assemblies ends with: RuntimeProvider.dll TPluginInfo: Microsoft.VisualStudio.TestPlatform.Common.ExtensionFramework.Utilities.TestRuntimePluginInformation TExtension: Microsoft.VisualStudio.TestPlatform.ObjectModel.Host.ITestRuntimeProvider
TpTrace Verbose: 0 : 2892, 1, 2022/04/01, 13:05:29.239, 34809211415, vstest.console.dll, TestPluginCache.GetExtensionPaths: Filtered extension paths: 
TpTrace Verbose: 0 : 2892, 1, 2022/04/01, 13:05:29.239, 34809213935, vstest.console.dll, TestPluginCache.GetExtensionPaths: Added default extension paths: C:\Program Files\dotnet\sdk\6.0.102\Extensions\Microsoft.Diagnostics.NETCore.Client.dll
C:\Program Files\dotnet\sdk\6.0.102\Extensions\Microsoft.TestPlatform.Extensions.BlameDataCollector.dll
C:\Program Files\dotnet\sdk\6.0.102\Extensions\Microsoft.TestPlatform.Extensions.EventLogCollector.dll
C:\Program Files\dotnet\sdk\6.0.102\Extensions\Microsoft.TestPlatform.TestHostRuntimeProvider.dll
C:\Program Files\dotnet\sdk\6.0.102\Extensions\Microsoft.VisualStudio.TestPlatform.Extensions.Html.TestLogger.dll
C:\Program Files\dotnet\sdk\6.0.102\Extensions\Microsoft.VisualStudio.TestPlatform.Extensions.Trx.TestLogger.dll
TpTrace Verbose: 0 : 2892, 1, 2022/04/01, 13:05:29.240, 34809214587, vstest.console.dll, TestPluginCache.GetExtensionPaths: Added unfilterableExtensionPaths: 
TpTrace Information: 0 : 2892, 1, 2022/04/01, 13:05:29.241, 34809226015, vstest.console.dll, AssemblyResolver.ctor: Creating AssemblyResolver with searchDirectories C:\Program Files\dotnet\sdk\6.0.102\Extensions,C:\Program Files\dotnet\sdk\6.0.102
TpTrace Verbose: 0 : 2892, 1, 2022/04/01, 13:05:29.243, 34809244139, vstest.console.dll, TestPluginCache.DiscoverTestExtensions: Discovering the extensions using extension path.
TpTrace Verbose: 0 : 2892, 1, 2022/04/01, 13:05:29.243, 34809246227, vstest.console.dll, TestPluginCache.GetExtensionPaths: Filtered extension paths: 
TpTrace Verbose: 0 : 2892, 1, 2022/04/01, 13:05:29.243, 34809246855, vstest.console.dll, TestPluginCache.GetExtensionPaths: Added default extension paths: C:\Program Files\dotnet\sdk\6.0.102\Extensions\Microsoft.Diagnostics.NETCore.Client.dll
C:\Program Files\dotnet\sdk\6.0.102\Extensions\Microsoft.TestPlatform.Extensions.BlameDataCollector.dll
C:\Program Files\dotnet\sdk\6.0.102\Extensions\Microsoft.TestPlatform.Extensions.EventLogCollector.dll
C:\Program Files\dotnet\sdk\6.0.102\Extensions\Microsoft.TestPlatform.TestHostRuntimeProvider.dll
C:\Program Files\dotnet\sdk\6.0.102\Extensions\Microsoft.VisualStudio.TestPlatform.Extensions.Html.TestLogger.dll
C:\Program Files\dotnet\sdk\6.0.102\Extensions\Microsoft.VisualStudio.TestPlatform.Extensions.Trx.TestLogger.dll
TpTrace Verbose: 0 : 2892, 1, 2022/04/01, 13:05:29.243, 34809247295, vstest.console.dll, TestPluginCache.GetExtensionPaths: Added unfilterableExtensionPaths: 
TpTrace Verbose: 0 : 2892, 1, 2022/04/01, 13:05:29.243, 34809248090, vstest.console.dll, TestPluginCache.DiscoverTestExtensions: Discovering the extensions using allExtensionPaths: C:\Program Files\dotnet\sdk\6.0.102\Extensions\Microsoft.Diagnostics.NETCore.Client.dll
C:\Program Files\dotnet\sdk\6.0.102\Extensions\Microsoft.TestPlatform.Extensions.BlameDataCollector.dll
C:\Program Files\dotnet\sdk\6.0.102\Extensions\Microsoft.TestPlatform.Extensions.EventLogCollector.dll
C:\Program Files\dotnet\sdk\6.0.102\Extensions\Microsoft.TestPlatform.TestHostRuntimeProvider.dll
C:\Program Files\dotnet\sdk\6.0.102\Extensions\Microsoft.VisualStudio.TestPlatform.Extensions.Html.TestLogger.dll
C:\Program Files\dotnet\sdk\6.0.102\Extensions\Microsoft.VisualStudio.TestPlatform.Extensions.Trx.TestLogger.dll
TpTrace Information: 0 : 2892, 1, 2022/04/01, 13:05:29.243, 34809250408, vstest.console.dll, AssemblyResolver.AddSearchDirectories: Adding more searchDirectories C:\Program Files\dotnet\sdk\6.0.102\Extensions,C:\Program Files\dotnet\sdk\6.0.102
TpTrace Information: 0 : 2892, 1, 2022/04/01, 13:05:29.243, 34809251146, vstest.console.dll, AssemblyResolver.AddSearchDirectories: Adding more searchDirectories C:\Program Files\dotnet\sdk\6.0.102\Extensions,C:\Program Files\dotnet\sdk\6.0.102
TpTrace Information: 0 : 2892, 1, 2022/04/01, 13:05:29.243, 34809251543, vstest.console.dll, AssemblyResolver.AddSearchDirectories: Adding more searchDirectories C:\Program Files\dotnet\sdk\6.0.102\Extensions,C:\Program Files\dotnet\sdk\6.0.102
TpTrace Information: 0 : 2892, 1, 2022/04/01, 13:05:29.243, 34809251752, vstest.console.dll, AssemblyResolver.AddSearchDirectories: Adding more searchDirectories C:\Program Files\dotnet\sdk\6.0.102\Extensions,C:\Program Files\dotnet\sdk\6.0.102
TpTrace Information: 0 : 2892, 1, 2022/04/01, 13:05:29.243, 34809251934, vstest.console.dll, AssemblyResolver.AddSearchDirectories: Adding more searchDirectories C:\Program Files\dotnet\sdk\6.0.102\Extensions,C:\Program Files\dotnet\sdk\6.0.102
TpTrace Information: 0 : 2892, 1, 2022/04/01, 13:05:29.243, 34809252105, vstest.console.dll, AssemblyResolver.AddSearchDirectories: Adding more searchDirectories C:\Program Files\dotnet\sdk\6.0.102\Extensions,C:\Program Files\dotnet\sdk\6.0.102
TpTrace Information: 0 : 2892, 1, 2022/04/01, 13:05:29.244, 34809254737, vstest.console.dll, AssemblyResolver.OnResolve: Microsoft.Diagnostics.NETCore.Client: Resolving assembly.
TpTrace Information: 0 : 2892, 1, 2022/04/01, 13:05:29.244, 34809255193, vstest.console.dll, AssemblyResolver.OnResolve: Microsoft.Diagnostics.NETCore.Client: Searching in: 'C:\Program Files\dotnet\sdk\6.0.102\Extensions'.
TpTrace Information: 0 : 2892, 1, 2022/04/01, 13:05:29.244, 34809259597, vstest.console.dll, AssemblyResolver.OnResolve: Microsoft.Diagnostics.NETCore.Client: Loading assembly 'C:\Program Files\dotnet\sdk\6.0.102\Extensions\Microsoft.Diagnostics.NETCore.Client.dll'.
TpTrace Information: 0 : 2892, 1, 2022/04/01, 13:05:29.245, 34809264460, vstest.console.dll, AssemblyResolver.OnResolve: Resolved assembly: Microsoft.Diagnostics.NETCore.Client, from path: C:\Program Files\dotnet\sdk\6.0.102\Extensions\Microsoft.Diagnostics.NETCore.Client.dll
TpTrace Information: 0 : 2892, 1, 2022/04/01, 13:05:29.250, 34809318452, vstest.console.dll, AssemblyResolver.OnResolve: Microsoft.Bcl.AsyncInterfaces: Resolving assembly.
TpTrace Information: 0 : 2892, 1, 2022/04/01, 13:05:29.250, 34809319344, vstest.console.dll, AssemblyResolver.OnResolve: Microsoft.Bcl.AsyncInterfaces: Searching in: 'C:\Program Files\dotnet\sdk\6.0.102\Extensions'.
TpTrace Information: 0 : 2892, 1, 2022/04/01, 13:05:29.250, 34809320032, vstest.console.dll, AssemblyResolver.OnResolve: Microsoft.Bcl.AsyncInterfaces: Assembly path does not exist: 'C:\Program Files\dotnet\sdk\6.0.102\Extensions\Microsoft.Bcl.AsyncInterfaces.dll', returning.
TpTrace Information: 0 : 2892, 1, 2022/04/01, 13:05:29.250, 34809320406, vstest.console.dll, AssemblyResolver.OnResolve: Microsoft.Bcl.AsyncInterfaces: Assembly path does not exist: 'C:\Program Files\dotnet\sdk\6.0.102\Extensions\Microsoft.Bcl.AsyncInterfaces.exe', returning.
TpTrace Information: 0 : 2892, 1, 2022/04/01, 13:05:29.250, 34809320572, vstest.console.dll, AssemblyResolver.OnResolve: Microsoft.Bcl.AsyncInterfaces: Searching in: 'C:\Program Files\dotnet\sdk\6.0.102'.
TpTrace Information: 0 : 2892, 1, 2022/04/01, 13:05:29.250, 34809320978, vstest.console.dll, AssemblyResolver.OnResolve: Microsoft.Bcl.AsyncInterfaces: Assembly path does not exist: 'C:\Program Files\dotnet\sdk\6.0.102\Microsoft.Bcl.AsyncInterfaces.dll', returning.
TpTrace Information: 0 : 2892, 1, 2022/04/01, 13:05:29.250, 34809321370, vstest.console.dll, AssemblyResolver.OnResolve: Microsoft.Bcl.AsyncInterfaces: Assembly path does not exist: 'C:\Program Files\dotnet\sdk\6.0.102\Microsoft.Bcl.AsyncInterfaces.exe', returning.
TpTrace Information: 0 : 2892, 1, 2022/04/01, 13:05:29.250, 34809322055, vstest.console.dll, AssemblyResolver.OnResolve: Microsoft.Bcl.AsyncInterfaces: Failed to load assembly.
TpTrace Verbose: 0 : 2892, 1, 2022/04/01, 13:05:29.250, 34809322350, vstest.console.dll, CurrentDomainAssemblyResolve: Resolving assembly 'Microsoft.Bcl.AsyncInterfaces'.
TpTrace Information: 0 : 2892, 1, 2022/04/01, 13:05:29.250, 34809322774, vstest.console.dll, AssemblyResolver.OnResolve: Microsoft.Bcl.AsyncInterfaces: Resolving assembly.
TpTrace Information: 0 : 2892, 1, 2022/04/01, 13:05:29.250, 34809323072, vstest.console.dll, AssemblyResolver.OnResolve: Microsoft.Bcl.AsyncInterfaces: Resolved from cache.
TpTrace Verbose: 0 : 2892, 1, 2022/04/01, 13:05:29.250, 34809323248, vstest.console.dll, CurrentDomainAssemblyResolve: Resolving assembly 'Microsoft.Bcl.AsyncInterfaces'.
TpTrace Verbose: 0 : 2892, 1, 2022/04/01, 13:05:29.250, 34809323483, vstest.console.dll, CurrentDomainAssemblyResolve: Failed to resolve assembly 'Microsoft.Bcl.AsyncInterfaces'.
TpTrace Verbose: 0 : 2892, 1, 2022/04/01, 13:05:29.251, 34809326667, vstest.console.dll, CurrentDomainAssemblyResolve: Failed to resolve assembly 'Microsoft.Bcl.AsyncInterfaces'.
TpTrace Warning: 0 : 2892, 1, 2022/04/01, 13:05:29.262, 34809439979, vstest.console.dll, TestPluginDiscoverer: Failed to get types from assembly 'Microsoft.Diagnostics.NETCore.Client, Version=0.2.4.21401, Culture=neutral, PublicKeyToken=31bf3856ad364e35'.  Skipping test extension scan for this assembly.  Error: System.Reflection.ReflectionTypeLoadException: Unable to load one or more of the requested types.
Could not load file or assembly 'Microsoft.Bcl.AsyncInterfaces, Version=1.0.0.0, Culture=neutral, PublicKeyToken=cc7b13ffcd2ddd51'. The system cannot find the file specified.
   at System.Reflection.RuntimeModule.GetTypes(RuntimeModule module)
   at System.Reflection.Assembly.GetTypes()
   at Microsoft.VisualStudio.TestPlatform.Common.ExtensionFramework.TestPluginDiscoverer.GetTestExtensionsFromAssembly[TPluginInfo,TExtension](Assembly assembly, Dictionary`2 pluginInfos)
System.IO.FileNotFoundException: Could not load file or assembly 'Microsoft.Bcl.AsyncInterfaces, Version=1.0.0.0, Culture=neutral, PublicKeyToken=cc7b13ffcd2ddd51'. The system cannot find the file specified.
File name: 'Microsoft.Bcl.AsyncInterfaces, Version=1.0.0.0, Culture=neutral, PublicKeyToken=cc7b13ffcd2ddd51'
 ---> System.IO.FileNotFoundException: Could not load file or assembly 'Microsoft.Bcl.AsyncInterfaces, Culture=neutral, PublicKeyToken=null'. The system cannot find the file specified.
File name: 'Microsoft.Bcl.AsyncInterfaces, Culture=neutral, PublicKeyToken=null'
   at System.Reflection.RuntimeAssembly.InternalLoad(ObjectHandleOnStack assemblyName, ObjectHandleOnStack requestingAssembly, StackCrawlMarkHandle stackMark, Boolean throwOnFileNotFound, ObjectHandleOnStack assemblyLoadContext, ObjectHandleOnStack retAssembly)
   at System.Reflection.RuntimeAssembly.InternalLoad(AssemblyName assemblyName, RuntimeAssembly requestingAssembly, StackCrawlMark& stackMark, Boolean throwOnFileNotFound, AssemblyLoadContext assemblyLoadContext)
   at System.Reflection.Assembly.Load(AssemblyName assemblyRef)
   at Microsoft.VisualStudio.TestPlatform.Common.ExtensionFramework.TestPluginCache.CurrentDomainAssemblyResolve(Object sender, AssemblyResolveEventArgs args)
   at Microsoft.VisualStudio.TestPlatform.PlatformAbstractions.PlatformAssemblyResolver.AssemblyResolverEvent(Object sender, Object eventArgs)
   at System.Runtime.Loader.AssemblyLoadContext.GetFirstResolvedAssemblyFromResolvingEvent(AssemblyName assemblyName)
   at System.Runtime.Loader.AssemblyLoadContext.ResolveUsingEvent(AssemblyName assemblyName)
   at System.Runtime.Loader.AssemblyLoadContext.ResolveUsingResolvingEvent(IntPtr gchManagedAssemblyLoadContext, AssemblyName assemblyName)
TpTrace Warning: 0 : 2892, 1, 2022/04/01, 13:05:29.262, 34809441507, vstest.console.dll, LoaderExceptions: System.IO.FileNotFoundException: Could not load file or assembly 'Microsoft.Bcl.AsyncInterfaces, Version=1.0.0.0, Culture=neutral, PublicKeyToken=cc7b13ffcd2ddd51'. The system cannot find the file specified.
File name: 'Microsoft.Bcl.AsyncInterfaces, Version=1.0.0.0, Culture=neutral, PublicKeyToken=cc7b13ffcd2ddd51'
 ---> System.IO.FileNotFoundException: Could not load file or assembly 'Microsoft.Bcl.AsyncInterfaces, Culture=neutral, PublicKeyToken=null'. The system cannot find the file specified.
File name: 'Microsoft.Bcl.AsyncInterfaces, Culture=neutral, PublicKeyToken=null'
   at System.Reflection.RuntimeAssembly.InternalLoad(ObjectHandleOnStack assemblyName, ObjectHandleOnStack requestingAssembly, StackCrawlMarkHandle stackMark, Boolean throwOnFileNotFound, ObjectHandleOnStack assemblyLoadContext, ObjectHandleOnStack retAssembly)
   at System.Reflection.RuntimeAssembly.InternalLoad(AssemblyName assemblyName, RuntimeAssembly requestingAssembly, StackCrawlMark& stackMark, Boolean throwOnFileNotFound, AssemblyLoadContext assemblyLoadContext)
   at System.Reflection.Assembly.Load(AssemblyName assemblyRef)
   at Microsoft.VisualStudio.TestPlatform.Common.ExtensionFramework.TestPluginCache.CurrentDomainAssemblyResolve(Object sender, AssemblyResolveEventArgs args)
   at Microsoft.VisualStudio.TestPlatform.PlatformAbstractions.PlatformAssemblyResolver.AssemblyResolverEvent(Object sender, Object eventArgs)
   at System.Runtime.Loader.AssemblyLoadContext.GetFirstResolvedAssemblyFromResolvingEvent(AssemblyName assemblyName)
   at System.Runtime.Loader.AssemblyLoadContext.ResolveUsingEvent(AssemblyName assemblyName)
   at System.Runtime.Loader.AssemblyLoadContext.ResolveUsingResolvingEvent(IntPtr gchManagedAssemblyLoadContext, AssemblyName assemblyName)
TpTrace Information: 0 : 2892, 1, 2022/04/01, 13:05:29.262, 34809442234, vstest.console.dll, AssemblyResolver.OnResolve: Microsoft.TestPlatform.Extensions.BlameDataCollector: Resolving assembly.
TpTrace Information: 0 : 2892, 1, 2022/04/01, 13:05:29.262, 34809442520, vstest.console.dll, AssemblyResolver.OnResolve: Microsoft.TestPlatform.Extensions.BlameDataCollector: Searching in: 'C:\Program Files\dotnet\sdk\6.0.102\Extensions'.
TpTrace Information: 0 : 2892, 1, 2022/04/01, 13:05:29.263, 34809447559, vstest.console.dll, AssemblyResolver.OnResolve: Microsoft.TestPlatform.Extensions.BlameDataCollector: Loading assembly 'C:\Program Files\dotnet\sdk\6.0.102\Extensions\Microsoft.TestPlatform.Extensions.BlameDataCollector.dll'.
TpTrace Information: 0 : 2892, 1, 2022/04/01, 13:05:29.263, 34809453597, vstest.console.dll, AssemblyResolver.OnResolve: Resolved assembly: Microsoft.TestPlatform.Extensions.BlameDataCollector, from path: C:\Program Files\dotnet\sdk\6.0.102\Extensions\Microsoft.TestPlatform.Extensions.BlameDataCollector.dll
TpTrace Information: 0 : 2892, 1, 2022/04/01, 13:05:29.264, 34809458564, vstest.console.dll, AssemblyResolver.OnResolve: Microsoft.TestPlatform.Extensions.EventLogCollector: Resolving assembly.
TpTrace Information: 0 : 2892, 1, 2022/04/01, 13:05:29.264, 34809458964, vstest.console.dll, AssemblyResolver.OnResolve: Microsoft.TestPlatform.Extensions.EventLogCollector: Searching in: 'C:\Program Files\dotnet\sdk\6.0.102\Extensions'.
TpTrace Information: 0 : 2892, 1, 2022/04/01, 13:05:29.264, 34809462381, vstest.console.dll, AssemblyResolver.OnResolve: Microsoft.TestPlatform.Extensions.EventLogCollector: Loading assembly 'C:\Program Files\dotnet\sdk\6.0.102\Extensions\Microsoft.TestPlatform.Extensions.EventLogCollector.dll'.
TpTrace Information: 0 : 2892, 1, 2022/04/01, 13:05:29.265, 34809465923, vstest.console.dll, AssemblyResolver.OnResolve: Resolved assembly: Microsoft.TestPlatform.Extensions.EventLogCollector, from path: C:\Program Files\dotnet\sdk\6.0.102\Extensions\Microsoft.TestPlatform.Extensions.EventLogCollector.dll
TpTrace Information: 0 : 2892, 1, 2022/04/01, 13:05:29.266, 34809482137, vstest.console.dll, AssemblyResolver.OnResolve: Microsoft.TestPlatform.TestHostRuntimeProvider: Resolving assembly.
TpTrace Information: 0 : 2892, 1, 2022/04/01, 13:05:29.266, 34809483352, vstest.console.dll, AssemblyResolver.OnResolve: Microsoft.TestPlatform.TestHostRuntimeProvider: Searching in: 'C:\Program Files\dotnet\sdk\6.0.102\Extensions'.
TpTrace Information: 0 : 2892, 1, 2022/04/01, 13:05:29.267, 34809486410, vstest.console.dll, AssemblyResolver.OnResolve: Microsoft.TestPlatform.TestHostRuntimeProvider: Loading assembly 'C:\Program Files\dotnet\sdk\6.0.102\Extensions\Microsoft.TestPlatform.TestHostRuntimeProvider.dll'.
TpTrace Information: 0 : 2892, 1, 2022/04/01, 13:05:29.267, 34809490452, vstest.console.dll, AssemblyResolver.OnResolve: Resolved assembly: Microsoft.TestPlatform.TestHostRuntimeProvider, from path: C:\Program Files\dotnet\sdk\6.0.102\Extensions\Microsoft.TestPlatform.TestHostRuntimeProvider.dll
TpTrace Information: 0 : 2892, 1, 2022/04/01, 13:05:29.268, 34809500565, vstest.console.dll, AssemblyResolver.OnResolve: Microsoft.VisualStudio.TestPlatform.Extensions.Html.TestLogger: Resolving assembly.
TpTrace Information: 0 : 2892, 1, 2022/04/01, 13:05:29.268, 34809501414, vstest.console.dll, AssemblyResolver.OnResolve: Microsoft.VisualStudio.TestPlatform.Extensions.Html.TestLogger: Searching in: 'C:\Program Files\dotnet\sdk\6.0.102\Extensions'.
TpTrace Information: 0 : 2892, 1, 2022/04/01, 13:05:29.269, 34809505998, vstest.console.dll, AssemblyResolver.OnResolve: Microsoft.VisualStudio.TestPlatform.Extensions.Html.TestLogger: Loading assembly 'C:\Program Files\dotnet\sdk\6.0.102\Extensions\Microsoft.VisualStudio.TestPlatform.Extensions.Html.TestLogger.dll'.
TpTrace Information: 0 : 2892, 1, 2022/04/01, 13:05:29.269, 34809510722, vstest.console.dll, AssemblyResolver.OnResolve: Resolved assembly: Microsoft.VisualStudio.TestPlatform.Extensions.Html.TestLogger, from path: C:\Program Files\dotnet\sdk\6.0.102\Extensions\Microsoft.VisualStudio.TestPlatform.Extensions.Html.TestLogger.dll
TpTrace Information: 0 : 2892, 1, 2022/04/01, 13:05:29.269, 34809513869, vstest.console.dll, AssemblyResolver.OnResolve: Microsoft.VisualStudio.TestPlatform.Extensions.Trx.TestLogger: Resolving assembly.
TpTrace Information: 0 : 2892, 1, 2022/04/01, 13:05:29.270, 34809514217, vstest.console.dll, AssemblyResolver.OnResolve: Microsoft.VisualStudio.TestPlatform.Extensions.Trx.TestLogger: Searching in: 'C:\Program Files\dotnet\sdk\6.0.102\Extensions'.
TpTrace Information: 0 : 2892, 1, 2022/04/01, 13:05:29.270, 34809518492, vstest.console.dll, AssemblyResolver.OnResolve: Microsoft.VisualStudio.TestPlatform.Extensions.Trx.TestLogger: Loading assembly 'C:\Program Files\dotnet\sdk\6.0.102\Extensions\Microsoft.VisualStudio.TestPlatform.Extensions.Trx.TestLogger.dll'.
TpTrace Information: 0 : 2892, 1, 2022/04/01, 13:05:29.270, 34809523530, vstest.console.dll, AssemblyResolver.OnResolve: Resolved assembly: Microsoft.VisualStudio.TestPlatform.Extensions.Trx.TestLogger, from path: C:\Program Files\dotnet\sdk\6.0.102\Extensions\Microsoft.VisualStudio.TestPlatform.Extensions.Trx.TestLogger.dll
TpTrace Verbose: 0 : 2892, 1, 2022/04/01, 13:05:29.271, 34809527788, vstest.console.dll, TestPluginCache: Discovered the extensions using extension path ''.
TpTrace Verbose: 0 : 2892, 1, 2022/04/01, 13:05:29.271, 34809528161, vstest.console.dll, TestPluginCache: Discoverers are ''.
TpTrace Verbose: 0 : 2892, 1, 2022/04/01, 13:05:29.271, 34809528318, vstest.console.dll, TestPluginCache: Executors are ''.
TpTrace Verbose: 0 : 2892, 1, 2022/04/01, 13:05:29.271, 34809528456, vstest.console.dll, TestPluginCache: Executors2 are ''.
TpTrace Verbose: 0 : 2892, 1, 2022/04/01, 13:05:29.271, 34809528636, vstest.console.dll, TestPluginCache: Setting providers are ''.
TpTrace Verbose: 0 : 2892, 1, 2022/04/01, 13:05:29.271, 34809528770, vstest.console.dll, TestPluginCache: Loggers are ''.
TpTrace Information: 0 : 2892, 1, 2022/04/01, 13:05:29.275, 34809564467, vstest.console.dll, RunTestsArgumentProcessor:Execute: Test run is starting.
TpTrace Verbose: 0 : 2892, 1, 2022/04/01, 13:05:29.275, 34809565301, vstest.console.dll, RunTestsArgumentProcessor:Execute: Queuing Test run.
TpTrace Information: 0 : 2892, 1, 2022/04/01, 13:05:29.275, 34809566788, vstest.console.dll, TestRequestManager.RunTests: run tests started.
TpTrace Information: 0 : 2892, 1, 2022/04/01, 13:05:29.277, 34809593356, vstest.console.dll, AssemblyMetadataProvider.GetFrameWork: Determined framework:'.NETCoreApp,Version=v3.1' for source: 'D:\c#Code\softuniC#\04.OOP\ExamPreparation\Exam - 20 Dec 2021\Unit tests\BookSkeleton\Book.Tests\bin\Debug\netcoreapp3.1\fine-code-coverage\build-output\Book.Tests.dll'
TpTrace Information: 0 : 2892, 1, 2022/04/01, 13:05:29.278, 34809594805, vstest.console.dll, Determined framework for all sources: .NETCoreApp,Version=v3.1
TpTrace Information: 0 : 2892, 1, 2022/04/01, 13:05:29.278, 34809598338, vstest.console.dll, AssemblyMetadataProvider.GetArchitecture: Determined architecture:AnyCPU info for assembly: D:\c#Code\softuniC#\04.OOP\ExamPreparation\Exam - 20 Dec 2021\Unit tests\BookSkeleton\Book.Tests\bin\Debug\netcoreapp3.1\fine-code-coverage\build-output\Book.Tests.dll
TpTrace Information: 0 : 2892, 1, 2022/04/01, 13:05:29.279, 34809611386, vstest.console.dll, Determined platform for all sources: X64
TpTrace Information: 0 : 2892, 1, 2022/04/01, 13:05:29.281, 34809629243, vstest.console.dll, Compatible sources list : 
TpTrace Information: 0 : 2892, 1, 2022/04/01, 13:05:29.281, 34809629981, vstest.console.dll, D:\c#Code\softuniC#\04.OOP\ExamPreparation\Exam - 20 Dec 2021\Unit tests\BookSkeleton\Book.Tests\bin\Debug\netcoreapp3.1\fine-code-coverage\build-output\Book.Tests.dll
TpTrace Information: 0 : 2892, 1, 2022/04/01, 13:05:29.283, 34809647086, vstest.console.dll, InferRunSettingsHelper.IsTestSettingsEnabled: Unable to navigate to RunSettings/MSTest. Current node: RunSettings
TpTrace Information: 0 : 2892, 1, 2022/04/01, 13:05:29.283, 34809653879, vstest.console.dll, AssemblyResolver.OnResolve: Microsoft.VisualStudio.TestPlatform.Fakes: Resolving assembly.
TpTrace Information: 0 : 2892, 1, 2022/04/01, 13:05:29.284, 34809654699, vstest.console.dll, AssemblyResolver.OnResolve: Microsoft.VisualStudio.TestPlatform.Fakes: Searching in: 'C:\Program Files\dotnet\sdk\6.0.102\Extensions'.
TpTrace Information: 0 : 2892, 1, 2022/04/01, 13:05:29.284, 34809655702, vstest.console.dll, AssemblyResolver.OnResolve: Microsoft.VisualStudio.TestPlatform.Fakes: Assembly path does not exist: 'C:\Program Files\dotnet\sdk\6.0.102\Extensions\Microsoft.VisualStudio.TestPlatform.Fakes.dll', returning.
TpTrace Information: 0 : 2892, 1, 2022/04/01, 13:05:29.284, 34809656120, vstest.console.dll, AssemblyResolver.OnResolve: Microsoft.VisualStudio.TestPlatform.Fakes: Assembly path does not exist: 'C:\Program Files\dotnet\sdk\6.0.102\Extensions\Microsoft.VisualStudio.TestPlatform.Fakes.exe', returning.
TpTrace Information: 0 : 2892, 1, 2022/04/01, 13:05:29.284, 34809656412, vstest.console.dll, AssemblyResolver.OnResolve: Microsoft.VisualStudio.TestPlatform.Fakes: Searching in: 'C:\Program Files\dotnet\sdk\6.0.102'.
TpTrace Information: 0 : 2892, 1, 2022/04/01, 13:05:29.284, 34809656901, vstest.console.dll, AssemblyResolver.OnResolve: Microsoft.VisualStudio.TestPlatform.Fakes: Assembly path does not exist: 'C:\Program Files\dotnet\sdk\6.0.102\Microsoft.VisualStudio.TestPlatform.Fakes.dll', returning.
TpTrace Information: 0 : 2892, 1, 2022/04/01, 13:05:29.284, 34809657273, vstest.console.dll, AssemblyResolver.OnResolve: Microsoft.VisualStudio.TestPlatform.Fakes: Assembly path does not exist: 'C:\Program Files\dotnet\sdk\6.0.102\Microsoft.VisualStudio.TestPlatform.Fakes.exe', returning.
TpTrace Information: 0 : 2892, 1, 2022/04/01, 13:05:29.284, 34809657441, vstest.console.dll, AssemblyResolver.OnResolve: Microsoft.VisualStudio.TestPlatform.Fakes: Failed to load assembly.
TpTrace Information: 0 : 2892, 1, 2022/04/01, 13:05:29.284, 34809659656, vstest.console.dll, Failed to load assembly Microsoft.VisualStudio.TestPlatform.Fakes, Version=17.0.0.0, Culture=neutral. Reason:System.IO.FileNotFoundException: Could not load file or assembly 'Microsoft.VisualStudio.TestPlatform.Fakes, Version=17.0.0.0, Culture=neutral, PublicKeyToken=null'. The system cannot find the file specified.
File name: 'Microsoft.VisualStudio.TestPlatform.Fakes, Version=17.0.0.0, Culture=neutral, PublicKeyToken=null'
   at System.Reflection.RuntimeAssembly.InternalLoad(ObjectHandleOnStack assemblyName, ObjectHandleOnStack requestingAssembly, StackCrawlMarkHandle stackMark, Boolean throwOnFileNotFound, ObjectHandleOnStack assemblyLoadContext, ObjectHandleOnStack retAssembly)
   at System.Reflection.RuntimeAssembly.InternalLoad(AssemblyName assemblyName, RuntimeAssembly requestingAssembly, StackCrawlMark& stackMark, Boolean throwOnFileNotFound, AssemblyLoadContext assemblyLoadContext)
   at System.Reflection.Assembly.Load(AssemblyName assemblyRef)
   at Microsoft.VisualStudio.TestPlatform.Common.Utilities.FakesUtilities.LoadTestPlatformAssembly()
TpTrace Verbose: 0 : 2892, 1, 2022/04/01, 13:05:29.287, 34809688804, vstest.console.dll, TestPluginCache.DiscoverTestExtensions: finding test extensions in assemblies ends with: TestLogger.dll TPluginInfo: Microsoft.VisualStudio.TestPlatform.Common.ExtensionFramework.Utilities.TestLoggerPluginInformation TExtension: Microsoft.VisualStudio.TestPlatform.ObjectModel.Client.ITestLogger
TpTrace Verbose: 0 : 2892, 1, 2022/04/01, 13:05:29.287, 34809689797, vstest.console.dll, TestPluginCache.GetExtensionPaths: Filtered extension paths: 
TpTrace Verbose: 0 : 2892, 1, 2022/04/01, 13:05:29.287, 34809689991, vstest.console.dll, TestPluginCache.GetExtensionPaths: Added default extension paths: C:\Program Files\dotnet\sdk\6.0.102\Extensions\Microsoft.Diagnostics.NETCore.Client.dll
C:\Program Files\dotnet\sdk\6.0.102\Extensions\Microsoft.TestPlatform.Extensions.BlameDataCollector.dll
C:\Program Files\dotnet\sdk\6.0.102\Extensions\Microsoft.TestPlatform.Extensions.EventLogCollector.dll
C:\Program Files\dotnet\sdk\6.0.102\Extensions\Microsoft.TestPlatform.TestHostRuntimeProvider.dll
C:\Program Files\dotnet\sdk\6.0.102\Extensions\Microsoft.VisualStudio.TestPlatform.Extensions.Html.TestLogger.dll
C:\Program Files\dotnet\sdk\6.0.102\Extensions\Microsoft.VisualStudio.TestPlatform.Extensions.Trx.TestLogger.dll
TpTrace Verbose: 0 : 2892, 1, 2022/04/01, 13:05:29.287, 34809690198, vstest.console.dll, TestPluginCache.GetExtensionPaths: Added unfilterableExtensionPaths: 
TpTrace Information: 0 : 2892, 1, 2022/04/01, 13:05:29.287, 34809691636, vstest.console.dll, AssemblyResolver.AddSearchDirectories: Adding more searchDirectories C:\Program Files\dotnet\sdk\6.0.102\Extensions,C:\Program Files\dotnet\sdk\6.0.102
TpTrace Verbose: 0 : 2892, 1, 2022/04/01, 13:05:29.287, 34809691930, vstest.console.dll, TestPluginCache.DiscoverTestExtensions: Discovering the extensions using extension path.
TpTrace Verbose: 0 : 2892, 1, 2022/04/01, 13:05:29.287, 34809692138, vstest.console.dll, TestPluginCache.GetExtensionPaths: Filtered extension paths: 
TpTrace Verbose: 0 : 2892, 1, 2022/04/01, 13:05:29.287, 34809692328, vstest.console.dll, TestPluginCache.GetExtensionPaths: Added default extension paths: C:\Program Files\dotnet\sdk\6.0.102\Extensions\Microsoft.Diagnostics.NETCore.Client.dll
C:\Program Files\dotnet\sdk\6.0.102\Extensions\Microsoft.TestPlatform.Extensions.BlameDataCollector.dll
C:\Program Files\dotnet\sdk\6.0.102\Extensions\Microsoft.TestPlatform.Extensions.EventLogCollector.dll
C:\Program Files\dotnet\sdk\6.0.102\Extensions\Microsoft.TestPlatform.TestHostRuntimeProvider.dll
C:\Program Files\dotnet\sdk\6.0.102\Extensions\Microsoft.VisualStudio.TestPlatform.Extensions.Html.TestLogger.dll
C:\Program Files\dotnet\sdk\6.0.102\Extensions\Microsoft.VisualStudio.TestPlatform.Extensions.Trx.TestLogger.dll
TpTrace Verbose: 0 : 2892, 1, 2022/04/01, 13:05:29.287, 34809692491, vstest.console.dll, TestPluginCache.GetExtensionPaths: Added unfilterableExtensionPaths: 
TpTrace Verbose: 0 : 2892, 1, 2022/04/01, 13:05:29.287, 34809692738, vstest.console.dll, TestPluginCache.DiscoverTestExtensions: Discovering the extensions using allExtensionPaths: C:\Program Files\dotnet\sdk\6.0.102\Extensions\Microsoft.Diagnostics.NETCore.Client.dll
C:\Program Files\dotnet\sdk\6.0.102\Extensions\Microsoft.TestPlatform.Extensions.BlameDataCollector.dll
C:\Program Files\dotnet\sdk\6.0.102\Extensions\Microsoft.TestPlatform.Extensions.EventLogCollector.dll
C:\Program Files\dotnet\sdk\6.0.102\Extensions\Microsoft.TestPlatform.TestHostRuntimeProvider.dll
C:\Program Files\dotnet\sdk\6.0.102\Extensions\Microsoft.VisualStudio.TestPlatform.Extensions.Html.TestLogger.dll
C:\Program Files\dotnet\sdk\6.0.102\Extensions\Microsoft.VisualStudio.TestPlatform.Extensions.Trx.TestLogger.dll
TpTrace Information: 0 : 2892, 1, 2022/04/01, 13:05:29.287, 34809693032, vstest.console.dll, AssemblyResolver.AddSearchDirectories: Adding more searchDirectories C:\Program Files\dotnet\sdk\6.0.102\Extensions,C:\Program Files\dotnet\sdk\6.0.102
TpTrace Information: 0 : 2892, 1, 2022/04/01, 13:05:29.287, 34809693283, vstest.console.dll, AssemblyResolver.AddSearchDirectories: Adding more searchDirectories C:\Program Files\dotnet\sdk\6.0.102\Extensions,C:\Program Files\dotnet\sdk\6.0.102
TpTrace Information: 0 : 2892, 1, 2022/04/01, 13:05:29.287, 34809693445, vstest.console.dll, AssemblyResolver.AddSearchDirectories: Adding more searchDirectories C:\Program Files\dotnet\sdk\6.0.102\Extensions,C:\Program Files\dotnet\sdk\6.0.102
TpTrace Information: 0 : 2892, 1, 2022/04/01, 13:05:29.287, 34809693602, vstest.console.dll, AssemblyResolver.AddSearchDirectories: Adding more searchDirectories C:\Program Files\dotnet\sdk\6.0.102\Extensions,C:\Program Files\dotnet\sdk\6.0.102
TpTrace Information: 0 : 2892, 1, 2022/04/01, 13:05:29.287, 34809693790, vstest.console.dll, AssemblyResolver.AddSearchDirectories: Adding more searchDirectories C:\Program Files\dotnet\sdk\6.0.102\Extensions,C:\Program Files\dotnet\sdk\6.0.102
TpTrace Information: 0 : 2892, 1, 2022/04/01, 13:05:29.287, 34809693946, vstest.console.dll, AssemblyResolver.AddSearchDirectories: Adding more searchDirectories C:\Program Files\dotnet\sdk\6.0.102\Extensions,C:\Program Files\dotnet\sdk\6.0.102
TpTrace Information: 0 : 2892, 1, 2022/04/01, 13:05:29.288, 34809695857, vstest.console.dll, AssemblyResolver.OnResolve: Microsoft.Bcl.AsyncInterfaces: Resolving assembly.
TpTrace Information: 0 : 2892, 1, 2022/04/01, 13:05:29.288, 34809696235, vstest.console.dll, AssemblyResolver.OnResolve: Microsoft.Bcl.AsyncInterfaces: Resolved from cache.
TpTrace Verbose: 0 : 2892, 1, 2022/04/01, 13:05:29.288, 34809696453, vstest.console.dll, CurrentDomainAssemblyResolve: Resolving assembly 'Microsoft.Bcl.AsyncInterfaces'.
TpTrace Information: 0 : 2892, 1, 2022/04/01, 13:05:29.288, 34809696714, vstest.console.dll, AssemblyResolver.OnResolve: Microsoft.Bcl.AsyncInterfaces: Resolving assembly.
TpTrace Information: 0 : 2892, 1, 2022/04/01, 13:05:29.288, 34809696874, vstest.console.dll, AssemblyResolver.OnResolve: Microsoft.Bcl.AsyncInterfaces: Resolved from cache.
TpTrace Verbose: 0 : 2892, 1, 2022/04/01, 13:05:29.288, 34809697033, vstest.console.dll, CurrentDomainAssemblyResolve: Resolving assembly 'Microsoft.Bcl.AsyncInterfaces'.
TpTrace Verbose: 0 : 2892, 1, 2022/04/01, 13:05:29.288, 34809697234, vstest.console.dll, CurrentDomainAssemblyResolve: Failed to resolve assembly 'Microsoft.Bcl.AsyncInterfaces'.
TpTrace Verbose: 0 : 2892, 1, 2022/04/01, 13:05:29.288, 34809698491, vstest.console.dll, CurrentDomainAssemblyResolve: Failed to resolve assembly 'Microsoft.Bcl.AsyncInterfaces'.
TpTrace Warning: 0 : 2892, 1, 2022/04/01, 13:05:29.288, 34809701184, vstest.console.dll, TestPluginDiscoverer: Failed to get types from assembly 'Microsoft.Diagnostics.NETCore.Client, Version=0.2.4.21401, Culture=neutral, PublicKeyToken=31bf3856ad364e35'.  Skipping test extension scan for this assembly.  Error: System.Reflection.ReflectionTypeLoadException: Unable to load one or more of the requested types.
Could not load file or assembly 'Microsoft.Bcl.AsyncInterfaces, Version=1.0.0.0, Culture=neutral, PublicKeyToken=cc7b13ffcd2ddd51'. The system cannot find the file specified.
   at System.Reflection.RuntimeModule.GetTypes(RuntimeModule module)
   at System.Reflection.Assembly.GetTypes()
   at Microsoft.VisualStudio.TestPlatform.Common.ExtensionFramework.TestPluginDiscoverer.GetTestExtensionsFromAssembly[TPluginInfo,TExtension](Assembly assembly, Dictionary`2 pluginInfos)
System.IO.FileNotFoundException: Could not load file or assembly 'Microsoft.Bcl.AsyncInterfaces, Version=1.0.0.0, Culture=neutral, PublicKeyToken=cc7b13ffcd2ddd51'. The system cannot find the file specified.
File name: 'Microsoft.Bcl.AsyncInterfaces, Version=1.0.0.0, Culture=neutral, PublicKeyToken=cc7b13ffcd2ddd51'
 ---> System.IO.FileNotFoundException: Could not load file or assembly 'Microsoft.Bcl.AsyncInterfaces, Culture=neutral, PublicKeyToken=null'. The system cannot find the file specified.
File name: 'Microsoft.Bcl.AsyncInterfaces, Culture=neutral, PublicKeyToken=null'
   at System.Reflection.RuntimeAssembly.InternalLoad(ObjectHandleOnStack assemblyName, ObjectHandleOnStack requestingAssembly, StackCrawlMarkHandle stackMark, Boolean throwOnFileNotFound, ObjectHandleOnStack assemblyLoadContext, ObjectHandleOnStack retAssembly)
   at System.Reflection.RuntimeAssembly.InternalLoad(AssemblyName assemblyName, RuntimeAssembly requestingAssembly, StackCrawlMark& stackMark, Boolean throwOnFileNotFound, AssemblyLoadContext assemblyLoadContext)
   at System.Reflection.Assembly.Load(AssemblyName assemblyRef)
   at Microsoft.VisualStudio.TestPlatform.Common.ExtensionFramework.TestPluginCache.CurrentDomainAssemblyResolve(Object sender, AssemblyResolveEventArgs args)
   at Microsoft.VisualStudio.TestPlatform.PlatformAbstractions.PlatformAssemblyResolver.AssemblyResolverEvent(Object sender, Object eventArgs)
   at System.Runtime.Loader.AssemblyLoadContext.GetFirstResolvedAssemblyFromResolvingEvent(AssemblyName assemblyName)
   at System.Runtime.Loader.AssemblyLoadContext.ResolveUsingEvent(AssemblyName assemblyName)
   at System.Runtime.Loader.AssemblyLoadContext.ResolveUsingResolvingEvent(IntPtr gchManagedAssemblyLoadContext, AssemblyName assemblyName)
TpTrace Warning: 0 : 2892, 1, 2022/04/01, 13:05:29.288, 34809702840, vstest.console.dll, LoaderExceptions: System.IO.FileNotFoundException: Could not load file or assembly 'Microsoft.Bcl.AsyncInterfaces, Version=1.0.0.0, Culture=neutral, PublicKeyToken=cc7b13ffcd2ddd51'. The system cannot find the file specified.
File name: 'Microsoft.Bcl.AsyncInterfaces, Version=1.0.0.0, Culture=neutral, PublicKeyToken=cc7b13ffcd2ddd51'
 ---> System.IO.FileNotFoundException: Could not load file or assembly 'Microsoft.Bcl.AsyncInterfaces, Culture=neutral, PublicKeyToken=null'. The system cannot find the file specified.
File name: 'Microsoft.Bcl.AsyncInterfaces, Culture=neutral, PublicKeyToken=null'
   at System.Reflection.RuntimeAssembly.InternalLoad(ObjectHandleOnStack assemblyName, ObjectHandleOnStack requestingAssembly, StackCrawlMarkHandle stackMark, Boolean throwOnFileNotFound, ObjectHandleOnStack assemblyLoadContext, ObjectHandleOnStack retAssembly)
   at System.Reflection.RuntimeAssembly.InternalLoad(AssemblyName assemblyName, RuntimeAssembly requestingAssembly, StackCrawlMark& stackMark, Boolean throwOnFileNotFound, AssemblyLoadContext assemblyLoadContext)
   at System.Reflection.Assembly.Load(AssemblyName assemblyRef)
   at Microsoft.VisualStudio.TestPlatform.Common.ExtensionFramework.TestPluginCache.CurrentDomainAssemblyResolve(Object sender, AssemblyResolveEventArgs args)
   at Microsoft.VisualStudio.TestPlatform.PlatformAbstractions.PlatformAssemblyResolver.AssemblyResolverEvent(Object sender, Object eventArgs)
   at System.Runtime.Loader.AssemblyLoadContext.GetFirstResolvedAssemblyFromResolvingEvent(AssemblyName assemblyName)
   at System.Runtime.Loader.AssemblyLoadContext.ResolveUsingEvent(AssemblyName assemblyName)
   at System.Runtime.Loader.AssemblyLoadContext.ResolveUsingResolvingEvent(IntPtr gchManagedAssemblyLoadContext, AssemblyName assemblyName)
TpTrace Verbose: 0 : 2892, 1, 2022/04/01, 13:05:29.289, 34809705671, vstest.console.dll, TestPluginCache: Discovered the extensions using extension path ''.
TpTrace Verbose: 0 : 2892, 1, 2022/04/01, 13:05:29.289, 34809705985, vstest.console.dll, TestPluginCache: Discoverers are ''.
TpTrace Verbose: 0 : 2892, 1, 2022/04/01, 13:05:29.289, 34809706230, vstest.console.dll, TestPluginCache: Executors are ''.
TpTrace Verbose: 0 : 2892, 1, 2022/04/01, 13:05:29.289, 34809706374, vstest.console.dll, TestPluginCache: Executors2 are ''.
TpTrace Verbose: 0 : 2892, 1, 2022/04/01, 13:05:29.289, 34809706508, vstest.console.dll, TestPluginCache: Setting providers are ''.
TpTrace Verbose: 0 : 2892, 1, 2022/04/01, 13:05:29.289, 34809707007, vstest.console.dll, TestPluginCache: Loggers are 'logger://Microsoft/TestPlatform/Extensions/Blame/v1,logger://Microsoft/TestPlatform/HtmlLogger/v1,logger://Microsoft/TestPlatform/TrxLogger/v1'.
TpTrace Information: 0 : 2892, 1, 2022/04/01, 13:05:29.289, 34809711886, vstest.console.dll, TestPluginManager.CreateTestExtension: Attempting to load test extension: Microsoft.TestPlatform.Extensions.BlameDataCollector.BlameLogger
TpTrace Information: 0 : 2892, 1, 2022/04/01, 13:05:29.294, 34809759774, vstest.console.dll, TestPluginManager.CreateTestExtension: Attempting to load test extension: Microsoft.VisualStudio.TestPlatform.CrossPlatEngine.Hosting.DefaultTestHostManager
TpTrace Information: 0 : 2892, 1, 2022/04/01, 13:05:29.294, 34809762365, vstest.console.dll, TestPluginManager.CreateTestExtension: Attempting to load test extension: Microsoft.VisualStudio.TestPlatform.CrossPlatEngine.Hosting.DotnetTestHostManager
TpTrace Verbose: 0 : 2892, 1, 2022/04/01, 13:05:29.295, 34809766199, vstest.console.dll, TestEngine: Initializing Parallel Execution as MaxCpuCount is set to: 1
TpTrace Information: 0 : 2892, 1, 2022/04/01, 13:05:29.295, 34809770220, vstest.console.dll, InferRunSettingsHelper.IsTestSettingsEnabled: Unable to navigate to RunSettings/MSTest. Current node: RunSettings
TpTrace Verbose: 0 : 2892, 1, 2022/04/01, 13:05:29.306, 34809879942, vstest.console.dll, TestRequestSender is acting as server
TpTrace Verbose: 0 : 2892, 5, 2022/04/01, 13:05:29.310, 34809916030, vstest.console.dll, DataCollectionRequestSender.InitializeCommunication : Initialize communication. 
TpTrace Information: 0 : 2892, 5, 2022/04/01, 13:05:29.314, 34809956830, vstest.console.dll, Listening on Endpoint : 127.0.0.1:63718
TpTrace Verbose: 0 : 2892, 5, 2022/04/01, 13:05:29.323, 34810046121, vstest.console.dll, DotnetDataCollectionLauncher: Full path of dotnet.exe is C:\Program Files\dotnet\dotnet.exe
TpTrace Verbose: 0 : 2892, 5, 2022/04/01, 13:05:29.323, 34810048166, vstest.console.dll, DotnetDataCollectionLauncher: Adding  --runtimeconfig "C:\Program Files\dotnet\sdk\6.0.102\datacollector.runtimeconfig.json" in args
TpTrace Verbose: 0 : 2892, 5, 2022/04/01, 13:05:29.323, 34810048646, vstest.console.dll, DotnetDataCollectionLauncher: Adding  --depsfile "C:\Program Files\dotnet\sdk\6.0.102\datacollector.deps.json" in args
TpTrace Information: 0 : 2892, 5, 2022/04/01, 13:05:29.332, 34810138872, vstest.console.dll, ProxyDataCollectionManager.Initialize: Launched datacollector processId: 12880 port: 63718
TpTrace Information: 0 : 2892, 5, 2022/04/01, 13:05:29.332, 34810140524, vstest.console.dll, ProxyDataCollectionManager.Initialize: waiting for connection with timeout: 90 seconds
TpTrace Verbose: 0 : 2892, 5, 2022/04/01, 13:05:29.332, 34810140897, vstest.console.dll, DataCollectionRequestSender.WaitForRequestHandlerConnection : Waiting for connection with timeout: 90000
TpTrace Information: 0 : 2892, 8, 2022/04/01, 13:05:29.442, 34811243565, vstest.console.dll, Using the buffer size of 16384 bytes
TpTrace Information: 0 : 2892, 8, 2022/04/01, 13:05:29.443, 34811244544, vstest.console.dll, Accepted Client request and set the flag
TpTrace Verbose: 0 : 2892, 5, 2022/04/01, 13:05:29.443, 34811244928, vstest.console.dll, ProxyDataCollectionManager.InvokeDataCollectionServiceAction: Starting.
TpTrace Information: 0 : 2892, 5, 2022/04/01, 13:05:29.443, 34811245715, vstest.console.dll, ProxyDataCollectionManager.BeforeTestRunStart: Get environment variable and port for datacollector processId: 12880 port: 63718
TpTrace Verbose: 0 : 2892, 5, 2022/04/01, 13:05:29.443, 34811246542, vstest.console.dll, DataCollectionRequestSender.SendBeforeTestRunStartAndGetResult : Send BeforeTestRunStart message with settingsXml <RunSettings><RunConfiguration><ResultsDirectory>D:\c#Code\softuniC#\04.OOP\ExamPreparation\Exam - 20 Dec 2021\Unit tests\BookSkeleton\Book.Tests\bin\Debug\netcoreapp3.1\fine-code-coverage\coverage-tool-output</ResultsDirectory><TargetPlatform>X64</TargetPlatform><TargetFrameworkVersion>.NETCoreApp,Version=v3.1</TargetFrameworkVersion><DesignMode>False</DesignMode><CollectSourceInformation>False</CollectSourceInformation><TestAdaptersPaths>C:\Program Files\dotnet\sdk\6.0.102\Extensions</TestAdaptersPaths></RunConfiguration><LoggerRunSettings><Loggers><Logger friendlyName="blame" enabled="True" /><Logger friendlyName="Console" uri="logger://microsoft/TestPlatform/ConsoleLogger/v1" assemblyQualifiedName="Microsoft.VisualStudio.TestPlatform.CommandLine.Internal.ConsoleLogger, vstest.console, Version=15.0.0.0, Culture=neutral, PublicKeyToken=b03f5f7f11d50a3a" codeBase="C:\Program Files\dotnet\sdk\6.0.102\vstest.console.dll" enabled="True" /></Loggers></LoggerRunSettings><DataCollectionRunSettings><DataCollectors><DataCollector friendlyName="blame" enabled="True"><Configuration><ResultsDirectory>D:\c#Code\softuniC#\04.OOP\ExamPreparation\Exam - 20 Dec 2021\Unit tests\BookSkeleton\Book.Tests\bin\Debug\netcoreapp3.1\fine-code-coverage\coverage-tool-output</ResultsDirectory></Configuration></DataCollector></DataCollectors></DataCollectionRunSettings></RunSettings> and sources System.Linq.Enumerable+Concat2Iterator`1[System.String]: 
TpTrace Verbose: 0 : 2892, 5, 2022/04/01, 13:05:29.501, 34811826661, vstest.console.dll, DataCollectionRequestSender.SendBeforeTestRunStartAndGetResult : Received message: (DataCollection.SendMessage) -> {
  "FriendlyName": null,
  "Uri": null,
  "TestCaseId": "00000000-0000-0000-0000-000000000000",
  "Message": "Logging DataCollector Diagnostics in file: D:\\c#Code\\softuniC#\\04.OOP\\ExamPreparation\\Exam - 20 Dec 2021\\Unit tests\\BookSkeleton\\Book.Tests\\bin\\Debug\\netcoreapp3.1\\fine-code-coverage\\coverage-tool-output\\diagnostics.datacollector.22-04-01_13-05-29_32019_5.log",
  "Level": 0
}
TpTrace Verbose: 0 : 2892, 5, 2022/04/01, 13:05:29.555, 34812372255, vstest.console.dll, DataCollectionRequestSender.SendBeforeTestRunStartAndGetResult : Received message: (DataCollection.BeforeTestRunStartResult) -> {
  "EnvironmentVariables": {},
  "DataCollectionEventsPort": 63721
}
TpTrace Information: 0 : 2892, 5, 2022/04/01, 13:05:29.560, 34812415970, vstest.console.dll, ProxyDataCollectionManager.BeforeTestRunStart: SendBeforeTestRunStartAndGetResult successful, env variable from datacollector:   and testhost port: 63721
TpTrace Information: 0 : 2892, 5, 2022/04/01, 13:05:29.560, 34812417090, vstest.console.dll, ProxyDataCollectionManager.InvokeDataCollectionServiceAction: Completed.
TpTrace Verbose: 0 : 2892, 1, 2022/04/01, 13:05:29.560, 34812418981, vstest.console.dll, TestRunRequest.ExecuteAsync: Creating test run request.
TpTrace Verbose: 0 : 2892, 1, 2022/04/01, 13:05:29.560, 34812423192, vstest.console.dll, TestRunRequest.ExecuteAsync: Starting.
TpTrace Information: 0 : 2892, 1, 2022/04/01, 13:05:29.561, 34812427902, vstest.console.dll, TestRunRequest.ExecuteAsync: Starting run with settings:TestRunCriteria:
   KeepAlive=False,FrequencyOfRunStatsChangeEvent=10,RunStatsChangeEventTimeout=00:00:01.5000000,TestCaseFilter=,TestExecutorLauncher=
   Settingsxml=<RunSettings>
  <RunConfiguration>
    <ResultsDirectory>D:\c#Code\softuniC#\04.OOP\ExamPreparation\Exam - 20 Dec 2021\Unit tests\BookSkeleton\Book.Tests\bin\Debug\netcoreapp3.1\fine-code-coverage\coverage-tool-output</ResultsDirectory>
    <TargetPlatform>X64</TargetPlatform>
    <TargetFrameworkVersion>.NETCoreApp,Version=v3.1</TargetFrameworkVersion>
    <DesignMode>False</DesignMode>
    <CollectSourceInformation>False</CollectSourceInformation>
  </RunConfiguration>
  <LoggerRunSettings>
    <Loggers>
      <Logger friendlyName="blame" enabled="True" />
      <Logger friendlyName="Console" uri="logger://microsoft/TestPlatform/ConsoleLogger/v1" assemblyQualifiedName="Microsoft.VisualStudio.TestPlatform.CommandLine.Internal.ConsoleLogger, vstest.console, Version=15.0.0.0, Culture=neutral, PublicKeyToken=b03f5f7f11d50a3a" codeBase="C:\Program Files\dotnet\sdk\6.0.102\vstest.console.dll" enabled="True" />
    </Loggers>
  </LoggerRunSettings>
  <DataCollectionRunSettings>
    <DataCollectors>
      <DataCollector friendlyName="blame" enabled="True">
        <Configuration>
          <ResultsDirectory>D:\c#Code\softuniC#\04.OOP\ExamPreparation\Exam - 20 Dec 2021\Unit tests\BookSkeleton\Book.Tests\bin\Debug\netcoreapp3.1\fine-code-coverage\coverage-tool-output</ResultsDirectory>
        </Configuration>
      </DataCollector>
    </DataCollectors>
  </DataCollectionRunSettings>
</RunSettings>

TpTrace Verbose: 0 : 2892, 1, 2022/04/01, 13:05:29.561, 34812428342, vstest.console.dll, TestRunRequest.ExecuteAsync: Wait for the first run request is over.
TpTrace Verbose: 0 : 2892, 1, 2022/04/01, 13:05:29.561, 34812432061, vstest.console.dll, ParallelProxyExecutionManager: Start execution. Total sources: 1
TpTrace Information: 0 : 2892, 1, 2022/04/01, 13:05:29.562, 34812436465, vstest.console.dll, ProxyParallelExecutionManager: Triggering test run for next source: D:\c#Code\softuniC#\04.OOP\ExamPreparation\Exam - 20 Dec 2021\Unit tests\BookSkeleton\Book.Tests\bin\Debug\netcoreapp3.1\fine-code-coverage\build-output\Book.Tests.dll
TpTrace Verbose: 0 : 2892, 5, 2022/04/01, 13:05:29.562, 34812437938, vstest.console.dll, ParallelProxyExecutionManager: Execution started. Started clients: 1
TpTrace Verbose: 0 : 2892, 1, 2022/04/01, 13:05:29.562, 34812438287, vstest.console.dll, ProxyParallelExecutionManager: No sources available for execution.
TpTrace Information: 0 : 2892, 1, 2022/04/01, 13:05:29.562, 34812438673, vstest.console.dll, TestRunRequest.ExecuteAsync: Started.
TpTrace Verbose: 0 : 2892, 1, 2022/04/01, 13:05:29.562, 34812439087, vstest.console.dll, TestRunRequest.WaitForCompletion: Waiting with timeout -1.
TpTrace Verbose: 0 : 2892, 5, 2022/04/01, 13:05:29.562, 34812440420, vstest.console.dll, TestRunRequest:SendTestRunMessage: Starting.
TpTrace Information: 0 : 2892, 5, 2022/04/01, 13:05:29.562, 34812441349, vstest.console.dll, TestRunRequest:SendTestRunMessage: Completed.
TpTrace Verbose: 0 : 2892, 5, 2022/04/01, 13:05:29.562, 34812442905, vstest.console.dll, ProxyExecutionManager: Test host is always Lazy initialize.
TpTrace Verbose: 0 : 2892, 5, 2022/04/01, 13:05:29.563, 34812444656, vstest.console.dll, TestRequestSender.InitializeCommunication: initialize communication. 
TpTrace Information: 0 : 2892, 5, 2022/04/01, 13:05:29.563, 34812449601, vstest.console.dll, SocketServer.Start: Listening on endpoint : 127.0.0.1:63722
TpTrace Verbose: 0 : 2892, 5, 2022/04/01, 13:05:29.564, 34812456489, vstest.console.dll, DotnetTestHostmanager: Adding  --runtimeconfig "D:\c#Code\softuniC#\04.OOP\ExamPreparation\Exam - 20 Dec 2021\Unit tests\BookSkeleton\Book.Tests\bin\Debug\netcoreapp3.1\fine-code-coverage\build-output\Book.Tests.runtimeconfig.json" in args
TpTrace Verbose: 0 : 2892, 5, 2022/04/01, 13:05:29.564, 34812457242, vstest.console.dll, DotnetTestHostmanager: Adding  --depsfile "D:\c#Code\softuniC#\04.OOP\ExamPreparation\Exam - 20 Dec 2021\Unit tests\BookSkeleton\Book.Tests\bin\Debug\netcoreapp3.1\fine-code-coverage\build-output\Book.Tests.deps.json" in args
TpTrace Verbose: 0 : 2892, 5, 2022/04/01, 13:05:29.564, 34812458672, vstest.console.dll, DotnetTestHostManager: Testhost.exe/testhost.x86.exe found at path: D:\c#Code\softuniC#\04.OOP\ExamPreparation\Exam - 20 Dec 2021\Unit tests\BookSkeleton\Book.Tests\bin\Debug\netcoreapp3.1\fine-code-coverage\build-output\testhost.exe
TpTrace Verbose: 0 : 2892, 5, 2022/04/01, 13:05:29.564, 34812458962, vstest.console.dll, DotnetTestHostmanager: Full path of host exe is D:\c#Code\softuniC#\04.OOP\ExamPreparation\Exam - 20 Dec 2021\Unit tests\BookSkeleton\Book.Tests\bin\Debug\netcoreapp3.1\fine-code-coverage\build-output\testhost.exe
TpTrace Verbose: 0 : 2892, 7, 2022/04/01, 13:05:29.565, 34812465746, vstest.console.dll, DotnetTestHostManager: Starting process 'D:\c#Code\softuniC#\04.OOP\ExamPreparation\Exam - 20 Dec 2021\Unit tests\BookSkeleton\Book.Tests\bin\Debug\netcoreapp3.1\fine-code-coverage\build-output\testhost.exe' with command line ' --runtimeconfig "D:\c#Code\softuniC#\04.OOP\ExamPreparation\Exam - 20 Dec 2021\Unit tests\BookSkeleton\Book.Tests\bin\Debug\netcoreapp3.1\fine-code-coverage\build-output\Book.Tests.runtimeconfig.json" --depsfile "D:\c#Code\softuniC#\04.OOP\ExamPreparation\Exam - 20 Dec 2021\Unit tests\BookSkeleton\Book.Tests\bin\Debug\netcoreapp3.1\fine-code-coverage\build-output\Book.Tests.deps.json" --port 63722 --endpoint 127.0.0.1:063722 --role client --parentprocessid 2892 --diag "D:\c#Code\softuniC#\04.OOP\ExamPreparation\Exam - 20 Dec 2021\Unit tests\BookSkeleton\Book.Tests\bin\Debug\netcoreapp3.1\fine-code-coverage\coverage-tool-output\diagnostics.host.22-04-01_13-05-29_56391_5.log" --tracelevel 4 --datacollectionport 63721 --telemetryoptedin false'
TpTrace Verbose: 0 : 2892, 7, 2022/04/01, 13:05:29.569, 34812514107, vstest.console.dll, Test Runtime launched
TpTrace Verbose: 0 : 2892, 5, 2022/04/01, 13:05:29.570, 34812520916, vstest.console.dll, TestRequestSender.WaitForRequestHandlerConnection: waiting for connection with timeout: 90000
TpTrace Verbose: 0 : 2892, 7, 2022/04/01, 13:05:29.698, 34813796419, vstest.console.dll, SocketServer.OnClientConnected: Client connected for endPoint: 127.0.0.1:63722, starting MessageLoopAsync:
TpTrace Verbose: 0 : 2892, 7, 2022/04/01, 13:05:29.698, 34813799389, vstest.console.dll, TcpClientExtensions.MessageLoopAsync: Polling on remoteEndPoint: 127.0.0.1:63723 localEndPoint: 127.0.0.1:63722
TpTrace Verbose: 0 : 2892, 7, 2022/04/01, 13:05:29.805, 34814873128, vstest.console.dll, TcpClientExtensions.MessageLoopAsync: NotifyDataAvailable remoteEndPoint: 127.0.0.1:63723 localEndPoint: 127.0.0.1:63722
TpTrace Verbose: 0 : 2892, 7, 2022/04/01, 13:05:29.806, 34814877229, vstest.console.dll, TestRequestSender.CheckVersionWithTestHost: onMessageReceived received message: (ProtocolVersion) -> 5
TpTrace Verbose: 0 : 2892, 7, 2022/04/01, 13:05:29.806, 34814883646, vstest.console.dll, TcpClientExtensions.MessageLoopAsync: Polling on remoteEndPoint: 127.0.0.1:63723 localEndPoint: 127.0.0.1:63722
TpTrace Verbose: 0 : 2892, 5, 2022/04/01, 13:05:29.807, 34814884925, vstest.console.dll, TestPluginCache.GetExtensionPaths: Filtered extension paths: 
TpTrace Verbose: 0 : 2892, 5, 2022/04/01, 13:05:29.807, 34814885734, vstest.console.dll, TestPluginCache.GetExtensionPaths: Added default extension paths: C:\Program Files\dotnet\sdk\6.0.102\Extensions\Microsoft.Diagnostics.NETCore.Client.dll
C:\Program Files\dotnet\sdk\6.0.102\Extensions\Microsoft.TestPlatform.Extensions.BlameDataCollector.dll
C:\Program Files\dotnet\sdk\6.0.102\Extensions\Microsoft.TestPlatform.Extensions.EventLogCollector.dll
C:\Program Files\dotnet\sdk\6.0.102\Extensions\Microsoft.TestPlatform.TestHostRuntimeProvider.dll
C:\Program Files\dotnet\sdk\6.0.102\Extensions\Microsoft.VisualStudio.TestPlatform.Extensions.Html.TestLogger.dll
C:\Program Files\dotnet\sdk\6.0.102\Extensions\Microsoft.VisualStudio.TestPlatform.Extensions.Trx.TestLogger.dll
TpTrace Verbose: 0 : 2892, 5, 2022/04/01, 13:05:29.807, 34814886156, vstest.console.dll, TestPluginCache.GetExtensionPaths: Added unfilterableExtensionPaths: 
TpTrace Verbose: 0 : 2892, 5, 2022/04/01, 13:05:29.810, 34814915644, vstest.console.dll, TestRequestSender.InitializeExecution: Sending initializing execution with message: {"Version":5,"MessageType":"TestExecution.Initialize","Payload":["D:\\c#Code\\softuniC#\\04.OOP\\ExamPreparation\\Exam - 20 Dec 2021\\Unit tests\\BookSkeleton\\Book.Tests\\bin\\Debug\\netcoreapp3.1\\fine-code-coverage\\build-output\\NUnit3.TestAdapter.dll"]}
TpTrace Verbose: 0 : 2892, 7, 2022/04/01, 13:05:29.813, 34814953863, vstest.console.dll, TcpClientExtensions.MessageLoopAsync: NotifyDataAvailable remoteEndPoint: 127.0.0.1:63723 localEndPoint: 127.0.0.1:63722
TpTrace Verbose: 0 : 2892, 7, 2022/04/01, 13:05:29.814, 34814956105, vstest.console.dll, TestRequestSender.OnExecutionMessageReceived: Received message: {"Version":5,"MessageType":"TestSession.Message","Payload":{"MessageLevel":0,"Message":"Logging TestHost Diagnostics in file: D:\\c#Code\\softuniC#\\04.OOP\\ExamPreparation\\Exam - 20 Dec 2021\\Unit tests\\BookSkeleton\\Book.Tests\\bin\\Debug\\netcoreapp3.1\\fine-code-coverage\\coverage-tool-output\\diagnostics.host.22-04-01_13-05-29_56391_5.log"}}
TpTrace Verbose: 0 : 2892, 7, 2022/04/01, 13:05:29.816, 34814977544, vstest.console.dll, TestRunRequest:SendTestRunMessage: Starting.
TpTrace Information: 0 : 2892, 7, 2022/04/01, 13:05:29.816, 34814978767, vstest.console.dll, TestRunRequest:SendTestRunMessage: Completed.
TpTrace Verbose: 0 : 2892, 7, 2022/04/01, 13:05:29.816, 34814978979, vstest.console.dll, TcpClientExtensions.MessageLoopAsync: Polling on remoteEndPoint: 127.0.0.1:63723 localEndPoint: 127.0.0.1:63722
TpTrace Verbose: 0 : 2892, 5, 2022/04/01, 13:05:29.816, 34814983504, vstest.console.dll, TestRequestSender.StartTestRun: Sending test run with message: {"Version":5,"MessageType":"TestExecution.StartWithSources","Payload":{"AdapterSourceMap":{"_none_":["D:\\c#Code\\softuniC#\\04.OOP\\ExamPreparation\\Exam - 20 Dec 2021\\Unit tests\\BookSkeleton\\Book.Tests\\bin\\Debug\\netcoreapp3.1\\fine-code-coverage\\build-output\\Book.Tests.dll"]},"RunSettings":"<RunSettings>\r\n  <RunConfiguration>\r\n    <ResultsDirectory>D:\\c#Code\\softuniC#\\04.OOP\\ExamPreparation\\Exam - 20 Dec 2021\\Unit tests\\BookSkeleton\\Book.Tests\\bin\\Debug\\netcoreapp3.1\\fine-code-coverage\\coverage-tool-output</ResultsDirectory>\r\n    <TargetPlatform>X64</TargetPlatform>\r\n    <TargetFrameworkVersion>.NETCoreApp,Version=v3.1</TargetFrameworkVersion>\r\n    <DesignMode>False</DesignMode>\r\n    <CollectSourceInformation>False</CollectSourceInformation>\r\n  </RunConfiguration>\r\n  <LoggerRunSettings>\r\n    <Loggers>\r\n      <Logger friendlyName=\"blame\" enabled=\"True\" />\r\n      <Logger friendlyName=\"Console\" uri=\"logger://microsoft/TestPlatform/ConsoleLogger/v1\" assemblyQualifiedName=\"Microsoft.VisualStudio.TestPlatform.CommandLine.Internal.ConsoleLogger, vstest.console, Version=15.0.0.0, Culture=neutral, PublicKeyToken=b03f5f7f11d50a3a\" codeBase=\"C:\\Program Files\\dotnet\\sdk\\6.0.102\\vstest.console.dll\" enabled=\"True\" />\r\n    </Loggers>\r\n  </LoggerRunSettings>\r\n  <DataCollectionRunSettings>\r\n    <DataCollectors>\r\n      <DataCollector friendlyName=\"blame\" enabled=\"True\">\r\n        <Configuration>\r\n          <ResultsDirectory>D:\\c#Code\\softuniC#\\04.OOP\\ExamPreparation\\Exam - 20 Dec 2021\\Unit tests\\BookSkeleton\\Book.Tests\\bin\\Debug\\netcoreapp3.1\\fine-code-coverage\\coverage-tool-output</ResultsDirectory>\r\n        </Configuration>\r\n      </DataCollector>\r\n    </DataCollectors>\r\n  </DataCollectionRunSettings>\r\n</RunSettings>","TestExecutionContext":{"FrequencyOfRunStatsChangeEvent":10,"RunStatsChangeEventTimeout":"00:00:01.5000000","InIsolation":false,"KeepAlive":false,"AreTestCaseLevelEventsRequired":false,"IsDebug":false,"TestCaseFilter":null,"FilterOptions":null},"Package":null}}
TpTrace Verbose: 0 : 2892, 7, 2022/04/01, 13:05:29.935, 34816171894, vstest.console.dll, TcpClientExtensions.MessageLoopAsync: NotifyDataAvailable remoteEndPoint: 127.0.0.1:63723 localEndPoint: 127.0.0.1:63722
TpTrace Verbose: 0 : 2892, 7, 2022/04/01, 13:05:29.935, 34816173086, vstest.console.dll, TestRequestSender.OnExecutionMessageReceived: Received message: {"Version":5,"MessageType":"TestSession.Message","Payload":{"MessageLevel":0,"Message":"NUnit Adapter 3.17.0.0: Test execution started"}}
TpTrace Verbose: 0 : 2892, 7, 2022/04/01, 13:05:29.936, 34816174857, vstest.console.dll, TestRunRequest:SendTestRunMessage: Starting.
TpTrace Information: 0 : 2892, 7, 2022/04/01, 13:05:29.936, 34816175275, vstest.console.dll, TestRunRequest:SendTestRunMessage: Completed.
TpTrace Verbose: 0 : 2892, 7, 2022/04/01, 13:05:29.936, 34816175515, vstest.console.dll, TcpClientExtensions.MessageLoopAsync: Polling on remoteEndPoint: 127.0.0.1:63723 localEndPoint: 127.0.0.1:63722
TpTrace Verbose: 0 : 2892, 7, 2022/04/01, 13:05:29.957, 34816390020, vstest.console.dll, TcpClientExtensions.MessageLoopAsync: NotifyDataAvailable remoteEndPoint: 127.0.0.1:63723 localEndPoint: 127.0.0.1:63722
TpTrace Verbose: 0 : 2892, 7, 2022/04/01, 13:05:29.957, 34816392440, vstest.console.dll, TestRequestSender.OnExecutionMessageReceived: Received message: {"Version":5,"MessageType":"TestSession.Message","Payload":{"MessageLevel":0,"Message":"Running all tests in D:\\c#Code\\softuniC#\\04.OOP\\ExamPreparation\\Exam - 20 Dec 2021\\Unit tests\\BookSkeleton\\Book.Tests\\bin\\Debug\\netcoreapp3.1\\fine-code-coverage\\build-output\\Book.Tests.dll"}}
TpTrace Verbose: 0 : 2892, 7, 2022/04/01, 13:05:29.958, 34816395414, vstest.console.dll, TestRunRequest:SendTestRunMessage: Starting.
TpTrace Information: 0 : 2892, 7, 2022/04/01, 13:05:29.958, 34816396430, vstest.console.dll, TestRunRequest:SendTestRunMessage: Completed.
TpTrace Verbose: 0 : 2892, 7, 2022/04/01, 13:05:29.958, 34816396956, vstest.console.dll, TcpClientExtensions.MessageLoopAsync: Polling on remoteEndPoint: 127.0.0.1:63723 localEndPoint: 127.0.0.1:63722
TpTrace Verbose: 0 : 2892, 7, 2022/04/01, 13:05:30.100, 34817815975, vstest.console.dll, TcpClientExtensions.MessageLoopAsync: NotifyDataAvailable remoteEndPoint: 127.0.0.1:63723 localEndPoint: 127.0.0.1:63722
TpTrace Verbose: 0 : 2892, 7, 2022/04/01, 13:05:30.100, 34817817766, vstest.console.dll, TestRequestSender.OnExecutionMessageReceived: Received message: {"Version":5,"MessageType":"TestSession.Message","Payload":{"MessageLevel":0,"Message":"   NUnit3TestExecutor discovered 12 of 12 NUnit test cases"}}
TpTrace Verbose: 0 : 2892, 7, 2022/04/01, 13:05:30.100, 34817819836, vstest.console.dll, TestRunRequest:SendTestRunMessage: Starting.
TpTrace Information: 0 : 2892, 7, 2022/04/01, 13:05:30.100, 34817820344, vstest.console.dll, TestRunRequest:SendTestRunMessage: Completed.
TpTrace Verbose: 0 : 2892, 7, 2022/04/01, 13:05:30.100, 34817820547, vstest.console.dll, TcpClientExtensions.MessageLoopAsync: Polling on remoteEndPoint: 127.0.0.1:63723 localEndPoint: 127.0.0.1:63722
TpTrace Verbose: 0 : 2892, 7, 2022/04/01, 13:05:30.204, 34818861892, vstest.console.dll, TcpClientExtensions.MessageLoopAsync: NotifyDataAvailable remoteEndPoint: 127.0.0.1:63723 localEndPoint: 127.0.0.1:63722
TpTrace Verbose: 0 : 2892, 7, 2022/04/01, 13:05:30.205, 34818865964, vstest.console.dll, TestRequestSender.OnExecutionMessageReceived: Received message: {"Version":5,"MessageType":"TestExecution.StatsChange","Payload":{"NewTestResults":[{"TestCase":{"Id":"9ade8305-9ff6-b7f3-23a9-6d2e144e981b","FullyQualifiedName":"Book.Tests.Tests.AuthorNameCantBeNullOrEmpty(null)","DisplayName":"AuthorNameCantBeNullOrEmpty(null)","ExecutorUri":"executor://NUnit3TestExecutor","Source":"D:\\c#Code\\softuniC#\\04.OOP\\ExamPreparation\\Exam - 20 Dec 2021\\Unit tests\\BookSkeleton\\Book.Tests\\bin\\Debug\\netcoreapp3.1\\fine-code-coverage\\build-output\\Book.Tests.dll","CodeFilePath":null,"LineNumber":0,"Properties":[]},"Attachments":[],"Outcome":1,"ErrorMessage":null,"ErrorStackTrace":null,"DisplayName":"AuthorNameCantBeNullOrEmpty(null)","Messages":[],"ComputerName":"DESKTOP-G5675TN","Duration":"00:00:00.0079190","StartTime":"2022-04-01T10:05:30.1218134+00:00","EndTime":"2022-04-01T10:05:30.1296777+00:00","Properties":[]},{"TestCase":{"Id":"d5a33cd2-9a3d-16b4-4731-8751a6cdf85f","FullyQualifiedName":"Book.Tests.Tests.AuthorNameCantBeNullOrEmpty(\"\")","DisplayName":"AuthorNameCantBeNullOrEmpty(\"\")","ExecutorUri":"executor://NUnit3TestExecutor","Source":"D:\\c#Code\\softuniC#\\04.OOP\\ExamPreparation\\Exam - 20 Dec 2021\\Unit tests\\BookSkeleton\\Book.Tests\\bin\\Debug\\netcoreapp3.1\\fine-code-coverage\\build-output\\Book.Tests.dll","CodeFilePath":null,"LineNumber":0,"Properties":[]},"Attachments":[],"Outcome":1,"ErrorMessage":null,"ErrorStackTrace":null,"DisplayName":"AuthorNameCantBeNullOrEmpty(\"\")","Messages":[],"ComputerName":"DESKTOP-G5675TN","Duration":"00:00:00.0002060","StartTime":"2022-04-01T10:05:30.1308358+00:00","EndTime":"2022-04-01T10:05:30.1310425+00:00","Properties":[]},{"TestCase":{"Id":"85d4a066-8487-624e-4cc1-e8748285b4fa","FullyQualifiedName":"Book.Tests.Tests.BookNameCantBeNullOrEmpty(null)","DisplayName":"BookNameCantBeNullOrEmpty(null)","ExecutorUri":"executor://NUnit3TestExecutor","Source":"D:\\c#Code\\softuniC#\\04.OOP\\ExamPreparation\\Exam - 20 Dec 2021\\Unit tests\\BookSkeleton\\Book.Tests\\bin\\Debug\\netcoreapp3.1\\fine-code-coverage\\build-output\\Book.Tests.dll","CodeFilePath":null,"LineNumber":0,"Properties":[]},"Attachments":[],"Outcome":1,"ErrorMessage":null,"ErrorStackTrace":null,"DisplayName":"BookNameCantBeNullOrEmpty(null)","Messages":[],"ComputerName":"DESKTOP-G5675TN","Duration":"00:00:00.0006510","StartTime":"2022-04-01T10:05:30.1324451+00:00","EndTime":"2022-04-01T10:05:30.1330949+00:00","Properties":[]},{"TestCase":{"Id":"823b5d08-bf7c-73d4-182b-6527b435595e","FullyQualifiedName":"Book.Tests.Tests.BookNameCantBeNullOrEmpty(\"\")","DisplayName":"BookNameCantBeNullOrEmpty(\"\")","ExecutorUri":"executor://NUnit3TestExecutor","Source":"D:\\c#Code\\softuniC#\\04.OOP\\ExamPreparation\\Exam - 20 Dec 2021\\Unit tests\\BookSkeleton\\Book.Tests\\bin\\Debug\\netcoreapp3.1\\fine-code-coverage\\build-output\\Book.Tests.dll","CodeFilePath":null,"LineNumber":0,"Properties":[]},"Attachments":[],"Outcome":1,"ErrorMessage":null,"ErrorStackTrace":null,"DisplayName":"BookNameCantBeNullOrEmpty(\"\")","Messages":[],"ComputerName":"DESKTOP-G5675TN","Duration":"00:00:00.0001150","StartTime":"2022-04-01T10:05:30.1331152+00:00","EndTime":"2022-04-01T10:05:30.13323+00:00","Properties":[]},{"TestCase":{"Id":"10dcd599-f913-9722-088e-9edfae593f5e","FullyQualifiedName":"Book.Tests.Tests.BookStartsWithZeroFootnotes","DisplayName":"BookStartsWithZeroFootnotes","ExecutorUri":"executor://NUnit3TestExecutor","Source":"D:\\c#Code\\softuniC#\\04.OOP\\ExamPreparation\\Exam - 20 Dec 2021\\Unit tests\\BookSkeleton\\Book.Tests\\bin\\Debug\\netcoreapp3.1\\fine-code-coverage\\build-output\\Book.Tests.dll","CodeFilePath":null,"LineNumber":0,"Properties":[]},"Attachments":[],"Outcome":1,"ErrorMessage":null,"ErrorStackTrace":null,"DisplayName":"BookStartsWithZeroFootnotes","Messages":[],"ComputerName":"DESKTOP-G5675TN","Duration":"00:00:00.0052930","StartTime":"2022-04-01T10:05:30.1333127+00:00","EndTime":"2022-04-01T10:05:30.138602+00:00","Properties":[]},{"TestCase":{"Id":"adb70834-966b-d4fa-db26-220439b49a33","FullyQualifiedName":"Book.Tests.Tests.CanFindNoteThatExists","DisplayName":"CanFindNoteThatExists","ExecutorUri":"executor://NUnit3TestExecutor","Source":"D:\\c#Code\\softuniC#\\04.OOP\\ExamPreparation\\Exam - 20 Dec 2021\\Unit tests\\BookSkeleton\\Book.Tests\\bin\\Debug\\netcoreapp3.1\\fine-code-coverage\\build-output\\Book.Tests.dll","CodeFilePath":null,"LineNumber":0,"Properties":[]},"Attachments":[],"Outcome":1,"ErrorMessage":null,"ErrorStackTrace":null,"DisplayName":"CanFindNoteThatExists","Messages":[],"ComputerName":"DESKTOP-G5675TN","Duration":"00:00:00.0008510","StartTime":"2022-04-01T10:05:30.1386622+00:00","EndTime":"2022-04-01T10:05:30.139512+00:00","Properties":[]},{"TestCase":{"Id":"fea35c59-b729-be06-db8e-2e5c2f5ba5d3","FullyQualifiedName":"Book.Tests.Tests.CantAlterFootnoteThatDoesntExist","DisplayName":"CantAlterFootnoteThatDoesntExist","ExecutorUri":"executor://NUnit3TestExecutor","Source":"D:\\c#Code\\softuniC#\\04.OOP\\ExamPreparation\\Exam - 20 Dec 2021\\Unit tests\\BookSkeleton\\Book.Tests\\bin\\Debug\\netcoreapp3.1\\fine-code-coverage\\build-output\\Book.Tests.dll","CodeFilePath":null,"LineNumber":0,"Properties":[]},"Attachments":[],"Outcome":1,"ErrorMessage":null,"ErrorStackTrace":null,"DisplayName":"CantAlterFootnoteThatDoesntExist","Messages":[],"ComputerName":"DESKTOP-G5675TN","Duration":"00:00:00.0004570","StartTime":"2022-04-01T10:05:30.1395386+00:00","EndTime":"2022-04-01T10:05:30.1399945+00:00","Properties":[]},{"TestCase":{"Id":"1fd679df-20e8-72e4-3043-b44120bda519","FullyQualifiedName":"Book.Tests.Tests.CantFindNoteThatDoesntExist","DisplayName":"CantFindNoteThatDoesntExist","ExecutorUri":"executor://NUnit3TestExecutor","Source":"D:\\c#Code\\softuniC#\\04.OOP\\ExamPreparation\\Exam - 20 Dec 2021\\Unit tests\\BookSkeleton\\Book.Tests\\bin\\Debug\\netcoreapp3.1\\fine-code-coverage\\build-output\\Book.Tests.dll","CodeFilePath":null,"LineNumber":0,"Properties":[]},"Attachments":[],"Outcome":1,"ErrorMessage":null,"ErrorStackTrace":null,"DisplayName":"CantFindNoteThatDoesntExist","Messages":[],"ComputerName":"DESKTOP-G5675TN","Duration":"00:00:00.0002190","StartTime":"2022-04-01T10:05:30.1400056+00:00","EndTime":"2022-04-01T10:05:30.1402239+00:00","Properties":[]},{"TestCase":{"Id":"12c23520-e3b3-608d-5fc2-5bd787095917","FullyQualifiedName":"Book.Tests.Tests.ConstructorSetsBookNameAndAuthor","DisplayName":"ConstructorSetsBookNameAndAuthor","ExecutorUri":"executor://NUnit3TestExecutor","Source":"D:\\c#Code\\softuniC#\\04.OOP\\ExamPreparation\\Exam - 20 Dec 2021\\Unit tests\\BookSkeleton\\Book.Tests\\bin\\Debug\\netcoreapp3.1\\fine-code-coverage\\build-output\\Book.Tests.dll","CodeFilePath":null,"LineNumber":0,"Properties":[]},"Attachments":[],"Outcome":1,"ErrorMessage":null,"ErrorStackTrace":null,"DisplayName":"ConstructorSetsBookNameAndAuthor","Messages":[],"ComputerName":"DESKTOP-G5675TN","Duration":"00:00:00.0001499","StartTime":"2022-04-01T10:05:30.140236+00:00","EndTime":"2022-04-01T10:05:30.140386+00:00","Properties":[]}],"TestRunStatistics":{"ExecutedTests":9,"Stats":{"Passed":9}},"ActiveTests":[{"Id":"b10aa7d3-4b65-c368-ace2-f2ea4ab0801d","FullyQualifiedName":"Book.Tests.Tests.FootnotesTextCanBeChanged","DisplayName":"FootnotesTextCanBeChanged","ExecutorUri":"executor://NUnit3TestExecutor","Source":"D:\\c#Code\\softuniC#\\04.OOP\\ExamPreparation\\Exam - 20 Dec 2021\\Unit tests\\BookSkeleton\\Book.Tests\\bin\\Debug\\netcoreapp3.1\\fine-code-coverage\\build-output\\Book.Tests.dll","CodeFilePath":null,"LineNumber":0,"Properties":[]}]}}
TpTrace Verbose: 0 : 2892, 7, 2022/04/01, 13:05:30.229, 34819105124, vstest.console.dll, TestRunRequest:SendTestRunStatsChange: Starting.
TpTrace Verbose: 0 : 2892, 7, 2022/04/01, 13:05:30.229, 34819106546, vstest.console.dll, InProgress is FootnotesTextCanBeChanged
TpTrace Information: 0 : 2892, 7, 2022/04/01, 13:05:30.229, 34819108339, vstest.console.dll, TestRunRequest:SendTestRunStatsChange: Completed.
TpTrace Verbose: 0 : 2892, 7, 2022/04/01, 13:05:30.229, 34819108698, vstest.console.dll, TcpClientExtensions.MessageLoopAsync: Polling on remoteEndPoint: 127.0.0.1:63723 localEndPoint: 127.0.0.1:63722
TpTrace Verbose: 0 : 2892, 7, 2022/04/01, 13:05:30.229, 34819109058, vstest.console.dll, TcpClientExtensions.MessageLoopAsync: NotifyDataAvailable remoteEndPoint: 127.0.0.1:63723 localEndPoint: 127.0.0.1:63722
TpTrace Verbose: 0 : 2892, 7, 2022/04/01, 13:05:30.229, 34819109508, vstest.console.dll, TestRequestSender.OnExecutionMessageReceived: Received message: {"Version":5,"MessageType":"TestSession.Message","Payload":{"MessageLevel":0,"Message":"NUnit Adapter 3.17.0.0: Test execution complete"}}
TpTrace Verbose: 0 : 2892, 7, 2022/04/01, 13:05:30.229, 34819111121, vstest.console.dll, TestRunRequest:SendTestRunMessage: Starting.
TpTrace Information: 0 : 2892, 7, 2022/04/01, 13:05:30.229, 34819111481, vstest.console.dll, TestRunRequest:SendTestRunMessage: Completed.
TpTrace Verbose: 0 : 2892, 7, 2022/04/01, 13:05:30.229, 34819111774, vstest.console.dll, TcpClientExtensions.MessageLoopAsync: Polling on remoteEndPoint: 127.0.0.1:63723 localEndPoint: 127.0.0.1:63722
TpTrace Verbose: 0 : 2892, 7, 2022/04/01, 13:05:30.235, 34819165794, vstest.console.dll, TcpClientExtensions.MessageLoopAsync: NotifyDataAvailable remoteEndPoint: 127.0.0.1:63723 localEndPoint: 127.0.0.1:63722
TpTrace Verbose: 0 : 2892, 7, 2022/04/01, 13:05:30.235, 34819167809, vstest.console.dll, TestRequestSender.OnExecutionMessageReceived: Received message: {"Version":5,"MessageType":"TestExecution.Completed","Payload":{"TestRunCompleteArgs":{"TestRunStatistics":{"ExecutedTests":12,"Stats":{"Passed":12}},"IsCanceled":false,"IsAborted":false,"Error":null,"AttachmentSets":[],"ElapsedTimeInRunningTests":"00:00:00.3023141","Metrics":{}},"LastRunTests":{"NewTestResults":[{"TestCase":{"Id":"b10aa7d3-4b65-c368-ace2-f2ea4ab0801d","FullyQualifiedName":"Book.Tests.Tests.FootnotesTextCanBeChanged","DisplayName":"FootnotesTextCanBeChanged","ExecutorUri":"executor://NUnit3TestExecutor","Source":"D:\\c#Code\\softuniC#\\04.OOP\\ExamPreparation\\Exam - 20 Dec 2021\\Unit tests\\BookSkeleton\\Book.Tests\\bin\\Debug\\netcoreapp3.1\\fine-code-coverage\\build-output\\Book.Tests.dll","CodeFilePath":null,"LineNumber":0,"Properties":[]},"Attachments":[],"Outcome":1,"ErrorMessage":null,"ErrorStackTrace":null,"DisplayName":"FootnotesTextCanBeChanged","Messages":[],"ComputerName":"DESKTOP-G5675TN","Duration":"00:00:00.0001380","StartTime":"2022-04-01T10:05:30.1403935+00:00","EndTime":"2022-04-01T10:05:30.140531+00:00","Properties":[]},{"TestCase":{"Id":"bf38275a-00b6-4bd3-a21e-e1c15ed93055","FullyQualifiedName":"Book.Tests.Tests.TwoNotesCantHaveTheSameNumber","DisplayName":"TwoNotesCantHaveTheSameNumber","ExecutorUri":"executor://NUnit3TestExecutor","Source":"D:\\c#Code\\softuniC#\\04.OOP\\ExamPreparation\\Exam - 20 Dec 2021\\Unit tests\\BookSkeleton\\Book.Tests\\bin\\Debug\\netcoreapp3.1\\fine-code-coverage\\build-output\\Book.Tests.dll","CodeFilePath":null,"LineNumber":0,"Properties":[]},"Attachments":[],"Outcome":1,"ErrorMessage":null,"ErrorStackTrace":null,"DisplayName":"TwoNotesCantHaveTheSameNumber","Messages":[],"ComputerName":"DESKTOP-G5675TN","Duration":"00:00:00.0002140","StartTime":"2022-04-01T10:05:30.1405382+00:00","EndTime":"2022-04-01T10:05:30.1407514+00:00","Properties":[]},{"TestCase":{"Id":"a6c0ab25-a5eb-680f-f787-92c2d346d994","FullyQualifiedName":"Book.Tests.Tests.UniqueFootnotesCanBeAdded","DisplayName":"UniqueFootnotesCanBeAdded","ExecutorUri":"executor://NUnit3TestExecutor","Source":"D:\\c#Code\\softuniC#\\04.OOP\\ExamPreparation\\Exam - 20 Dec 2021\\Unit tests\\BookSkeleton\\Book.Tests\\bin\\Debug\\netcoreapp3.1\\fine-code-coverage\\build-output\\Book.Tests.dll","CodeFilePath":null,"LineNumber":0,"Properties":[]},"Attachments":[],"Outcome":1,"ErrorMessage":null,"ErrorStackTrace":null,"DisplayName":"UniqueFootnotesCanBeAdded","Messages":[],"ComputerName":"DESKTOP-G5675TN","Duration":"00:00:00.0001910","StartTime":"2022-04-01T10:05:30.1407593+00:00","EndTime":"2022-04-01T10:05:30.1409496+00:00","Properties":[]}],"TestRunStatistics":{"ExecutedTests":12,"Stats":{"Passed":12}},"ActiveTests":[]},"RunAttachments":[],"ExecutorUris":["executor://nunit3testexecutor/"]}}
TpTrace Verbose: 0 : 2892, 7, 2022/04/01, 13:05:30.235, 34819170893, vstest.console.dll, TestRequestSender.EndSession: Sending end session.
TpTrace Verbose: 0 : 2892, 7, 2022/04/01, 13:05:30.235, 34819172295, vstest.console.dll, ProxyOperationManager.Close: waiting for test host to exit for 100 ms
TpTrace Warning: 0 : 2892, 13, 2022/04/01, 13:05:30.251, 34819330132, vstest.console.dll, TestHostManagerCallbacks.ErrorReceivedCallback Test host standard error line: 
TpTrace Verbose: 0 : 2892, 8, 2022/04/01, 13:05:30.256, 34819379496, vstest.console.dll, TestHostProvider.ExitCallBack: Host exited starting callback.
TpTrace Information: 0 : 2892, 8, 2022/04/01, 13:05:30.257, 34819387216, vstest.console.dll, TestHostManagerCallbacks.ExitCallBack: Testhost processId: 13148 exited with exitcode: 0 error: ''
TpTrace Verbose: 0 : 2892, 8, 2022/04/01, 13:05:30.257, 34819388712, vstest.console.dll, DotnetTestHostManager.OnHostExited: invoking OnHostExited callback
TpTrace Verbose: 0 : 2892, 8, 2022/04/01, 13:05:30.257, 34819389393, vstest.console.dll, CrossPlatEngine.TestHostManagerHostExited: calling on client process exit callback.
TpTrace Information: 0 : 2892, 8, 2022/04/01, 13:05:30.257, 34819390114, vstest.console.dll, TestRequestSender.OnClientProcessExit: Test host process exited. Standard error: 
TpTrace Warning: 0 : 2892, 7, 2022/04/01, 13:05:30.257, 34819390194, vstest.console.dll, ProxyOperationManager: Timed out waiting for test host to exit. Will terminate process.
TpTrace Information: 0 : 2892, 8, 2022/04/01, 13:05:30.257, 34819390813, vstest.console.dll, SocketServer.Stop: Stop server endPoint: 127.0.0.1:63722
TpTrace Information: 0 : 2892, 8, 2022/04/01, 13:05:30.257, 34819392824, vstest.console.dll, SocketServer.Stop: Cancellation requested. Stopping message loop.
TpTrace Verbose: 0 : 2892, 7, 2022/04/01, 13:05:30.258, 34819398587, vstest.console.dll, ProxyDataCollectionManager.InvokeDataCollectionServiceAction: Starting.
TpTrace Information: 0 : 2892, 7, 2022/04/01, 13:05:30.258, 34819399510, vstest.console.dll, ProxyDataCollectionManager.AfterTestRunEnd: Get attachment set for datacollector processId: 12880 port: 63718
TpTrace Verbose: 0 : 2892, 7, 2022/04/01, 13:05:30.258, 34819399943, vstest.console.dll, DataCollectionRequestSender.SendAfterTestRunStartAndGetResult : Send AfterTestRunEnd message with isCancelled: False
TpTrace Verbose: 0 : 2892, 7, 2022/04/01, 13:05:30.261, 34819432454, vstest.console.dll, DataCollectionRequestSender.SendAfterTestRunStartAndGetResult : Received message: (DataCollection.AfterTestRunEndResult) -> {
  "AttachmentSets": [],
  "Metrics": {}
}
TpTrace Warning: 0 : 2892, 10, 2022/04/01, 13:05:30.265, 34819467979, vstest.console.dll, DataCollectionLauncher.ErrorReceivedCallback datacollector standard error line: 
TpTrace Information: 0 : 2892, 7, 2022/04/01, 13:05:30.265, 34819472555, vstest.console.dll, ProxyDataCollectionManager.InvokeDataCollectionServiceAction: Completed.
TpTrace Information: 0 : 2892, 8, 2022/04/01, 13:05:30.268, 34819501578, vstest.console.dll, DataCollectionLauncher.ExitCallBack: Data collector exited with exitcode: 0 error: ''
TpTrace Verbose: 0 : 2892, 7, 2022/04/01, 13:05:30.288, 34819701351, vstest.console.dll, TestRunRequest:SendTestRunStatsChange: Starting.
TpTrace Information: 0 : 2892, 7, 2022/04/01, 13:05:30.288, 34819702664, vstest.console.dll, TestRunRequest:SendTestRunStatsChange: Completed.
TpTrace Verbose: 0 : 2892, 7, 2022/04/01, 13:05:30.289, 34819704461, vstest.console.dll, ParallelProxyExecutionManager: HandlePartialRunComplete: Total completed clients = 1, Run complete = True, Run canceled: False.
TpTrace Verbose: 0 : 2892, 7, 2022/04/01, 13:05:30.306, 34819881897, vstest.console.dll, TestRunRequest:TestRunComplete: Starting. IsAborted:False IsCanceled:False.
TpTrace Verbose: 0 : 2892, 7, 2022/04/01, 13:05:30.306, 34819883751, vstest.console.dll, TestLoggerManager.HandleTestRunComplete: Ignoring as the object is disposed.
TpTrace Information: 0 : 2892, 7, 2022/04/01, 13:05:30.307, 34819886802, vstest.console.dll, TestRunRequest:TestRunComplete: Completed.
TpTrace Verbose: 0 : 2892, 1, 2022/04/01, 13:05:30.307, 34819886893, vstest.console.dll, TestRunRequest.Dispose: Starting.
TpTrace Verbose: 0 : 2892, 7, 2022/04/01, 13:05:30.307, 34819887585, vstest.console.dll, TestRequestSender.SetOperationComplete: Setting operation complete.
TpTrace Information: 0 : 2892, 1, 2022/04/01, 13:05:30.307, 34819888119, vstest.console.dll, TestRunRequest.Dispose: Completed.
TpTrace Information: 0 : 2892, 7, 2022/04/01, 13:05:30.307, 34819888363, vstest.console.dll, SocketServer.Stop: Stop server endPoint: 127.0.0.1:63722
TpTrace Information: 0 : 2892, 1, 2022/04/01, 13:05:30.307, 34819888561, vstest.console.dll, TestRequestManager.RunTests: run tests completed.
TpTrace Information: 0 : 2892, 7, 2022/04/01, 13:05:30.307, 34819888572, vstest.console.dll, SocketServer.Stop: Cancellation requested. Stopping message loop.
TpTrace Information: 0 : 2892, 1, 2022/04/01, 13:05:30.307, 34819889203, vstest.console.dll, RunTestsArgumentProcessor:Execute: Test run is completed.
TpTrace Information: 0 : 2892, 7, 2022/04/01, 13:05:30.307, 34819889203, vstest.console.dll, SocketServer.PrivateStop: Stopping server endPoint: 127.0.0.1:63722 error: 
TpTrace Verbose: 0 : 2892, 1, 2022/04/01, 13:05:30.307, 34819890882, vstest.console.dll, Executor.Execute: Exiting with exit code of 0
TpTrace Verbose: 0 : 2892, 7, 2022/04/01, 13:05:30.308, 34819894851, vstest.console.dll, LengthPrefixCommunicationChannel.Dispose: Dispose reader and writer.
