<?xml version="1.0" encoding="utf-8"?>
<!DOCTYPE coverage SYSTEM "http://cobertura.sourceforge.net/xml/coverage-04.dtd">
<coverage line-rate="0.9671052631578947" branch-rate="0.9545454545454546" lines-covered="147" lines-valid="152" branches-covered="21" branches-valid="22" complexity="44" version="0" timestamp="1647647654">
  <sources>
    <source>D:\c#Code\softuniC#\04.OOP\08.UnitTesting\Exercies\</source>
  </sources>
  <packages>
    <package name="FightingArena" line-rate="0.9493670886075949" branch-rate="0.9545454545454546" complexity="29">
      <classes>
        <class name="FightingArena.Arena" filename="D:\c#Code\softuniC#\04.OOP\08.UnitTesting\Exercies\FightingArena\Arena.cs" line-rate="0.9629629629629629" branch-rate="1" complexity="11">
          <methods>
            <method name="get_Warriors" signature="()" line-rate="0" branch-rate="1" complexity="1">
              <lines>
                <line number="17" hits="0" branch="false" />
              </lines>
            </method>
            <method name="get_Count" signature="()" line-rate="1" branch-rate="1" complexity="1">
              <lines>
                <line number="19" hits="1" branch="false" />
              </lines>
            </method>
            <method name="Enroll" signature="(...)" line-rate="1" branch-rate="1" complexity="2">
              <lines>
                <line number="22" hits="8" branch="false" />
                <line number="23" hits="13" branch="true" condition-coverage="100% (2/2)" />
                <line number="24" hits="1" branch="false" />
                <line number="25" hits="1" branch="false" />
                <line number="28" hits="7" branch="false" />
                <line number="29" hits="7" branch="false" />
              </lines>
            </method>
            <method name="Fight" signature="(...)" line-rate="1" branch-rate="1" complexity="6">
              <lines>
                <line number="32" hits="3" branch="false" />
                <line number="33" hits="3" branch="false" />
                <line number="34" hits="7" branch="false" />
                <line number="35" hits="3" branch="false" />
                <line number="36" hits="6" branch="false" />
                <line number="38" hits="3" branch="true" condition-coverage="100% (4/4)" />
                <line number="39" hits="2" branch="false" />
                <line number="40" hits="2" branch="false" />
                <line number="42" hits="2" branch="true" condition-coverage="100% (2/2)" />
                <line number="43" hits="1" branch="false" />
                <line number="44" hits="1" branch="false" />
                <line number="45" hits="1" branch="false" />
                <line number="47" hits="2" branch="false" />
                <line number="50" hits="1" branch="false" />
                <line number="51" hits="1" branch="false" />
              </lines>
            </method>
            <method name=".ctor" signature="()" line-rate="1" branch-rate="1" complexity="1">
              <lines>
                <line number="11" hits="4" branch="false" />
                <line number="12" hits="4" branch="false" />
                <line number="13" hits="4" branch="false" />
                <line number="14" hits="4" branch="false" />
              </lines>
            </method>
          </methods>
          <lines>
            <line number="11" hits="4" branch="false" />
            <line number="12" hits="4" branch="false" />
            <line number="13" hits="4" branch="false" />
            <line number="14" hits="4" branch="false" />
            <line number="17" hits="0" branch="false" />
            <line number="19" hits="1" branch="false" />
            <line number="22" hits="8" branch="false" />
            <line number="23" hits="13" branch="true" condition-coverage="100% (2/2)" />
            <line number="24" hits="1" branch="false" />
            <line number="25" hits="1" branch="false" />
            <line number="28" hits="7" branch="false" />
            <line number="29" hits="7" branch="false" />
            <line number="32" hits="3" branch="false" />
            <line number="33" hits="3" branch="false" />
            <line number="34" hits="7" branch="false" />
            <line number="35" hits="3" branch="false" />
            <line number="36" hits="6" branch="false" />
            <line number="38" hits="3" branch="true" condition-coverage="100% (4/4)" />
            <line number="39" hits="2" branch="false" />
            <line number="40" hits="2" branch="false" />
            <line number="42" hits="2" branch="true" condition-coverage="100% (2/2)" />
            <line number="43" hits="1" branch="false" />
            <line number="44" hits="1" branch="false" />
            <line number="45" hits="1" branch="false" />
            <line number="47" hits="2" branch="false" />
            <line number="50" hits="1" branch="false" />
            <line number="51" hits="1" branch="false" />
          </lines>
        </class>
        <class name="FightingArena.Warrior" filename="D:\c#Code\softuniC#\04.OOP\08.UnitTesting\Exercies\FightingArena\Warrior.cs" line-rate="0.9423076923076923" branch-rate="0.9285714285714286" complexity="18">
          <methods>
            <method name="get_Name" signature="()" line-rate="1" branch-rate="1" complexity="1">
              <lines>
                <line number="23" hits="20" branch="false" />
                <line number="24" hits="20" branch="false" />
                <line number="25" hits="20" branch="false" />
              </lines>
            </method>
            <method name="set_Name" signature="(...)" line-rate="1" branch-rate="1" complexity="2">
              <lines>
                <line number="27" hits="35" branch="false" />
                <line number="28" hits="35" branch="true" condition-coverage="100% (2/2)" />
                <line number="29" hits="3" branch="false" />
                <line number="30" hits="3" branch="false" />
                <line number="33" hits="32" branch="false" />
                <line number="34" hits="32" branch="false" />
              </lines>
            </method>
            <method name="get_Damage" signature="()" line-rate="1" branch-rate="1" complexity="1">
              <lines>
                <line number="40" hits="11" branch="false" />
                <line number="41" hits="11" branch="false" />
                <line number="42" hits="11" branch="false" />
              </lines>
            </method>
            <method name="set_Damage" signature="(...)" line-rate="1" branch-rate="1" complexity="2">
              <lines>
                <line number="44" hits="32" branch="false" />
                <line number="45" hits="32" branch="true" condition-coverage="100% (2/2)" />
                <line number="46" hits="2" branch="false" />
                <line number="47" hits="2" branch="false" />
                <line number="50" hits="30" branch="false" />
                <line number="51" hits="30" branch="false" />
              </lines>
            </method>
            <method name="get_HP" signature="()" line-rate="1" branch-rate="1" complexity="1">
              <lines>
                <line number="57" hits="30" branch="false" />
                <line number="58" hits="30" branch="false" />
                <line number="59" hits="30" branch="false" />
              </lines>
            </method>
            <method name="set_HP" signature="(...)" line-rate="1" branch-rate="1" complexity="2">
              <lines>
                <line number="61" hits="34" branch="false" />
                <line number="62" hits="34" branch="true" condition-coverage="100% (2/2)" />
                <line number="63" hits="2" branch="false" />
                <line number="64" hits="2" branch="false" />
                <line number="67" hits="32" branch="false" />
                <line number="68" hits="32" branch="false" />
              </lines>
            </method>
            <method name="Attack" signature="(...)" line-rate="0.8421052631578947" branch-rate="0.875" complexity="8">
              <lines>
                <line number="72" hits="10" branch="false" />
                <line number="73" hits="10" branch="true" condition-coverage="100% (2/2)" />
                <line number="74" hits="3" branch="false" />
                <line number="75" hits="3" branch="false" />
                <line number="78" hits="7" branch="true" condition-coverage="100% (2/2)" />
                <line number="79" hits="3" branch="false" />
                <line number="80" hits="3" branch="false" />
                <line number="83" hits="4" branch="true" condition-coverage="100% (2/2)" />
                <line number="84" hits="2" branch="false" />
                <line number="85" hits="2" branch="false" />
                <line number="88" hits="2" branch="false" />
                <line number="90" hits="2" branch="true" condition-coverage="50% (1/2)" />
                <line number="91" hits="2" branch="false" />
                <line number="92" hits="2" branch="false" />
                <line number="93" hits="2" branch="false" />
                <line number="95" hits="0" branch="false" />
                <line number="96" hits="0" branch="false" />
                <line number="97" hits="0" branch="false" />
                <line number="98" hits="2" branch="false" />
              </lines>
            </method>
            <method name=".ctor" signature="(...)" line-rate="1" branch-rate="1" complexity="1">
              <lines>
                <line number="13" hits="35" branch="false" />
                <line number="14" hits="35" branch="false" />
                <line number="15" hits="35" branch="false" />
                <line number="16" hits="32" branch="false" />
                <line number="17" hits="30" branch="false" />
                <line number="18" hits="28" branch="false" />
              </lines>
            </method>
          </methods>
          <lines>
            <line number="13" hits="35" branch="false" />
            <line number="14" hits="35" branch="false" />
            <line number="15" hits="35" branch="false" />
            <line number="16" hits="32" branch="false" />
            <line number="17" hits="30" branch="false" />
            <line number="18" hits="28" branch="false" />
            <line number="23" hits="20" branch="false" />
            <line number="24" hits="20" branch="false" />
            <line number="25" hits="20" branch="false" />
            <line number="27" hits="35" branch="false" />
            <line number="28" hits="35" branch="true" condition-coverage="100% (2/2)" />
            <line number="29" hits="3" branch="false" />
            <line number="30" hits="3" branch="false" />
            <line number="33" hits="32" branch="false" />
            <line number="34" hits="32" branch="false" />
            <line number="40" hits="11" branch="false" />
            <line number="41" hits="11" branch="false" />
            <line number="42" hits="11" branch="false" />
            <line number="44" hits="32" branch="false" />
            <line number="45" hits="32" branch="true" condition-coverage="100% (2/2)" />
            <line number="46" hits="2" branch="false" />
            <line number="47" hits="2" branch="false" />
            <line number="50" hits="30" branch="false" />
            <line number="51" hits="30" branch="false" />
            <line number="57" hits="30" branch="false" />
            <line number="58" hits="30" branch="false" />
            <line number="59" hits="30" branch="false" />
            <line number="61" hits="34" branch="false" />
            <line number="62" hits="34" branch="true" condition-coverage="100% (2/2)" />
            <line number="63" hits="2" branch="false" />
            <line number="64" hits="2" branch="false" />
            <line number="67" hits="32" branch="false" />
            <line number="68" hits="32" branch="false" />
            <line number="72" hits="10" branch="false" />
            <line number="73" hits="10" branch="true" condition-coverage="100% (2/2)" />
            <line number="74" hits="3" branch="false" />
            <line number="75" hits="3" branch="false" />
            <line number="78" hits="7" branch="true" condition-coverage="100% (2/2)" />
            <line number="79" hits="3" branch="false" />
            <line number="80" hits="3" branch="false" />
            <line number="83" hits="4" branch="true" condition-coverage="100% (2/2)" />
            <line number="84" hits="2" branch="false" />
            <line number="85" hits="2" branch="false" />
            <line number="88" hits="2" branch="false" />
            <line number="90" hits="2" branch="true" condition-coverage="50% (1/2)" />
            <line number="91" hits="2" branch="false" />
            <line number="92" hits="2" branch="false" />
            <line number="93" hits="2" branch="false" />
            <line number="95" hits="0" branch="false" />
            <line number="96" hits="0" branch="false" />
            <line number="97" hits="0" branch="false" />
            <line number="98" hits="2" branch="false" />
          </lines>
        </class>
      </classes>
    </package>
    <package name="FightingArena.Tests" line-rate="0.9863013698630136" branch-rate="1" complexity="15">
      <classes>
        <class name="AutoGeneratedProgram" filename="D:\c#Code\softuniC#\04.OOP\08.UnitTesting\Exercies\FightingArena.Tests\obj\Debug\netcoreapp3.1\FightingArena.Tests.Program.cs" line-rate="0" branch-rate="1" complexity="1">
          <methods>
            <method name="Main" signature="(...)" line-rate="0" branch-rate="1" complexity="1">
              <lines>
                <line number="4" hits="0" branch="false" />
              </lines>
            </method>
          </methods>
          <lines>
            <line number="4" hits="0" branch="false" />
          </lines>
        </class>
        <class name="Tests.ArenaTests" filename="D:\c#Code\softuniC#\04.OOP\08.UnitTesting\Exercies\FightingArena.Tests\ArenaTests.cs" line-rate="1" branch-rate="1" complexity="5">
          <methods>
            <method name="Setup" signature="()" line-rate="1" branch-rate="1" complexity="1">
              <lines>
                <line number="11" hits="4" branch="false" />
                <line number="12" hits="4" branch="false" />
              </lines>
            </method>
            <method name="DifferentWarriorsCanBeEnroled" signature="()" line-rate="1" branch-rate="1" complexity="1">
              <lines>
                <line number="16" hits="1" branch="false" />
                <line number="17" hits="1" branch="false" />
                <line number="18" hits="1" branch="false" />
                <line number="19" hits="1" branch="false" />
                <line number="20" hits="1" branch="false" />
                <line number="22" hits="1" branch="false" />
                <line number="23" hits="1" branch="false" />
                <line number="24" hits="1" branch="false" />
                <line number="26" hits="1" branch="false" />
                <line number="28" hits="1" branch="false" />
              </lines>
            </method>
            <method name="CantEnrollTheSameWarriorTwise" signature="()" line-rate="1" branch-rate="1" complexity="1">
              <lines>
                <line number="32" hits="1" branch="false" />
                <line number="33" hits="1" branch="false" />
                <line number="34" hits="1" branch="false" />
                <line number="35" hits="1" branch="false" />
                <line number="36" hits="2" branch="false" />
                <line number="37" hits="1" branch="false" />
              </lines>
            </method>
            <method name="IfTheTwoWarriorsAreOnTheArenaTheyCanFight" signature="()" line-rate="1" branch-rate="1" complexity="1">
              <lines>
                <line number="41" hits="1" branch="false" />
                <line number="42" hits="1" branch="false" />
                <line number="43" hits="1" branch="false" />
                <line number="45" hits="1" branch="false" />
                <line number="46" hits="1" branch="false" />
                <line number="47" hits="1" branch="false" />
                <line number="49" hits="2" branch="false" />
                <line number="50" hits="1" branch="false" />
              </lines>
            </method>
            <method name="ThereCanNotBeAfightIfBothWarriorsArentEnrolled" signature="()" line-rate="1" branch-rate="1" complexity="1">
              <lines>
                <line number="54" hits="1" branch="false" />
                <line number="55" hits="1" branch="false" />
                <line number="56" hits="1" branch="false" />
                <line number="57" hits="1" branch="false" />
                <line number="59" hits="2" branch="false" />
                <line number="60" hits="2" branch="false" />
                <line number="62" hits="1" branch="false" />
              </lines>
            </method>
          </methods>
          <lines>
            <line number="11" hits="4" branch="false" />
            <line number="12" hits="4" branch="false" />
            <line number="16" hits="1" branch="false" />
            <line number="17" hits="1" branch="false" />
            <line number="18" hits="1" branch="false" />
            <line number="19" hits="1" branch="false" />
            <line number="20" hits="1" branch="false" />
            <line number="22" hits="1" branch="false" />
            <line number="23" hits="1" branch="false" />
            <line number="24" hits="1" branch="false" />
            <line number="26" hits="1" branch="false" />
            <line number="28" hits="1" branch="false" />
            <line number="32" hits="1" branch="false" />
            <line number="33" hits="1" branch="false" />
            <line number="34" hits="1" branch="false" />
            <line number="35" hits="1" branch="false" />
            <line number="36" hits="2" branch="false" />
            <line number="37" hits="1" branch="false" />
            <line number="41" hits="1" branch="false" />
            <line number="42" hits="1" branch="false" />
            <line number="43" hits="1" branch="false" />
            <line number="45" hits="1" branch="false" />
            <line number="46" hits="1" branch="false" />
            <line number="47" hits="1" branch="false" />
            <line number="49" hits="2" branch="false" />
            <line number="50" hits="1" branch="false" />
            <line number="54" hits="1" branch="false" />
            <line number="55" hits="1" branch="false" />
            <line number="56" hits="1" branch="false" />
            <line number="57" hits="1" branch="false" />
            <line number="59" hits="2" branch="false" />
            <line number="60" hits="2" branch="false" />
            <line number="62" hits="1" branch="false" />
          </lines>
        </class>
        <class name="Tests.WarriorTests" filename="D:\c#Code\softuniC#\04.OOP\08.UnitTesting\Exercies\FightingArena.Tests\WarriorTests.cs" line-rate="1" branch-rate="1" complexity="9">
          <methods>
            <method name="Setup" signature="()" line-rate="1" branch-rate="1" complexity="1">
              <lines>
                <line number="11" hits="19" branch="false" />
                <line number="12" hits="19" branch="false" />
              </lines>
            </method>
            <method name="ConstructorShouldWorkIfDataIsValid" signature="(...)" line-rate="1" branch-rate="1" complexity="1">
              <lines>
                <line number="19" hits="3" branch="false" />
                <line number="20" hits="3" branch="false" />
                <line number="22" hits="3" branch="false" />
                <line number="23" hits="3" branch="false" />
                <line number="24" hits="3" branch="false" />
                <line number="26" hits="3" branch="false" />
              </lines>
            </method>
            <method name="NameCannotBeNullEmptyOrWhitespace" signature="(...)" line-rate="1" branch-rate="1" complexity="1">
              <lines>
                <line number="33" hits="3" branch="false" />
                <line number="34" hits="6" branch="false" />
                <line number="35" hits="3" branch="false" />
              </lines>
            </method>
            <method name="DamageCantBeZeroOrNegavite" signature="(...)" line-rate="1" branch-rate="1" complexity="1">
              <lines>
                <line number="41" hits="2" branch="false" />
                <line number="42" hits="4" branch="false" />
                <line number="44" hits="2" branch="false" />
              </lines>
            </method>
            <method name="HpCantBeNegative" signature="(...)" line-rate="1" branch-rate="1" complexity="1">
              <lines>
                <line number="49" hits="2" branch="false" />
                <line number="50" hits="4" branch="false" />
                <line number="52" hits="2" branch="false" />
              </lines>
            </method>
            <method name="WarriorCantAttackIfHeIsUnder30Hp" signature="(...)" line-rate="1" branch-rate="1" complexity="1">
              <lines>
                <line number="59" hits="3" branch="false" />
                <line number="60" hits="3" branch="false" />
                <line number="61" hits="3" branch="false" />
                <line number="62" hits="6" branch="false" />
                <line number="63" hits="3" branch="false" />
              </lines>
            </method>
            <method name="WarriorCantAttackEnemiesUnder30Hp" signature="(...)" line-rate="1" branch-rate="1" complexity="1">
              <lines>
                <line number="70" hits="3" branch="false" />
                <line number="71" hits="3" branch="false" />
                <line number="72" hits="3" branch="false" />
                <line number="73" hits="6" branch="false" />
                <line number="74" hits="3" branch="false" />
              </lines>
            </method>
            <method name="WarriorCantAttackStrongerEnemy" signature="(...)" line-rate="1" branch-rate="1" complexity="1">
              <lines>
                <line number="81" hits="2" branch="false" />
                <line number="82" hits="2" branch="false" />
                <line number="83" hits="2" branch="false" />
                <line number="84" hits="4" branch="false" />
                <line number="85" hits="2" branch="false" />
              </lines>
            </method>
            <method name="DamageIsCalculatedProperly" signature="(...)" line-rate="1" branch-rate="1" complexity="1">
              <lines>
                <line number="89" hits="1" branch="false" />
                <line number="90" hits="1" branch="false" />
                <line number="91" hits="1" branch="false" />
                <line number="93" hits="1" branch="false" />
                <line number="94" hits="1" branch="false" />
                <line number="95" hits="1" branch="false" />
                <line number="96" hits="1" branch="false" />
              </lines>
            </method>
          </methods>
          <lines>
            <line number="11" hits="19" branch="false" />
            <line number="12" hits="19" branch="false" />
            <line number="19" hits="3" branch="false" />
            <line number="20" hits="3" branch="false" />
            <line number="22" hits="3" branch="false" />
            <line number="23" hits="3" branch="false" />
            <line number="24" hits="3" branch="false" />
            <line number="26" hits="3" branch="false" />
            <line number="33" hits="3" branch="false" />
            <line number="34" hits="6" branch="false" />
            <line number="35" hits="3" branch="false" />
            <line number="41" hits="2" branch="false" />
            <line number="42" hits="4" branch="false" />
            <line number="44" hits="2" branch="false" />
            <line number="49" hits="2" branch="false" />
            <line number="50" hits="4" branch="false" />
            <line number="52" hits="2" branch="false" />
            <line number="59" hits="3" branch="false" />
            <line number="60" hits="3" branch="false" />
            <line number="61" hits="3" branch="false" />
            <line number="62" hits="6" branch="false" />
            <line number="63" hits="3" branch="false" />
            <line number="70" hits="3" branch="false" />
            <line number="71" hits="3" branch="false" />
            <line number="72" hits="3" branch="false" />
            <line number="73" hits="6" branch="false" />
            <line number="74" hits="3" branch="false" />
            <line number="81" hits="2" branch="false" />
            <line number="82" hits="2" branch="false" />
            <line number="83" hits="2" branch="false" />
            <line number="84" hits="4" branch="false" />
            <line number="85" hits="2" branch="false" />
            <line number="89" hits="1" branch="false" />
            <line number="90" hits="1" branch="false" />
            <line number="91" hits="1" branch="false" />
            <line number="93" hits="1" branch="false" />
            <line number="94" hits="1" branch="false" />
            <line number="95" hits="1" branch="false" />
            <line number="96" hits="1" branch="false" />
          </lines>
        </class>
      </classes>
    </package>
  </packages>
</coverage>