TpTrace Verbose: 0 : 15928, 1, 2022/03/18, 23:54:12.471, 237901552536, vstest.console.dll, Version: 17.0.0
TpTrace Information: 0 : 15928, 1, 2022/03/18, 23:54:12.479, 237901617355, vstest.console.dll, FilePatternParser: The given file D:\c#Code\softuniC#\04.OOP\08.UnitTesting\Exercies\FightingArena.Tests\bin\Debug\netcoreapp3.1\fine-code-coverage\build-output\FightingArena.Tests.dll is a full path.
TpTrace Verbose: 0 : 15928, 1, 2022/03/18, 23:54:12.483, 237901656899, vstest.console.dll, TestPluginCache.DiscoverTestExtensions: finding test extensions in assemblies ends with: RuntimeProvider.dll TPluginInfo: Microsoft.VisualStudio.TestPlatform.Common.ExtensionFramework.Utilities.TestRuntimePluginInformation TExtension: Microsoft.VisualStudio.TestPlatform.ObjectModel.Host.ITestRuntimeProvider
TpTrace Verbose: 0 : 15928, 1, 2022/03/18, 23:54:12.484, 237901663367, vstest.console.dll, TestPluginCache.GetExtensionPaths: Filtered extension paths: 
TpTrace Verbose: 0 : 15928, 1, 2022/03/18, 23:54:12.484, 237901664091, vstest.console.dll, TestPluginCache.GetExtensionPaths: Added default extension paths: C:\Program Files\dotnet\sdk\6.0.102\Extensions\Microsoft.Diagnostics.NETCore.Client.dll
C:\Program Files\dotnet\sdk\6.0.102\Extensions\Microsoft.TestPlatform.Extensions.BlameDataCollector.dll
C:\Program Files\dotnet\sdk\6.0.102\Extensions\Microsoft.TestPlatform.Extensions.EventLogCollector.dll
C:\Program Files\dotnet\sdk\6.0.102\Extensions\Microsoft.TestPlatform.TestHostRuntimeProvider.dll
C:\Program Files\dotnet\sdk\6.0.102\Extensions\Microsoft.VisualStudio.TestPlatform.Extensions.Html.TestLogger.dll
C:\Program Files\dotnet\sdk\6.0.102\Extensions\Microsoft.VisualStudio.TestPlatform.Extensions.Trx.TestLogger.dll
TpTrace Verbose: 0 : 15928, 1, 2022/03/18, 23:54:12.484, 237901664386, vstest.console.dll, TestPluginCache.GetExtensionPaths: Added unfilterableExtensionPaths: 
TpTrace Information: 0 : 15928, 1, 2022/03/18, 23:54:12.485, 237901670444, vstest.console.dll, AssemblyResolver.ctor: Creating AssemblyResolver with searchDirectories C:\Program Files\dotnet\sdk\6.0.102\Extensions,C:\Program Files\dotnet\sdk\6.0.102
TpTrace Verbose: 0 : 15928, 1, 2022/03/18, 23:54:12.486, 237901681789, vstest.console.dll, TestPluginCache.DiscoverTestExtensions: Discovering the extensions using extension path.
TpTrace Verbose: 0 : 15928, 1, 2022/03/18, 23:54:12.486, 237901683059, vstest.console.dll, TestPluginCache.GetExtensionPaths: Filtered extension paths: 
TpTrace Verbose: 0 : 15928, 1, 2022/03/18, 23:54:12.486, 237901683337, vstest.console.dll, TestPluginCache.GetExtensionPaths: Added default extension paths: C:\Program Files\dotnet\sdk\6.0.102\Extensions\Microsoft.Diagnostics.NETCore.Client.dll
C:\Program Files\dotnet\sdk\6.0.102\Extensions\Microsoft.TestPlatform.Extensions.BlameDataCollector.dll
C:\Program Files\dotnet\sdk\6.0.102\Extensions\Microsoft.TestPlatform.Extensions.EventLogCollector.dll
C:\Program Files\dotnet\sdk\6.0.102\Extensions\Microsoft.TestPlatform.TestHostRuntimeProvider.dll
C:\Program Files\dotnet\sdk\6.0.102\Extensions\Microsoft.VisualStudio.TestPlatform.Extensions.Html.TestLogger.dll
C:\Program Files\dotnet\sdk\6.0.102\Extensions\Microsoft.VisualStudio.TestPlatform.Extensions.Trx.TestLogger.dll
TpTrace Verbose: 0 : 15928, 1, 2022/03/18, 23:54:12.486, 237901683518, vstest.console.dll, TestPluginCache.GetExtensionPaths: Added unfilterableExtensionPaths: 
TpTrace Verbose: 0 : 15928, 1, 2022/03/18, 23:54:12.486, 237901683976, vstest.console.dll, TestPluginCache.DiscoverTestExtensions: Discovering the extensions using allExtensionPaths: C:\Program Files\dotnet\sdk\6.0.102\Extensions\Microsoft.Diagnostics.NETCore.Client.dll
C:\Program Files\dotnet\sdk\6.0.102\Extensions\Microsoft.TestPlatform.Extensions.BlameDataCollector.dll
C:\Program Files\dotnet\sdk\6.0.102\Extensions\Microsoft.TestPlatform.Extensions.EventLogCollector.dll
C:\Program Files\dotnet\sdk\6.0.102\Extensions\Microsoft.TestPlatform.TestHostRuntimeProvider.dll
C:\Program Files\dotnet\sdk\6.0.102\Extensions\Microsoft.VisualStudio.TestPlatform.Extensions.Html.TestLogger.dll
C:\Program Files\dotnet\sdk\6.0.102\Extensions\Microsoft.VisualStudio.TestPlatform.Extensions.Trx.TestLogger.dll
TpTrace Information: 0 : 15928, 1, 2022/03/18, 23:54:12.486, 237901685413, vstest.console.dll, AssemblyResolver.AddSearchDirectories: Adding more searchDirectories C:\Program Files\dotnet\sdk\6.0.102\Extensions,C:\Program Files\dotnet\sdk\6.0.102
TpTrace Information: 0 : 15928, 1, 2022/03/18, 23:54:12.486, 237901685847, vstest.console.dll, AssemblyResolver.AddSearchDirectories: Adding more searchDirectories C:\Program Files\dotnet\sdk\6.0.102\Extensions,C:\Program Files\dotnet\sdk\6.0.102
TpTrace Information: 0 : 15928, 1, 2022/03/18, 23:54:12.486, 237901686042, vstest.console.dll, AssemblyResolver.AddSearchDirectories: Adding more searchDirectories C:\Program Files\dotnet\sdk\6.0.102\Extensions,C:\Program Files\dotnet\sdk\6.0.102
TpTrace Information: 0 : 15928, 1, 2022/03/18, 23:54:12.486, 237901686200, vstest.console.dll, AssemblyResolver.AddSearchDirectories: Adding more searchDirectories C:\Program Files\dotnet\sdk\6.0.102\Extensions,C:\Program Files\dotnet\sdk\6.0.102
TpTrace Information: 0 : 15928, 1, 2022/03/18, 23:54:12.486, 237901686410, vstest.console.dll, AssemblyResolver.AddSearchDirectories: Adding more searchDirectories C:\Program Files\dotnet\sdk\6.0.102\Extensions,C:\Program Files\dotnet\sdk\6.0.102
TpTrace Information: 0 : 15928, 1, 2022/03/18, 23:54:12.486, 237901686599, vstest.console.dll, AssemblyResolver.AddSearchDirectories: Adding more searchDirectories C:\Program Files\dotnet\sdk\6.0.102\Extensions,C:\Program Files\dotnet\sdk\6.0.102
TpTrace Information: 0 : 15928, 1, 2022/03/18, 23:54:12.486, 237901689246, vstest.console.dll, AssemblyResolver.OnResolve: Microsoft.Diagnostics.NETCore.Client: Resolving assembly.
TpTrace Information: 0 : 15928, 1, 2022/03/18, 23:54:12.486, 237901689734, vstest.console.dll, AssemblyResolver.OnResolve: Microsoft.Diagnostics.NETCore.Client: Searching in: 'C:\Program Files\dotnet\sdk\6.0.102\Extensions'.
TpTrace Information: 0 : 15928, 1, 2022/03/18, 23:54:12.487, 237901693669, vstest.console.dll, AssemblyResolver.OnResolve: Microsoft.Diagnostics.NETCore.Client: Loading assembly 'C:\Program Files\dotnet\sdk\6.0.102\Extensions\Microsoft.Diagnostics.NETCore.Client.dll'.
TpTrace Information: 0 : 15928, 1, 2022/03/18, 23:54:12.487, 237901698217, vstest.console.dll, AssemblyResolver.OnResolve: Resolved assembly: Microsoft.Diagnostics.NETCore.Client, from path: C:\Program Files\dotnet\sdk\6.0.102\Extensions\Microsoft.Diagnostics.NETCore.Client.dll
TpTrace Information: 0 : 15928, 1, 2022/03/18, 23:54:12.492, 237901748767, vstest.console.dll, AssemblyResolver.OnResolve: Microsoft.Bcl.AsyncInterfaces: Resolving assembly.
TpTrace Information: 0 : 15928, 1, 2022/03/18, 23:54:12.492, 237901749629, vstest.console.dll, AssemblyResolver.OnResolve: Microsoft.Bcl.AsyncInterfaces: Searching in: 'C:\Program Files\dotnet\sdk\6.0.102\Extensions'.
TpTrace Information: 0 : 15928, 1, 2022/03/18, 23:54:12.493, 237901750319, vstest.console.dll, AssemblyResolver.OnResolve: Microsoft.Bcl.AsyncInterfaces: Assembly path does not exist: 'C:\Program Files\dotnet\sdk\6.0.102\Extensions\Microsoft.Bcl.AsyncInterfaces.dll', returning.
TpTrace Information: 0 : 15928, 1, 2022/03/18, 23:54:12.493, 237901750741, vstest.console.dll, AssemblyResolver.OnResolve: Microsoft.Bcl.AsyncInterfaces: Assembly path does not exist: 'C:\Program Files\dotnet\sdk\6.0.102\Extensions\Microsoft.Bcl.AsyncInterfaces.exe', returning.
TpTrace Information: 0 : 15928, 1, 2022/03/18, 23:54:12.493, 237901750907, vstest.console.dll, AssemblyResolver.OnResolve: Microsoft.Bcl.AsyncInterfaces: Searching in: 'C:\Program Files\dotnet\sdk\6.0.102'.
TpTrace Information: 0 : 15928, 1, 2022/03/18, 23:54:12.493, 237901751300, vstest.console.dll, AssemblyResolver.OnResolve: Microsoft.Bcl.AsyncInterfaces: Assembly path does not exist: 'C:\Program Files\dotnet\sdk\6.0.102\Microsoft.Bcl.AsyncInterfaces.dll', returning.
TpTrace Information: 0 : 15928, 1, 2022/03/18, 23:54:12.493, 237901751639, vstest.console.dll, AssemblyResolver.OnResolve: Microsoft.Bcl.AsyncInterfaces: Assembly path does not exist: 'C:\Program Files\dotnet\sdk\6.0.102\Microsoft.Bcl.AsyncInterfaces.exe', returning.
TpTrace Information: 0 : 15928, 1, 2022/03/18, 23:54:12.493, 237901752319, vstest.console.dll, AssemblyResolver.OnResolve: Microsoft.Bcl.AsyncInterfaces: Failed to load assembly.
TpTrace Verbose: 0 : 15928, 1, 2022/03/18, 23:54:12.493, 237901752622, vstest.console.dll, CurrentDomainAssemblyResolve: Resolving assembly 'Microsoft.Bcl.AsyncInterfaces'.
TpTrace Information: 0 : 15928, 1, 2022/03/18, 23:54:12.493, 237901753061, vstest.console.dll, AssemblyResolver.OnResolve: Microsoft.Bcl.AsyncInterfaces: Resolving assembly.
TpTrace Information: 0 : 15928, 1, 2022/03/18, 23:54:12.493, 237901753337, vstest.console.dll, AssemblyResolver.OnResolve: Microsoft.Bcl.AsyncInterfaces: Resolved from cache.
TpTrace Verbose: 0 : 15928, 1, 2022/03/18, 23:54:12.493, 237901753516, vstest.console.dll, CurrentDomainAssemblyResolve: Resolving assembly 'Microsoft.Bcl.AsyncInterfaces'.
TpTrace Verbose: 0 : 15928, 1, 2022/03/18, 23:54:12.493, 237901753784, vstest.console.dll, CurrentDomainAssemblyResolve: Failed to resolve assembly 'Microsoft.Bcl.AsyncInterfaces'.
TpTrace Verbose: 0 : 15928, 1, 2022/03/18, 23:54:12.493, 237901756759, vstest.console.dll, CurrentDomainAssemblyResolve: Failed to resolve assembly 'Microsoft.Bcl.AsyncInterfaces'.
TpTrace Warning: 0 : 15928, 1, 2022/03/18, 23:54:12.504, 237901864608, vstest.console.dll, TestPluginDiscoverer: Failed to get types from assembly 'Microsoft.Diagnostics.NETCore.Client, Version=0.2.4.21401, Culture=neutral, PublicKeyToken=31bf3856ad364e35'.  Skipping test extension scan for this assembly.  Error: System.Reflection.ReflectionTypeLoadException: Unable to load one or more of the requested types.
Could not load file or assembly 'Microsoft.Bcl.AsyncInterfaces, Version=1.0.0.0, Culture=neutral, PublicKeyToken=cc7b13ffcd2ddd51'. The system cannot find the file specified.
   at System.Reflection.RuntimeModule.GetTypes(RuntimeModule module)
   at System.Reflection.Assembly.GetTypes()
   at Microsoft.VisualStudio.TestPlatform.Common.ExtensionFramework.TestPluginDiscoverer.GetTestExtensionsFromAssembly[TPluginInfo,TExtension](Assembly assembly, Dictionary`2 pluginInfos)
System.IO.FileNotFoundException: Could not load file or assembly 'Microsoft.Bcl.AsyncInterfaces, Version=1.0.0.0, Culture=neutral, PublicKeyToken=cc7b13ffcd2ddd51'. The system cannot find the file specified.
File name: 'Microsoft.Bcl.AsyncInterfaces, Version=1.0.0.0, Culture=neutral, PublicKeyToken=cc7b13ffcd2ddd51'
 ---> System.IO.FileNotFoundException: Could not load file or assembly 'Microsoft.Bcl.AsyncInterfaces, Culture=neutral, PublicKeyToken=null'. The system cannot find the file specified.
File name: 'Microsoft.Bcl.AsyncInterfaces, Culture=neutral, PublicKeyToken=null'
   at System.Reflection.RuntimeAssembly.InternalLoad(ObjectHandleOnStack assemblyName, ObjectHandleOnStack requestingAssembly, StackCrawlMarkHandle stackMark, Boolean throwOnFileNotFound, ObjectHandleOnStack assemblyLoadContext, ObjectHandleOnStack retAssembly)
   at System.Reflection.RuntimeAssembly.InternalLoad(AssemblyName assemblyName, RuntimeAssembly requestingAssembly, StackCrawlMark& stackMark, Boolean throwOnFileNotFound, AssemblyLoadContext assemblyLoadContext)
   at System.Reflection.Assembly.Load(AssemblyName assemblyRef)
   at Microsoft.VisualStudio.TestPlatform.Common.ExtensionFramework.TestPluginCache.CurrentDomainAssemblyResolve(Object sender, AssemblyResolveEventArgs args)
   at Microsoft.VisualStudio.TestPlatform.PlatformAbstractions.PlatformAssemblyResolver.AssemblyResolverEvent(Object sender, Object eventArgs)
   at System.Runtime.Loader.AssemblyLoadContext.GetFirstResolvedAssemblyFromResolvingEvent(AssemblyName assemblyName)
   at System.Runtime.Loader.AssemblyLoadContext.ResolveUsingEvent(AssemblyName assemblyName)
   at System.Runtime.Loader.AssemblyLoadContext.ResolveUsingResolvingEvent(IntPtr gchManagedAssemblyLoadContext, AssemblyName assemblyName)
TpTrace Warning: 0 : 15928, 1, 2022/03/18, 23:54:12.504, 237901866220, vstest.console.dll, LoaderExceptions: System.IO.FileNotFoundException: Could not load file or assembly 'Microsoft.Bcl.AsyncInterfaces, Version=1.0.0.0, Culture=neutral, PublicKeyToken=cc7b13ffcd2ddd51'. The system cannot find the file specified.
File name: 'Microsoft.Bcl.AsyncInterfaces, Version=1.0.0.0, Culture=neutral, PublicKeyToken=cc7b13ffcd2ddd51'
 ---> System.IO.FileNotFoundException: Could not load file or assembly 'Microsoft.Bcl.AsyncInterfaces, Culture=neutral, PublicKeyToken=null'. The system cannot find the file specified.
File name: 'Microsoft.Bcl.AsyncInterfaces, Culture=neutral, PublicKeyToken=null'
   at System.Reflection.RuntimeAssembly.InternalLoad(ObjectHandleOnStack assemblyName, ObjectHandleOnStack requestingAssembly, StackCrawlMarkHandle stackMark, Boolean throwOnFileNotFound, ObjectHandleOnStack assemblyLoadContext, ObjectHandleOnStack retAssembly)
   at System.Reflection.RuntimeAssembly.InternalLoad(AssemblyName assemblyName, RuntimeAssembly requestingAssembly, StackCrawlMark& stackMark, Boolean throwOnFileNotFound, AssemblyLoadContext assemblyLoadContext)
   at System.Reflection.Assembly.Load(AssemblyName assemblyRef)
   at Microsoft.VisualStudio.TestPlatform.Common.ExtensionFramework.TestPluginCache.CurrentDomainAssemblyResolve(Object sender, AssemblyResolveEventArgs args)
   at Microsoft.VisualStudio.TestPlatform.PlatformAbstractions.PlatformAssemblyResolver.AssemblyResolverEvent(Object sender, Object eventArgs)
   at System.Runtime.Loader.AssemblyLoadContext.GetFirstResolvedAssemblyFromResolvingEvent(AssemblyName assemblyName)
   at System.Runtime.Loader.AssemblyLoadContext.ResolveUsingEvent(AssemblyName assemblyName)
   at System.Runtime.Loader.AssemblyLoadContext.ResolveUsingResolvingEvent(IntPtr gchManagedAssemblyLoadContext, AssemblyName assemblyName)
TpTrace Information: 0 : 15928, 1, 2022/03/18, 23:54:12.504, 237901866950, vstest.console.dll, AssemblyResolver.OnResolve: Microsoft.TestPlatform.Extensions.BlameDataCollector: Resolving assembly.
TpTrace Information: 0 : 15928, 1, 2022/03/18, 23:54:12.504, 237901867184, vstest.console.dll, AssemblyResolver.OnResolve: Microsoft.TestPlatform.Extensions.BlameDataCollector: Searching in: 'C:\Program Files\dotnet\sdk\6.0.102\Extensions'.
TpTrace Information: 0 : 15928, 1, 2022/03/18, 23:54:12.505, 237901874467, vstest.console.dll, AssemblyResolver.OnResolve: Microsoft.TestPlatform.Extensions.BlameDataCollector: Loading assembly 'C:\Program Files\dotnet\sdk\6.0.102\Extensions\Microsoft.TestPlatform.Extensions.BlameDataCollector.dll'.
TpTrace Information: 0 : 15928, 1, 2022/03/18, 23:54:12.506, 237901880753, vstest.console.dll, AssemblyResolver.OnResolve: Resolved assembly: Microsoft.TestPlatform.Extensions.BlameDataCollector, from path: C:\Program Files\dotnet\sdk\6.0.102\Extensions\Microsoft.TestPlatform.Extensions.BlameDataCollector.dll
TpTrace Information: 0 : 15928, 1, 2022/03/18, 23:54:12.506, 237901886245, vstest.console.dll, AssemblyResolver.OnResolve: Microsoft.TestPlatform.Extensions.EventLogCollector: Resolving assembly.
TpTrace Information: 0 : 15928, 1, 2022/03/18, 23:54:12.506, 237901886717, vstest.console.dll, AssemblyResolver.OnResolve: Microsoft.TestPlatform.Extensions.EventLogCollector: Searching in: 'C:\Program Files\dotnet\sdk\6.0.102\Extensions'.
TpTrace Information: 0 : 15928, 1, 2022/03/18, 23:54:12.507, 237901890704, vstest.console.dll, AssemblyResolver.OnResolve: Microsoft.TestPlatform.Extensions.EventLogCollector: Loading assembly 'C:\Program Files\dotnet\sdk\6.0.102\Extensions\Microsoft.TestPlatform.Extensions.EventLogCollector.dll'.
TpTrace Information: 0 : 15928, 1, 2022/03/18, 23:54:12.507, 237901894186, vstest.console.dll, AssemblyResolver.OnResolve: Resolved assembly: Microsoft.TestPlatform.Extensions.EventLogCollector, from path: C:\Program Files\dotnet\sdk\6.0.102\Extensions\Microsoft.TestPlatform.Extensions.EventLogCollector.dll
TpTrace Information: 0 : 15928, 1, 2022/03/18, 23:54:12.508, 237901908222, vstest.console.dll, AssemblyResolver.OnResolve: Microsoft.TestPlatform.TestHostRuntimeProvider: Resolving assembly.
TpTrace Information: 0 : 15928, 1, 2022/03/18, 23:54:12.508, 237901909429, vstest.console.dll, AssemblyResolver.OnResolve: Microsoft.TestPlatform.TestHostRuntimeProvider: Searching in: 'C:\Program Files\dotnet\sdk\6.0.102\Extensions'.
TpTrace Information: 0 : 15928, 1, 2022/03/18, 23:54:12.509, 237901912135, vstest.console.dll, AssemblyResolver.OnResolve: Microsoft.TestPlatform.TestHostRuntimeProvider: Loading assembly 'C:\Program Files\dotnet\sdk\6.0.102\Extensions\Microsoft.TestPlatform.TestHostRuntimeProvider.dll'.
TpTrace Information: 0 : 15928, 1, 2022/03/18, 23:54:12.509, 237901915809, vstest.console.dll, AssemblyResolver.OnResolve: Resolved assembly: Microsoft.TestPlatform.TestHostRuntimeProvider, from path: C:\Program Files\dotnet\sdk\6.0.102\Extensions\Microsoft.TestPlatform.TestHostRuntimeProvider.dll
TpTrace Information: 0 : 15928, 1, 2022/03/18, 23:54:12.510, 237901924978, vstest.console.dll, AssemblyResolver.OnResolve: Microsoft.VisualStudio.TestPlatform.Extensions.Html.TestLogger: Resolving assembly.
TpTrace Information: 0 : 15928, 1, 2022/03/18, 23:54:12.510, 237901925513, vstest.console.dll, AssemblyResolver.OnResolve: Microsoft.VisualStudio.TestPlatform.Extensions.Html.TestLogger: Searching in: 'C:\Program Files\dotnet\sdk\6.0.102\Extensions'.
TpTrace Information: 0 : 15928, 1, 2022/03/18, 23:54:12.510, 237901929148, vstest.console.dll, AssemblyResolver.OnResolve: Microsoft.VisualStudio.TestPlatform.Extensions.Html.TestLogger: Loading assembly 'C:\Program Files\dotnet\sdk\6.0.102\Extensions\Microsoft.VisualStudio.TestPlatform.Extensions.Html.TestLogger.dll'.
TpTrace Information: 0 : 15928, 1, 2022/03/18, 23:54:12.511, 237901933212, vstest.console.dll, AssemblyResolver.OnResolve: Resolved assembly: Microsoft.VisualStudio.TestPlatform.Extensions.Html.TestLogger, from path: C:\Program Files\dotnet\sdk\6.0.102\Extensions\Microsoft.VisualStudio.TestPlatform.Extensions.Html.TestLogger.dll
TpTrace Information: 0 : 15928, 1, 2022/03/18, 23:54:12.511, 237901935835, vstest.console.dll, AssemblyResolver.OnResolve: Microsoft.VisualStudio.TestPlatform.Extensions.Trx.TestLogger: Resolving assembly.
TpTrace Information: 0 : 15928, 1, 2022/03/18, 23:54:12.511, 237901936267, vstest.console.dll, AssemblyResolver.OnResolve: Microsoft.VisualStudio.TestPlatform.Extensions.Trx.TestLogger: Searching in: 'C:\Program Files\dotnet\sdk\6.0.102\Extensions'.
TpTrace Information: 0 : 15928, 1, 2022/03/18, 23:54:12.511, 237901939540, vstest.console.dll, AssemblyResolver.OnResolve: Microsoft.VisualStudio.TestPlatform.Extensions.Trx.TestLogger: Loading assembly 'C:\Program Files\dotnet\sdk\6.0.102\Extensions\Microsoft.VisualStudio.TestPlatform.Extensions.Trx.TestLogger.dll'.
TpTrace Information: 0 : 15928, 1, 2022/03/18, 23:54:12.512, 237901943542, vstest.console.dll, AssemblyResolver.OnResolve: Resolved assembly: Microsoft.VisualStudio.TestPlatform.Extensions.Trx.TestLogger, from path: C:\Program Files\dotnet\sdk\6.0.102\Extensions\Microsoft.VisualStudio.TestPlatform.Extensions.Trx.TestLogger.dll
TpTrace Verbose: 0 : 15928, 1, 2022/03/18, 23:54:12.512, 237901947938, vstest.console.dll, TestPluginCache: Discovered the extensions using extension path ''.
TpTrace Verbose: 0 : 15928, 1, 2022/03/18, 23:54:12.512, 237901948344, vstest.console.dll, TestPluginCache: Discoverers are ''.
TpTrace Verbose: 0 : 15928, 1, 2022/03/18, 23:54:12.512, 237901948503, vstest.console.dll, TestPluginCache: Executors are ''.
TpTrace Verbose: 0 : 15928, 1, 2022/03/18, 23:54:12.512, 237901948643, vstest.console.dll, TestPluginCache: Executors2 are ''.
TpTrace Verbose: 0 : 15928, 1, 2022/03/18, 23:54:12.512, 237901948780, vstest.console.dll, TestPluginCache: Setting providers are ''.
TpTrace Verbose: 0 : 15928, 1, 2022/03/18, 23:54:12.512, 237901948915, vstest.console.dll, TestPluginCache: Loggers are ''.
TpTrace Information: 0 : 15928, 1, 2022/03/18, 23:54:12.516, 237901984167, vstest.console.dll, RunTestsArgumentProcessor:Execute: Test run is starting.
TpTrace Verbose: 0 : 15928, 1, 2022/03/18, 23:54:12.516, 237901985083, vstest.console.dll, RunTestsArgumentProcessor:Execute: Queuing Test run.
TpTrace Information: 0 : 15928, 1, 2022/03/18, 23:54:12.516, 237901986476, vstest.console.dll, TestRequestManager.RunTests: run tests started.
TpTrace Information: 0 : 15928, 1, 2022/03/18, 23:54:12.519, 237902012656, vstest.console.dll, AssemblyMetadataProvider.GetFrameWork: Determined framework:'.NETCoreApp,Version=v3.1' for source: 'D:\c#Code\softuniC#\04.OOP\08.UnitTesting\Exercies\FightingArena.Tests\bin\Debug\netcoreapp3.1\fine-code-coverage\build-output\FightingArena.Tests.dll'
TpTrace Information: 0 : 15928, 1, 2022/03/18, 23:54:12.519, 237902014042, vstest.console.dll, Determined framework for all sources: .NETCoreApp,Version=v3.1
TpTrace Information: 0 : 15928, 1, 2022/03/18, 23:54:12.519, 237902017155, vstest.console.dll, AssemblyMetadataProvider.GetArchitecture: Determined architecture:AnyCPU info for assembly: D:\c#Code\softuniC#\04.OOP\08.UnitTesting\Exercies\FightingArena.Tests\bin\Debug\netcoreapp3.1\fine-code-coverage\build-output\FightingArena.Tests.dll
TpTrace Information: 0 : 15928, 1, 2022/03/18, 23:54:12.521, 237902030197, vstest.console.dll, Determined platform for all sources: X64
TpTrace Information: 0 : 15928, 1, 2022/03/18, 23:54:12.522, 237902049852, vstest.console.dll, Compatible sources list : 
TpTrace Information: 0 : 15928, 1, 2022/03/18, 23:54:12.523, 237902050983, vstest.console.dll, D:\c#Code\softuniC#\04.OOP\08.UnitTesting\Exercies\FightingArena.Tests\bin\Debug\netcoreapp3.1\fine-code-coverage\build-output\FightingArena.Tests.dll
TpTrace Information: 0 : 15928, 1, 2022/03/18, 23:54:12.524, 237902068399, vstest.console.dll, InferRunSettingsHelper.IsTestSettingsEnabled: Unable to navigate to RunSettings/MSTest. Current node: RunSettings
TpTrace Information: 0 : 15928, 1, 2022/03/18, 23:54:12.525, 237902073825, vstest.console.dll, AssemblyResolver.OnResolve: Microsoft.VisualStudio.TestPlatform.Fakes: Resolving assembly.
TpTrace Information: 0 : 15928, 1, 2022/03/18, 23:54:12.525, 237902074418, vstest.console.dll, AssemblyResolver.OnResolve: Microsoft.VisualStudio.TestPlatform.Fakes: Searching in: 'C:\Program Files\dotnet\sdk\6.0.102\Extensions'.
TpTrace Information: 0 : 15928, 1, 2022/03/18, 23:54:12.525, 237902075406, vstest.console.dll, AssemblyResolver.OnResolve: Microsoft.VisualStudio.TestPlatform.Fakes: Assembly path does not exist: 'C:\Program Files\dotnet\sdk\6.0.102\Extensions\Microsoft.VisualStudio.TestPlatform.Fakes.dll', returning.
TpTrace Information: 0 : 15928, 1, 2022/03/18, 23:54:12.525, 237902075814, vstest.console.dll, AssemblyResolver.OnResolve: Microsoft.VisualStudio.TestPlatform.Fakes: Assembly path does not exist: 'C:\Program Files\dotnet\sdk\6.0.102\Extensions\Microsoft.VisualStudio.TestPlatform.Fakes.exe', returning.
TpTrace Information: 0 : 15928, 1, 2022/03/18, 23:54:12.525, 237902075986, vstest.console.dll, AssemblyResolver.OnResolve: Microsoft.VisualStudio.TestPlatform.Fakes: Searching in: 'C:\Program Files\dotnet\sdk\6.0.102'.
TpTrace Information: 0 : 15928, 1, 2022/03/18, 23:54:12.525, 237902076406, vstest.console.dll, AssemblyResolver.OnResolve: Microsoft.VisualStudio.TestPlatform.Fakes: Assembly path does not exist: 'C:\Program Files\dotnet\sdk\6.0.102\Microsoft.VisualStudio.TestPlatform.Fakes.dll', returning.
TpTrace Information: 0 : 15928, 1, 2022/03/18, 23:54:12.525, 237902076804, vstest.console.dll, AssemblyResolver.OnResolve: Microsoft.VisualStudio.TestPlatform.Fakes: Assembly path does not exist: 'C:\Program Files\dotnet\sdk\6.0.102\Microsoft.VisualStudio.TestPlatform.Fakes.exe', returning.
TpTrace Information: 0 : 15928, 1, 2022/03/18, 23:54:12.525, 237902076973, vstest.console.dll, AssemblyResolver.OnResolve: Microsoft.VisualStudio.TestPlatform.Fakes: Failed to load assembly.
TpTrace Information: 0 : 15928, 1, 2022/03/18, 23:54:12.525, 237902079176, vstest.console.dll, Failed to load assembly Microsoft.VisualStudio.TestPlatform.Fakes, Version=17.0.0.0, Culture=neutral. Reason:System.IO.FileNotFoundException: Could not load file or assembly 'Microsoft.VisualStudio.TestPlatform.Fakes, Version=17.0.0.0, Culture=neutral, PublicKeyToken=null'. The system cannot find the file specified.
File name: 'Microsoft.VisualStudio.TestPlatform.Fakes, Version=17.0.0.0, Culture=neutral, PublicKeyToken=null'
   at System.Reflection.RuntimeAssembly.InternalLoad(ObjectHandleOnStack assemblyName, ObjectHandleOnStack requestingAssembly, StackCrawlMarkHandle stackMark, Boolean throwOnFileNotFound, ObjectHandleOnStack assemblyLoadContext, ObjectHandleOnStack retAssembly)
   at System.Reflection.RuntimeAssembly.InternalLoad(AssemblyName assemblyName, RuntimeAssembly requestingAssembly, StackCrawlMark& stackMark, Boolean throwOnFileNotFound, AssemblyLoadContext assemblyLoadContext)
   at System.Reflection.Assembly.Load(AssemblyName assemblyRef)
   at Microsoft.VisualStudio.TestPlatform.Common.Utilities.FakesUtilities.LoadTestPlatformAssembly()
TpTrace Verbose: 0 : 15928, 1, 2022/03/18, 23:54:12.528, 237902109366, vstest.console.dll, TestPluginCache.DiscoverTestExtensions: finding test extensions in assemblies ends with: TestLogger.dll TPluginInfo: Microsoft.VisualStudio.TestPlatform.Common.ExtensionFramework.Utilities.TestLoggerPluginInformation TExtension: Microsoft.VisualStudio.TestPlatform.ObjectModel.Client.ITestLogger
TpTrace Verbose: 0 : 15928, 1, 2022/03/18, 23:54:12.529, 237902110296, vstest.console.dll, TestPluginCache.GetExtensionPaths: Filtered extension paths: 
TpTrace Verbose: 0 : 15928, 1, 2022/03/18, 23:54:12.529, 237902110492, vstest.console.dll, TestPluginCache.GetExtensionPaths: Added default extension paths: C:\Program Files\dotnet\sdk\6.0.102\Extensions\Microsoft.Diagnostics.NETCore.Client.dll
C:\Program Files\dotnet\sdk\6.0.102\Extensions\Microsoft.TestPlatform.Extensions.BlameDataCollector.dll
C:\Program Files\dotnet\sdk\6.0.102\Extensions\Microsoft.TestPlatform.Extensions.EventLogCollector.dll
C:\Program Files\dotnet\sdk\6.0.102\Extensions\Microsoft.TestPlatform.TestHostRuntimeProvider.dll
C:\Program Files\dotnet\sdk\6.0.102\Extensions\Microsoft.VisualStudio.TestPlatform.Extensions.Html.TestLogger.dll
C:\Program Files\dotnet\sdk\6.0.102\Extensions\Microsoft.VisualStudio.TestPlatform.Extensions.Trx.TestLogger.dll
TpTrace Verbose: 0 : 15928, 1, 2022/03/18, 23:54:12.529, 237902110663, vstest.console.dll, TestPluginCache.GetExtensionPaths: Added unfilterableExtensionPaths: 
TpTrace Information: 0 : 15928, 1, 2022/03/18, 23:54:12.529, 237902112059, vstest.console.dll, AssemblyResolver.AddSearchDirectories: Adding more searchDirectories C:\Program Files\dotnet\sdk\6.0.102\Extensions,C:\Program Files\dotnet\sdk\6.0.102
TpTrace Verbose: 0 : 15928, 1, 2022/03/18, 23:54:12.529, 237902112353, vstest.console.dll, TestPluginCache.DiscoverTestExtensions: Discovering the extensions using extension path.
TpTrace Verbose: 0 : 15928, 1, 2022/03/18, 23:54:12.529, 237902112578, vstest.console.dll, TestPluginCache.GetExtensionPaths: Filtered extension paths: 
TpTrace Verbose: 0 : 15928, 1, 2022/03/18, 23:54:12.529, 237902112778, vstest.console.dll, TestPluginCache.GetExtensionPaths: Added default extension paths: C:\Program Files\dotnet\sdk\6.0.102\Extensions\Microsoft.Diagnostics.NETCore.Client.dll
C:\Program Files\dotnet\sdk\6.0.102\Extensions\Microsoft.TestPlatform.Extensions.BlameDataCollector.dll
C:\Program Files\dotnet\sdk\6.0.102\Extensions\Microsoft.TestPlatform.Extensions.EventLogCollector.dll
C:\Program Files\dotnet\sdk\6.0.102\Extensions\Microsoft.TestPlatform.TestHostRuntimeProvider.dll
C:\Program Files\dotnet\sdk\6.0.102\Extensions\Microsoft.VisualStudio.TestPlatform.Extensions.Html.TestLogger.dll
C:\Program Files\dotnet\sdk\6.0.102\Extensions\Microsoft.VisualStudio.TestPlatform.Extensions.Trx.TestLogger.dll
TpTrace Verbose: 0 : 15928, 1, 2022/03/18, 23:54:12.529, 237902112944, vstest.console.dll, TestPluginCache.GetExtensionPaths: Added unfilterableExtensionPaths: 
TpTrace Verbose: 0 : 15928, 1, 2022/03/18, 23:54:12.529, 237902113130, vstest.console.dll, TestPluginCache.DiscoverTestExtensions: Discovering the extensions using allExtensionPaths: C:\Program Files\dotnet\sdk\6.0.102\Extensions\Microsoft.Diagnostics.NETCore.Client.dll
C:\Program Files\dotnet\sdk\6.0.102\Extensions\Microsoft.TestPlatform.Extensions.BlameDataCollector.dll
C:\Program Files\dotnet\sdk\6.0.102\Extensions\Microsoft.TestPlatform.Extensions.EventLogCollector.dll
C:\Program Files\dotnet\sdk\6.0.102\Extensions\Microsoft.TestPlatform.TestHostRuntimeProvider.dll
C:\Program Files\dotnet\sdk\6.0.102\Extensions\Microsoft.VisualStudio.TestPlatform.Extensions.Html.TestLogger.dll
C:\Program Files\dotnet\sdk\6.0.102\Extensions\Microsoft.VisualStudio.TestPlatform.Extensions.Trx.TestLogger.dll
TpTrace Information: 0 : 15928, 1, 2022/03/18, 23:54:12.529, 237902113419, vstest.console.dll, AssemblyResolver.AddSearchDirectories: Adding more searchDirectories C:\Program Files\dotnet\sdk\6.0.102\Extensions,C:\Program Files\dotnet\sdk\6.0.102
TpTrace Information: 0 : 15928, 1, 2022/03/18, 23:54:12.529, 237902113702, vstest.console.dll, AssemblyResolver.AddSearchDirectories: Adding more searchDirectories C:\Program Files\dotnet\sdk\6.0.102\Extensions,C:\Program Files\dotnet\sdk\6.0.102
TpTrace Information: 0 : 15928, 1, 2022/03/18, 23:54:12.529, 237902113866, vstest.console.dll, AssemblyResolver.AddSearchDirectories: Adding more searchDirectories C:\Program Files\dotnet\sdk\6.0.102\Extensions,C:\Program Files\dotnet\sdk\6.0.102
TpTrace Information: 0 : 15928, 1, 2022/03/18, 23:54:12.529, 237902114022, vstest.console.dll, AssemblyResolver.AddSearchDirectories: Adding more searchDirectories C:\Program Files\dotnet\sdk\6.0.102\Extensions,C:\Program Files\dotnet\sdk\6.0.102
TpTrace Information: 0 : 15928, 1, 2022/03/18, 23:54:12.529, 237902114210, vstest.console.dll, AssemblyResolver.AddSearchDirectories: Adding more searchDirectories C:\Program Files\dotnet\sdk\6.0.102\Extensions,C:\Program Files\dotnet\sdk\6.0.102
TpTrace Information: 0 : 15928, 1, 2022/03/18, 23:54:12.529, 237902114369, vstest.console.dll, AssemblyResolver.AddSearchDirectories: Adding more searchDirectories C:\Program Files\dotnet\sdk\6.0.102\Extensions,C:\Program Files\dotnet\sdk\6.0.102
TpTrace Information: 0 : 15928, 1, 2022/03/18, 23:54:12.529, 237902116189, vstest.console.dll, AssemblyResolver.OnResolve: Microsoft.Bcl.AsyncInterfaces: Resolving assembly.
TpTrace Information: 0 : 15928, 1, 2022/03/18, 23:54:12.529, 237902116472, vstest.console.dll, AssemblyResolver.OnResolve: Microsoft.Bcl.AsyncInterfaces: Resolved from cache.
TpTrace Verbose: 0 : 15928, 1, 2022/03/18, 23:54:12.529, 237902116683, vstest.console.dll, CurrentDomainAssemblyResolve: Resolving assembly 'Microsoft.Bcl.AsyncInterfaces'.
TpTrace Information: 0 : 15928, 1, 2022/03/18, 23:54:12.529, 237902116944, vstest.console.dll, AssemblyResolver.OnResolve: Microsoft.Bcl.AsyncInterfaces: Resolving assembly.
TpTrace Information: 0 : 15928, 1, 2022/03/18, 23:54:12.529, 237902117118, vstest.console.dll, AssemblyResolver.OnResolve: Microsoft.Bcl.AsyncInterfaces: Resolved from cache.
TpTrace Verbose: 0 : 15928, 1, 2022/03/18, 23:54:12.529, 237902117281, vstest.console.dll, CurrentDomainAssemblyResolve: Resolving assembly 'Microsoft.Bcl.AsyncInterfaces'.
TpTrace Verbose: 0 : 15928, 1, 2022/03/18, 23:54:12.529, 237902117461, vstest.console.dll, CurrentDomainAssemblyResolve: Failed to resolve assembly 'Microsoft.Bcl.AsyncInterfaces'.
TpTrace Verbose: 0 : 15928, 1, 2022/03/18, 23:54:12.529, 237902118735, vstest.console.dll, CurrentDomainAssemblyResolve: Failed to resolve assembly 'Microsoft.Bcl.AsyncInterfaces'.
TpTrace Warning: 0 : 15928, 1, 2022/03/18, 23:54:12.530, 237902121312, vstest.console.dll, TestPluginDiscoverer: Failed to get types from assembly 'Microsoft.Diagnostics.NETCore.Client, Version=0.2.4.21401, Culture=neutral, PublicKeyToken=31bf3856ad364e35'.  Skipping test extension scan for this assembly.  Error: System.Reflection.ReflectionTypeLoadException: Unable to load one or more of the requested types.
Could not load file or assembly 'Microsoft.Bcl.AsyncInterfaces, Version=1.0.0.0, Culture=neutral, PublicKeyToken=cc7b13ffcd2ddd51'. The system cannot find the file specified.
   at System.Reflection.RuntimeModule.GetTypes(RuntimeModule module)
   at System.Reflection.Assembly.GetTypes()
   at Microsoft.VisualStudio.TestPlatform.Common.ExtensionFramework.TestPluginDiscoverer.GetTestExtensionsFromAssembly[TPluginInfo,TExtension](Assembly assembly, Dictionary`2 pluginInfos)
System.IO.FileNotFoundException: Could not load file or assembly 'Microsoft.Bcl.AsyncInterfaces, Version=1.0.0.0, Culture=neutral, PublicKeyToken=cc7b13ffcd2ddd51'. The system cannot find the file specified.
File name: 'Microsoft.Bcl.AsyncInterfaces, Version=1.0.0.0, Culture=neutral, PublicKeyToken=cc7b13ffcd2ddd51'
 ---> System.IO.FileNotFoundException: Could not load file or assembly 'Microsoft.Bcl.AsyncInterfaces, Culture=neutral, PublicKeyToken=null'. The system cannot find the file specified.
File name: 'Microsoft.Bcl.AsyncInterfaces, Culture=neutral, PublicKeyToken=null'
   at System.Reflection.RuntimeAssembly.InternalLoad(ObjectHandleOnStack assemblyName, ObjectHandleOnStack requestingAssembly, StackCrawlMarkHandle stackMark, Boolean throwOnFileNotFound, ObjectHandleOnStack assemblyLoadContext, ObjectHandleOnStack retAssembly)
   at System.Reflection.RuntimeAssembly.InternalLoad(AssemblyName assemblyName, RuntimeAssembly requestingAssembly, StackCrawlMark& stackMark, Boolean throwOnFileNotFound, AssemblyLoadContext assemblyLoadContext)
   at System.Reflection.Assembly.Load(AssemblyName assemblyRef)
   at Microsoft.VisualStudio.TestPlatform.Common.ExtensionFramework.TestPluginCache.CurrentDomainAssemblyResolve(Object sender, AssemblyResolveEventArgs args)
   at Microsoft.VisualStudio.TestPlatform.PlatformAbstractions.PlatformAssemblyResolver.AssemblyResolverEvent(Object sender, Object eventArgs)
   at System.Runtime.Loader.AssemblyLoadContext.GetFirstResolvedAssemblyFromResolvingEvent(AssemblyName assemblyName)
   at System.Runtime.Loader.AssemblyLoadContext.ResolveUsingEvent(AssemblyName assemblyName)
   at System.Runtime.Loader.AssemblyLoadContext.ResolveUsingResolvingEvent(IntPtr gchManagedAssemblyLoadContext, AssemblyName assemblyName)
TpTrace Warning: 0 : 15928, 1, 2022/03/18, 23:54:12.530, 237902122874, vstest.console.dll, LoaderExceptions: System.IO.FileNotFoundException: Could not load file or assembly 'Microsoft.Bcl.AsyncInterfaces, Version=1.0.0.0, Culture=neutral, PublicKeyToken=cc7b13ffcd2ddd51'. The system cannot find the file specified.
File name: 'Microsoft.Bcl.AsyncInterfaces, Version=1.0.0.0, Culture=neutral, PublicKeyToken=cc7b13ffcd2ddd51'
 ---> System.IO.FileNotFoundException: Could not load file or assembly 'Microsoft.Bcl.AsyncInterfaces, Culture=neutral, PublicKeyToken=null'. The system cannot find the file specified.
File name: 'Microsoft.Bcl.AsyncInterfaces, Culture=neutral, PublicKeyToken=null'
   at System.Reflection.RuntimeAssembly.InternalLoad(ObjectHandleOnStack assemblyName, ObjectHandleOnStack requestingAssembly, StackCrawlMarkHandle stackMark, Boolean throwOnFileNotFound, ObjectHandleOnStack assemblyLoadContext, ObjectHandleOnStack retAssembly)
   at System.Reflection.RuntimeAssembly.InternalLoad(AssemblyName assemblyName, RuntimeAssembly requestingAssembly, StackCrawlMark& stackMark, Boolean throwOnFileNotFound, AssemblyLoadContext assemblyLoadContext)
   at System.Reflection.Assembly.Load(AssemblyName assemblyRef)
   at Microsoft.VisualStudio.TestPlatform.Common.ExtensionFramework.TestPluginCache.CurrentDomainAssemblyResolve(Object sender, AssemblyResolveEventArgs args)
   at Microsoft.VisualStudio.TestPlatform.PlatformAbstractions.PlatformAssemblyResolver.AssemblyResolverEvent(Object sender, Object eventArgs)
   at System.Runtime.Loader.AssemblyLoadContext.GetFirstResolvedAssemblyFromResolvingEvent(AssemblyName assemblyName)
   at System.Runtime.Loader.AssemblyLoadContext.ResolveUsingEvent(AssemblyName assemblyName)
   at System.Runtime.Loader.AssemblyLoadContext.ResolveUsingResolvingEvent(IntPtr gchManagedAssemblyLoadContext, AssemblyName assemblyName)
TpTrace Verbose: 0 : 15928, 1, 2022/03/18, 23:54:12.530, 237902125506, vstest.console.dll, TestPluginCache: Discovered the extensions using extension path ''.
TpTrace Verbose: 0 : 15928, 1, 2022/03/18, 23:54:12.530, 237902126124, vstest.console.dll, TestPluginCache: Discoverers are ''.
TpTrace Verbose: 0 : 15928, 1, 2022/03/18, 23:54:12.530, 237902126309, vstest.console.dll, TestPluginCache: Executors are ''.
TpTrace Verbose: 0 : 15928, 1, 2022/03/18, 23:54:12.530, 237902126454, vstest.console.dll, TestPluginCache: Executors2 are ''.
TpTrace Verbose: 0 : 15928, 1, 2022/03/18, 23:54:12.530, 237902126592, vstest.console.dll, TestPluginCache: Setting providers are ''.
TpTrace Verbose: 0 : 15928, 1, 2022/03/18, 23:54:12.530, 237902127083, vstest.console.dll, TestPluginCache: Loggers are 'logger://Microsoft/TestPlatform/Extensions/Blame/v1,logger://Microsoft/TestPlatform/HtmlLogger/v1,logger://Microsoft/TestPlatform/TrxLogger/v1'.
TpTrace Information: 0 : 15928, 1, 2022/03/18, 23:54:12.531, 237902132000, vstest.console.dll, TestPluginManager.CreateTestExtension: Attempting to load test extension: Microsoft.TestPlatform.Extensions.BlameDataCollector.BlameLogger
TpTrace Information: 0 : 15928, 1, 2022/03/18, 23:54:12.536, 237902180032, vstest.console.dll, TestPluginManager.CreateTestExtension: Attempting to load test extension: Microsoft.VisualStudio.TestPlatform.CrossPlatEngine.Hosting.DefaultTestHostManager
TpTrace Information: 0 : 15928, 1, 2022/03/18, 23:54:12.536, 237902182503, vstest.console.dll, TestPluginManager.CreateTestExtension: Attempting to load test extension: Microsoft.VisualStudio.TestPlatform.CrossPlatEngine.Hosting.DotnetTestHostManager
TpTrace Verbose: 0 : 15928, 1, 2022/03/18, 23:54:12.536, 237902186291, vstest.console.dll, TestEngine: Initializing Parallel Execution as MaxCpuCount is set to: 1
TpTrace Information: 0 : 15928, 1, 2022/03/18, 23:54:12.537, 237902190787, vstest.console.dll, InferRunSettingsHelper.IsTestSettingsEnabled: Unable to navigate to RunSettings/MSTest. Current node: RunSettings
TpTrace Verbose: 0 : 15928, 1, 2022/03/18, 23:54:12.548, 237902301409, vstest.console.dll, TestRequestSender is acting as server
TpTrace Verbose: 0 : 15928, 5, 2022/03/18, 23:54:12.552, 237902341047, vstest.console.dll, DataCollectionRequestSender.InitializeCommunication : Initialize communication. 
TpTrace Information: 0 : 15928, 5, 2022/03/18, 23:54:12.556, 237902382727, vstest.console.dll, Listening on Endpoint : 127.0.0.1:50875
TpTrace Verbose: 0 : 15928, 5, 2022/03/18, 23:54:12.565, 237902471594, vstest.console.dll, DotnetDataCollectionLauncher: Full path of dotnet.exe is C:\Program Files\dotnet\dotnet.exe
TpTrace Verbose: 0 : 15928, 5, 2022/03/18, 23:54:12.565, 237902473213, vstest.console.dll, DotnetDataCollectionLauncher: Adding  --runtimeconfig "C:\Program Files\dotnet\sdk\6.0.102\datacollector.runtimeconfig.json" in args
TpTrace Verbose: 0 : 15928, 5, 2022/03/18, 23:54:12.565, 237902473699, vstest.console.dll, DotnetDataCollectionLauncher: Adding  --depsfile "C:\Program Files\dotnet\sdk\6.0.102\datacollector.deps.json" in args
TpTrace Information: 0 : 15928, 5, 2022/03/18, 23:54:12.573, 237902559808, vstest.console.dll, ProxyDataCollectionManager.Initialize: Launched datacollector processId: 13420 port: 50875
TpTrace Information: 0 : 15928, 5, 2022/03/18, 23:54:12.574, 237902561494, vstest.console.dll, ProxyDataCollectionManager.Initialize: waiting for connection with timeout: 90 seconds
TpTrace Verbose: 0 : 15928, 5, 2022/03/18, 23:54:12.574, 237902561853, vstest.console.dll, DataCollectionRequestSender.WaitForRequestHandlerConnection : Waiting for connection with timeout: 90000
TpTrace Information: 0 : 15928, 8, 2022/03/18, 23:54:12.684, 237903661942, vstest.console.dll, Using the buffer size of 16384 bytes
TpTrace Verbose: 0 : 15928, 5, 2022/03/18, 23:54:12.684, 237903662815, vstest.console.dll, ProxyDataCollectionManager.InvokeDataCollectionServiceAction: Starting.
TpTrace Information: 0 : 15928, 8, 2022/03/18, 23:54:12.684, 237903662995, vstest.console.dll, Accepted Client request and set the flag
TpTrace Information: 0 : 15928, 5, 2022/03/18, 23:54:12.684, 237903663880, vstest.console.dll, ProxyDataCollectionManager.BeforeTestRunStart: Get environment variable and port for datacollector processId: 13420 port: 50875
TpTrace Verbose: 0 : 15928, 5, 2022/03/18, 23:54:12.684, 237903664992, vstest.console.dll, DataCollectionRequestSender.SendBeforeTestRunStartAndGetResult : Send BeforeTestRunStart message with settingsXml <RunSettings><RunConfiguration><ResultsDirectory>D:\c#Code\softuniC#\04.OOP\08.UnitTesting\Exercies\FightingArena.Tests\bin\Debug\netcoreapp3.1\fine-code-coverage\coverage-tool-output</ResultsDirectory><TargetPlatform>X64</TargetPlatform><TargetFrameworkVersion>.NETCoreApp,Version=v3.1</TargetFrameworkVersion><DesignMode>False</DesignMode><CollectSourceInformation>False</CollectSourceInformation><TestAdaptersPaths>C:\Program Files\dotnet\sdk\6.0.102\Extensions</TestAdaptersPaths></RunConfiguration><LoggerRunSettings><Loggers><Logger friendlyName="blame" enabled="True" /><Logger friendlyName="Console" uri="logger://microsoft/TestPlatform/ConsoleLogger/v1" assemblyQualifiedName="Microsoft.VisualStudio.TestPlatform.CommandLine.Internal.ConsoleLogger, vstest.console, Version=15.0.0.0, Culture=neutral, PublicKeyToken=b03f5f7f11d50a3a" codeBase="C:\Program Files\dotnet\sdk\6.0.102\vstest.console.dll" enabled="True" /></Loggers></LoggerRunSettings><DataCollectionRunSettings><DataCollectors><DataCollector friendlyName="blame" enabled="True"><Configuration><ResultsDirectory>D:\c#Code\softuniC#\04.OOP\08.UnitTesting\Exercies\FightingArena.Tests\bin\Debug\netcoreapp3.1\fine-code-coverage\coverage-tool-output</ResultsDirectory></Configuration></DataCollector></DataCollectors></DataCollectionRunSettings></RunSettings> and sources System.Linq.Enumerable+Concat2Iterator`1[System.String]: 
TpTrace Verbose: 0 : 15928, 5, 2022/03/18, 23:54:12.741, 237904233605, vstest.console.dll, DataCollectionRequestSender.SendBeforeTestRunStartAndGetResult : Received message: (DataCollection.SendMessage) -> {
  "FriendlyName": null,
  "Uri": null,
  "TestCaseId": "00000000-0000-0000-0000-000000000000",
  "Message": "Logging DataCollector Diagnostics in file: D:\\c#Code\\softuniC#\\04.OOP\\08.UnitTesting\\Exercies\\FightingArena.Tests\\bin\\Debug\\netcoreapp3.1\\fine-code-coverage\\coverage-tool-output\\diagnostics.datacollector.22-03-18_23-54-12_56197_5.log",
  "Level": 0
}
TpTrace Verbose: 0 : 15928, 5, 2022/03/18, 23:54:12.797, 237904798532, vstest.console.dll, DataCollectionRequestSender.SendBeforeTestRunStartAndGetResult : Received message: (DataCollection.BeforeTestRunStartResult) -> {
  "EnvironmentVariables": {},
  "DataCollectionEventsPort": 50878
}
TpTrace Information: 0 : 15928, 5, 2022/03/18, 23:54:12.802, 237904843010, vstest.console.dll, ProxyDataCollectionManager.BeforeTestRunStart: SendBeforeTestRunStartAndGetResult successful, env variable from datacollector:   and testhost port: 50878
TpTrace Information: 0 : 15928, 5, 2022/03/18, 23:54:12.802, 237904844269, vstest.console.dll, ProxyDataCollectionManager.InvokeDataCollectionServiceAction: Completed.
TpTrace Verbose: 0 : 15928, 1, 2022/03/18, 23:54:12.802, 237904845686, vstest.console.dll, TestRunRequest.ExecuteAsync: Creating test run request.
TpTrace Verbose: 0 : 15928, 1, 2022/03/18, 23:54:12.802, 237904848255, vstest.console.dll, TestRunRequest.ExecuteAsync: Starting.
TpTrace Information: 0 : 15928, 1, 2022/03/18, 23:54:12.803, 237904850983, vstest.console.dll, TestRunRequest.ExecuteAsync: Starting run with settings:TestRunCriteria:
   KeepAlive=False,FrequencyOfRunStatsChangeEvent=10,RunStatsChangeEventTimeout=00:00:01.5000000,TestCaseFilter=,TestExecutorLauncher=
   Settingsxml=<RunSettings>
  <RunConfiguration>
    <ResultsDirectory>D:\c#Code\softuniC#\04.OOP\08.UnitTesting\Exercies\FightingArena.Tests\bin\Debug\netcoreapp3.1\fine-code-coverage\coverage-tool-output</ResultsDirectory>
    <TargetPlatform>X64</TargetPlatform>
    <TargetFrameworkVersion>.NETCoreApp,Version=v3.1</TargetFrameworkVersion>
    <DesignMode>False</DesignMode>
    <CollectSourceInformation>False</CollectSourceInformation>
  </RunConfiguration>
  <LoggerRunSettings>
    <Loggers>
      <Logger friendlyName="blame" enabled="True" />
      <Logger friendlyName="Console" uri="logger://microsoft/TestPlatform/ConsoleLogger/v1" assemblyQualifiedName="Microsoft.VisualStudio.TestPlatform.CommandLine.Internal.ConsoleLogger, vstest.console, Version=15.0.0.0, Culture=neutral, PublicKeyToken=b03f5f7f11d50a3a" codeBase="C:\Program Files\dotnet\sdk\6.0.102\vstest.console.dll" enabled="True" />
    </Loggers>
  </LoggerRunSettings>
  <DataCollectionRunSettings>
    <DataCollectors>
      <DataCollector friendlyName="blame" enabled="True">
        <Configuration>
          <ResultsDirectory>D:\c#Code\softuniC#\04.OOP\08.UnitTesting\Exercies\FightingArena.Tests\bin\Debug\netcoreapp3.1\fine-code-coverage\coverage-tool-output</ResultsDirectory>
        </Configuration>
      </DataCollector>
    </DataCollectors>
  </DataCollectionRunSettings>
</RunSettings>

TpTrace Verbose: 0 : 15928, 1, 2022/03/18, 23:54:12.803, 237904851365, vstest.console.dll, TestRunRequest.ExecuteAsync: Wait for the first run request is over.
TpTrace Verbose: 0 : 15928, 1, 2022/03/18, 23:54:12.803, 237904854992, vstest.console.dll, ParallelProxyExecutionManager: Start execution. Total sources: 1
TpTrace Information: 0 : 15928, 1, 2022/03/18, 23:54:12.803, 237904859318, vstest.console.dll, ProxyParallelExecutionManager: Triggering test run for next source: D:\c#Code\softuniC#\04.OOP\08.UnitTesting\Exercies\FightingArena.Tests\bin\Debug\netcoreapp3.1\fine-code-coverage\build-output\FightingArena.Tests.dll
TpTrace Verbose: 0 : 15928, 5, 2022/03/18, 23:54:12.804, 237904861130, vstest.console.dll, ParallelProxyExecutionManager: Execution started. Started clients: 1
TpTrace Verbose: 0 : 15928, 1, 2022/03/18, 23:54:12.804, 237904861434, vstest.console.dll, ProxyParallelExecutionManager: No sources available for execution.
TpTrace Information: 0 : 15928, 1, 2022/03/18, 23:54:12.804, 237904861887, vstest.console.dll, TestRunRequest.ExecuteAsync: Started.
TpTrace Verbose: 0 : 15928, 1, 2022/03/18, 23:54:12.804, 237904862351, vstest.console.dll, TestRunRequest.WaitForCompletion: Waiting with timeout -1.
TpTrace Verbose: 0 : 15928, 5, 2022/03/18, 23:54:12.804, 237904864051, vstest.console.dll, TestRunRequest:SendTestRunMessage: Starting.
TpTrace Information: 0 : 15928, 5, 2022/03/18, 23:54:12.804, 237904865148, vstest.console.dll, TestRunRequest:SendTestRunMessage: Completed.
TpTrace Verbose: 0 : 15928, 5, 2022/03/18, 23:54:12.804, 237904866741, vstest.console.dll, ProxyExecutionManager: Test host is always Lazy initialize.
TpTrace Verbose: 0 : 15928, 5, 2022/03/18, 23:54:12.804, 237904868496, vstest.console.dll, TestRequestSender.InitializeCommunication: initialize communication. 
TpTrace Information: 0 : 15928, 5, 2022/03/18, 23:54:12.805, 237904872708, vstest.console.dll, SocketServer.Start: Listening on endpoint : 127.0.0.1:50879
TpTrace Verbose: 0 : 15928, 5, 2022/03/18, 23:54:12.805, 237904878611, vstest.console.dll, DotnetTestHostmanager: Adding  --runtimeconfig "D:\c#Code\softuniC#\04.OOP\08.UnitTesting\Exercies\FightingArena.Tests\bin\Debug\netcoreapp3.1\fine-code-coverage\build-output\FightingArena.Tests.runtimeconfig.json" in args
TpTrace Verbose: 0 : 15928, 5, 2022/03/18, 23:54:12.805, 237904879265, vstest.console.dll, DotnetTestHostmanager: Adding  --depsfile "D:\c#Code\softuniC#\04.OOP\08.UnitTesting\Exercies\FightingArena.Tests\bin\Debug\netcoreapp3.1\fine-code-coverage\build-output\FightingArena.Tests.deps.json" in args
TpTrace Information: 0 : 15928, 5, 2022/03/18, 23:54:12.806, 237904881333, vstest.console.dll, AssemblyResolver.OnResolve: Microsoft.Extensions.DependencyModel: Resolving assembly.
TpTrace Information: 0 : 15928, 5, 2022/03/18, 23:54:12.806, 237904881726, vstest.console.dll, AssemblyResolver.OnResolve: Microsoft.Extensions.DependencyModel: Searching in: 'C:\Program Files\dotnet\sdk\6.0.102\Extensions'.
TpTrace Information: 0 : 15928, 5, 2022/03/18, 23:54:12.806, 237904882430, vstest.console.dll, AssemblyResolver.OnResolve: Microsoft.Extensions.DependencyModel: Assembly path does not exist: 'C:\Program Files\dotnet\sdk\6.0.102\Extensions\Microsoft.Extensions.DependencyModel.dll', returning.
TpTrace Information: 0 : 15928, 5, 2022/03/18, 23:54:12.806, 237904882868, vstest.console.dll, AssemblyResolver.OnResolve: Microsoft.Extensions.DependencyModel: Assembly path does not exist: 'C:\Program Files\dotnet\sdk\6.0.102\Extensions\Microsoft.Extensions.DependencyModel.exe', returning.
TpTrace Information: 0 : 15928, 5, 2022/03/18, 23:54:12.806, 237904883066, vstest.console.dll, AssemblyResolver.OnResolve: Microsoft.Extensions.DependencyModel: Searching in: 'C:\Program Files\dotnet\sdk\6.0.102'.
TpTrace Information: 0 : 15928, 5, 2022/03/18, 23:54:12.806, 237904888214, vstest.console.dll, AssemblyResolver.OnResolve: Microsoft.Extensions.DependencyModel: Loading assembly 'C:\Program Files\dotnet\sdk\6.0.102\Microsoft.Extensions.DependencyModel.dll'.
TpTrace Information: 0 : 15928, 5, 2022/03/18, 23:54:12.807, 237904894414, vstest.console.dll, AssemblyResolver.OnResolve: Resolved assembly: Microsoft.Extensions.DependencyModel, from path: C:\Program Files\dotnet\sdk\6.0.102\Microsoft.Extensions.DependencyModel.dll
TpTrace Verbose: 0 : 15928, 5, 2022/03/18, 23:54:12.807, 237904896825, vstest.console.dll, DotnetTestHostmanager: Reading file D:\c#Code\softuniC#\04.OOP\08.UnitTesting\Exercies\FightingArena.Tests\bin\Debug\netcoreapp3.1\fine-code-coverage\build-output\FightingArena.Tests.deps.json to get path of testhost.dll
TpTrace Verbose: 0 : 15928, 5, 2022/03/18, 23:54:12.821, 237905031009, vstest.console.dll, DotnetTestHostmanager: Relative path of testhost.dll with respect to package folder is microsoft.testplatform.testhost/15.9.0\lib/netstandard1.5/testhost.dll
TpTrace Verbose: 0 : 15928, 5, 2022/03/18, 23:54:12.821, 237905037646, vstest.console.dll, DotnetTestHostmanager: Looking for path microsoft.testplatform.testhost/15.9.0\lib/netstandard1.5/testhost.dll in folder C:\Users\peter\.dotnet\store\|arch|\|tfm|
TpTrace Verbose: 0 : 15928, 5, 2022/03/18, 23:54:12.821, 237905038996, vstest.console.dll, DotnetTestHostmanager: Looking for path microsoft.testplatform.testhost/15.9.0\lib/netstandard1.5/testhost.dll in folder C:\Users\peter\.nuget\packages
TpTrace Verbose: 0 : 15928, 5, 2022/03/18, 23:54:12.822, 237905042060, vstest.console.dll, DotnetTestHostmanager: Full path of testhost.dll is C:\Users\peter\.nuget\packages\microsoft.testplatform.testhost/15.9.0\lib/netstandard1.5/testhost.dll
TpTrace Verbose: 0 : 15928, 5, 2022/03/18, 23:54:12.822, 237905042564, vstest.console.dll, DotnetTestHostmanager: Full path of host exe is C:\Program Files\dotnet\dotnet.exe
TpTrace Verbose: 0 : 15928, 7, 2022/03/18, 23:54:12.823, 237905050172, vstest.console.dll, DotnetTestHostManager: Starting process 'C:\Program Files\dotnet\dotnet.exe' with command line 'exec --runtimeconfig "D:\c#Code\softuniC#\04.OOP\08.UnitTesting\Exercies\FightingArena.Tests\bin\Debug\netcoreapp3.1\fine-code-coverage\build-output\FightingArena.Tests.runtimeconfig.json" --depsfile "D:\c#Code\softuniC#\04.OOP\08.UnitTesting\Exercies\FightingArena.Tests\bin\Debug\netcoreapp3.1\fine-code-coverage\build-output\FightingArena.Tests.deps.json" "C:\Users\peter\.nuget\packages\microsoft.testplatform.testhost/15.9.0\lib/netstandard1.5/testhost.dll" --port 50879 --endpoint 127.0.0.1:050879 --role client --parentprocessid 15928 --diag "D:\c#Code\softuniC#\04.OOP\08.UnitTesting\Exercies\FightingArena.Tests\bin\Debug\netcoreapp3.1\fine-code-coverage\coverage-tool-output\diagnostics.host.22-03-18_23-54-12_80556_5.log" --tracelevel 4 --datacollectionport 50878 --telemetryoptedin false'
TpTrace Verbose: 0 : 15928, 7, 2022/03/18, 23:54:12.826, 237905084269, vstest.console.dll, Test Runtime launched
TpTrace Verbose: 0 : 15928, 5, 2022/03/18, 23:54:12.826, 237905089751, vstest.console.dll, TestRequestSender.WaitForRequestHandlerConnection: waiting for connection with timeout: 90000
TpTrace Verbose: 0 : 15928, 7, 2022/03/18, 23:54:12.962, 237906445277, vstest.console.dll, SocketServer.OnClientConnected: Client connected for endPoint: 127.0.0.1:50879, starting MessageLoopAsync:
TpTrace Verbose: 0 : 15928, 7, 2022/03/18, 23:54:12.962, 237906447354, vstest.console.dll, TcpClientExtensions.MessageLoopAsync: Polling on remoteEndPoint: 127.0.0.1:50880 localEndPoint: 127.0.0.1:50879
TpTrace Verbose: 0 : 15928, 7, 2022/03/18, 23:54:13.082, 237907640689, vstest.console.dll, TcpClientExtensions.MessageLoopAsync: NotifyDataAvailable remoteEndPoint: 127.0.0.1:50880 localEndPoint: 127.0.0.1:50879
TpTrace Verbose: 0 : 15928, 7, 2022/03/18, 23:54:13.082, 237907645301, vstest.console.dll, TestRequestSender.CheckVersionWithTestHost: onMessageReceived received message: (ProtocolVersion) -> 2
TpTrace Verbose: 0 : 15928, 7, 2022/03/18, 23:54:13.083, 237907651227, vstest.console.dll, TcpClientExtensions.MessageLoopAsync: Polling on remoteEndPoint: 127.0.0.1:50880 localEndPoint: 127.0.0.1:50879
TpTrace Verbose: 0 : 15928, 5, 2022/03/18, 23:54:13.083, 237907651773, vstest.console.dll, TestPluginCache.GetExtensionPaths: Filtered extension paths: 
TpTrace Verbose: 0 : 15928, 5, 2022/03/18, 23:54:13.083, 237907652635, vstest.console.dll, TestPluginCache.GetExtensionPaths: Added default extension paths: C:\Program Files\dotnet\sdk\6.0.102\Extensions\Microsoft.Diagnostics.NETCore.Client.dll
C:\Program Files\dotnet\sdk\6.0.102\Extensions\Microsoft.TestPlatform.Extensions.BlameDataCollector.dll
C:\Program Files\dotnet\sdk\6.0.102\Extensions\Microsoft.TestPlatform.Extensions.EventLogCollector.dll
C:\Program Files\dotnet\sdk\6.0.102\Extensions\Microsoft.TestPlatform.TestHostRuntimeProvider.dll
C:\Program Files\dotnet\sdk\6.0.102\Extensions\Microsoft.VisualStudio.TestPlatform.Extensions.Html.TestLogger.dll
C:\Program Files\dotnet\sdk\6.0.102\Extensions\Microsoft.VisualStudio.TestPlatform.Extensions.Trx.TestLogger.dll
TpTrace Verbose: 0 : 15928, 5, 2022/03/18, 23:54:13.083, 237907652965, vstest.console.dll, TestPluginCache.GetExtensionPaths: Added unfilterableExtensionPaths: 
TpTrace Verbose: 0 : 15928, 5, 2022/03/18, 23:54:13.085, 237907678325, vstest.console.dll, TestRequestSender.InitializeExecution: Sending initializing execution with message: {"Version":2,"MessageType":"TestExecution.Initialize","Payload":["D:\\c#Code\\softuniC#\\04.OOP\\08.UnitTesting\\Exercies\\FightingArena.Tests\\bin\\Debug\\netcoreapp3.1\\fine-code-coverage\\build-output\\NUnit3.TestAdapter.dll"]}
TpTrace Verbose: 0 : 15928, 7, 2022/03/18, 23:54:13.092, 237907743732, vstest.console.dll, TcpClientExtensions.MessageLoopAsync: NotifyDataAvailable remoteEndPoint: 127.0.0.1:50880 localEndPoint: 127.0.0.1:50879
TpTrace Verbose: 0 : 15928, 7, 2022/03/18, 23:54:13.092, 237907745821, vstest.console.dll, TestRequestSender.OnExecutionMessageReceived: Received message: {"Version":2,"MessageType":"TestSession.Message","Payload":{"MessageLevel":0,"Message":"Logging TestHost Diagnostics in file: D:\\c#Code\\softuniC#\\04.OOP\\08.UnitTesting\\Exercies\\FightingArena.Tests\\bin\\Debug\\netcoreapp3.1\\fine-code-coverage\\coverage-tool-output\\diagnostics.host.22-03-18_23-54-12_80556_5.log"}}
TpTrace Verbose: 0 : 15928, 5, 2022/03/18, 23:54:13.094, 237907760843, vstest.console.dll, TestRequestSender.StartTestRun: Sending test run with message: {"Version":2,"MessageType":"TestExecution.StartWithSources","Payload":{"AdapterSourceMap":{"_none_":["D:\\c#Code\\softuniC#\\04.OOP\\08.UnitTesting\\Exercies\\FightingArena.Tests\\bin\\Debug\\netcoreapp3.1\\fine-code-coverage\\build-output\\FightingArena.Tests.dll"]},"RunSettings":"<RunSettings>\r\n  <RunConfiguration>\r\n    <ResultsDirectory>D:\\c#Code\\softuniC#\\04.OOP\\08.UnitTesting\\Exercies\\FightingArena.Tests\\bin\\Debug\\netcoreapp3.1\\fine-code-coverage\\coverage-tool-output</ResultsDirectory>\r\n    <TargetPlatform>X64</TargetPlatform>\r\n    <TargetFrameworkVersion>.NETCoreApp,Version=v3.1</TargetFrameworkVersion>\r\n    <DesignMode>False</DesignMode>\r\n    <CollectSourceInformation>False</CollectSourceInformation>\r\n  </RunConfiguration>\r\n  <LoggerRunSettings>\r\n    <Loggers>\r\n      <Logger friendlyName=\"blame\" enabled=\"True\" />\r\n      <Logger friendlyName=\"Console\" uri=\"logger://microsoft/TestPlatform/ConsoleLogger/v1\" assemblyQualifiedName=\"Microsoft.VisualStudio.TestPlatform.CommandLine.Internal.ConsoleLogger, vstest.console, Version=15.0.0.0, Culture=neutral, PublicKeyToken=b03f5f7f11d50a3a\" codeBase=\"C:\\Program Files\\dotnet\\sdk\\6.0.102\\vstest.console.dll\" enabled=\"True\" />\r\n    </Loggers>\r\n  </LoggerRunSettings>\r\n  <DataCollectionRunSettings>\r\n    <DataCollectors>\r\n      <DataCollector friendlyName=\"blame\" enabled=\"True\">\r\n        <Configuration>\r\n          <ResultsDirectory>D:\\c#Code\\softuniC#\\04.OOP\\08.UnitTesting\\Exercies\\FightingArena.Tests\\bin\\Debug\\netcoreapp3.1\\fine-code-coverage\\coverage-tool-output</ResultsDirectory>\r\n        </Configuration>\r\n      </DataCollector>\r\n    </DataCollectors>\r\n  </DataCollectionRunSettings>\r\n</RunSettings>","TestExecutionContext":{"FrequencyOfRunStatsChangeEvent":10,"RunStatsChangeEventTimeout":"00:00:01.5000000","InIsolation":false,"KeepAlive":false,"AreTestCaseLevelEventsRequired":false,"IsDebug":false,"TestCaseFilter":null,"FilterOptions":null},"Package":null}}
TpTrace Verbose: 0 : 15928, 7, 2022/03/18, 23:54:13.094, 237907762764, vstest.console.dll, TestRunRequest:SendTestRunMessage: Starting.
TpTrace Information: 0 : 15928, 7, 2022/03/18, 23:54:13.094, 237907763808, vstest.console.dll, TestRunRequest:SendTestRunMessage: Completed.
TpTrace Verbose: 0 : 15928, 7, 2022/03/18, 23:54:13.094, 237907764087, vstest.console.dll, TcpClientExtensions.MessageLoopAsync: Polling on remoteEndPoint: 127.0.0.1:50880 localEndPoint: 127.0.0.1:50879
TpTrace Verbose: 0 : 15928, 7, 2022/03/18, 23:54:13.178, 237908607460, vstest.console.dll, TcpClientExtensions.MessageLoopAsync: NotifyDataAvailable remoteEndPoint: 127.0.0.1:50880 localEndPoint: 127.0.0.1:50879
TpTrace Verbose: 0 : 15928, 7, 2022/03/18, 23:54:13.178, 237908608984, vstest.console.dll, TestRequestSender.OnExecutionMessageReceived: Received message: {"Version":2,"MessageType":"TestSession.Message","Payload":{"MessageLevel":0,"Message":"NUnit Adapter 3.9.0.0: Test execution started"}}
TpTrace Verbose: 0 : 15928, 7, 2022/03/18, 23:54:13.179, 237908611987, vstest.console.dll, TestRunRequest:SendTestRunMessage: Starting.
TpTrace Information: 0 : 15928, 7, 2022/03/18, 23:54:13.179, 237908613004, vstest.console.dll, TestRunRequest:SendTestRunMessage: Completed.
TpTrace Verbose: 0 : 15928, 7, 2022/03/18, 23:54:13.179, 237908613541, vstest.console.dll, TcpClientExtensions.MessageLoopAsync: Polling on remoteEndPoint: 127.0.0.1:50880 localEndPoint: 127.0.0.1:50879
TpTrace Verbose: 0 : 15928, 7, 2022/03/18, 23:54:13.183, 237908659889, vstest.console.dll, TcpClientExtensions.MessageLoopAsync: NotifyDataAvailable remoteEndPoint: 127.0.0.1:50880 localEndPoint: 127.0.0.1:50879
TpTrace Verbose: 0 : 15928, 7, 2022/03/18, 23:54:13.184, 237908661521, vstest.console.dll, TestRequestSender.OnExecutionMessageReceived: Received message: {"Version":2,"MessageType":"TestSession.Message","Payload":{"MessageLevel":0,"Message":"Running all tests in D:\\c#Code\\softuniC#\\04.OOP\\08.UnitTesting\\Exercies\\FightingArena.Tests\\bin\\Debug\\netcoreapp3.1\\fine-code-coverage\\build-output\\FightingArena.Tests.dll"}}
TpTrace Verbose: 0 : 15928, 7, 2022/03/18, 23:54:13.184, 237908664060, vstest.console.dll, TestRunRequest:SendTestRunMessage: Starting.
TpTrace Information: 0 : 15928, 7, 2022/03/18, 23:54:13.184, 237908664849, vstest.console.dll, TestRunRequest:SendTestRunMessage: Completed.
TpTrace Verbose: 0 : 15928, 7, 2022/03/18, 23:54:13.184, 237908665285, vstest.console.dll, TcpClientExtensions.MessageLoopAsync: Polling on remoteEndPoint: 127.0.0.1:50880 localEndPoint: 127.0.0.1:50879
TpTrace Verbose: 0 : 15928, 7, 2022/03/18, 23:54:13.281, 237909632848, vstest.console.dll, TcpClientExtensions.MessageLoopAsync: NotifyDataAvailable remoteEndPoint: 127.0.0.1:50880 localEndPoint: 127.0.0.1:50879
TpTrace Verbose: 0 : 15928, 7, 2022/03/18, 23:54:13.281, 237909634278, vstest.console.dll, TestRequestSender.OnExecutionMessageReceived: Received message: {"Version":2,"MessageType":"TestSession.Message","Payload":{"MessageLevel":0,"Message":"NUnit3TestExecutor converted 23 of 23 NUnit test cases"}}
TpTrace Verbose: 0 : 15928, 7, 2022/03/18, 23:54:13.281, 237909636090, vstest.console.dll, TestRunRequest:SendTestRunMessage: Starting.
TpTrace Information: 0 : 15928, 7, 2022/03/18, 23:54:13.281, 237909636633, vstest.console.dll, TestRunRequest:SendTestRunMessage: Completed.
TpTrace Verbose: 0 : 15928, 7, 2022/03/18, 23:54:13.281, 237909636919, vstest.console.dll, TcpClientExtensions.MessageLoopAsync: Polling on remoteEndPoint: 127.0.0.1:50880 localEndPoint: 127.0.0.1:50879
TpTrace Verbose: 0 : 15928, 7, 2022/03/18, 23:54:13.436, 237911185894, vstest.console.dll, TcpClientExtensions.MessageLoopAsync: NotifyDataAvailable remoteEndPoint: 127.0.0.1:50880 localEndPoint: 127.0.0.1:50879
TpTrace Verbose: 0 : 15928, 7, 2022/03/18, 23:54:13.437, 237911190395, vstest.console.dll, TestRequestSender.OnExecutionMessageReceived: Received message: {"Version":2,"MessageType":"TestExecution.StatsChange","Payload":{"NewTestResults":[{"TestCase":{"Id":"f8f87e17-1883-6513-28c0-f3621ded1456","FullyQualifiedName":"Tests.ArenaTests.CantEnrollTheSameWarriorTwise","DisplayName":"CantEnrollTheSameWarriorTwise","ExecutorUri":"executor://NUnit3TestExecutor","Source":"D:\\c#Code\\softuniC#\\04.OOP\\08.UnitTesting\\Exercies\\FightingArena.Tests\\bin\\Debug\\netcoreapp3.1\\fine-code-coverage\\build-output\\FightingArena.Tests.dll","CodeFilePath":null,"LineNumber":0,"Properties":[]},"Attachments":[],"Outcome":1,"ErrorMessage":null,"ErrorStackTrace":null,"DisplayName":"CantEnrollTheSameWarriorTwise","Messages":[],"ComputerName":"DESKTOP-G5675TN","Duration":"00:00:00.0095770","StartTime":"2022-03-18T21:54:13+00:00","EndTime":"2022-03-18T21:54:13+00:00","Properties":[]},{"TestCase":{"Id":"19724f68-68bc-4b2d-c1e5-965b1d211be1","FullyQualifiedName":"Tests.ArenaTests.DifferentWarriorsCanBeEnroled","DisplayName":"DifferentWarriorsCanBeEnroled","ExecutorUri":"executor://NUnit3TestExecutor","Source":"D:\\c#Code\\softuniC#\\04.OOP\\08.UnitTesting\\Exercies\\FightingArena.Tests\\bin\\Debug\\netcoreapp3.1\\fine-code-coverage\\build-output\\FightingArena.Tests.dll","CodeFilePath":null,"LineNumber":0,"Properties":[{"Key":{"Id":"TestObject.Traits","Label":"Traits","Category":"","Description":"","Attributes":5,"ValueType":"System.Collections.Generic.KeyValuePair`2[[System.String],[System.String]][]"},"Value":[]}]},"Attachments":[],"Outcome":1,"ErrorMessage":null,"ErrorStackTrace":null,"DisplayName":"DifferentWarriorsCanBeEnroled","Messages":[],"ComputerName":"DESKTOP-G5675TN","Duration":"00:00:00.0054950","StartTime":"2022-03-18T21:54:13+00:00","EndTime":"2022-03-18T21:54:13+00:00","Properties":[]},{"TestCase":{"Id":"e67b6736-8f88-6c35-c61d-35b519d0ebc2","FullyQualifiedName":"Tests.ArenaTests.IfTheTwoWarriorsAreOnTheArenaTheyCanFight","DisplayName":"IfTheTwoWarriorsAreOnTheArenaTheyCanFight","ExecutorUri":"executor://NUnit3TestExecutor","Source":"D:\\c#Code\\softuniC#\\04.OOP\\08.UnitTesting\\Exercies\\FightingArena.Tests\\bin\\Debug\\netcoreapp3.1\\fine-code-coverage\\build-output\\FightingArena.Tests.dll","CodeFilePath":null,"LineNumber":0,"Properties":[{"Key":{"Id":"TestObject.Traits","Label":"Traits","Category":"","Description":"","Attributes":5,"ValueType":"System.Collections.Generic.KeyValuePair`2[[System.String],[System.String]][]"},"Value":[]}]},"Attachments":[],"Outcome":1,"ErrorMessage":null,"ErrorStackTrace":null,"DisplayName":"IfTheTwoWarriorsAreOnTheArenaTheyCanFight","Messages":[],"ComputerName":"DESKTOP-G5675TN","Duration":"00:00:00.0014930","StartTime":"2022-03-18T21:54:13+00:00","EndTime":"2022-03-18T21:54:13+00:00","Properties":[]},{"TestCase":{"Id":"710ed034-78ba-2236-832e-2b261062531a","FullyQualifiedName":"Tests.ArenaTests.ThereCanNotBeAfightIfBothWarriorsArentEnrolled","DisplayName":"ThereCanNotBeAfightIfBothWarriorsArentEnrolled","ExecutorUri":"executor://NUnit3TestExecutor","Source":"D:\\c#Code\\softuniC#\\04.OOP\\08.UnitTesting\\Exercies\\FightingArena.Tests\\bin\\Debug\\netcoreapp3.1\\fine-code-coverage\\build-output\\FightingArena.Tests.dll","CodeFilePath":null,"LineNumber":0,"Properties":[{"Key":{"Id":"TestObject.Traits","Label":"Traits","Category":"","Description":"","Attributes":5,"ValueType":"System.Collections.Generic.KeyValuePair`2[[System.String],[System.String]][]"},"Value":[]}]},"Attachments":[],"Outcome":1,"ErrorMessage":null,"ErrorStackTrace":null,"DisplayName":"ThereCanNotBeAfightIfBothWarriorsArentEnrolled","Messages":[],"ComputerName":"DESKTOP-G5675TN","Duration":"00:00:00.0005540","StartTime":"2022-03-18T21:54:13+00:00","EndTime":"2022-03-18T21:54:13+00:00","Properties":[]},{"TestCase":{"Id":"6f507e6d-d2bc-c7d3-b6b8-6963102da6fe","FullyQualifiedName":"Tests.WarriorTests.ConstructorShouldWorkIfDataIsValid(\"James\",20,50)","DisplayName":"ConstructorShouldWorkIfDataIsValid(\"James\",20,50)","ExecutorUri":"executor://NUnit3TestExecutor","Source":"D:\\c#Code\\softuniC#\\04.OOP\\08.UnitTesting\\Exercies\\FightingArena.Tests\\bin\\Debug\\netcoreapp3.1\\fine-code-coverage\\build-output\\FightingArena.Tests.dll","CodeFilePath":null,"LineNumber":0,"Properties":[{"Key":{"Id":"TestObject.Traits","Label":"Traits","Category":"","Description":"","Attributes":5,"ValueType":"System.Collections.Generic.KeyValuePair`2[[System.String],[System.String]][]"},"Value":[]}]},"Attachments":[],"Outcome":1,"ErrorMessage":null,"ErrorStackTrace":null,"DisplayName":"ConstructorShouldWorkIfDataIsValid(\"James\",20,50)","Messages":[],"ComputerName":"DESKTOP-G5675TN","Duration":"00:00:00.0004380","StartTime":"2022-03-18T21:54:13+00:00","EndTime":"2022-03-18T21:54:13+00:00","Properties":[]},{"TestCase":{"Id":"cf72e78f-054b-6f81-758b-19f3bd64b977","FullyQualifiedName":"Tests.WarriorTests.ConstructorShouldWorkIfDataIsValid(\"Ivan\",1,501)","DisplayName":"ConstructorShouldWorkIfDataIsValid(\"Ivan\",1,501)","ExecutorUri":"executor://NUnit3TestExecutor","Source":"D:\\c#Code\\softuniC#\\04.OOP\\08.UnitTesting\\Exercies\\FightingArena.Tests\\bin\\Debug\\netcoreapp3.1\\fine-code-coverage\\build-output\\FightingArena.Tests.dll","CodeFilePath":null,"LineNumber":0,"Properties":[{"Key":{"Id":"TestObject.Traits","Label":"Traits","Category":"","Description":"","Attributes":5,"ValueType":"System.Collections.Generic.KeyValuePair`2[[System.String],[System.String]][]"},"Value":[]}]},"Attachments":[],"Outcome":1,"ErrorMessage":null,"ErrorStackTrace":null,"DisplayName":"ConstructorShouldWorkIfDataIsValid(\"Ivan\",1,501)","Messages":[],"ComputerName":"DESKTOP-G5675TN","Duration":"00:00:00.0001510","StartTime":"2022-03-18T21:54:13+00:00","EndTime":"2022-03-18T21:54:13+00:00","Properties":[]},{"TestCase":{"Id":"b8d82c41-8a22-98fc-70f6-d512e89b63df","FullyQualifiedName":"Tests.WarriorTests.ConstructorShouldWorkIfDataIsValid(\"Gosho\",100,3)","DisplayName":"ConstructorShouldWorkIfDataIsValid(\"Gosho\",100,3)","ExecutorUri":"executor://NUnit3TestExecutor","Source":"D:\\c#Code\\softuniC#\\04.OOP\\08.UnitTesting\\Exercies\\FightingArena.Tests\\bin\\Debug\\netcoreapp3.1\\fine-code-coverage\\build-output\\FightingArena.Tests.dll","CodeFilePath":null,"LineNumber":0,"Properties":[{"Key":{"Id":"TestObject.Traits","Label":"Traits","Category":"","Description":"","Attributes":5,"ValueType":"System.Collections.Generic.KeyValuePair`2[[System.String],[System.String]][]"},"Value":[]}]},"Attachments":[],"Outcome":1,"ErrorMessage":null,"ErrorStackTrace":null,"DisplayName":"ConstructorShouldWorkIfDataIsValid(\"Gosho\",100,3)","Messages":[],"ComputerName":"DESKTOP-G5675TN","Duration":"00:00:00.0001450","StartTime":"2022-03-18T21:54:13+00:00","EndTime":"2022-03-18T21:54:13+00:00","Properties":[]},{"TestCase":{"Id":"351b5db9-76fa-f726-8362-224078ca2714","FullyQualifiedName":"Tests.WarriorTests.DamageCantBeZeroOrNegavite(0)","DisplayName":"DamageCantBeZeroOrNegavite(0)","ExecutorUri":"executor://NUnit3TestExecutor","Source":"D:\\c#Code\\softuniC#\\04.OOP\\08.UnitTesting\\Exercies\\FightingArena.Tests\\bin\\Debug\\netcoreapp3.1\\fine-code-coverage\\build-output\\FightingArena.Tests.dll","CodeFilePath":null,"LineNumber":0,"Properties":[{"Key":{"Id":"TestObject.Traits","Label":"Traits","Category":"","Description":"","Attributes":5,"ValueType":"System.Collections.Generic.KeyValuePair`2[[System.String],[System.String]][]"},"Value":[]}]},"Attachments":[],"Outcome":1,"ErrorMessage":null,"ErrorStackTrace":null,"DisplayName":"DamageCantBeZeroOrNegavite(0)","Messages":[],"ComputerName":"DESKTOP-G5675TN","Duration":"00:00:00.0004720","StartTime":"2022-03-18T21:54:13+00:00","EndTime":"2022-03-18T21:54:13+00:00","Properties":[]},{"TestCase":{"Id":"bea8b061-8201-bf66-96cb-c338b06fe4cc","FullyQualifiedName":"Tests.WarriorTests.DamageCantBeZeroOrNegavite(-123)","DisplayName":"DamageCantBeZeroOrNegavite(-123)","ExecutorUri":"executor://NUnit3TestExecutor","Source":"D:\\c#Code\\softuniC#\\04.OOP\\08.UnitTesting\\Exercies\\FightingArena.Tests\\bin\\Debug\\netcoreapp3.1\\fine-code-coverage\\build-output\\FightingArena.Tests.dll","CodeFilePath":null,"LineNumber":0,"Properties":[{"Key":{"Id":"TestObject.Traits","Label":"Traits","Category":"","Description":"","Attributes":5,"ValueType":"System.Collections.Generic.KeyValuePair`2[[System.String],[System.String]][]"},"Value":[]}]},"Attachments":[],"Outcome":1,"ErrorMessage":null,"ErrorStackTrace":null,"DisplayName":"DamageCantBeZeroOrNegavite(-123)","Messages":[],"ComputerName":"DESKTOP-G5675TN","Duration":"00:00:00.0001890","StartTime":"2022-03-18T21:54:13+00:00","EndTime":"2022-03-18T21:54:13+00:00","Properties":[]}],"TestRunStatistics":{"ExecutedTests":9,"Stats":{"Passed":9}},"ActiveTests":[{"Id":"678405dd-e16c-1cf4-9dea-fc47554c0d47","FullyQualifiedName":"Tests.WarriorTests.DamageIsCalculatedProperly(110,10)","DisplayName":"DamageIsCalculatedProperly(110,10)","ExecutorUri":"executor://NUnit3TestExecutor","Source":"D:\\c#Code\\softuniC#\\04.OOP\\08.UnitTesting\\Exercies\\FightingArena.Tests\\bin\\Debug\\netcoreapp3.1\\fine-code-coverage\\build-output\\FightingArena.Tests.dll","CodeFilePath":null,"LineNumber":0,"Properties":[{"Key":{"Id":"TestObject.Traits","Label":"Traits","Category":"","Description":"","Attributes":5,"ValueType":"System.Collections.Generic.KeyValuePair`2[[System.String],[System.String]][]"},"Value":[]}]}]}}
TpTrace Verbose: 0 : 15928, 7, 2022/03/18, 23:54:13.480, 237911627210, vstest.console.dll, TestRunRequest:SendTestRunStatsChange: Starting.
TpTrace Verbose: 0 : 15928, 7, 2022/03/18, 23:54:13.480, 237911628581, vstest.console.dll, InProgress is DamageIsCalculatedProperly(110,10)
TpTrace Information: 0 : 15928, 7, 2022/03/18, 23:54:13.481, 237911630245, vstest.console.dll, TestRunRequest:SendTestRunStatsChange: Completed.
TpTrace Verbose: 0 : 15928, 7, 2022/03/18, 23:54:13.481, 237911630534, vstest.console.dll, TcpClientExtensions.MessageLoopAsync: Polling on remoteEndPoint: 127.0.0.1:50880 localEndPoint: 127.0.0.1:50879
TpTrace Verbose: 0 : 15928, 7, 2022/03/18, 23:54:13.481, 237911630834, vstest.console.dll, TcpClientExtensions.MessageLoopAsync: NotifyDataAvailable remoteEndPoint: 127.0.0.1:50880 localEndPoint: 127.0.0.1:50879
TpTrace Verbose: 0 : 15928, 7, 2022/03/18, 23:54:13.481, 237911632067, vstest.console.dll, TestRequestSender.OnExecutionMessageReceived: Received message: {"Version":2,"MessageType":"TestExecution.StatsChange","Payload":{"NewTestResults":[{"TestCase":{"Id":"678405dd-e16c-1cf4-9dea-fc47554c0d47","FullyQualifiedName":"Tests.WarriorTests.DamageIsCalculatedProperly(110,10)","DisplayName":"DamageIsCalculatedProperly(110,10)","ExecutorUri":"executor://NUnit3TestExecutor","Source":"D:\\c#Code\\softuniC#\\04.OOP\\08.UnitTesting\\Exercies\\FightingArena.Tests\\bin\\Debug\\netcoreapp3.1\\fine-code-coverage\\build-output\\FightingArena.Tests.dll","CodeFilePath":null,"LineNumber":0,"Properties":[{"Key":{"Id":"TestObject.Traits","Label":"Traits","Category":"","Description":"","Attributes":5,"ValueType":"System.Collections.Generic.KeyValuePair`2[[System.String],[System.String]][]"},"Value":[]}]},"Attachments":[],"Outcome":1,"ErrorMessage":null,"ErrorStackTrace":null,"DisplayName":"DamageIsCalculatedProperly(110,10)","Messages":[],"ComputerName":"DESKTOP-G5675TN","Duration":"00:00:00.0003410","StartTime":"2022-03-18T21:54:13+00:00","EndTime":"2022-03-18T21:54:13+00:00","Properties":[]},{"TestCase":{"Id":"e0af662e-5d18-290b-baf5-f7c1cf66e6bc","FullyQualifiedName":"Tests.WarriorTests.HpCantBeNegative(-123)","DisplayName":"HpCantBeNegative(-123)","ExecutorUri":"executor://NUnit3TestExecutor","Source":"D:\\c#Code\\softuniC#\\04.OOP\\08.UnitTesting\\Exercies\\FightingArena.Tests\\bin\\Debug\\netcoreapp3.1\\fine-code-coverage\\build-output\\FightingArena.Tests.dll","CodeFilePath":null,"LineNumber":0,"Properties":[{"Key":{"Id":"TestObject.Traits","Label":"Traits","Category":"","Description":"","Attributes":5,"ValueType":"System.Collections.Generic.KeyValuePair`2[[System.String],[System.String]][]"},"Value":[]}]},"Attachments":[],"Outcome":1,"ErrorMessage":null,"ErrorStackTrace":null,"DisplayName":"HpCantBeNegative(-123)","Messages":[],"ComputerName":"DESKTOP-G5675TN","Duration":"00:00:00.0004750","StartTime":"2022-03-18T21:54:13+00:00","EndTime":"2022-03-18T21:54:13+00:00","Properties":[]},{"TestCase":{"Id":"0dce2559-5124-cd9c-eadf-1ad62d08a331","FullyQualifiedName":"Tests.WarriorTests.HpCantBeNegative(-23)","DisplayName":"HpCantBeNegative(-23)","ExecutorUri":"executor://NUnit3TestExecutor","Source":"D:\\c#Code\\softuniC#\\04.OOP\\08.UnitTesting\\Exercies\\FightingArena.Tests\\bin\\Debug\\netcoreapp3.1\\fine-code-coverage\\build-output\\FightingArena.Tests.dll","CodeFilePath":null,"LineNumber":0,"Properties":[{"Key":{"Id":"TestObject.Traits","Label":"Traits","Category":"","Description":"","Attributes":5,"ValueType":"System.Collections.Generic.KeyValuePair`2[[System.String],[System.String]][]"},"Value":[]}]},"Attachments":[],"Outcome":1,"ErrorMessage":null,"ErrorStackTrace":null,"DisplayName":"HpCantBeNegative(-23)","Messages":[],"ComputerName":"DESKTOP-G5675TN","Duration":"00:00:00.0002020","StartTime":"2022-03-18T21:54:13+00:00","EndTime":"2022-03-18T21:54:13+00:00","Properties":[]},{"TestCase":{"Id":"87b95024-2731-4d98-e1ad-49e969829a77","FullyQualifiedName":"Tests.WarriorTests.NameCannotBeNullEmptyOrWhitespace(null)","DisplayName":"NameCannotBeNullEmptyOrWhitespace(null)","ExecutorUri":"executor://NUnit3TestExecutor","Source":"D:\\c#Code\\softuniC#\\04.OOP\\08.UnitTesting\\Exercies\\FightingArena.Tests\\bin\\Debug\\netcoreapp3.1\\fine-code-coverage\\build-output\\FightingArena.Tests.dll","CodeFilePath":null,"LineNumber":0,"Properties":[{"Key":{"Id":"TestObject.Traits","Label":"Traits","Category":"","Description":"","Attributes":5,"ValueType":"System.Collections.Generic.KeyValuePair`2[[System.String],[System.String]][]"},"Value":[]}]},"Attachments":[],"Outcome":1,"ErrorMessage":null,"ErrorStackTrace":null,"DisplayName":"NameCannotBeNullEmptyOrWhitespace(null)","Messages":[],"ComputerName":"DESKTOP-G5675TN","Duration":"00:00:00.0005010","StartTime":"2022-03-18T21:54:13+00:00","EndTime":"2022-03-18T21:54:13+00:00","Properties":[]},{"TestCase":{"Id":"dbadafb9-ae2e-5f0f-101a-fcaec1bdf31b","FullyQualifiedName":"Tests.WarriorTests.NameCannotBeNullEmptyOrWhitespace(\"\")","DisplayName":"NameCannotBeNullEmptyOrWhitespace(\"\")","ExecutorUri":"executor://NUnit3TestExecutor","Source":"D:\\c#Code\\softuniC#\\04.OOP\\08.UnitTesting\\Exercies\\FightingArena.Tests\\bin\\Debug\\netcoreapp3.1\\fine-code-coverage\\build-output\\FightingArena.Tests.dll","CodeFilePath":null,"LineNumber":0,"Properties":[{"Key":{"Id":"TestObject.Traits","Label":"Traits","Category":"","Description":"","Attributes":5,"ValueType":"System.Collections.Generic.KeyValuePair`2[[System.String],[System.String]][]"},"Value":[]}]},"Attachments":[],"Outcome":1,"ErrorMessage":null,"ErrorStackTrace":null,"DisplayName":"NameCannotBeNullEmptyOrWhitespace(\"\")","Messages":[],"ComputerName":"DESKTOP-G5675TN","Duration":"00:00:00.0002270","StartTime":"2022-03-18T21:54:13+00:00","EndTime":"2022-03-18T21:54:13+00:00","Properties":[]},{"TestCase":{"Id":"68efabe2-eba4-d431-80aa-a0d76999aa0b","FullyQualifiedName":"Tests.WarriorTests.NameCannotBeNullEmptyOrWhitespace(\" \")","DisplayName":"NameCannotBeNullEmptyOrWhitespace(\" \")","ExecutorUri":"executor://NUnit3TestExecutor","Source":"D:\\c#Code\\softuniC#\\04.OOP\\08.UnitTesting\\Exercies\\FightingArena.Tests\\bin\\Debug\\netcoreapp3.1\\fine-code-coverage\\build-output\\FightingArena.Tests.dll","CodeFilePath":null,"LineNumber":0,"Properties":[{"Key":{"Id":"TestObject.Traits","Label":"Traits","Category":"","Description":"","Attributes":5,"ValueType":"System.Collections.Generic.KeyValuePair`2[[System.String],[System.String]][]"},"Value":[]}]},"Attachments":[],"Outcome":1,"ErrorMessage":null,"ErrorStackTrace":null,"DisplayName":"NameCannotBeNullEmptyOrWhitespace(\" \")","Messages":[],"ComputerName":"DESKTOP-G5675TN","Duration":"00:00:00.0002570","StartTime":"2022-03-18T21:54:13+00:00","EndTime":"2022-03-18T21:54:13+00:00","Properties":[]},{"TestCase":{"Id":"1b698d99-dac6-bcfd-7af5-7500c507faa1","FullyQualifiedName":"Tests.WarriorTests.WarriorCantAttackEnemiesUnder30Hp(10)","DisplayName":"WarriorCantAttackEnemiesUnder30Hp(10)","ExecutorUri":"executor://NUnit3TestExecutor","Source":"D:\\c#Code\\softuniC#\\04.OOP\\08.UnitTesting\\Exercies\\FightingArena.Tests\\bin\\Debug\\netcoreapp3.1\\fine-code-coverage\\build-output\\FightingArena.Tests.dll","CodeFilePath":null,"LineNumber":0,"Properties":[{"Key":{"Id":"TestObject.Traits","Label":"Traits","Category":"","Description":"","Attributes":5,"ValueType":"System.Collections.Generic.KeyValuePair`2[[System.String],[System.String]][]"},"Value":[]}]},"Attachments":[],"Outcome":1,"ErrorMessage":null,"ErrorStackTrace":null,"DisplayName":"WarriorCantAttackEnemiesUnder30Hp(10)","Messages":[],"ComputerName":"DESKTOP-G5675TN","Duration":"00:00:00.0005350","StartTime":"2022-03-18T21:54:13+00:00","EndTime":"2022-03-18T21:54:13+00:00","Properties":[]},{"TestCase":{"Id":"d6b88f6a-fa7c-9caa-fb05-3088ab0a2daa","FullyQualifiedName":"Tests.WarriorTests.WarriorCantAttackEnemiesUnder30Hp(1)","DisplayName":"WarriorCantAttackEnemiesUnder30Hp(1)","ExecutorUri":"executor://NUnit3TestExecutor","Source":"D:\\c#Code\\softuniC#\\04.OOP\\08.UnitTesting\\Exercies\\FightingArena.Tests\\bin\\Debug\\netcoreapp3.1\\fine-code-coverage\\build-output\\FightingArena.Tests.dll","CodeFilePath":null,"LineNumber":0,"Properties":[{"Key":{"Id":"TestObject.Traits","Label":"Traits","Category":"","Description":"","Attributes":5,"ValueType":"System.Collections.Generic.KeyValuePair`2[[System.String],[System.String]][]"},"Value":[]}]},"Attachments":[],"Outcome":1,"ErrorMessage":null,"ErrorStackTrace":null,"DisplayName":"WarriorCantAttackEnemiesUnder30Hp(1)","Messages":[],"ComputerName":"DESKTOP-G5675TN","Duration":"00:00:00.0002400","StartTime":"2022-03-18T21:54:13+00:00","EndTime":"2022-03-18T21:54:13+00:00","Properties":[]},{"TestCase":{"Id":"bea23c42-7534-de55-433e-e9e6c9145232","FullyQualifiedName":"Tests.WarriorTests.WarriorCantAttackEnemiesUnder30Hp(29)","DisplayName":"WarriorCantAttackEnemiesUnder30Hp(29)","ExecutorUri":"executor://NUnit3TestExecutor","Source":"D:\\c#Code\\softuniC#\\04.OOP\\08.UnitTesting\\Exercies\\FightingArena.Tests\\bin\\Debug\\netcoreapp3.1\\fine-code-coverage\\build-output\\FightingArena.Tests.dll","CodeFilePath":null,"LineNumber":0,"Properties":[{"Key":{"Id":"TestObject.Traits","Label":"Traits","Category":"","Description":"","Attributes":5,"ValueType":"System.Collections.Generic.KeyValuePair`2[[System.String],[System.String]][]"},"Value":[]}]},"Attachments":[],"Outcome":1,"ErrorMessage":null,"ErrorStackTrace":null,"DisplayName":"WarriorCantAttackEnemiesUnder30Hp(29)","Messages":[],"ComputerName":"DESKTOP-G5675TN","Duration":"00:00:00.0003010","StartTime":"2022-03-18T21:54:13+00:00","EndTime":"2022-03-18T21:54:13+00:00","Properties":[]}],"TestRunStatistics":{"ExecutedTests":18,"Stats":{"Passed":18}},"ActiveTests":[{"Id":"030afd55-eb55-d594-b509-70b443f7b57a","FullyQualifiedName":"Tests.WarriorTests.WarriorCantAttackIfHeIsUnder30Hp(10)","DisplayName":"WarriorCantAttackIfHeIsUnder30Hp(10)","ExecutorUri":"executor://NUnit3TestExecutor","Source":"D:\\c#Code\\softuniC#\\04.OOP\\08.UnitTesting\\Exercies\\FightingArena.Tests\\bin\\Debug\\netcoreapp3.1\\fine-code-coverage\\build-output\\FightingArena.Tests.dll","CodeFilePath":null,"LineNumber":0,"Properties":[{"Key":{"Id":"TestObject.Traits","Label":"Traits","Category":"","Description":"","Attributes":5,"ValueType":"System.Collections.Generic.KeyValuePair`2[[System.String],[System.String]][]"},"Value":[]}]}]}}
TpTrace Verbose: 0 : 15928, 7, 2022/03/18, 23:54:13.484, 237911660671, vstest.console.dll, TestRunRequest:SendTestRunStatsChange: Starting.
TpTrace Verbose: 0 : 15928, 7, 2022/03/18, 23:54:13.484, 237911661834, vstest.console.dll, InProgress is WarriorCantAttackIfHeIsUnder30Hp(10)
TpTrace Information: 0 : 15928, 7, 2022/03/18, 23:54:13.484, 237911662191, vstest.console.dll, TestRunRequest:SendTestRunStatsChange: Completed.
TpTrace Verbose: 0 : 15928, 7, 2022/03/18, 23:54:13.484, 237911662449, vstest.console.dll, TcpClientExtensions.MessageLoopAsync: Polling on remoteEndPoint: 127.0.0.1:50880 localEndPoint: 127.0.0.1:50879
TpTrace Verbose: 0 : 15928, 7, 2022/03/18, 23:54:13.495, 237911774433, vstest.console.dll, TcpClientExtensions.MessageLoopAsync: NotifyDataAvailable remoteEndPoint: 127.0.0.1:50880 localEndPoint: 127.0.0.1:50879
TpTrace Verbose: 0 : 15928, 7, 2022/03/18, 23:54:13.495, 237911776332, vstest.console.dll, TestRequestSender.OnExecutionMessageReceived: Received message: {"Version":2,"MessageType":"TestSession.Message","Payload":{"MessageLevel":0,"Message":"NUnit Adapter 3.9.0.0: Test execution complete"}}
TpTrace Verbose: 0 : 15928, 7, 2022/03/18, 23:54:13.495, 237911779124, vstest.console.dll, TestRunRequest:SendTestRunMessage: Starting.
TpTrace Information: 0 : 15928, 7, 2022/03/18, 23:54:13.496, 237911780097, vstest.console.dll, TestRunRequest:SendTestRunMessage: Completed.
TpTrace Verbose: 0 : 15928, 7, 2022/03/18, 23:54:13.496, 237911780622, vstest.console.dll, TcpClientExtensions.MessageLoopAsync: Polling on remoteEndPoint: 127.0.0.1:50880 localEndPoint: 127.0.0.1:50879
TpTrace Verbose: 0 : 15928, 7, 2022/03/18, 23:54:13.505, 237911879229, vstest.console.dll, TcpClientExtensions.MessageLoopAsync: NotifyDataAvailable remoteEndPoint: 127.0.0.1:50880 localEndPoint: 127.0.0.1:50879
TpTrace Verbose: 0 : 15928, 7, 2022/03/18, 23:54:13.506, 237911883162, vstest.console.dll, TestRequestSender.OnExecutionMessageReceived: Received message: {"Version":2,"MessageType":"TestExecution.Completed","Payload":{"TestRunCompleteArgs":{"TestRunStatistics":{"ExecutedTests":23,"Stats":{"Passed":23}},"IsCanceled":false,"IsAborted":false,"Error":null,"AttachmentSets":[],"ElapsedTimeInRunningTests":"00:00:00.3313679","Metrics":{}},"LastRunTests":{"NewTestResults":[{"TestCase":{"Id":"030afd55-eb55-d594-b509-70b443f7b57a","FullyQualifiedName":"Tests.WarriorTests.WarriorCantAttackIfHeIsUnder30Hp(10)","DisplayName":"WarriorCantAttackIfHeIsUnder30Hp(10)","ExecutorUri":"executor://NUnit3TestExecutor","Source":"D:\\c#Code\\softuniC#\\04.OOP\\08.UnitTesting\\Exercies\\FightingArena.Tests\\bin\\Debug\\netcoreapp3.1\\fine-code-coverage\\build-output\\FightingArena.Tests.dll","CodeFilePath":null,"LineNumber":0,"Properties":[{"Key":{"Id":"TestObject.Traits","Label":"Traits","Category":"","Description":"","Attributes":5,"ValueType":"System.Collections.Generic.KeyValuePair`2[[System.String],[System.String]][]"},"Value":[]}]},"Attachments":[],"Outcome":1,"ErrorMessage":null,"ErrorStackTrace":null,"DisplayName":"WarriorCantAttackIfHeIsUnder30Hp(10)","Messages":[],"ComputerName":"DESKTOP-G5675TN","Duration":"00:00:00.0005570","StartTime":"2022-03-18T21:54:13+00:00","EndTime":"2022-03-18T21:54:13+00:00","Properties":[]},{"TestCase":{"Id":"c99115c4-250e-8410-27b0-4c2ad94d55e4","FullyQualifiedName":"Tests.WarriorTests.WarriorCantAttackIfHeIsUnder30Hp(1)","DisplayName":"WarriorCantAttackIfHeIsUnder30Hp(1)","ExecutorUri":"executor://NUnit3TestExecutor","Source":"D:\\c#Code\\softuniC#\\04.OOP\\08.UnitTesting\\Exercies\\FightingArena.Tests\\bin\\Debug\\netcoreapp3.1\\fine-code-coverage\\build-output\\FightingArena.Tests.dll","CodeFilePath":null,"LineNumber":0,"Properties":[{"Key":{"Id":"TestObject.Traits","Label":"Traits","Category":"","Description":"","Attributes":5,"ValueType":"System.Collections.Generic.KeyValuePair`2[[System.String],[System.String]][]"},"Value":[]}]},"Attachments":[],"Outcome":1,"ErrorMessage":null,"ErrorStackTrace":null,"DisplayName":"WarriorCantAttackIfHeIsUnder30Hp(1)","Messages":[],"ComputerName":"DESKTOP-G5675TN","Duration":"00:00:00.0002220","StartTime":"2022-03-18T21:54:13+00:00","EndTime":"2022-03-18T21:54:13+00:00","Properties":[]},{"TestCase":{"Id":"61083ac2-48fc-e3a7-85ea-3d5211ef5582","FullyQualifiedName":"Tests.WarriorTests.WarriorCantAttackIfHeIsUnder30Hp(29)","DisplayName":"WarriorCantAttackIfHeIsUnder30Hp(29)","ExecutorUri":"executor://NUnit3TestExecutor","Source":"D:\\c#Code\\softuniC#\\04.OOP\\08.UnitTesting\\Exercies\\FightingArena.Tests\\bin\\Debug\\netcoreapp3.1\\fine-code-coverage\\build-output\\FightingArena.Tests.dll","CodeFilePath":null,"LineNumber":0,"Properties":[{"Key":{"Id":"TestObject.Traits","Label":"Traits","Category":"","Description":"","Attributes":5,"ValueType":"System.Collections.Generic.KeyValuePair`2[[System.String],[System.String]][]"},"Value":[]}]},"Attachments":[],"Outcome":1,"ErrorMessage":null,"ErrorStackTrace":null,"DisplayName":"WarriorCantAttackIfHeIsUnder30Hp(29)","Messages":[],"ComputerName":"DESKTOP-G5675TN","Duration":"00:00:00.0002230","StartTime":"2022-03-18T21:54:13+00:00","EndTime":"2022-03-18T21:54:13+00:00","Properties":[]},{"TestCase":{"Id":"08896523-022e-8480-9a5c-2741885ae876","FullyQualifiedName":"Tests.WarriorTests.WarriorCantAttackStrongerEnemy(50)","DisplayName":"WarriorCantAttackStrongerEnemy(50)","ExecutorUri":"executor://NUnit3TestExecutor","Source":"D:\\c#Code\\softuniC#\\04.OOP\\08.UnitTesting\\Exercies\\FightingArena.Tests\\bin\\Debug\\netcoreapp3.1\\fine-code-coverage\\build-output\\FightingArena.Tests.dll","CodeFilePath":null,"LineNumber":0,"Properties":[{"Key":{"Id":"TestObject.Traits","Label":"Traits","Category":"","Description":"","Attributes":5,"ValueType":"System.Collections.Generic.KeyValuePair`2[[System.String],[System.String]][]"},"Value":[]}]},"Attachments":[],"Outcome":1,"ErrorMessage":null,"ErrorStackTrace":null,"DisplayName":"WarriorCantAttackStrongerEnemy(50)","Messages":[],"ComputerName":"DESKTOP-G5675TN","Duration":"00:00:00.0005680","StartTime":"2022-03-18T21:54:13+00:00","EndTime":"2022-03-18T21:54:13+00:00","Properties":[]},{"TestCase":{"Id":"1b848bc5-118b-2406-342b-e63a5d0fbf14","FullyQualifiedName":"Tests.WarriorTests.WarriorCantAttackStrongerEnemy(41)","DisplayName":"WarriorCantAttackStrongerEnemy(41)","ExecutorUri":"executor://NUnit3TestExecutor","Source":"D:\\c#Code\\softuniC#\\04.OOP\\08.UnitTesting\\Exercies\\FightingArena.Tests\\bin\\Debug\\netcoreapp3.1\\fine-code-coverage\\build-output\\FightingArena.Tests.dll","CodeFilePath":null,"LineNumber":0,"Properties":[{"Key":{"Id":"TestObject.Traits","Label":"Traits","Category":"","Description":"","Attributes":5,"ValueType":"System.Collections.Generic.KeyValuePair`2[[System.String],[System.String]][]"},"Value":[]}]},"Attachments":[],"Outcome":1,"ErrorMessage":null,"ErrorStackTrace":null,"DisplayName":"WarriorCantAttackStrongerEnemy(41)","Messages":[],"ComputerName":"DESKTOP-G5675TN","Duration":"00:00:00.0002070","StartTime":"2022-03-18T21:54:13+00:00","EndTime":"2022-03-18T21:54:13+00:00","Properties":[]}],"TestRunStatistics":{"ExecutedTests":23,"Stats":{"Passed":23}},"ActiveTests":[]},"RunAttachments":[],"ExecutorUris":["executor://nunit3testexecutor/"]}}
TpTrace Verbose: 0 : 15928, 7, 2022/03/18, 23:54:13.507, 237911891513, vstest.console.dll, TestRequestSender.EndSession: Sending end session.
TpTrace Verbose: 0 : 15928, 7, 2022/03/18, 23:54:13.507, 237911893824, vstest.console.dll, ProxyOperationManager.Close: waiting for test host to exit for 100 ms
TpTrace Warning: 0 : 15928, 13, 2022/03/18, 23:54:13.517, 237911993611, vstest.console.dll, TestHostManagerCallbacks.ErrorReceivedCallback Test host standard error line: 
TpTrace Verbose: 0 : 15928, 8, 2022/03/18, 23:54:13.521, 237912037070, vstest.console.dll, TestHostProvider.ExitCallBack: Host exited starting callback.
TpTrace Information: 0 : 15928, 8, 2022/03/18, 23:54:13.522, 237912044440, vstest.console.dll, TestHostManagerCallbacks.ExitCallBack: Testhost processId: 15596 exited with exitcode: 0 error: ''
TpTrace Verbose: 0 : 15928, 8, 2022/03/18, 23:54:13.522, 237912045372, vstest.console.dll, DotnetTestHostManager.OnHostExited: invoking OnHostExited callback
TpTrace Verbose: 0 : 15928, 8, 2022/03/18, 23:54:13.522, 237912045960, vstest.console.dll, CrossPlatEngine.TestHostManagerHostExited: calling on client process exit callback.
TpTrace Information: 0 : 15928, 8, 2022/03/18, 23:54:13.522, 237912046626, vstest.console.dll, TestRequestSender.OnClientProcessExit: Test host process exited. Standard error: 
TpTrace Information: 0 : 15928, 8, 2022/03/18, 23:54:13.522, 237912046897, vstest.console.dll, SocketServer.Stop: Stop server endPoint: 127.0.0.1:50879
TpTrace Warning: 0 : 15928, 7, 2022/03/18, 23:54:13.522, 237912046910, vstest.console.dll, ProxyOperationManager: Timed out waiting for test host to exit. Will terminate process.
TpTrace Information: 0 : 15928, 8, 2022/03/18, 23:54:13.522, 237912047058, vstest.console.dll, SocketServer.Stop: Cancellation requested. Stopping message loop.
TpTrace Verbose: 0 : 15928, 7, 2022/03/18, 23:54:13.523, 237912056128, vstest.console.dll, ProxyDataCollectionManager.InvokeDataCollectionServiceAction: Starting.
TpTrace Information: 0 : 15928, 7, 2022/03/18, 23:54:13.523, 237912056826, vstest.console.dll, ProxyDataCollectionManager.AfterTestRunEnd: Get attachment set for datacollector processId: 13420 port: 50875
TpTrace Verbose: 0 : 15928, 7, 2022/03/18, 23:54:13.523, 237912057195, vstest.console.dll, DataCollectionRequestSender.SendAfterTestRunStartAndGetResult : Send AfterTestRunEnd message with isCancelled: False
TpTrace Verbose: 0 : 15928, 7, 2022/03/18, 23:54:13.527, 237912093665, vstest.console.dll, DataCollectionRequestSender.SendAfterTestRunStartAndGetResult : Received message: (DataCollection.AfterTestRunEndResult) -> {
  "AttachmentSets": [],
  "Metrics": {}
}
TpTrace Information: 0 : 15928, 7, 2022/03/18, 23:54:13.530, 237912121897, vstest.console.dll, ProxyDataCollectionManager.InvokeDataCollectionServiceAction: Completed.
TpTrace Warning: 0 : 15928, 10, 2022/03/18, 23:54:13.531, 237912133652, vstest.console.dll, DataCollectionLauncher.ErrorReceivedCallback datacollector standard error line: 
TpTrace Information: 0 : 15928, 8, 2022/03/18, 23:54:13.538, 237912202233, vstest.console.dll, DataCollectionLauncher.ExitCallBack: Data collector exited with exitcode: 0 error: ''
TpTrace Verbose: 0 : 15928, 7, 2022/03/18, 23:54:13.553, 237912353249, vstest.console.dll, TestRunRequest:SendTestRunStatsChange: Starting.
TpTrace Information: 0 : 15928, 7, 2022/03/18, 23:54:13.553, 237912354412, vstest.console.dll, TestRunRequest:SendTestRunStatsChange: Completed.
TpTrace Verbose: 0 : 15928, 7, 2022/03/18, 23:54:13.553, 237912356122, vstest.console.dll, ParallelProxyExecutionManager: HandlePartialRunComplete: Total completed clients = 1, Run complete = True, Run canceled: False.
TpTrace Verbose: 0 : 15928, 7, 2022/03/18, 23:54:13.569, 237912512265, vstest.console.dll, TestRunRequest:TestRunComplete: Starting. IsAborted:False IsCanceled:False.
TpTrace Verbose: 0 : 15928, 7, 2022/03/18, 23:54:13.569, 237912514953, vstest.console.dll, TestLoggerManager.HandleTestRunComplete: Ignoring as the object is disposed.
TpTrace Information: 0 : 15928, 7, 2022/03/18, 23:54:13.569, 237912518380, vstest.console.dll, TestRunRequest:TestRunComplete: Completed.
TpTrace Verbose: 0 : 15928, 7, 2022/03/18, 23:54:13.569, 237912518753, vstest.console.dll, TestRequestSender.SetOperationComplete: Setting operation complete.
TpTrace Information: 0 : 15928, 7, 2022/03/18, 23:54:13.569, 237912518998, vstest.console.dll, SocketServer.Stop: Stop server endPoint: 127.0.0.1:50879
TpTrace Information: 0 : 15928, 7, 2022/03/18, 23:54:13.569, 237912519141, vstest.console.dll, SocketServer.Stop: Cancellation requested. Stopping message loop.
TpTrace Verbose: 0 : 15928, 1, 2022/03/18, 23:54:13.569, 237912519154, vstest.console.dll, TestRunRequest.Dispose: Starting.
TpTrace Information: 0 : 15928, 7, 2022/03/18, 23:54:13.569, 237912519389, vstest.console.dll, SocketServer.PrivateStop: Stopping server endPoint: 127.0.0.1:50879 error: 
TpTrace Information: 0 : 15928, 1, 2022/03/18, 23:54:13.570, 237912520272, vstest.console.dll, TestRunRequest.Dispose: Completed.
TpTrace Information: 0 : 15928, 1, 2022/03/18, 23:54:13.570, 237912520961, vstest.console.dll, TestRequestManager.RunTests: run tests completed.
TpTrace Information: 0 : 15928, 1, 2022/03/18, 23:54:13.570, 237912522025, vstest.console.dll, RunTestsArgumentProcessor:Execute: Test run is completed.
TpTrace Verbose: 0 : 15928, 1, 2022/03/18, 23:54:13.570, 237912524491, vstest.console.dll, Executor.Execute: Exiting with exit code of 0
TpTrace Verbose: 0 : 15928, 7, 2022/03/18, 23:54:13.570, 237912524715, vstest.console.dll, LengthPrefixCommunicationChannel.Dispose: Dispose reader and writer.
TpTrace Information: 0 : 15928, 7, 2022/03/18, 23:54:13.570, 237912525957, vstest.console.dll, SocketServer.Stop: Raise disconnected event endPoint: 127.0.0.1:50879 error: 
TpTrace Verbose: 0 : 15928, 7, 2022/03/18, 23:54:13.570, 237912526572, vstest.console.dll, TestRequestSender: OnTestRunAbort: Operation is already complete. Skip error message.
TpTrace Verbose: 0 : 15928, 7, 2022/03/18, 23:54:13.570, 237912526774, vstest.console.dll, TcpClientExtensions.MessageLoopAsync: exiting MessageLoopAsync remoteEndPoint: 127.0.0.1:50880 localEndPoint: 127.0.0.1:50879
