TpTrace Verbose: 0 : 12596, 1, 2022/03/16, 18:10:50.989, 6598969874921, vstest.console.dll, Version: 17.0.0
TpTrace Information: 0 : 12596, 1, 2022/03/16, 18:10:51.002, 6598969987433, vstest.console.dll, FilePatternParser: The given file D:\c#Code\softuniC#\04.OOP\08.UnitTesting\Exercies\DatabaseExtended.Tests\bin\Debug\netcoreapp3.1\fine-code-coverage\build-output\DatabaseExtended.Tests.dll is a full path.
TpTrace Verbose: 0 : 12596, 1, 2022/03/16, 18:10:51.010, 6598970069038, vstest.console.dll, TestPluginCache.DiscoverTestExtensions: finding test extensions in assemblies ends with: RuntimeProvider.dll TPluginInfo: Microsoft.VisualStudio.TestPlatform.Common.ExtensionFramework.Utilities.TestRuntimePluginInformation TExtension: Microsoft.VisualStudio.TestPlatform.ObjectModel.Host.ITestRuntimeProvider
TpTrace Verbose: 0 : 12596, 1, 2022/03/16, 18:10:51.011, 6598970072273, vstest.console.dll, TestPluginCache.GetExtensionPaths: Filtered extension paths: 
TpTrace Verbose: 0 : 12596, 1, 2022/03/16, 18:10:51.011, 6598970073098, vstest.console.dll, TestPluginCache.GetExtensionPaths: Added default extension paths: C:\Program Files\dotnet\sdk\6.0.102\Extensions\Microsoft.Diagnostics.NETCore.Client.dll
C:\Program Files\dotnet\sdk\6.0.102\Extensions\Microsoft.TestPlatform.Extensions.BlameDataCollector.dll
C:\Program Files\dotnet\sdk\6.0.102\Extensions\Microsoft.TestPlatform.Extensions.EventLogCollector.dll
C:\Program Files\dotnet\sdk\6.0.102\Extensions\Microsoft.TestPlatform.TestHostRuntimeProvider.dll
C:\Program Files\dotnet\sdk\6.0.102\Extensions\Microsoft.VisualStudio.TestPlatform.Extensions.Html.TestLogger.dll
C:\Program Files\dotnet\sdk\6.0.102\Extensions\Microsoft.VisualStudio.TestPlatform.Extensions.Trx.TestLogger.dll
TpTrace Verbose: 0 : 12596, 1, 2022/03/16, 18:10:51.011, 6598970073381, vstest.console.dll, TestPluginCache.GetExtensionPaths: Added unfilterableExtensionPaths: 
TpTrace Information: 0 : 12596, 1, 2022/03/16, 18:10:51.011, 6598970079729, vstest.console.dll, AssemblyResolver.ctor: Creating AssemblyResolver with searchDirectories C:\Program Files\dotnet\sdk\6.0.102\Extensions,C:\Program Files\dotnet\sdk\6.0.102
TpTrace Verbose: 0 : 12596, 1, 2022/03/16, 18:10:51.013, 6598970097063, vstest.console.dll, TestPluginCache.DiscoverTestExtensions: Discovering the extensions using extension path.
TpTrace Verbose: 0 : 12596, 1, 2022/03/16, 18:10:51.013, 6598970098661, vstest.console.dll, TestPluginCache.GetExtensionPaths: Filtered extension paths: 
TpTrace Verbose: 0 : 12596, 1, 2022/03/16, 18:10:51.013, 6598970098968, vstest.console.dll, TestPluginCache.GetExtensionPaths: Added default extension paths: C:\Program Files\dotnet\sdk\6.0.102\Extensions\Microsoft.Diagnostics.NETCore.Client.dll
C:\Program Files\dotnet\sdk\6.0.102\Extensions\Microsoft.TestPlatform.Extensions.BlameDataCollector.dll
C:\Program Files\dotnet\sdk\6.0.102\Extensions\Microsoft.TestPlatform.Extensions.EventLogCollector.dll
C:\Program Files\dotnet\sdk\6.0.102\Extensions\Microsoft.TestPlatform.TestHostRuntimeProvider.dll
C:\Program Files\dotnet\sdk\6.0.102\Extensions\Microsoft.VisualStudio.TestPlatform.Extensions.Html.TestLogger.dll
C:\Program Files\dotnet\sdk\6.0.102\Extensions\Microsoft.VisualStudio.TestPlatform.Extensions.Trx.TestLogger.dll
TpTrace Verbose: 0 : 12596, 1, 2022/03/16, 18:10:51.013, 6598970099147, vstest.console.dll, TestPluginCache.GetExtensionPaths: Added unfilterableExtensionPaths: 
TpTrace Verbose: 0 : 12596, 1, 2022/03/16, 18:10:51.013, 6598970099599, vstest.console.dll, TestPluginCache.DiscoverTestExtensions: Discovering the extensions using allExtensionPaths: C:\Program Files\dotnet\sdk\6.0.102\Extensions\Microsoft.Diagnostics.NETCore.Client.dll
C:\Program Files\dotnet\sdk\6.0.102\Extensions\Microsoft.TestPlatform.Extensions.BlameDataCollector.dll
C:\Program Files\dotnet\sdk\6.0.102\Extensions\Microsoft.TestPlatform.Extensions.EventLogCollector.dll
C:\Program Files\dotnet\sdk\6.0.102\Extensions\Microsoft.TestPlatform.TestHostRuntimeProvider.dll
C:\Program Files\dotnet\sdk\6.0.102\Extensions\Microsoft.VisualStudio.TestPlatform.Extensions.Html.TestLogger.dll
C:\Program Files\dotnet\sdk\6.0.102\Extensions\Microsoft.VisualStudio.TestPlatform.Extensions.Trx.TestLogger.dll
TpTrace Information: 0 : 12596, 1, 2022/03/16, 18:10:51.013, 6598970100951, vstest.console.dll, AssemblyResolver.AddSearchDirectories: Adding more searchDirectories C:\Program Files\dotnet\sdk\6.0.102\Extensions,C:\Program Files\dotnet\sdk\6.0.102
TpTrace Information: 0 : 12596, 1, 2022/03/16, 18:10:51.013, 6598970101377, vstest.console.dll, AssemblyResolver.AddSearchDirectories: Adding more searchDirectories C:\Program Files\dotnet\sdk\6.0.102\Extensions,C:\Program Files\dotnet\sdk\6.0.102
TpTrace Information: 0 : 12596, 1, 2022/03/16, 18:10:51.013, 6598970101560, vstest.console.dll, AssemblyResolver.AddSearchDirectories: Adding more searchDirectories C:\Program Files\dotnet\sdk\6.0.102\Extensions,C:\Program Files\dotnet\sdk\6.0.102
TpTrace Information: 0 : 12596, 1, 2022/03/16, 18:10:51.013, 6598970101719, vstest.console.dll, AssemblyResolver.AddSearchDirectories: Adding more searchDirectories C:\Program Files\dotnet\sdk\6.0.102\Extensions,C:\Program Files\dotnet\sdk\6.0.102
TpTrace Information: 0 : 12596, 1, 2022/03/16, 18:10:51.013, 6598970101909, vstest.console.dll, AssemblyResolver.AddSearchDirectories: Adding more searchDirectories C:\Program Files\dotnet\sdk\6.0.102\Extensions,C:\Program Files\dotnet\sdk\6.0.102
TpTrace Information: 0 : 12596, 1, 2022/03/16, 18:10:51.013, 6598970102083, vstest.console.dll, AssemblyResolver.AddSearchDirectories: Adding more searchDirectories C:\Program Files\dotnet\sdk\6.0.102\Extensions,C:\Program Files\dotnet\sdk\6.0.102
TpTrace Information: 0 : 12596, 1, 2022/03/16, 18:10:51.014, 6598970104922, vstest.console.dll, AssemblyResolver.OnResolve: Microsoft.Diagnostics.NETCore.Client: Resolving assembly.
TpTrace Information: 0 : 12596, 1, 2022/03/16, 18:10:51.014, 6598970105425, vstest.console.dll, AssemblyResolver.OnResolve: Microsoft.Diagnostics.NETCore.Client: Searching in: 'C:\Program Files\dotnet\sdk\6.0.102\Extensions'.
TpTrace Information: 0 : 12596, 1, 2022/03/16, 18:10:51.015, 6598970117724, vstest.console.dll, AssemblyResolver.OnResolve: Microsoft.Diagnostics.NETCore.Client: Loading assembly 'C:\Program Files\dotnet\sdk\6.0.102\Extensions\Microsoft.Diagnostics.NETCore.Client.dll'.
TpTrace Information: 0 : 12596, 1, 2022/03/16, 18:10:51.016, 6598970124496, vstest.console.dll, AssemblyResolver.OnResolve: Resolved assembly: Microsoft.Diagnostics.NETCore.Client, from path: C:\Program Files\dotnet\sdk\6.0.102\Extensions\Microsoft.Diagnostics.NETCore.Client.dll
TpTrace Information: 0 : 12596, 1, 2022/03/16, 18:10:51.022, 6598970182260, vstest.console.dll, AssemblyResolver.OnResolve: Microsoft.Bcl.AsyncInterfaces: Resolving assembly.
TpTrace Information: 0 : 12596, 1, 2022/03/16, 18:10:51.022, 6598970183377, vstest.console.dll, AssemblyResolver.OnResolve: Microsoft.Bcl.AsyncInterfaces: Searching in: 'C:\Program Files\dotnet\sdk\6.0.102\Extensions'.
TpTrace Information: 0 : 12596, 1, 2022/03/16, 18:10:51.022, 6598970184138, vstest.console.dll, AssemblyResolver.OnResolve: Microsoft.Bcl.AsyncInterfaces: Assembly path does not exist: 'C:\Program Files\dotnet\sdk\6.0.102\Extensions\Microsoft.Bcl.AsyncInterfaces.dll', returning.
TpTrace Information: 0 : 12596, 1, 2022/03/16, 18:10:51.022, 6598970184526, vstest.console.dll, AssemblyResolver.OnResolve: Microsoft.Bcl.AsyncInterfaces: Assembly path does not exist: 'C:\Program Files\dotnet\sdk\6.0.102\Extensions\Microsoft.Bcl.AsyncInterfaces.exe', returning.
TpTrace Information: 0 : 12596, 1, 2022/03/16, 18:10:51.022, 6598970184694, vstest.console.dll, AssemblyResolver.OnResolve: Microsoft.Bcl.AsyncInterfaces: Searching in: 'C:\Program Files\dotnet\sdk\6.0.102'.
TpTrace Information: 0 : 12596, 1, 2022/03/16, 18:10:51.022, 6598970185117, vstest.console.dll, AssemblyResolver.OnResolve: Microsoft.Bcl.AsyncInterfaces: Assembly path does not exist: 'C:\Program Files\dotnet\sdk\6.0.102\Microsoft.Bcl.AsyncInterfaces.dll', returning.
TpTrace Information: 0 : 12596, 1, 2022/03/16, 18:10:51.022, 6598970185520, vstest.console.dll, AssemblyResolver.OnResolve: Microsoft.Bcl.AsyncInterfaces: Assembly path does not exist: 'C:\Program Files\dotnet\sdk\6.0.102\Microsoft.Bcl.AsyncInterfaces.exe', returning.
TpTrace Information: 0 : 12596, 1, 2022/03/16, 18:10:51.022, 6598970186081, vstest.console.dll, AssemblyResolver.OnResolve: Microsoft.Bcl.AsyncInterfaces: Failed to load assembly.
TpTrace Verbose: 0 : 12596, 1, 2022/03/16, 18:10:51.022, 6598970186399, vstest.console.dll, CurrentDomainAssemblyResolve: Resolving assembly 'Microsoft.Bcl.AsyncInterfaces'.
TpTrace Information: 0 : 12596, 1, 2022/03/16, 18:10:51.022, 6598970186869, vstest.console.dll, AssemblyResolver.OnResolve: Microsoft.Bcl.AsyncInterfaces: Resolving assembly.
TpTrace Information: 0 : 12596, 1, 2022/03/16, 18:10:51.022, 6598970187139, vstest.console.dll, AssemblyResolver.OnResolve: Microsoft.Bcl.AsyncInterfaces: Resolved from cache.
TpTrace Verbose: 0 : 12596, 1, 2022/03/16, 18:10:51.022, 6598970187353, vstest.console.dll, CurrentDomainAssemblyResolve: Resolving assembly 'Microsoft.Bcl.AsyncInterfaces'.
TpTrace Verbose: 0 : 12596, 1, 2022/03/16, 18:10:51.022, 6598970187603, vstest.console.dll, CurrentDomainAssemblyResolve: Failed to resolve assembly 'Microsoft.Bcl.AsyncInterfaces'.
TpTrace Verbose: 0 : 12596, 1, 2022/03/16, 18:10:51.027, 6598970235404, vstest.console.dll, CurrentDomainAssemblyResolve: Failed to resolve assembly 'Microsoft.Bcl.AsyncInterfaces'.
TpTrace Warning: 0 : 12596, 1, 2022/03/16, 18:10:51.064, 6598970603727, vstest.console.dll, TestPluginDiscoverer: Failed to get types from assembly 'Microsoft.Diagnostics.NETCore.Client, Version=0.2.4.21401, Culture=neutral, PublicKeyToken=31bf3856ad364e35'.  Skipping test extension scan for this assembly.  Error: System.Reflection.ReflectionTypeLoadException: Unable to load one or more of the requested types.
Could not load file or assembly 'Microsoft.Bcl.AsyncInterfaces, Version=1.0.0.0, Culture=neutral, PublicKeyToken=cc7b13ffcd2ddd51'. The system cannot find the file specified.
   at System.Reflection.RuntimeModule.GetTypes(RuntimeModule module)
   at System.Reflection.Assembly.GetTypes()
   at Microsoft.VisualStudio.TestPlatform.Common.ExtensionFramework.TestPluginDiscoverer.GetTestExtensionsFromAssembly[TPluginInfo,TExtension](Assembly assembly, Dictionary`2 pluginInfos)
System.IO.FileNotFoundException: Could not load file or assembly 'Microsoft.Bcl.AsyncInterfaces, Version=1.0.0.0, Culture=neutral, PublicKeyToken=cc7b13ffcd2ddd51'. The system cannot find the file specified.
File name: 'Microsoft.Bcl.AsyncInterfaces, Version=1.0.0.0, Culture=neutral, PublicKeyToken=cc7b13ffcd2ddd51'
 ---> System.IO.FileNotFoundException: Could not load file or assembly 'Microsoft.Bcl.AsyncInterfaces, Culture=neutral, PublicKeyToken=null'. The system cannot find the file specified.
File name: 'Microsoft.Bcl.AsyncInterfaces, Culture=neutral, PublicKeyToken=null'
   at System.Reflection.RuntimeAssembly.InternalLoad(ObjectHandleOnStack assemblyName, ObjectHandleOnStack requestingAssembly, StackCrawlMarkHandle stackMark, Boolean throwOnFileNotFound, ObjectHandleOnStack assemblyLoadContext, ObjectHandleOnStack retAssembly)
   at System.Reflection.RuntimeAssembly.InternalLoad(AssemblyName assemblyName, RuntimeAssembly requestingAssembly, StackCrawlMark& stackMark, Boolean throwOnFileNotFound, AssemblyLoadContext assemblyLoadContext)
   at System.Reflection.Assembly.Load(AssemblyName assemblyRef)
   at Microsoft.VisualStudio.TestPlatform.Common.ExtensionFramework.TestPluginCache.CurrentDomainAssemblyResolve(Object sender, AssemblyResolveEventArgs args)
   at Microsoft.VisualStudio.TestPlatform.PlatformAbstractions.PlatformAssemblyResolver.AssemblyResolverEvent(Object sender, Object eventArgs)
   at System.Runtime.Loader.AssemblyLoadContext.GetFirstResolvedAssemblyFromResolvingEvent(AssemblyName assemblyName)
   at System.Runtime.Loader.AssemblyLoadContext.ResolveUsingEvent(AssemblyName assemblyName)
   at System.Runtime.Loader.AssemblyLoadContext.ResolveUsingResolvingEvent(IntPtr gchManagedAssemblyLoadContext, AssemblyName assemblyName)
TpTrace Warning: 0 : 12596, 1, 2022/03/16, 18:10:51.064, 6598970605353, vstest.console.dll, LoaderExceptions: System.IO.FileNotFoundException: Could not load file or assembly 'Microsoft.Bcl.AsyncInterfaces, Version=1.0.0.0, Culture=neutral, PublicKeyToken=cc7b13ffcd2ddd51'. The system cannot find the file specified.
File name: 'Microsoft.Bcl.AsyncInterfaces, Version=1.0.0.0, Culture=neutral, PublicKeyToken=cc7b13ffcd2ddd51'
 ---> System.IO.FileNotFoundException: Could not load file or assembly 'Microsoft.Bcl.AsyncInterfaces, Culture=neutral, PublicKeyToken=null'. The system cannot find the file specified.
File name: 'Microsoft.Bcl.AsyncInterfaces, Culture=neutral, PublicKeyToken=null'
   at System.Reflection.RuntimeAssembly.InternalLoad(ObjectHandleOnStack assemblyName, ObjectHandleOnStack requestingAssembly, StackCrawlMarkHandle stackMark, Boolean throwOnFileNotFound, ObjectHandleOnStack assemblyLoadContext, ObjectHandleOnStack retAssembly)
   at System.Reflection.RuntimeAssembly.InternalLoad(AssemblyName assemblyName, RuntimeAssembly requestingAssembly, StackCrawlMark& stackMark, Boolean throwOnFileNotFound, AssemblyLoadContext assemblyLoadContext)
   at System.Reflection.Assembly.Load(AssemblyName assemblyRef)
   at Microsoft.VisualStudio.TestPlatform.Common.ExtensionFramework.TestPluginCache.CurrentDomainAssemblyResolve(Object sender, AssemblyResolveEventArgs args)
   at Microsoft.VisualStudio.TestPlatform.PlatformAbstractions.PlatformAssemblyResolver.AssemblyResolverEvent(Object sender, Object eventArgs)
   at System.Runtime.Loader.AssemblyLoadContext.GetFirstResolvedAssemblyFromResolvingEvent(AssemblyName assemblyName)
   at System.Runtime.Loader.AssemblyLoadContext.ResolveUsingEvent(AssemblyName assemblyName)
   at System.Runtime.Loader.AssemblyLoadContext.ResolveUsingResolvingEvent(IntPtr gchManagedAssemblyLoadContext, AssemblyName assemblyName)
TpTrace Information: 0 : 12596, 1, 2022/03/16, 18:10:51.064, 6598970606125, vstest.console.dll, AssemblyResolver.OnResolve: Microsoft.TestPlatform.Extensions.BlameDataCollector: Resolving assembly.
TpTrace Information: 0 : 12596, 1, 2022/03/16, 18:10:51.064, 6598970606353, vstest.console.dll, AssemblyResolver.OnResolve: Microsoft.TestPlatform.Extensions.BlameDataCollector: Searching in: 'C:\Program Files\dotnet\sdk\6.0.102\Extensions'.
TpTrace Information: 0 : 12596, 1, 2022/03/16, 18:10:51.065, 6598970617346, vstest.console.dll, AssemblyResolver.OnResolve: Microsoft.TestPlatform.Extensions.BlameDataCollector: Loading assembly 'C:\Program Files\dotnet\sdk\6.0.102\Extensions\Microsoft.TestPlatform.Extensions.BlameDataCollector.dll'.
TpTrace Information: 0 : 12596, 1, 2022/03/16, 18:10:51.066, 6598970625232, vstest.console.dll, AssemblyResolver.OnResolve: Resolved assembly: Microsoft.TestPlatform.Extensions.BlameDataCollector, from path: C:\Program Files\dotnet\sdk\6.0.102\Extensions\Microsoft.TestPlatform.Extensions.BlameDataCollector.dll
TpTrace Information: 0 : 12596, 1, 2022/03/16, 18:10:51.067, 6598970635135, vstest.console.dll, AssemblyResolver.OnResolve: Microsoft.TestPlatform.Extensions.EventLogCollector: Resolving assembly.
TpTrace Information: 0 : 12596, 1, 2022/03/16, 18:10:51.067, 6598970635885, vstest.console.dll, AssemblyResolver.OnResolve: Microsoft.TestPlatform.Extensions.EventLogCollector: Searching in: 'C:\Program Files\dotnet\sdk\6.0.102\Extensions'.
TpTrace Information: 0 : 12596, 1, 2022/03/16, 18:10:51.068, 6598970645428, vstest.console.dll, AssemblyResolver.OnResolve: Microsoft.TestPlatform.Extensions.EventLogCollector: Loading assembly 'C:\Program Files\dotnet\sdk\6.0.102\Extensions\Microsoft.TestPlatform.Extensions.EventLogCollector.dll'.
TpTrace Information: 0 : 12596, 1, 2022/03/16, 18:10:51.068, 6598970650848, vstest.console.dll, AssemblyResolver.OnResolve: Resolved assembly: Microsoft.TestPlatform.Extensions.EventLogCollector, from path: C:\Program Files\dotnet\sdk\6.0.102\Extensions\Microsoft.TestPlatform.Extensions.EventLogCollector.dll
TpTrace Information: 0 : 12596, 1, 2022/03/16, 18:10:51.071, 6598970681407, vstest.console.dll, AssemblyResolver.OnResolve: Microsoft.TestPlatform.TestHostRuntimeProvider: Resolving assembly.
TpTrace Information: 0 : 12596, 1, 2022/03/16, 18:10:51.072, 6598970683133, vstest.console.dll, AssemblyResolver.OnResolve: Microsoft.TestPlatform.TestHostRuntimeProvider: Searching in: 'C:\Program Files\dotnet\sdk\6.0.102\Extensions'.
TpTrace Information: 0 : 12596, 1, 2022/03/16, 18:10:51.073, 6598970694839, vstest.console.dll, AssemblyResolver.OnResolve: Microsoft.TestPlatform.TestHostRuntimeProvider: Loading assembly 'C:\Program Files\dotnet\sdk\6.0.102\Extensions\Microsoft.TestPlatform.TestHostRuntimeProvider.dll'.
TpTrace Information: 0 : 12596, 1, 2022/03/16, 18:10:51.073, 6598970700583, vstest.console.dll, AssemblyResolver.OnResolve: Resolved assembly: Microsoft.TestPlatform.TestHostRuntimeProvider, from path: C:\Program Files\dotnet\sdk\6.0.102\Extensions\Microsoft.TestPlatform.TestHostRuntimeProvider.dll
TpTrace Information: 0 : 12596, 1, 2022/03/16, 18:10:51.074, 6598970710678, vstest.console.dll, AssemblyResolver.OnResolve: Microsoft.VisualStudio.TestPlatform.Extensions.Html.TestLogger: Resolving assembly.
TpTrace Information: 0 : 12596, 1, 2022/03/16, 18:10:51.074, 6598970711217, vstest.console.dll, AssemblyResolver.OnResolve: Microsoft.VisualStudio.TestPlatform.Extensions.Html.TestLogger: Searching in: 'C:\Program Files\dotnet\sdk\6.0.102\Extensions'.
TpTrace Information: 0 : 12596, 1, 2022/03/16, 18:10:51.076, 6598970722965, vstest.console.dll, AssemblyResolver.OnResolve: Microsoft.VisualStudio.TestPlatform.Extensions.Html.TestLogger: Loading assembly 'C:\Program Files\dotnet\sdk\6.0.102\Extensions\Microsoft.VisualStudio.TestPlatform.Extensions.Html.TestLogger.dll'.
TpTrace Information: 0 : 12596, 1, 2022/03/16, 18:10:51.076, 6598970731504, vstest.console.dll, AssemblyResolver.OnResolve: Resolved assembly: Microsoft.VisualStudio.TestPlatform.Extensions.Html.TestLogger, from path: C:\Program Files\dotnet\sdk\6.0.102\Extensions\Microsoft.VisualStudio.TestPlatform.Extensions.Html.TestLogger.dll
TpTrace Information: 0 : 12596, 1, 2022/03/16, 18:10:51.077, 6598970735017, vstest.console.dll, AssemblyResolver.OnResolve: Microsoft.VisualStudio.TestPlatform.Extensions.Trx.TestLogger: Resolving assembly.
TpTrace Information: 0 : 12596, 1, 2022/03/16, 18:10:51.077, 6598970735494, vstest.console.dll, AssemblyResolver.OnResolve: Microsoft.VisualStudio.TestPlatform.Extensions.Trx.TestLogger: Searching in: 'C:\Program Files\dotnet\sdk\6.0.102\Extensions'.
TpTrace Information: 0 : 12596, 1, 2022/03/16, 18:10:51.078, 6598970747928, vstest.console.dll, AssemblyResolver.OnResolve: Microsoft.VisualStudio.TestPlatform.Extensions.Trx.TestLogger: Loading assembly 'C:\Program Files\dotnet\sdk\6.0.102\Extensions\Microsoft.VisualStudio.TestPlatform.Extensions.Trx.TestLogger.dll'.
TpTrace Information: 0 : 12596, 1, 2022/03/16, 18:10:51.079, 6598970757294, vstest.console.dll, AssemblyResolver.OnResolve: Resolved assembly: Microsoft.VisualStudio.TestPlatform.Extensions.Trx.TestLogger, from path: C:\Program Files\dotnet\sdk\6.0.102\Extensions\Microsoft.VisualStudio.TestPlatform.Extensions.Trx.TestLogger.dll
TpTrace Verbose: 0 : 12596, 1, 2022/03/16, 18:10:51.080, 6598970766058, vstest.console.dll, TestPluginCache: Discovered the extensions using extension path ''.
TpTrace Verbose: 0 : 12596, 1, 2022/03/16, 18:10:51.080, 6598970766792, vstest.console.dll, TestPluginCache: Discoverers are ''.
TpTrace Verbose: 0 : 12596, 1, 2022/03/16, 18:10:51.080, 6598970766955, vstest.console.dll, TestPluginCache: Executors are ''.
TpTrace Verbose: 0 : 12596, 1, 2022/03/16, 18:10:51.080, 6598970767093, vstest.console.dll, TestPluginCache: Executors2 are ''.
TpTrace Verbose: 0 : 12596, 1, 2022/03/16, 18:10:51.080, 6598970767229, vstest.console.dll, TestPluginCache: Setting providers are ''.
TpTrace Verbose: 0 : 12596, 1, 2022/03/16, 18:10:51.080, 6598970767410, vstest.console.dll, TestPluginCache: Loggers are ''.
TpTrace Information: 0 : 12596, 1, 2022/03/16, 18:10:51.085, 6598970814104, vstest.console.dll, RunTestsArgumentProcessor:Execute: Test run is starting.
TpTrace Verbose: 0 : 12596, 1, 2022/03/16, 18:10:51.085, 6598970815541, vstest.console.dll, RunTestsArgumentProcessor:Execute: Queuing Test run.
TpTrace Information: 0 : 12596, 1, 2022/03/16, 18:10:51.085, 6598970818132, vstest.console.dll, TestRequestManager.RunTests: run tests started.
TpTrace Information: 0 : 12596, 1, 2022/03/16, 18:10:51.089, 6598970857653, vstest.console.dll, AssemblyMetadataProvider.GetFrameWork: Determined framework:'.NETCoreApp,Version=v3.1' for source: 'D:\c#Code\softuniC#\04.OOP\08.UnitTesting\Exercies\DatabaseExtended.Tests\bin\Debug\netcoreapp3.1\fine-code-coverage\build-output\DatabaseExtended.Tests.dll'
TpTrace Information: 0 : 12596, 1, 2022/03/16, 18:10:51.089, 6598970859240, vstest.console.dll, Determined framework for all sources: .NETCoreApp,Version=v3.1
TpTrace Information: 0 : 12596, 1, 2022/03/16, 18:10:51.090, 6598970862831, vstest.console.dll, AssemblyMetadataProvider.GetArchitecture: Determined architecture:AnyCPU info for assembly: D:\c#Code\softuniC#\04.OOP\08.UnitTesting\Exercies\DatabaseExtended.Tests\bin\Debug\netcoreapp3.1\fine-code-coverage\build-output\DatabaseExtended.Tests.dll
TpTrace Information: 0 : 12596, 1, 2022/03/16, 18:10:51.091, 6598970875856, vstest.console.dll, Determined platform for all sources: X64
TpTrace Information: 0 : 12596, 1, 2022/03/16, 18:10:51.093, 6598970893984, vstest.console.dll, Compatible sources list : 
TpTrace Information: 0 : 12596, 1, 2022/03/16, 18:10:51.093, 6598970894824, vstest.console.dll, D:\c#Code\softuniC#\04.OOP\08.UnitTesting\Exercies\DatabaseExtended.Tests\bin\Debug\netcoreapp3.1\fine-code-coverage\build-output\DatabaseExtended.Tests.dll
TpTrace Information: 0 : 12596, 1, 2022/03/16, 18:10:51.097, 6598970937679, vstest.console.dll, InferRunSettingsHelper.IsTestSettingsEnabled: Unable to navigate to RunSettings/MSTest. Current node: RunSettings
TpTrace Information: 0 : 12596, 1, 2022/03/16, 18:10:51.098, 6598970944015, vstest.console.dll, AssemblyResolver.OnResolve: Microsoft.VisualStudio.TestPlatform.Fakes: Resolving assembly.
TpTrace Information: 0 : 12596, 1, 2022/03/16, 18:10:51.098, 6598970944649, vstest.console.dll, AssemblyResolver.OnResolve: Microsoft.VisualStudio.TestPlatform.Fakes: Searching in: 'C:\Program Files\dotnet\sdk\6.0.102\Extensions'.
TpTrace Information: 0 : 12596, 1, 2022/03/16, 18:10:51.098, 6598970945617, vstest.console.dll, AssemblyResolver.OnResolve: Microsoft.VisualStudio.TestPlatform.Fakes: Assembly path does not exist: 'C:\Program Files\dotnet\sdk\6.0.102\Extensions\Microsoft.VisualStudio.TestPlatform.Fakes.dll', returning.
TpTrace Information: 0 : 12596, 1, 2022/03/16, 18:10:51.098, 6598970946029, vstest.console.dll, AssemblyResolver.OnResolve: Microsoft.VisualStudio.TestPlatform.Fakes: Assembly path does not exist: 'C:\Program Files\dotnet\sdk\6.0.102\Extensions\Microsoft.VisualStudio.TestPlatform.Fakes.exe', returning.
TpTrace Information: 0 : 12596, 1, 2022/03/16, 18:10:51.098, 6598970946194, vstest.console.dll, AssemblyResolver.OnResolve: Microsoft.VisualStudio.TestPlatform.Fakes: Searching in: 'C:\Program Files\dotnet\sdk\6.0.102'.
TpTrace Information: 0 : 12596, 1, 2022/03/16, 18:10:51.098, 6598970946657, vstest.console.dll, AssemblyResolver.OnResolve: Microsoft.VisualStudio.TestPlatform.Fakes: Assembly path does not exist: 'C:\Program Files\dotnet\sdk\6.0.102\Microsoft.VisualStudio.TestPlatform.Fakes.dll', returning.
TpTrace Information: 0 : 12596, 1, 2022/03/16, 18:10:51.098, 6598970947016, vstest.console.dll, AssemblyResolver.OnResolve: Microsoft.VisualStudio.TestPlatform.Fakes: Assembly path does not exist: 'C:\Program Files\dotnet\sdk\6.0.102\Microsoft.VisualStudio.TestPlatform.Fakes.exe', returning.
TpTrace Information: 0 : 12596, 1, 2022/03/16, 18:10:51.098, 6598970947181, vstest.console.dll, AssemblyResolver.OnResolve: Microsoft.VisualStudio.TestPlatform.Fakes: Failed to load assembly.
TpTrace Information: 0 : 12596, 1, 2022/03/16, 18:10:51.098, 6598970949366, vstest.console.dll, Failed to load assembly Microsoft.VisualStudio.TestPlatform.Fakes, Version=17.0.0.0, Culture=neutral. Reason:System.IO.FileNotFoundException: Could not load file or assembly 'Microsoft.VisualStudio.TestPlatform.Fakes, Version=17.0.0.0, Culture=neutral, PublicKeyToken=null'. The system cannot find the file specified.
File name: 'Microsoft.VisualStudio.TestPlatform.Fakes, Version=17.0.0.0, Culture=neutral, PublicKeyToken=null'
   at System.Reflection.RuntimeAssembly.InternalLoad(ObjectHandleOnStack assemblyName, ObjectHandleOnStack requestingAssembly, StackCrawlMarkHandle stackMark, Boolean throwOnFileNotFound, ObjectHandleOnStack assemblyLoadContext, ObjectHandleOnStack retAssembly)
   at System.Reflection.RuntimeAssembly.InternalLoad(AssemblyName assemblyName, RuntimeAssembly requestingAssembly, StackCrawlMark& stackMark, Boolean throwOnFileNotFound, AssemblyLoadContext assemblyLoadContext)
   at System.Reflection.Assembly.Load(AssemblyName assemblyRef)
   at Microsoft.VisualStudio.TestPlatform.Common.Utilities.FakesUtilities.LoadTestPlatformAssembly()
TpTrace Verbose: 0 : 12596, 1, 2022/03/16, 18:10:51.101, 6598970980264, vstest.console.dll, TestPluginCache.DiscoverTestExtensions: finding test extensions in assemblies ends with: TestLogger.dll TPluginInfo: Microsoft.VisualStudio.TestPlatform.Common.ExtensionFramework.Utilities.TestLoggerPluginInformation TExtension: Microsoft.VisualStudio.TestPlatform.ObjectModel.Client.ITestLogger
TpTrace Verbose: 0 : 12596, 1, 2022/03/16, 18:10:51.101, 6598970981213, vstest.console.dll, TestPluginCache.GetExtensionPaths: Filtered extension paths: 
TpTrace Verbose: 0 : 12596, 1, 2022/03/16, 18:10:51.101, 6598970981451, vstest.console.dll, TestPluginCache.GetExtensionPaths: Added default extension paths: C:\Program Files\dotnet\sdk\6.0.102\Extensions\Microsoft.Diagnostics.NETCore.Client.dll
C:\Program Files\dotnet\sdk\6.0.102\Extensions\Microsoft.TestPlatform.Extensions.BlameDataCollector.dll
C:\Program Files\dotnet\sdk\6.0.102\Extensions\Microsoft.TestPlatform.Extensions.EventLogCollector.dll
C:\Program Files\dotnet\sdk\6.0.102\Extensions\Microsoft.TestPlatform.TestHostRuntimeProvider.dll
C:\Program Files\dotnet\sdk\6.0.102\Extensions\Microsoft.VisualStudio.TestPlatform.Extensions.Html.TestLogger.dll
C:\Program Files\dotnet\sdk\6.0.102\Extensions\Microsoft.VisualStudio.TestPlatform.Extensions.Trx.TestLogger.dll
TpTrace Verbose: 0 : 12596, 1, 2022/03/16, 18:10:51.101, 6598970981623, vstest.console.dll, TestPluginCache.GetExtensionPaths: Added unfilterableExtensionPaths: 
TpTrace Information: 0 : 12596, 1, 2022/03/16, 18:10:51.102, 6598970983440, vstest.console.dll, AssemblyResolver.AddSearchDirectories: Adding more searchDirectories C:\Program Files\dotnet\sdk\6.0.102\Extensions,C:\Program Files\dotnet\sdk\6.0.102
TpTrace Verbose: 0 : 12596, 1, 2022/03/16, 18:10:51.102, 6598970983755, vstest.console.dll, TestPluginCache.DiscoverTestExtensions: Discovering the extensions using extension path.
TpTrace Verbose: 0 : 12596, 1, 2022/03/16, 18:10:51.102, 6598970983978, vstest.console.dll, TestPluginCache.GetExtensionPaths: Filtered extension paths: 
TpTrace Verbose: 0 : 12596, 1, 2022/03/16, 18:10:51.102, 6598970984190, vstest.console.dll, TestPluginCache.GetExtensionPaths: Added default extension paths: C:\Program Files\dotnet\sdk\6.0.102\Extensions\Microsoft.Diagnostics.NETCore.Client.dll
C:\Program Files\dotnet\sdk\6.0.102\Extensions\Microsoft.TestPlatform.Extensions.BlameDataCollector.dll
C:\Program Files\dotnet\sdk\6.0.102\Extensions\Microsoft.TestPlatform.Extensions.EventLogCollector.dll
C:\Program Files\dotnet\sdk\6.0.102\Extensions\Microsoft.TestPlatform.TestHostRuntimeProvider.dll
C:\Program Files\dotnet\sdk\6.0.102\Extensions\Microsoft.VisualStudio.TestPlatform.Extensions.Html.TestLogger.dll
C:\Program Files\dotnet\sdk\6.0.102\Extensions\Microsoft.VisualStudio.TestPlatform.Extensions.Trx.TestLogger.dll
TpTrace Verbose: 0 : 12596, 1, 2022/03/16, 18:10:51.102, 6598970984356, vstest.console.dll, TestPluginCache.GetExtensionPaths: Added unfilterableExtensionPaths: 
TpTrace Verbose: 0 : 12596, 1, 2022/03/16, 18:10:51.102, 6598970984580, vstest.console.dll, TestPluginCache.DiscoverTestExtensions: Discovering the extensions using allExtensionPaths: C:\Program Files\dotnet\sdk\6.0.102\Extensions\Microsoft.Diagnostics.NETCore.Client.dll
C:\Program Files\dotnet\sdk\6.0.102\Extensions\Microsoft.TestPlatform.Extensions.BlameDataCollector.dll
C:\Program Files\dotnet\sdk\6.0.102\Extensions\Microsoft.TestPlatform.Extensions.EventLogCollector.dll
C:\Program Files\dotnet\sdk\6.0.102\Extensions\Microsoft.TestPlatform.TestHostRuntimeProvider.dll
C:\Program Files\dotnet\sdk\6.0.102\Extensions\Microsoft.VisualStudio.TestPlatform.Extensions.Html.TestLogger.dll
C:\Program Files\dotnet\sdk\6.0.102\Extensions\Microsoft.VisualStudio.TestPlatform.Extensions.Trx.TestLogger.dll
TpTrace Information: 0 : 12596, 1, 2022/03/16, 18:10:51.102, 6598970984852, vstest.console.dll, AssemblyResolver.AddSearchDirectories: Adding more searchDirectories C:\Program Files\dotnet\sdk\6.0.102\Extensions,C:\Program Files\dotnet\sdk\6.0.102
TpTrace Information: 0 : 12596, 1, 2022/03/16, 18:10:51.102, 6598970985097, vstest.console.dll, AssemblyResolver.AddSearchDirectories: Adding more searchDirectories C:\Program Files\dotnet\sdk\6.0.102\Extensions,C:\Program Files\dotnet\sdk\6.0.102
TpTrace Information: 0 : 12596, 1, 2022/03/16, 18:10:51.102, 6598970985256, vstest.console.dll, AssemblyResolver.AddSearchDirectories: Adding more searchDirectories C:\Program Files\dotnet\sdk\6.0.102\Extensions,C:\Program Files\dotnet\sdk\6.0.102
TpTrace Information: 0 : 12596, 1, 2022/03/16, 18:10:51.102, 6598970985411, vstest.console.dll, AssemblyResolver.AddSearchDirectories: Adding more searchDirectories C:\Program Files\dotnet\sdk\6.0.102\Extensions,C:\Program Files\dotnet\sdk\6.0.102
TpTrace Information: 0 : 12596, 1, 2022/03/16, 18:10:51.102, 6598970985601, vstest.console.dll, AssemblyResolver.AddSearchDirectories: Adding more searchDirectories C:\Program Files\dotnet\sdk\6.0.102\Extensions,C:\Program Files\dotnet\sdk\6.0.102
TpTrace Information: 0 : 12596, 1, 2022/03/16, 18:10:51.102, 6598970985756, vstest.console.dll, AssemblyResolver.AddSearchDirectories: Adding more searchDirectories C:\Program Files\dotnet\sdk\6.0.102\Extensions,C:\Program Files\dotnet\sdk\6.0.102
TpTrace Information: 0 : 12596, 1, 2022/03/16, 18:10:51.102, 6598970987716, vstest.console.dll, AssemblyResolver.OnResolve: Microsoft.Bcl.AsyncInterfaces: Resolving assembly.
TpTrace Information: 0 : 12596, 1, 2022/03/16, 18:10:51.102, 6598970988033, vstest.console.dll, AssemblyResolver.OnResolve: Microsoft.Bcl.AsyncInterfaces: Resolved from cache.
TpTrace Verbose: 0 : 12596, 1, 2022/03/16, 18:10:51.102, 6598970988300, vstest.console.dll, CurrentDomainAssemblyResolve: Resolving assembly 'Microsoft.Bcl.AsyncInterfaces'.
TpTrace Information: 0 : 12596, 1, 2022/03/16, 18:10:51.102, 6598970988611, vstest.console.dll, AssemblyResolver.OnResolve: Microsoft.Bcl.AsyncInterfaces: Resolving assembly.
TpTrace Information: 0 : 12596, 1, 2022/03/16, 18:10:51.102, 6598970988776, vstest.console.dll, AssemblyResolver.OnResolve: Microsoft.Bcl.AsyncInterfaces: Resolved from cache.
TpTrace Verbose: 0 : 12596, 1, 2022/03/16, 18:10:51.102, 6598970988939, vstest.console.dll, CurrentDomainAssemblyResolve: Resolving assembly 'Microsoft.Bcl.AsyncInterfaces'.
TpTrace Verbose: 0 : 12596, 1, 2022/03/16, 18:10:51.102, 6598970989125, vstest.console.dll, CurrentDomainAssemblyResolve: Failed to resolve assembly 'Microsoft.Bcl.AsyncInterfaces'.
TpTrace Verbose: 0 : 12596, 1, 2022/03/16, 18:10:51.102, 6598970990379, vstest.console.dll, CurrentDomainAssemblyResolve: Failed to resolve assembly 'Microsoft.Bcl.AsyncInterfaces'.
TpTrace Warning: 0 : 12596, 1, 2022/03/16, 18:10:51.103, 6598970993142, vstest.console.dll, TestPluginDiscoverer: Failed to get types from assembly 'Microsoft.Diagnostics.NETCore.Client, Version=0.2.4.21401, Culture=neutral, PublicKeyToken=31bf3856ad364e35'.  Skipping test extension scan for this assembly.  Error: System.Reflection.ReflectionTypeLoadException: Unable to load one or more of the requested types.
Could not load file or assembly 'Microsoft.Bcl.AsyncInterfaces, Version=1.0.0.0, Culture=neutral, PublicKeyToken=cc7b13ffcd2ddd51'. The system cannot find the file specified.
   at System.Reflection.RuntimeModule.GetTypes(RuntimeModule module)
   at System.Reflection.Assembly.GetTypes()
   at Microsoft.VisualStudio.TestPlatform.Common.ExtensionFramework.TestPluginDiscoverer.GetTestExtensionsFromAssembly[TPluginInfo,TExtension](Assembly assembly, Dictionary`2 pluginInfos)
System.IO.FileNotFoundException: Could not load file or assembly 'Microsoft.Bcl.AsyncInterfaces, Version=1.0.0.0, Culture=neutral, PublicKeyToken=cc7b13ffcd2ddd51'. The system cannot find the file specified.
File name: 'Microsoft.Bcl.AsyncInterfaces, Version=1.0.0.0, Culture=neutral, PublicKeyToken=cc7b13ffcd2ddd51'
 ---> System.IO.FileNotFoundException: Could not load file or assembly 'Microsoft.Bcl.AsyncInterfaces, Culture=neutral, PublicKeyToken=null'. The system cannot find the file specified.
File name: 'Microsoft.Bcl.AsyncInterfaces, Culture=neutral, PublicKeyToken=null'
   at System.Reflection.RuntimeAssembly.InternalLoad(ObjectHandleOnStack assemblyName, ObjectHandleOnStack requestingAssembly, StackCrawlMarkHandle stackMark, Boolean throwOnFileNotFound, ObjectHandleOnStack assemblyLoadContext, ObjectHandleOnStack retAssembly)
   at System.Reflection.RuntimeAssembly.InternalLoad(AssemblyName assemblyName, RuntimeAssembly requestingAssembly, StackCrawlMark& stackMark, Boolean throwOnFileNotFound, AssemblyLoadContext assemblyLoadContext)
   at System.Reflection.Assembly.Load(AssemblyName assemblyRef)
   at Microsoft.VisualStudio.TestPlatform.Common.ExtensionFramework.TestPluginCache.CurrentDomainAssemblyResolve(Object sender, AssemblyResolveEventArgs args)
   at Microsoft.VisualStudio.TestPlatform.PlatformAbstractions.PlatformAssemblyResolver.AssemblyResolverEvent(Object sender, Object eventArgs)
   at System.Runtime.Loader.AssemblyLoadContext.GetFirstResolvedAssemblyFromResolvingEvent(AssemblyName assemblyName)
   at System.Runtime.Loader.AssemblyLoadContext.ResolveUsingEvent(AssemblyName assemblyName)
   at System.Runtime.Loader.AssemblyLoadContext.ResolveUsingResolvingEvent(IntPtr gchManagedAssemblyLoadContext, AssemblyName assemblyName)
TpTrace Warning: 0 : 12596, 1, 2022/03/16, 18:10:51.103, 6598970994630, vstest.console.dll, LoaderExceptions: System.IO.FileNotFoundException: Could not load file or assembly 'Microsoft.Bcl.AsyncInterfaces, Version=1.0.0.0, Culture=neutral, PublicKeyToken=cc7b13ffcd2ddd51'. The system cannot find the file specified.
File name: 'Microsoft.Bcl.AsyncInterfaces, Version=1.0.0.0, Culture=neutral, PublicKeyToken=cc7b13ffcd2ddd51'
 ---> System.IO.FileNotFoundException: Could not load file or assembly 'Microsoft.Bcl.AsyncInterfaces, Culture=neutral, PublicKeyToken=null'. The system cannot find the file specified.
File name: 'Microsoft.Bcl.AsyncInterfaces, Culture=neutral, PublicKeyToken=null'
   at System.Reflection.RuntimeAssembly.InternalLoad(ObjectHandleOnStack assemblyName, ObjectHandleOnStack requestingAssembly, StackCrawlMarkHandle stackMark, Boolean throwOnFileNotFound, ObjectHandleOnStack assemblyLoadContext, ObjectHandleOnStack retAssembly)
   at System.Reflection.RuntimeAssembly.InternalLoad(AssemblyName assemblyName, RuntimeAssembly requestingAssembly, StackCrawlMark& stackMark, Boolean throwOnFileNotFound, AssemblyLoadContext assemblyLoadContext)
   at System.Reflection.Assembly.Load(AssemblyName assemblyRef)
   at Microsoft.VisualStudio.TestPlatform.Common.ExtensionFramework.TestPluginCache.CurrentDomainAssemblyResolve(Object sender, AssemblyResolveEventArgs args)
   at Microsoft.VisualStudio.TestPlatform.PlatformAbstractions.PlatformAssemblyResolver.AssemblyResolverEvent(Object sender, Object eventArgs)
   at System.Runtime.Loader.AssemblyLoadContext.GetFirstResolvedAssemblyFromResolvingEvent(AssemblyName assemblyName)
   at System.Runtime.Loader.AssemblyLoadContext.ResolveUsingEvent(AssemblyName assemblyName)
   at System.Runtime.Loader.AssemblyLoadContext.ResolveUsingResolvingEvent(IntPtr gchManagedAssemblyLoadContext, AssemblyName assemblyName)
TpTrace Verbose: 0 : 12596, 1, 2022/03/16, 18:10:51.103, 6598970997238, vstest.console.dll, TestPluginCache: Discovered the extensions using extension path ''.
TpTrace Verbose: 0 : 12596, 1, 2022/03/16, 18:10:51.103, 6598970997546, vstest.console.dll, TestPluginCache: Discoverers are ''.
TpTrace Verbose: 0 : 12596, 1, 2022/03/16, 18:10:51.103, 6598970997698, vstest.console.dll, TestPluginCache: Executors are ''.
TpTrace Verbose: 0 : 12596, 1, 2022/03/16, 18:10:51.103, 6598970997833, vstest.console.dll, TestPluginCache: Executors2 are ''.
TpTrace Verbose: 0 : 12596, 1, 2022/03/16, 18:10:51.103, 6598970997967, vstest.console.dll, TestPluginCache: Setting providers are ''.
TpTrace Verbose: 0 : 12596, 1, 2022/03/16, 18:10:51.103, 6598970998472, vstest.console.dll, TestPluginCache: Loggers are 'logger://Microsoft/TestPlatform/Extensions/Blame/v1,logger://Microsoft/TestPlatform/HtmlLogger/v1,logger://Microsoft/TestPlatform/TrxLogger/v1'.
TpTrace Information: 0 : 12596, 1, 2022/03/16, 18:10:51.104, 6598971004070, vstest.console.dll, TestPluginManager.CreateTestExtension: Attempting to load test extension: Microsoft.TestPlatform.Extensions.BlameDataCollector.BlameLogger
TpTrace Information: 0 : 12596, 1, 2022/03/16, 18:10:51.109, 6598971052954, vstest.console.dll, TestPluginManager.CreateTestExtension: Attempting to load test extension: Microsoft.VisualStudio.TestPlatform.CrossPlatEngine.Hosting.DefaultTestHostManager
TpTrace Information: 0 : 12596, 1, 2022/03/16, 18:10:51.109, 6598971055610, vstest.console.dll, TestPluginManager.CreateTestExtension: Attempting to load test extension: Microsoft.VisualStudio.TestPlatform.CrossPlatEngine.Hosting.DotnetTestHostManager
TpTrace Verbose: 0 : 12596, 1, 2022/03/16, 18:10:51.109, 6598971059715, vstest.console.dll, TestEngine: Initializing Parallel Execution as MaxCpuCount is set to: 1
TpTrace Information: 0 : 12596, 1, 2022/03/16, 18:10:51.110, 6598971066382, vstest.console.dll, InferRunSettingsHelper.IsTestSettingsEnabled: Unable to navigate to RunSettings/MSTest. Current node: RunSettings
TpTrace Verbose: 0 : 12596, 1, 2022/03/16, 18:10:51.134, 6598971302533, vstest.console.dll, TestRequestSender is acting as server
TpTrace Verbose: 0 : 12596, 5, 2022/03/16, 18:10:51.138, 6598971348803, vstest.console.dll, DataCollectionRequestSender.InitializeCommunication : Initialize communication. 
TpTrace Information: 0 : 12596, 5, 2022/03/16, 18:10:51.143, 6598971395958, vstest.console.dll, Listening on Endpoint : 127.0.0.1:54751
TpTrace Verbose: 0 : 12596, 5, 2022/03/16, 18:10:51.151, 6598971482033, vstest.console.dll, DotnetDataCollectionLauncher: Full path of dotnet.exe is C:\Program Files\dotnet\dotnet.exe
TpTrace Verbose: 0 : 12596, 5, 2022/03/16, 18:10:51.152, 6598971487803, vstest.console.dll, DotnetDataCollectionLauncher: Adding  --runtimeconfig "C:\Program Files\dotnet\sdk\6.0.102\datacollector.runtimeconfig.json" in args
TpTrace Verbose: 0 : 12596, 5, 2022/03/16, 18:10:51.153, 6598971492432, vstest.console.dll, DotnetDataCollectionLauncher: Adding  --depsfile "C:\Program Files\dotnet\sdk\6.0.102\datacollector.deps.json" in args
TpTrace Information: 0 : 12596, 5, 2022/03/16, 18:10:51.162, 6598971582986, vstest.console.dll, ProxyDataCollectionManager.Initialize: Launched datacollector processId: 5760 port: 54751
TpTrace Information: 0 : 12596, 5, 2022/03/16, 18:10:51.162, 6598971584519, vstest.console.dll, ProxyDataCollectionManager.Initialize: waiting for connection with timeout: 90 seconds
TpTrace Verbose: 0 : 12596, 5, 2022/03/16, 18:10:51.162, 6598971584839, vstest.console.dll, DataCollectionRequestSender.WaitForRequestHandlerConnection : Waiting for connection with timeout: 90000
TpTrace Information: 0 : 12596, 8, 2022/03/16, 18:10:51.273, 6598972695868, vstest.console.dll, Using the buffer size of 16384 bytes
TpTrace Information: 0 : 12596, 8, 2022/03/16, 18:10:51.273, 6598972696887, vstest.console.dll, Accepted Client request and set the flag
TpTrace Verbose: 0 : 12596, 5, 2022/03/16, 18:10:51.273, 6598972697405, vstest.console.dll, ProxyDataCollectionManager.InvokeDataCollectionServiceAction: Starting.
TpTrace Information: 0 : 12596, 5, 2022/03/16, 18:10:51.273, 6598972699236, vstest.console.dll, ProxyDataCollectionManager.BeforeTestRunStart: Get environment variable and port for datacollector processId: 5760 port: 54751
TpTrace Verbose: 0 : 12596, 5, 2022/03/16, 18:10:51.273, 6598972700728, vstest.console.dll, DataCollectionRequestSender.SendBeforeTestRunStartAndGetResult : Send BeforeTestRunStart message with settingsXml <RunSettings><RunConfiguration><ResultsDirectory>D:\c#Code\softuniC#\04.OOP\08.UnitTesting\Exercies\DatabaseExtended.Tests\bin\Debug\netcoreapp3.1\fine-code-coverage\coverage-tool-output</ResultsDirectory><TargetPlatform>X64</TargetPlatform><TargetFrameworkVersion>.NETCoreApp,Version=v3.1</TargetFrameworkVersion><DesignMode>False</DesignMode><CollectSourceInformation>False</CollectSourceInformation><TestAdaptersPaths>C:\Program Files\dotnet\sdk\6.0.102\Extensions</TestAdaptersPaths></RunConfiguration><LoggerRunSettings><Loggers><Logger friendlyName="blame" enabled="True" /><Logger friendlyName="Console" uri="logger://microsoft/TestPlatform/ConsoleLogger/v1" assemblyQualifiedName="Microsoft.VisualStudio.TestPlatform.CommandLine.Internal.ConsoleLogger, vstest.console, Version=15.0.0.0, Culture=neutral, PublicKeyToken=b03f5f7f11d50a3a" codeBase="C:\Program Files\dotnet\sdk\6.0.102\vstest.console.dll" enabled="True" /></Loggers></LoggerRunSettings><DataCollectionRunSettings><DataCollectors><DataCollector friendlyName="blame" enabled="True"><Configuration><ResultsDirectory>D:\c#Code\softuniC#\04.OOP\08.UnitTesting\Exercies\DatabaseExtended.Tests\bin\Debug\netcoreapp3.1\fine-code-coverage\coverage-tool-output</ResultsDirectory></Configuration></DataCollector></DataCollectors></DataCollectionRunSettings></RunSettings> and sources System.Linq.Enumerable+Concat2Iterator`1[System.String]: 
TpTrace Verbose: 0 : 12596, 5, 2022/03/16, 18:10:51.349, 6598973460358, vstest.console.dll, DataCollectionRequestSender.SendBeforeTestRunStartAndGetResult : Received message: (DataCollection.SendMessage) -> {
  "FriendlyName": null,
  "Uri": null,
  "TestCaseId": "00000000-0000-0000-0000-000000000000",
  "Message": "Logging DataCollector Diagnostics in file: D:\\c#Code\\softuniC#\\04.OOP\\08.UnitTesting\\Exercies\\DatabaseExtended.Tests\\bin\\Debug\\netcoreapp3.1\\fine-code-coverage\\coverage-tool-output\\diagnostics.datacollector.22-03-16_18-10-51_14893_5.log",
  "Level": 0
}
TpTrace Verbose: 0 : 12596, 5, 2022/03/16, 18:10:51.419, 6598974158502, vstest.console.dll, DataCollectionRequestSender.SendBeforeTestRunStartAndGetResult : Received message: (DataCollection.BeforeTestRunStartResult) -> {
  "EnvironmentVariables": {},
  "DataCollectionEventsPort": 54754
}
TpTrace Information: 0 : 12596, 5, 2022/03/16, 18:10:51.425, 6598974212440, vstest.console.dll, ProxyDataCollectionManager.BeforeTestRunStart: SendBeforeTestRunStartAndGetResult successful, env variable from datacollector:   and testhost port: 54754
TpTrace Information: 0 : 12596, 5, 2022/03/16, 18:10:51.425, 6598974213641, vstest.console.dll, ProxyDataCollectionManager.InvokeDataCollectionServiceAction: Completed.
TpTrace Verbose: 0 : 12596, 1, 2022/03/16, 18:10:51.425, 6598974215234, vstest.console.dll, TestRunRequest.ExecuteAsync: Creating test run request.
TpTrace Verbose: 0 : 12596, 1, 2022/03/16, 18:10:51.426, 6598974223163, vstest.console.dll, TestRunRequest.ExecuteAsync: Starting.
TpTrace Information: 0 : 12596, 1, 2022/03/16, 18:10:51.426, 6598974227826, vstest.console.dll, TestRunRequest.ExecuteAsync: Starting run with settings:TestRunCriteria:
   KeepAlive=False,FrequencyOfRunStatsChangeEvent=10,RunStatsChangeEventTimeout=00:00:01.5000000,TestCaseFilter=,TestExecutorLauncher=
   Settingsxml=<RunSettings>
  <RunConfiguration>
    <ResultsDirectory>D:\c#Code\softuniC#\04.OOP\08.UnitTesting\Exercies\DatabaseExtended.Tests\bin\Debug\netcoreapp3.1\fine-code-coverage\coverage-tool-output</ResultsDirectory>
    <TargetPlatform>X64</TargetPlatform>
    <TargetFrameworkVersion>.NETCoreApp,Version=v3.1</TargetFrameworkVersion>
    <DesignMode>False</DesignMode>
    <CollectSourceInformation>False</CollectSourceInformation>
  </RunConfiguration>
  <LoggerRunSettings>
    <Loggers>
      <Logger friendlyName="blame" enabled="True" />
      <Logger friendlyName="Console" uri="logger://microsoft/TestPlatform/ConsoleLogger/v1" assemblyQualifiedName="Microsoft.VisualStudio.TestPlatform.CommandLine.Internal.ConsoleLogger, vstest.console, Version=15.0.0.0, Culture=neutral, PublicKeyToken=b03f5f7f11d50a3a" codeBase="C:\Program Files\dotnet\sdk\6.0.102\vstest.console.dll" enabled="True" />
    </Loggers>
  </LoggerRunSettings>
  <DataCollectionRunSettings>
    <DataCollectors>
      <DataCollector friendlyName="blame" enabled="True">
        <Configuration>
          <ResultsDirectory>D:\c#Code\softuniC#\04.OOP\08.UnitTesting\Exercies\DatabaseExtended.Tests\bin\Debug\netcoreapp3.1\fine-code-coverage\coverage-tool-output</ResultsDirectory>
        </Configuration>
      </DataCollector>
    </DataCollectors>
  </DataCollectionRunSettings>
</RunSettings>

TpTrace Verbose: 0 : 12596, 1, 2022/03/16, 18:10:51.426, 6598974228447, vstest.console.dll, TestRunRequest.ExecuteAsync: Wait for the first run request is over.
TpTrace Verbose: 0 : 12596, 1, 2022/03/16, 18:10:51.427, 6598974233902, vstest.console.dll, ParallelProxyExecutionManager: Start execution. Total sources: 1
TpTrace Information: 0 : 12596, 1, 2022/03/16, 18:10:51.427, 6598974240009, vstest.console.dll, ProxyParallelExecutionManager: Triggering test run for next source: D:\c#Code\softuniC#\04.OOP\08.UnitTesting\Exercies\DatabaseExtended.Tests\bin\Debug\netcoreapp3.1\fine-code-coverage\build-output\DatabaseExtended.Tests.dll
TpTrace Verbose: 0 : 12596, 1, 2022/03/16, 18:10:51.427, 6598974241932, vstest.console.dll, ProxyParallelExecutionManager: No sources available for execution.
TpTrace Verbose: 0 : 12596, 5, 2022/03/16, 18:10:51.427, 6598974241910, vstest.console.dll, ParallelProxyExecutionManager: Execution started. Started clients: 1
TpTrace Information: 0 : 12596, 1, 2022/03/16, 18:10:51.428, 6598974242288, vstest.console.dll, TestRunRequest.ExecuteAsync: Started.
TpTrace Verbose: 0 : 12596, 1, 2022/03/16, 18:10:51.428, 6598974243701, vstest.console.dll, TestRunRequest.WaitForCompletion: Waiting with timeout -1.
TpTrace Verbose: 0 : 12596, 5, 2022/03/16, 18:10:51.428, 6598974245690, vstest.console.dll, TestRunRequest:SendTestRunMessage: Starting.
TpTrace Information: 0 : 12596, 5, 2022/03/16, 18:10:51.428, 6598974246918, vstest.console.dll, TestRunRequest:SendTestRunMessage: Completed.
TpTrace Verbose: 0 : 12596, 5, 2022/03/16, 18:10:51.428, 6598974248615, vstest.console.dll, ProxyExecutionManager: Test host is always Lazy initialize.
TpTrace Verbose: 0 : 12596, 5, 2022/03/16, 18:10:51.428, 6598974250582, vstest.console.dll, TestRequestSender.InitializeCommunication: initialize communication. 
TpTrace Information: 0 : 12596, 5, 2022/03/16, 18:10:51.429, 6598974257528, vstest.console.dll, SocketServer.Start: Listening on endpoint : 127.0.0.1:54755
TpTrace Verbose: 0 : 12596, 5, 2022/03/16, 18:10:51.430, 6598974264656, vstest.console.dll, DotnetTestHostmanager: Adding  --runtimeconfig "D:\c#Code\softuniC#\04.OOP\08.UnitTesting\Exercies\DatabaseExtended.Tests\bin\Debug\netcoreapp3.1\fine-code-coverage\build-output\DatabaseExtended.Tests.runtimeconfig.json" in args
TpTrace Verbose: 0 : 12596, 5, 2022/03/16, 18:10:51.430, 6598974265464, vstest.console.dll, DotnetTestHostmanager: Adding  --depsfile "D:\c#Code\softuniC#\04.OOP\08.UnitTesting\Exercies\DatabaseExtended.Tests\bin\Debug\netcoreapp3.1\fine-code-coverage\build-output\DatabaseExtended.Tests.deps.json" in args
TpTrace Information: 0 : 12596, 5, 2022/03/16, 18:10:51.430, 6598974267538, vstest.console.dll, AssemblyResolver.OnResolve: Microsoft.Extensions.DependencyModel: Resolving assembly.
TpTrace Information: 0 : 12596, 5, 2022/03/16, 18:10:51.430, 6598974267943, vstest.console.dll, AssemblyResolver.OnResolve: Microsoft.Extensions.DependencyModel: Searching in: 'C:\Program Files\dotnet\sdk\6.0.102\Extensions'.
TpTrace Information: 0 : 12596, 5, 2022/03/16, 18:10:51.430, 6598974268666, vstest.console.dll, AssemblyResolver.OnResolve: Microsoft.Extensions.DependencyModel: Assembly path does not exist: 'C:\Program Files\dotnet\sdk\6.0.102\Extensions\Microsoft.Extensions.DependencyModel.dll', returning.
TpTrace Information: 0 : 12596, 5, 2022/03/16, 18:10:51.430, 6598974269112, vstest.console.dll, AssemblyResolver.OnResolve: Microsoft.Extensions.DependencyModel: Assembly path does not exist: 'C:\Program Files\dotnet\sdk\6.0.102\Extensions\Microsoft.Extensions.DependencyModel.exe', returning.
TpTrace Information: 0 : 12596, 5, 2022/03/16, 18:10:51.430, 6598974269313, vstest.console.dll, AssemblyResolver.OnResolve: Microsoft.Extensions.DependencyModel: Searching in: 'C:\Program Files\dotnet\sdk\6.0.102'.
TpTrace Information: 0 : 12596, 5, 2022/03/16, 18:10:51.431, 6598974281606, vstest.console.dll, AssemblyResolver.OnResolve: Microsoft.Extensions.DependencyModel: Loading assembly 'C:\Program Files\dotnet\sdk\6.0.102\Microsoft.Extensions.DependencyModel.dll'.
TpTrace Information: 0 : 12596, 5, 2022/03/16, 18:10:51.433, 6598974293260, vstest.console.dll, AssemblyResolver.OnResolve: Resolved assembly: Microsoft.Extensions.DependencyModel, from path: C:\Program Files\dotnet\sdk\6.0.102\Microsoft.Extensions.DependencyModel.dll
TpTrace Verbose: 0 : 12596, 5, 2022/03/16, 18:10:51.433, 6598974296462, vstest.console.dll, DotnetTestHostmanager: Reading file D:\c#Code\softuniC#\04.OOP\08.UnitTesting\Exercies\DatabaseExtended.Tests\bin\Debug\netcoreapp3.1\fine-code-coverage\build-output\DatabaseExtended.Tests.deps.json to get path of testhost.dll
TpTrace Verbose: 0 : 12596, 5, 2022/03/16, 18:10:51.463, 6598974600521, vstest.console.dll, DotnetTestHostmanager: Relative path of testhost.dll with respect to package folder is microsoft.testplatform.testhost/15.9.0\lib/netstandard1.5/testhost.dll
TpTrace Verbose: 0 : 12596, 5, 2022/03/16, 18:10:51.465, 6598974614165, vstest.console.dll, DotnetTestHostmanager: Looking for path microsoft.testplatform.testhost/15.9.0\lib/netstandard1.5/testhost.dll in folder C:\Users\peter\.dotnet\store\|arch|\|tfm|
TpTrace Verbose: 0 : 12596, 5, 2022/03/16, 18:10:51.465, 6598974616103, vstest.console.dll, DotnetTestHostmanager: Looking for path microsoft.testplatform.testhost/15.9.0\lib/netstandard1.5/testhost.dll in folder C:\Users\peter\.nuget\packages
TpTrace Verbose: 0 : 12596, 5, 2022/03/16, 18:10:51.465, 6598974619357, vstest.console.dll, DotnetTestHostmanager: Full path of testhost.dll is C:\Users\peter\.nuget\packages\microsoft.testplatform.testhost/15.9.0\lib/netstandard1.5/testhost.dll
TpTrace Verbose: 0 : 12596, 5, 2022/03/16, 18:10:51.465, 6598974619977, vstest.console.dll, DotnetTestHostmanager: Full path of host exe is C:\Program Files\dotnet\dotnet.exe
TpTrace Verbose: 0 : 12596, 7, 2022/03/16, 18:10:51.466, 6598974630569, vstest.console.dll, DotnetTestHostManager: Starting process 'C:\Program Files\dotnet\dotnet.exe' with command line 'exec --runtimeconfig "D:\c#Code\softuniC#\04.OOP\08.UnitTesting\Exercies\DatabaseExtended.Tests\bin\Debug\netcoreapp3.1\fine-code-coverage\build-output\DatabaseExtended.Tests.runtimeconfig.json" --depsfile "D:\c#Code\softuniC#\04.OOP\08.UnitTesting\Exercies\DatabaseExtended.Tests\bin\Debug\netcoreapp3.1\fine-code-coverage\build-output\DatabaseExtended.Tests.deps.json" "C:\Users\peter\.nuget\packages\microsoft.testplatform.testhost/15.9.0\lib/netstandard1.5/testhost.dll" --port 54755 --endpoint 127.0.0.1:054755 --role client --parentprocessid 12596 --diag "D:\c#Code\softuniC#\04.OOP\08.UnitTesting\Exercies\DatabaseExtended.Tests\bin\Debug\netcoreapp3.1\fine-code-coverage\coverage-tool-output\diagnostics.host.22-03-16_18-10-51_42990_5.log" --tracelevel 4 --datacollectionport 54754 --telemetryoptedin false'
TpTrace Verbose: 0 : 12596, 7, 2022/03/16, 18:10:51.470, 6598974669074, vstest.console.dll, Test Runtime launched
TpTrace Verbose: 0 : 12596, 5, 2022/03/16, 18:10:51.471, 6598974675371, vstest.console.dll, TestRequestSender.WaitForRequestHandlerConnection: waiting for connection with timeout: 90000
TpTrace Verbose: 0 : 12596, 7, 2022/03/16, 18:10:51.618, 6598976144553, vstest.console.dll, SocketServer.OnClientConnected: Client connected for endPoint: 127.0.0.1:54755, starting MessageLoopAsync:
TpTrace Verbose: 0 : 12596, 7, 2022/03/16, 18:10:51.618, 6598976148128, vstest.console.dll, TcpClientExtensions.MessageLoopAsync: Polling on remoteEndPoint: 127.0.0.1:54759 localEndPoint: 127.0.0.1:54755
TpTrace Verbose: 0 : 12596, 7, 2022/03/16, 18:10:51.735, 6598977317488, vstest.console.dll, TcpClientExtensions.MessageLoopAsync: NotifyDataAvailable remoteEndPoint: 127.0.0.1:54759 localEndPoint: 127.0.0.1:54755
TpTrace Verbose: 0 : 12596, 7, 2022/03/16, 18:10:51.735, 6598977321450, vstest.console.dll, TestRequestSender.CheckVersionWithTestHost: onMessageReceived received message: (ProtocolVersion) -> 2
TpTrace Verbose: 0 : 12596, 7, 2022/03/16, 18:10:51.736, 6598977328639, vstest.console.dll, TcpClientExtensions.MessageLoopAsync: Polling on remoteEndPoint: 127.0.0.1:54759 localEndPoint: 127.0.0.1:54755
TpTrace Verbose: 0 : 12596, 5, 2022/03/16, 18:10:51.736, 6598977330424, vstest.console.dll, TestPluginCache.GetExtensionPaths: Filtered extension paths: 
TpTrace Verbose: 0 : 12596, 5, 2022/03/16, 18:10:51.736, 6598977331290, vstest.console.dll, TestPluginCache.GetExtensionPaths: Added default extension paths: C:\Program Files\dotnet\sdk\6.0.102\Extensions\Microsoft.Diagnostics.NETCore.Client.dll
C:\Program Files\dotnet\sdk\6.0.102\Extensions\Microsoft.TestPlatform.Extensions.BlameDataCollector.dll
C:\Program Files\dotnet\sdk\6.0.102\Extensions\Microsoft.TestPlatform.Extensions.EventLogCollector.dll
C:\Program Files\dotnet\sdk\6.0.102\Extensions\Microsoft.TestPlatform.TestHostRuntimeProvider.dll
C:\Program Files\dotnet\sdk\6.0.102\Extensions\Microsoft.VisualStudio.TestPlatform.Extensions.Html.TestLogger.dll
C:\Program Files\dotnet\sdk\6.0.102\Extensions\Microsoft.VisualStudio.TestPlatform.Extensions.Trx.TestLogger.dll
TpTrace Verbose: 0 : 12596, 5, 2022/03/16, 18:10:51.736, 6598977331484, vstest.console.dll, TestPluginCache.GetExtensionPaths: Added unfilterableExtensionPaths: 
TpTrace Verbose: 0 : 12596, 5, 2022/03/16, 18:10:51.739, 6598977357487, vstest.console.dll, TestRequestSender.InitializeExecution: Sending initializing execution with message: {"Version":2,"MessageType":"TestExecution.Initialize","Payload":["D:\\c#Code\\softuniC#\\04.OOP\\08.UnitTesting\\Exercies\\DatabaseExtended.Tests\\bin\\Debug\\netcoreapp3.1\\fine-code-coverage\\build-output\\NUnit3.TestAdapter.dll"]}
TpTrace Verbose: 0 : 12596, 7, 2022/03/16, 18:10:51.746, 6598977422836, vstest.console.dll, TcpClientExtensions.MessageLoopAsync: NotifyDataAvailable remoteEndPoint: 127.0.0.1:54759 localEndPoint: 127.0.0.1:54755
TpTrace Verbose: 0 : 12596, 7, 2022/03/16, 18:10:51.746, 6598977424243, vstest.console.dll, TestRequestSender.OnExecutionMessageReceived: Received message: {"Version":2,"MessageType":"TestSession.Message","Payload":{"MessageLevel":0,"Message":"Logging TestHost Diagnostics in file: D:\\c#Code\\softuniC#\\04.OOP\\08.UnitTesting\\Exercies\\DatabaseExtended.Tests\\bin\\Debug\\netcoreapp3.1\\fine-code-coverage\\coverage-tool-output\\diagnostics.host.22-03-16_18-10-51_42990_5.log"}}
TpTrace Verbose: 0 : 12596, 5, 2022/03/16, 18:10:51.746, 6598977428856, vstest.console.dll, TestRequestSender.StartTestRun: Sending test run with message: {"Version":2,"MessageType":"TestExecution.StartWithSources","Payload":{"AdapterSourceMap":{"_none_":["D:\\c#Code\\softuniC#\\04.OOP\\08.UnitTesting\\Exercies\\DatabaseExtended.Tests\\bin\\Debug\\netcoreapp3.1\\fine-code-coverage\\build-output\\DatabaseExtended.Tests.dll"]},"RunSettings":"<RunSettings>\r\n  <RunConfiguration>\r\n    <ResultsDirectory>D:\\c#Code\\softuniC#\\04.OOP\\08.UnitTesting\\Exercies\\DatabaseExtended.Tests\\bin\\Debug\\netcoreapp3.1\\fine-code-coverage\\coverage-tool-output</ResultsDirectory>\r\n    <TargetPlatform>X64</TargetPlatform>\r\n    <TargetFrameworkVersion>.NETCoreApp,Version=v3.1</TargetFrameworkVersion>\r\n    <DesignMode>False</DesignMode>\r\n    <CollectSourceInformation>False</CollectSourceInformation>\r\n  </RunConfiguration>\r\n  <LoggerRunSettings>\r\n    <Loggers>\r\n      <Logger friendlyName=\"blame\" enabled=\"True\" />\r\n      <Logger friendlyName=\"Console\" uri=\"logger://microsoft/TestPlatform/ConsoleLogger/v1\" assemblyQualifiedName=\"Microsoft.VisualStudio.TestPlatform.CommandLine.Internal.ConsoleLogger, vstest.console, Version=15.0.0.0, Culture=neutral, PublicKeyToken=b03f5f7f11d50a3a\" codeBase=\"C:\\Program Files\\dotnet\\sdk\\6.0.102\\vstest.console.dll\" enabled=\"True\" />\r\n    </Loggers>\r\n  </LoggerRunSettings>\r\n  <DataCollectionRunSettings>\r\n    <DataCollectors>\r\n      <DataCollector friendlyName=\"blame\" enabled=\"True\">\r\n        <Configuration>\r\n          <ResultsDirectory>D:\\c#Code\\softuniC#\\04.OOP\\08.UnitTesting\\Exercies\\DatabaseExtended.Tests\\bin\\Debug\\netcoreapp3.1\\fine-code-coverage\\coverage-tool-output</ResultsDirectory>\r\n        </Configuration>\r\n      </DataCollector>\r\n    </DataCollectors>\r\n  </DataCollectionRunSettings>\r\n</RunSettings>","TestExecutionContext":{"FrequencyOfRunStatsChangeEvent":10,"RunStatsChangeEventTimeout":"00:00:01.5000000","InIsolation":false,"KeepAlive":false,"AreTestCaseLevelEventsRequired":false,"IsDebug":false,"TestCaseFilter":null,"FilterOptions":null},"Package":null}}
TpTrace Verbose: 0 : 12596, 7, 2022/03/16, 18:10:51.747, 6598977439174, vstest.console.dll, TestRunRequest:SendTestRunMessage: Starting.
TpTrace Information: 0 : 12596, 7, 2022/03/16, 18:10:51.747, 6598977440350, vstest.console.dll, TestRunRequest:SendTestRunMessage: Completed.
TpTrace Verbose: 0 : 12596, 7, 2022/03/16, 18:10:51.747, 6598977440572, vstest.console.dll, TcpClientExtensions.MessageLoopAsync: Polling on remoteEndPoint: 127.0.0.1:54759 localEndPoint: 127.0.0.1:54755
TpTrace Verbose: 0 : 12596, 7, 2022/03/16, 18:10:51.839, 6598978353501, vstest.console.dll, TcpClientExtensions.MessageLoopAsync: NotifyDataAvailable remoteEndPoint: 127.0.0.1:54759 localEndPoint: 127.0.0.1:54755
TpTrace Verbose: 0 : 12596, 7, 2022/03/16, 18:10:51.839, 6598978354887, vstest.console.dll, TestRequestSender.OnExecutionMessageReceived: Received message: {"Version":2,"MessageType":"TestSession.Message","Payload":{"MessageLevel":0,"Message":"NUnit Adapter 3.9.0.0: Test execution started"}}
TpTrace Verbose: 0 : 12596, 7, 2022/03/16, 18:10:51.839, 6598978356621, vstest.console.dll, TestRunRequest:SendTestRunMessage: Starting.
TpTrace Information: 0 : 12596, 7, 2022/03/16, 18:10:51.839, 6598978356997, vstest.console.dll, TestRunRequest:SendTestRunMessage: Completed.
TpTrace Verbose: 0 : 12596, 7, 2022/03/16, 18:10:51.839, 6598978357179, vstest.console.dll, TcpClientExtensions.MessageLoopAsync: Polling on remoteEndPoint: 127.0.0.1:54759 localEndPoint: 127.0.0.1:54755
TpTrace Verbose: 0 : 12596, 7, 2022/03/16, 18:10:51.844, 6598978405382, vstest.console.dll, TcpClientExtensions.MessageLoopAsync: NotifyDataAvailable remoteEndPoint: 127.0.0.1:54759 localEndPoint: 127.0.0.1:54755
TpTrace Verbose: 0 : 12596, 7, 2022/03/16, 18:10:51.844, 6598978406860, vstest.console.dll, TestRequestSender.OnExecutionMessageReceived: Received message: {"Version":2,"MessageType":"TestSession.Message","Payload":{"MessageLevel":0,"Message":"Running all tests in D:\\c#Code\\softuniC#\\04.OOP\\08.UnitTesting\\Exercies\\DatabaseExtended.Tests\\bin\\Debug\\netcoreapp3.1\\fine-code-coverage\\build-output\\DatabaseExtended.Tests.dll"}}
TpTrace Verbose: 0 : 12596, 7, 2022/03/16, 18:10:51.844, 6598978409348, vstest.console.dll, TestRunRequest:SendTestRunMessage: Starting.
TpTrace Information: 0 : 12596, 7, 2022/03/16, 18:10:51.844, 6598978410245, vstest.console.dll, TestRunRequest:SendTestRunMessage: Completed.
TpTrace Verbose: 0 : 12596, 7, 2022/03/16, 18:10:51.844, 6598978410754, vstest.console.dll, TcpClientExtensions.MessageLoopAsync: Polling on remoteEndPoint: 127.0.0.1:54759 localEndPoint: 127.0.0.1:54755
TpTrace Verbose: 0 : 12596, 7, 2022/03/16, 18:10:51.948, 6598979447493, vstest.console.dll, TcpClientExtensions.MessageLoopAsync: NotifyDataAvailable remoteEndPoint: 127.0.0.1:54759 localEndPoint: 127.0.0.1:54755
TpTrace Verbose: 0 : 12596, 7, 2022/03/16, 18:10:51.948, 6598979449069, vstest.console.dll, TestRequestSender.OnExecutionMessageReceived: Received message: {"Version":2,"MessageType":"TestSession.Message","Payload":{"MessageLevel":0,"Message":"NUnit3TestExecutor converted 11 of 11 NUnit test cases"}}
TpTrace Verbose: 0 : 12596, 7, 2022/03/16, 18:10:51.948, 6598979450867, vstest.console.dll, TestRunRequest:SendTestRunMessage: Starting.
TpTrace Information: 0 : 12596, 7, 2022/03/16, 18:10:51.948, 6598979451287, vstest.console.dll, TestRunRequest:SendTestRunMessage: Completed.
TpTrace Verbose: 0 : 12596, 7, 2022/03/16, 18:10:51.948, 6598979451527, vstest.console.dll, TcpClientExtensions.MessageLoopAsync: Polling on remoteEndPoint: 127.0.0.1:54759 localEndPoint: 127.0.0.1:54755
TpTrace Verbose: 0 : 12596, 7, 2022/03/16, 18:10:52.114, 6598981103364, vstest.console.dll, TcpClientExtensions.MessageLoopAsync: NotifyDataAvailable remoteEndPoint: 127.0.0.1:54759 localEndPoint: 127.0.0.1:54755
TpTrace Verbose: 0 : 12596, 7, 2022/03/16, 18:10:52.114, 6598981108461, vstest.console.dll, TestRequestSender.OnExecutionMessageReceived: Received message: {"Version":2,"MessageType":"TestExecution.StatsChange","Payload":{"NewTestResults":[{"TestCase":{"Id":"08321aea-346c-85b7-1df5-1c3849e16f5a","FullyQualifiedName":"Tests.ExtendedDatabaseTests.ArgumentsMustBeCaseSensitive","DisplayName":"ArgumentsMustBeCaseSensitive","ExecutorUri":"executor://NUnit3TestExecutor","Source":"D:\\c#Code\\softuniC#\\04.OOP\\08.UnitTesting\\Exercies\\DatabaseExtended.Tests\\bin\\Debug\\netcoreapp3.1\\fine-code-coverage\\build-output\\DatabaseExtended.Tests.dll","CodeFilePath":null,"LineNumber":0,"Properties":[]},"Attachments":[],"Outcome":1,"ErrorMessage":null,"ErrorStackTrace":null,"DisplayName":"ArgumentsMustBeCaseSensitive","Messages":[],"ComputerName":"DESKTOP-G5675TN","Duration":"00:00:00.0120780","StartTime":"2022-03-16T16:10:51+00:00","EndTime":"2022-03-16T16:10:51+00:00","Properties":[]},{"TestCase":{"Id":"e2064fac-f860-dcb2-dc27-0c9f07c579fc","FullyQualifiedName":"Tests.ExtendedDatabaseTests.CanAddUniqueUsers","DisplayName":"CanAddUniqueUsers","ExecutorUri":"executor://NUnit3TestExecutor","Source":"D:\\c#Code\\softuniC#\\04.OOP\\08.UnitTesting\\Exercies\\DatabaseExtended.Tests\\bin\\Debug\\netcoreapp3.1\\fine-code-coverage\\build-output\\DatabaseExtended.Tests.dll","CodeFilePath":null,"LineNumber":0,"Properties":[{"Key":{"Id":"TestObject.Traits","Label":"Traits","Category":"","Description":"","Attributes":5,"ValueType":"System.Collections.Generic.KeyValuePair`2[[System.String],[System.String]][]"},"Value":[]}]},"Attachments":[],"Outcome":1,"ErrorMessage":null,"ErrorStackTrace":null,"DisplayName":"CanAddUniqueUsers","Messages":[],"ComputerName":"DESKTOP-G5675TN","Duration":"00:00:00.0057869","StartTime":"2022-03-16T16:10:52+00:00","EndTime":"2022-03-16T16:10:52+00:00","Properties":[]},{"TestCase":{"Id":"3f421eaf-f9d4-71d4-dfd6-cdae94e2b308","FullyQualifiedName":"Tests.ExtendedDatabaseTests.CanRemoveElemntIfTheCountIsntZero","DisplayName":"CanRemoveElemntIfTheCountIsntZero","ExecutorUri":"executor://NUnit3TestExecutor","Source":"D:\\c#Code\\softuniC#\\04.OOP\\08.UnitTesting\\Exercies\\DatabaseExtended.Tests\\bin\\Debug\\netcoreapp3.1\\fine-code-coverage\\build-output\\DatabaseExtended.Tests.dll","CodeFilePath":null,"LineNumber":0,"Properties":[{"Key":{"Id":"TestObject.Traits","Label":"Traits","Category":"","Description":"","Attributes":5,"ValueType":"System.Collections.Generic.KeyValuePair`2[[System.String],[System.String]][]"},"Value":[]}]},"Attachments":[],"Outcome":1,"ErrorMessage":null,"ErrorStackTrace":null,"DisplayName":"CanRemoveElemntIfTheCountIsntZero","Messages":[],"ComputerName":"DESKTOP-G5675TN","Duration":"00:00:00.0007780","StartTime":"2022-03-16T16:10:52+00:00","EndTime":"2022-03-16T16:10:52+00:00","Properties":[]},{"TestCase":{"Id":"b0b54c75-7b46-47e9-786c-bc06149f869e","FullyQualifiedName":"Tests.ExtendedDatabaseTests.CantAdd17thPerson","DisplayName":"CantAdd17thPerson","ExecutorUri":"executor://NUnit3TestExecutor","Source":"D:\\c#Code\\softuniC#\\04.OOP\\08.UnitTesting\\Exercies\\DatabaseExtended.Tests\\bin\\Debug\\netcoreapp3.1\\fine-code-coverage\\build-output\\DatabaseExtended.Tests.dll","CodeFilePath":null,"LineNumber":0,"Properties":[{"Key":{"Id":"TestObject.Traits","Label":"Traits","Category":"","Description":"","Attributes":5,"ValueType":"System.Collections.Generic.KeyValuePair`2[[System.String],[System.String]][]"},"Value":[]}]},"Attachments":[],"Outcome":1,"ErrorMessage":null,"ErrorStackTrace":null,"DisplayName":"CantAdd17thPerson","Messages":[],"ComputerName":"DESKTOP-G5675TN","Duration":"00:00:00.0005940","StartTime":"2022-03-16T16:10:52+00:00","EndTime":"2022-03-16T16:10:52+00:00","Properties":[]},{"TestCase":{"Id":"13a4c985-1c29-0a35-9c6d-5eb98780bbf8","FullyQualifiedName":"Tests.ExtendedDatabaseTests.CantFindIdThatDoesntExist","DisplayName":"CantFindIdThatDoesntExist","ExecutorUri":"executor://NUnit3TestExecutor","Source":"D:\\c#Code\\softuniC#\\04.OOP\\08.UnitTesting\\Exercies\\DatabaseExtended.Tests\\bin\\Debug\\netcoreapp3.1\\fine-code-coverage\\build-output\\DatabaseExtended.Tests.dll","CodeFilePath":null,"LineNumber":0,"Properties":[{"Key":{"Id":"TestObject.Traits","Label":"Traits","Category":"","Description":"","Attributes":5,"ValueType":"System.Collections.Generic.KeyValuePair`2[[System.String],[System.String]][]"},"Value":[]}]},"Attachments":[],"Outcome":1,"ErrorMessage":null,"ErrorStackTrace":null,"DisplayName":"CantFindIdThatDoesntExist","Messages":[],"ComputerName":"DESKTOP-G5675TN","Duration":"00:00:00.0006780","StartTime":"2022-03-16T16:10:52+00:00","EndTime":"2022-03-16T16:10:52+00:00","Properties":[]},{"TestCase":{"Id":"c6f25ec4-80bd-0160-e72a-d8b53f9cb3a6","FullyQualifiedName":"Tests.ExtendedDatabaseTests.CantFindUsernameThatDoesntExist","DisplayName":"CantFindUsernameThatDoesntExist","ExecutorUri":"executor://NUnit3TestExecutor","Source":"D:\\c#Code\\softuniC#\\04.OOP\\08.UnitTesting\\Exercies\\DatabaseExtended.Tests\\bin\\Debug\\netcoreapp3.1\\fine-code-coverage\\build-output\\DatabaseExtended.Tests.dll","CodeFilePath":null,"LineNumber":0,"Properties":[{"Key":{"Id":"TestObject.Traits","Label":"Traits","Category":"","Description":"","Attributes":5,"ValueType":"System.Collections.Generic.KeyValuePair`2[[System.String],[System.String]][]"},"Value":[]}]},"Attachments":[],"Outcome":1,"ErrorMessage":null,"ErrorStackTrace":null,"DisplayName":"CantFindUsernameThatDoesntExist","Messages":[],"ComputerName":"DESKTOP-G5675TN","Duration":"00:00:00.0004080","StartTime":"2022-03-16T16:10:52+00:00","EndTime":"2022-03-16T16:10:52+00:00","Properties":[]},{"TestCase":{"Id":"aa4e2b47-9bd8-6b0f-fc58-9ae46b599309","FullyQualifiedName":"Tests.ExtendedDatabaseTests.CantReamoveElementIfCountIsZero","DisplayName":"CantReamoveElementIfCountIsZero","ExecutorUri":"executor://NUnit3TestExecutor","Source":"D:\\c#Code\\softuniC#\\04.OOP\\08.UnitTesting\\Exercies\\DatabaseExtended.Tests\\bin\\Debug\\netcoreapp3.1\\fine-code-coverage\\build-output\\DatabaseExtended.Tests.dll","CodeFilePath":null,"LineNumber":0,"Properties":[{"Key":{"Id":"TestObject.Traits","Label":"Traits","Category":"","Description":"","Attributes":5,"ValueType":"System.Collections.Generic.KeyValuePair`2[[System.String],[System.String]][]"},"Value":[]}]},"Attachments":[],"Outcome":1,"ErrorMessage":null,"ErrorStackTrace":null,"DisplayName":"CantReamoveElementIfCountIsZero","Messages":[],"ComputerName":"DESKTOP-G5675TN","Duration":"00:00:00.0007840","StartTime":"2022-03-16T16:10:52+00:00","EndTime":"2022-03-16T16:10:52+00:00","Properties":[]},{"TestCase":{"Id":"cfe9e4a8-188c-a5b6-0e16-a397a5cdfedb","FullyQualifiedName":"Tests.ExtendedDatabaseTests.IdCantBeNegative","DisplayName":"IdCantBeNegative","ExecutorUri":"executor://NUnit3TestExecutor","Source":"D:\\c#Code\\softuniC#\\04.OOP\\08.UnitTesting\\Exercies\\DatabaseExtended.Tests\\bin\\Debug\\netcoreapp3.1\\fine-code-coverage\\build-output\\DatabaseExtended.Tests.dll","CodeFilePath":null,"LineNumber":0,"Properties":[{"Key":{"Id":"TestObject.Traits","Label":"Traits","Category":"","Description":"","Attributes":5,"ValueType":"System.Collections.Generic.KeyValuePair`2[[System.String],[System.String]][]"},"Value":[]}]},"Attachments":[],"Outcome":1,"ErrorMessage":null,"ErrorStackTrace":null,"DisplayName":"IdCantBeNegative","Messages":[],"ComputerName":"DESKTOP-G5675TN","Duration":"00:00:00.0011700","StartTime":"2022-03-16T16:10:52+00:00","EndTime":"2022-03-16T16:10:52+00:00","Properties":[]},{"TestCase":{"Id":"31b801c0-320b-989e-ddb7-9570eb0571e4","FullyQualifiedName":"Tests.ExtendedDatabaseTests.TwoUsersCantHaveTheSameID","DisplayName":"TwoUsersCantHaveTheSameID","ExecutorUri":"executor://NUnit3TestExecutor","Source":"D:\\c#Code\\softuniC#\\04.OOP\\08.UnitTesting\\Exercies\\DatabaseExtended.Tests\\bin\\Debug\\netcoreapp3.1\\fine-code-coverage\\build-output\\DatabaseExtended.Tests.dll","CodeFilePath":null,"LineNumber":0,"Properties":[{"Key":{"Id":"TestObject.Traits","Label":"Traits","Category":"","Description":"","Attributes":5,"ValueType":"System.Collections.Generic.KeyValuePair`2[[System.String],[System.String]][]"},"Value":[]}]},"Attachments":[],"Outcome":1,"ErrorMessage":null,"ErrorStackTrace":null,"DisplayName":"TwoUsersCantHaveTheSameID","Messages":[],"ComputerName":"DESKTOP-G5675TN","Duration":"00:00:00.0004920","StartTime":"2022-03-16T16:10:52+00:00","EndTime":"2022-03-16T16:10:52+00:00","Properties":[]}],"TestRunStatistics":{"ExecutedTests":9,"Stats":{"Passed":9}},"ActiveTests":[{"Id":"23bd935c-b4ff-4d14-1b77-1f406dc68a4a","FullyQualifiedName":"Tests.ExtendedDatabaseTests.TwoUsersCantHaveTheSameUsername","DisplayName":"TwoUsersCantHaveTheSameUsername","ExecutorUri":"executor://NUnit3TestExecutor","Source":"D:\\c#Code\\softuniC#\\04.OOP\\08.UnitTesting\\Exercies\\DatabaseExtended.Tests\\bin\\Debug\\netcoreapp3.1\\fine-code-coverage\\build-output\\DatabaseExtended.Tests.dll","CodeFilePath":null,"LineNumber":0,"Properties":[{"Key":{"Id":"TestObject.Traits","Label":"Traits","Category":"","Description":"","Attributes":5,"ValueType":"System.Collections.Generic.KeyValuePair`2[[System.String],[System.String]][]"},"Value":[]}]}]}}
TpTrace Verbose: 0 : 12596, 7, 2022/03/16, 18:10:52.160, 6598981569621, vstest.console.dll, TestRunRequest:SendTestRunStatsChange: Starting.
TpTrace Verbose: 0 : 12596, 7, 2022/03/16, 18:10:52.160, 6598981570992, vstest.console.dll, InProgress is TwoUsersCantHaveTheSameUsername
TpTrace Information: 0 : 12596, 7, 2022/03/16, 18:10:52.161, 6598981572695, vstest.console.dll, TestRunRequest:SendTestRunStatsChange: Completed.
TpTrace Verbose: 0 : 12596, 7, 2022/03/16, 18:10:52.161, 6598981573065, vstest.console.dll, TcpClientExtensions.MessageLoopAsync: Polling on remoteEndPoint: 127.0.0.1:54759 localEndPoint: 127.0.0.1:54755
TpTrace Verbose: 0 : 12596, 7, 2022/03/16, 18:10:52.161, 6598981573466, vstest.console.dll, TcpClientExtensions.MessageLoopAsync: NotifyDataAvailable remoteEndPoint: 127.0.0.1:54759 localEndPoint: 127.0.0.1:54755
TpTrace Verbose: 0 : 12596, 7, 2022/03/16, 18:10:52.161, 6598981573879, vstest.console.dll, TestRequestSender.OnExecutionMessageReceived: Received message: {"Version":2,"MessageType":"TestSession.Message","Payload":{"MessageLevel":0,"Message":"NUnit Adapter 3.9.0.0: Test execution complete"}}
TpTrace Verbose: 0 : 12596, 7, 2022/03/16, 18:10:52.161, 6598981575049, vstest.console.dll, TestRunRequest:SendTestRunMessage: Starting.
TpTrace Information: 0 : 12596, 7, 2022/03/16, 18:10:52.161, 6598981575383, vstest.console.dll, TestRunRequest:SendTestRunMessage: Completed.
TpTrace Verbose: 0 : 12596, 7, 2022/03/16, 18:10:52.161, 6598981575637, vstest.console.dll, TcpClientExtensions.MessageLoopAsync: Polling on remoteEndPoint: 127.0.0.1:54759 localEndPoint: 127.0.0.1:54755
TpTrace Verbose: 0 : 12596, 7, 2022/03/16, 18:10:52.161, 6598981575838, vstest.console.dll, TcpClientExtensions.MessageLoopAsync: NotifyDataAvailable remoteEndPoint: 127.0.0.1:54759 localEndPoint: 127.0.0.1:54755
TpTrace Verbose: 0 : 12596, 7, 2022/03/16, 18:10:52.161, 6598981576363, vstest.console.dll, TestRequestSender.OnExecutionMessageReceived: Received message: {"Version":2,"MessageType":"TestExecution.Completed","Payload":{"TestRunCompleteArgs":{"TestRunStatistics":{"ExecutedTests":11,"Stats":{"Passed":11}},"IsCanceled":false,"IsAborted":false,"Error":null,"AttachmentSets":[],"ElapsedTimeInRunningTests":"00:00:00.3085711","Metrics":{}},"LastRunTests":{"NewTestResults":[{"TestCase":{"Id":"23bd935c-b4ff-4d14-1b77-1f406dc68a4a","FullyQualifiedName":"Tests.ExtendedDatabaseTests.TwoUsersCantHaveTheSameUsername","DisplayName":"TwoUsersCantHaveTheSameUsername","ExecutorUri":"executor://NUnit3TestExecutor","Source":"D:\\c#Code\\softuniC#\\04.OOP\\08.UnitTesting\\Exercies\\DatabaseExtended.Tests\\bin\\Debug\\netcoreapp3.1\\fine-code-coverage\\build-output\\DatabaseExtended.Tests.dll","CodeFilePath":null,"LineNumber":0,"Properties":[{"Key":{"Id":"TestObject.Traits","Label":"Traits","Category":"","Description":"","Attributes":5,"ValueType":"System.Collections.Generic.KeyValuePair`2[[System.String],[System.String]][]"},"Value":[]}]},"Attachments":[],"Outcome":1,"ErrorMessage":null,"ErrorStackTrace":null,"DisplayName":"TwoUsersCantHaveTheSameUsername","Messages":[],"ComputerName":"DESKTOP-G5675TN","Duration":"00:00:00.0004570","StartTime":"2022-03-16T16:10:52+00:00","EndTime":"2022-03-16T16:10:52+00:00","Properties":[]},{"TestCase":{"Id":"010e965a-e2de-2b6e-8f0f-ce5648a31e5d","FullyQualifiedName":"Tests.ExtendedDatabaseTests.UserNameParameterCantBeNull","DisplayName":"UserNameParameterCantBeNull","ExecutorUri":"executor://NUnit3TestExecutor","Source":"D:\\c#Code\\softuniC#\\04.OOP\\08.UnitTesting\\Exercies\\DatabaseExtended.Tests\\bin\\Debug\\netcoreapp3.1\\fine-code-coverage\\build-output\\DatabaseExtended.Tests.dll","CodeFilePath":null,"LineNumber":0,"Properties":[{"Key":{"Id":"TestObject.Traits","Label":"Traits","Category":"","Description":"","Attributes":5,"ValueType":"System.Collections.Generic.KeyValuePair`2[[System.String],[System.String]][]"},"Value":[]}]},"Attachments":[],"Outcome":1,"ErrorMessage":null,"ErrorStackTrace":null,"DisplayName":"UserNameParameterCantBeNull","Messages":[],"ComputerName":"DESKTOP-G5675TN","Duration":"00:00:00.0008790","StartTime":"2022-03-16T16:10:52+00:00","EndTime":"2022-03-16T16:10:52+00:00","Properties":[]}],"TestRunStatistics":{"ExecutedTests":11,"Stats":{"Passed":11}},"ActiveTests":[]},"RunAttachments":[],"ExecutorUris":["executor://nunit3testexecutor/"]}}
TpTrace Verbose: 0 : 12596, 7, 2022/03/16, 18:10:52.161, 6598981578233, vstest.console.dll, TestRequestSender.EndSession: Sending end session.
TpTrace Verbose: 0 : 12596, 7, 2022/03/16, 18:10:52.161, 6598981579460, vstest.console.dll, ProxyOperationManager.Close: waiting for test host to exit for 100 ms
TpTrace Warning: 0 : 12596, 13, 2022/03/16, 18:10:52.172, 6598981689691, vstest.console.dll, TestHostManagerCallbacks.ErrorReceivedCallback Test host standard error line: 
TpTrace Verbose: 0 : 12596, 8, 2022/03/16, 18:10:52.176, 6598981732152, vstest.console.dll, TestHostProvider.ExitCallBack: Host exited starting callback.
TpTrace Information: 0 : 12596, 8, 2022/03/16, 18:10:52.177, 6598981739224, vstest.console.dll, TestHostManagerCallbacks.ExitCallBack: Testhost processId: 13052 exited with exitcode: 0 error: ''
TpTrace Verbose: 0 : 12596, 8, 2022/03/16, 18:10:52.177, 6598981739917, vstest.console.dll, DotnetTestHostManager.OnHostExited: invoking OnHostExited callback
TpTrace Verbose: 0 : 12596, 8, 2022/03/16, 18:10:52.177, 6598981740290, vstest.console.dll, CrossPlatEngine.TestHostManagerHostExited: calling on client process exit callback.
TpTrace Information: 0 : 12596, 8, 2022/03/16, 18:10:52.177, 6598981740745, vstest.console.dll, TestRequestSender.OnClientProcessExit: Test host process exited. Standard error: 
TpTrace Warning: 0 : 12596, 7, 2022/03/16, 18:10:52.177, 6598981740933, vstest.console.dll, ProxyOperationManager: Timed out waiting for test host to exit. Will terminate process.
TpTrace Information: 0 : 12596, 8, 2022/03/16, 18:10:52.177, 6598981741017, vstest.console.dll, SocketServer.Stop: Stop server endPoint: 127.0.0.1:54755
TpTrace Information: 0 : 12596, 8, 2022/03/16, 18:10:52.177, 6598981741939, vstest.console.dll, SocketServer.Stop: Cancellation requested. Stopping message loop.
TpTrace Verbose: 0 : 12596, 7, 2022/03/16, 18:10:52.178, 6598981746360, vstest.console.dll, ProxyDataCollectionManager.InvokeDataCollectionServiceAction: Starting.
TpTrace Information: 0 : 12596, 7, 2022/03/16, 18:10:52.178, 6598981747184, vstest.console.dll, ProxyDataCollectionManager.AfterTestRunEnd: Get attachment set for datacollector processId: 5760 port: 54751
TpTrace Verbose: 0 : 12596, 7, 2022/03/16, 18:10:52.178, 6598981747720, vstest.console.dll, DataCollectionRequestSender.SendAfterTestRunStartAndGetResult : Send AfterTestRunEnd message with isCancelled: False
TpTrace Verbose: 0 : 12596, 7, 2022/03/16, 18:10:52.182, 6598981784703, vstest.console.dll, DataCollectionRequestSender.SendAfterTestRunStartAndGetResult : Received message: (DataCollection.AfterTestRunEndResult) -> {
  "AttachmentSets": [],
  "Metrics": {}
}
TpTrace Information: 0 : 12596, 7, 2022/03/16, 18:10:52.185, 6598981812796, vstest.console.dll, ProxyDataCollectionManager.InvokeDataCollectionServiceAction: Completed.
TpTrace Warning: 0 : 12596, 10, 2022/03/16, 18:10:52.185, 6598981819862, vstest.console.dll, DataCollectionLauncher.ErrorReceivedCallback datacollector standard error line: 
TpTrace Information: 0 : 12596, 8, 2022/03/16, 18:10:52.189, 6598981856021, vstest.console.dll, DataCollectionLauncher.ExitCallBack: Data collector exited with exitcode: 0 error: ''
TpTrace Verbose: 0 : 12596, 7, 2022/03/16, 18:10:52.205, 6598982013508, vstest.console.dll, TestRunRequest:SendTestRunStatsChange: Starting.
TpTrace Information: 0 : 12596, 7, 2022/03/16, 18:10:52.205, 6598982014747, vstest.console.dll, TestRunRequest:SendTestRunStatsChange: Completed.
TpTrace Verbose: 0 : 12596, 7, 2022/03/16, 18:10:52.205, 6598982016166, vstest.console.dll, ParallelProxyExecutionManager: HandlePartialRunComplete: Total completed clients = 1, Run complete = True, Run canceled: False.
TpTrace Verbose: 0 : 12596, 7, 2022/03/16, 18:10:52.225, 6598982220376, vstest.console.dll, TestRunRequest:TestRunComplete: Starting. IsAborted:False IsCanceled:False.
TpTrace Verbose: 0 : 12596, 7, 2022/03/16, 18:10:52.226, 6598982222311, vstest.console.dll, TestLoggerManager.HandleTestRunComplete: Ignoring as the object is disposed.
TpTrace Information: 0 : 12596, 7, 2022/03/16, 18:10:52.226, 6598982225009, vstest.console.dll, TestRunRequest:TestRunComplete: Completed.
TpTrace Verbose: 0 : 12596, 7, 2022/03/16, 18:10:52.226, 6598982225499, vstest.console.dll, TestRequestSender.SetOperationComplete: Setting operation complete.
TpTrace Information: 0 : 12596, 7, 2022/03/16, 18:10:52.226, 6598982225747, vstest.console.dll, SocketServer.Stop: Stop server endPoint: 127.0.0.1:54755
TpTrace Information: 0 : 12596, 7, 2022/03/16, 18:10:52.226, 6598982225932, vstest.console.dll, SocketServer.Stop: Cancellation requested. Stopping message loop.
TpTrace Verbose: 0 : 12596, 1, 2022/03/16, 18:10:52.226, 6598982225907, vstest.console.dll, TestRunRequest.Dispose: Starting.
TpTrace Information: 0 : 12596, 7, 2022/03/16, 18:10:52.226, 6598982226197, vstest.console.dll, SocketServer.PrivateStop: Stopping server endPoint: 127.0.0.1:54755 error: 
TpTrace Information: 0 : 12596, 1, 2022/03/16, 18:10:52.226, 6598982227286, vstest.console.dll, TestRunRequest.Dispose: Completed.
TpTrace Information: 0 : 12596, 1, 2022/03/16, 18:10:52.226, 6598982228912, vstest.console.dll, TestRequestManager.RunTests: run tests completed.
TpTrace Information: 0 : 12596, 1, 2022/03/16, 18:10:52.226, 6598982230073, vstest.console.dll, RunTestsArgumentProcessor:Execute: Test run is completed.
TpTrace Verbose: 0 : 12596, 1, 2022/03/16, 18:10:52.227, 6598982232278, vstest.console.dll, Executor.Execute: Exiting with exit code of 0
TpTrace Verbose: 0 : 12596, 7, 2022/03/16, 18:10:52.227, 6598982232301, vstest.console.dll, LengthPrefixCommunicationChannel.Dispose: Dispose reader and writer.
TpTrace Information: 0 : 12596, 7, 2022/03/16, 18:10:52.227, 6598982233774, vstest.console.dll, SocketServer.Stop: Raise disconnected event endPoint: 127.0.0.1:54755 error: 
TpTrace Verbose: 0 : 12596, 7, 2022/03/16, 18:10:52.227, 6598982234365, vstest.console.dll, TestRequestSender: OnTestRunAbort: Operation is already complete. Skip error message.
TpTrace Verbose: 0 : 12596, 7, 2022/03/16, 18:10:52.227, 6598982234570, vstest.console.dll, TcpClientExtensions.MessageLoopAsync: exiting MessageLoopAsync remoteEndPoint: 127.0.0.1:54759 localEndPoint: 127.0.0.1:54755
