TpTrace Verbose: 0 : 9520, 1, 2022/03/28, 13:41:31.933, 384397421465, vstest.console.dll, Version: 17.0.0
TpTrace Information: 0 : 9520, 1, 2022/03/28, 13:41:31.942, 384397493733, vstest.console.dll, FilePatternParser: The given file D:\c#Code\softuniC#\04.OOP\ExamPreparation\Exam - 12 December 2020\Unit Tests\BankSafe.Tests\bin\Debug\netcoreapp3.1\fine-code-coverage\build-output\BankSafe.Tests.dll is a full path.
TpTrace Verbose: 0 : 9520, 1, 2022/03/28, 13:41:31.946, 384397535271, vstest.console.dll, TestPluginCache.DiscoverTestExtensions: finding test extensions in assemblies ends with: RuntimeProvider.dll TPluginInfo: Microsoft.VisualStudio.TestPlatform.Common.ExtensionFramework.Utilities.TestRuntimePluginInformation TExtension: Microsoft.VisualStudio.TestPlatform.ObjectModel.Host.ITestRuntimeProvider
TpTrace Verbose: 0 : 9520, 1, 2022/03/28, 13:41:31.955, 384397620568, vstest.console.dll, TestPluginCache.GetExtensionPaths: Filtered extension paths: 
TpTrace Verbose: 0 : 9520, 1, 2022/03/28, 13:41:31.955, 384397622398, vstest.console.dll, TestPluginCache.GetExtensionPaths: Added default extension paths: C:\Program Files\dotnet\sdk\6.0.102\Extensions\Microsoft.Diagnostics.NETCore.Client.dll
C:\Program Files\dotnet\sdk\6.0.102\Extensions\Microsoft.TestPlatform.Extensions.BlameDataCollector.dll
C:\Program Files\dotnet\sdk\6.0.102\Extensions\Microsoft.TestPlatform.Extensions.EventLogCollector.dll
C:\Program Files\dotnet\sdk\6.0.102\Extensions\Microsoft.TestPlatform.TestHostRuntimeProvider.dll
C:\Program Files\dotnet\sdk\6.0.102\Extensions\Microsoft.VisualStudio.TestPlatform.Extensions.Html.TestLogger.dll
C:\Program Files\dotnet\sdk\6.0.102\Extensions\Microsoft.VisualStudio.TestPlatform.Extensions.Trx.TestLogger.dll
TpTrace Verbose: 0 : 9520, 1, 2022/03/28, 13:41:31.955, 384397622952, vstest.console.dll, TestPluginCache.GetExtensionPaths: Added unfilterableExtensionPaths: 
TpTrace Information: 0 : 9520, 1, 2022/03/28, 13:41:31.956, 384397633853, vstest.console.dll, AssemblyResolver.ctor: Creating AssemblyResolver with searchDirectories C:\Program Files\dotnet\sdk\6.0.102\Extensions,C:\Program Files\dotnet\sdk\6.0.102
TpTrace Verbose: 0 : 9520, 1, 2022/03/28, 13:41:31.958, 384397647887, vstest.console.dll, TestPluginCache.DiscoverTestExtensions: Discovering the extensions using extension path.
TpTrace Verbose: 0 : 9520, 1, 2022/03/28, 13:41:31.958, 384397649493, vstest.console.dll, TestPluginCache.GetExtensionPaths: Filtered extension paths: 
TpTrace Verbose: 0 : 9520, 1, 2022/03/28, 13:41:31.958, 384397649760, vstest.console.dll, TestPluginCache.GetExtensionPaths: Added default extension paths: C:\Program Files\dotnet\sdk\6.0.102\Extensions\Microsoft.Diagnostics.NETCore.Client.dll
C:\Program Files\dotnet\sdk\6.0.102\Extensions\Microsoft.TestPlatform.Extensions.BlameDataCollector.dll
C:\Program Files\dotnet\sdk\6.0.102\Extensions\Microsoft.TestPlatform.Extensions.EventLogCollector.dll
C:\Program Files\dotnet\sdk\6.0.102\Extensions\Microsoft.TestPlatform.TestHostRuntimeProvider.dll
C:\Program Files\dotnet\sdk\6.0.102\Extensions\Microsoft.VisualStudio.TestPlatform.Extensions.Html.TestLogger.dll
C:\Program Files\dotnet\sdk\6.0.102\Extensions\Microsoft.VisualStudio.TestPlatform.Extensions.Trx.TestLogger.dll
TpTrace Verbose: 0 : 9520, 1, 2022/03/28, 13:41:31.958, 384397649935, vstest.console.dll, TestPluginCache.GetExtensionPaths: Added unfilterableExtensionPaths: 
TpTrace Verbose: 0 : 9520, 1, 2022/03/28, 13:41:31.958, 384397650388, vstest.console.dll, TestPluginCache.DiscoverTestExtensions: Discovering the extensions using allExtensionPaths: C:\Program Files\dotnet\sdk\6.0.102\Extensions\Microsoft.Diagnostics.NETCore.Client.dll
C:\Program Files\dotnet\sdk\6.0.102\Extensions\Microsoft.TestPlatform.Extensions.BlameDataCollector.dll
C:\Program Files\dotnet\sdk\6.0.102\Extensions\Microsoft.TestPlatform.Extensions.EventLogCollector.dll
C:\Program Files\dotnet\sdk\6.0.102\Extensions\Microsoft.TestPlatform.TestHostRuntimeProvider.dll
C:\Program Files\dotnet\sdk\6.0.102\Extensions\Microsoft.VisualStudio.TestPlatform.Extensions.Html.TestLogger.dll
C:\Program Files\dotnet\sdk\6.0.102\Extensions\Microsoft.VisualStudio.TestPlatform.Extensions.Trx.TestLogger.dll
TpTrace Information: 0 : 9520, 1, 2022/03/28, 13:41:31.958, 384397652045, vstest.console.dll, AssemblyResolver.AddSearchDirectories: Adding more searchDirectories C:\Program Files\dotnet\sdk\6.0.102\Extensions,C:\Program Files\dotnet\sdk\6.0.102
TpTrace Information: 0 : 9520, 1, 2022/03/28, 13:41:31.958, 384397652461, vstest.console.dll, AssemblyResolver.AddSearchDirectories: Adding more searchDirectories C:\Program Files\dotnet\sdk\6.0.102\Extensions,C:\Program Files\dotnet\sdk\6.0.102
TpTrace Information: 0 : 9520, 1, 2022/03/28, 13:41:31.958, 384397652642, vstest.console.dll, AssemblyResolver.AddSearchDirectories: Adding more searchDirectories C:\Program Files\dotnet\sdk\6.0.102\Extensions,C:\Program Files\dotnet\sdk\6.0.102
TpTrace Information: 0 : 9520, 1, 2022/03/28, 13:41:31.958, 384397652801, vstest.console.dll, AssemblyResolver.AddSearchDirectories: Adding more searchDirectories C:\Program Files\dotnet\sdk\6.0.102\Extensions,C:\Program Files\dotnet\sdk\6.0.102
TpTrace Information: 0 : 9520, 1, 2022/03/28, 13:41:31.958, 384397652991, vstest.console.dll, AssemblyResolver.AddSearchDirectories: Adding more searchDirectories C:\Program Files\dotnet\sdk\6.0.102\Extensions,C:\Program Files\dotnet\sdk\6.0.102
TpTrace Information: 0 : 9520, 1, 2022/03/28, 13:41:31.958, 384397653162, vstest.console.dll, AssemblyResolver.AddSearchDirectories: Adding more searchDirectories C:\Program Files\dotnet\sdk\6.0.102\Extensions,C:\Program Files\dotnet\sdk\6.0.102
TpTrace Information: 0 : 9520, 1, 2022/03/28, 13:41:31.959, 384397656080, vstest.console.dll, AssemblyResolver.OnResolve: Microsoft.Diagnostics.NETCore.Client: Resolving assembly.
TpTrace Information: 0 : 9520, 1, 2022/03/28, 13:41:31.959, 384397656750, vstest.console.dll, AssemblyResolver.OnResolve: Microsoft.Diagnostics.NETCore.Client: Searching in: 'C:\Program Files\dotnet\sdk\6.0.102\Extensions'.
TpTrace Information: 0 : 9520, 1, 2022/03/28, 13:41:31.959, 384397662874, vstest.console.dll, AssemblyResolver.OnResolve: Microsoft.Diagnostics.NETCore.Client: Loading assembly 'C:\Program Files\dotnet\sdk\6.0.102\Extensions\Microsoft.Diagnostics.NETCore.Client.dll'.
TpTrace Information: 0 : 9520, 1, 2022/03/28, 13:41:31.960, 384397668388, vstest.console.dll, AssemblyResolver.OnResolve: Resolved assembly: Microsoft.Diagnostics.NETCore.Client, from path: C:\Program Files\dotnet\sdk\6.0.102\Extensions\Microsoft.Diagnostics.NETCore.Client.dll
TpTrace Information: 0 : 9520, 1, 2022/03/28, 13:41:31.965, 384397722353, vstest.console.dll, AssemblyResolver.OnResolve: Microsoft.Bcl.AsyncInterfaces: Resolving assembly.
TpTrace Information: 0 : 9520, 1, 2022/03/28, 13:41:31.965, 384397723469, vstest.console.dll, AssemblyResolver.OnResolve: Microsoft.Bcl.AsyncInterfaces: Searching in: 'C:\Program Files\dotnet\sdk\6.0.102\Extensions'.
TpTrace Information: 0 : 9520, 1, 2022/03/28, 13:41:31.965, 384397724518, vstest.console.dll, AssemblyResolver.OnResolve: Microsoft.Bcl.AsyncInterfaces: Assembly path does not exist: 'C:\Program Files\dotnet\sdk\6.0.102\Extensions\Microsoft.Bcl.AsyncInterfaces.dll', returning.
TpTrace Information: 0 : 9520, 1, 2022/03/28, 13:41:31.965, 384397724895, vstest.console.dll, AssemblyResolver.OnResolve: Microsoft.Bcl.AsyncInterfaces: Assembly path does not exist: 'C:\Program Files\dotnet\sdk\6.0.102\Extensions\Microsoft.Bcl.AsyncInterfaces.exe', returning.
TpTrace Information: 0 : 9520, 1, 2022/03/28, 13:41:31.965, 384397725062, vstest.console.dll, AssemblyResolver.OnResolve: Microsoft.Bcl.AsyncInterfaces: Searching in: 'C:\Program Files\dotnet\sdk\6.0.102'.
TpTrace Information: 0 : 9520, 1, 2022/03/28, 13:41:31.965, 384397725466, vstest.console.dll, AssemblyResolver.OnResolve: Microsoft.Bcl.AsyncInterfaces: Assembly path does not exist: 'C:\Program Files\dotnet\sdk\6.0.102\Microsoft.Bcl.AsyncInterfaces.dll', returning.
TpTrace Information: 0 : 9520, 1, 2022/03/28, 13:41:31.966, 384397725874, vstest.console.dll, AssemblyResolver.OnResolve: Microsoft.Bcl.AsyncInterfaces: Assembly path does not exist: 'C:\Program Files\dotnet\sdk\6.0.102\Microsoft.Bcl.AsyncInterfaces.exe', returning.
TpTrace Information: 0 : 9520, 1, 2022/03/28, 13:41:31.966, 384397726760, vstest.console.dll, AssemblyResolver.OnResolve: Microsoft.Bcl.AsyncInterfaces: Failed to load assembly.
TpTrace Verbose: 0 : 9520, 1, 2022/03/28, 13:41:31.966, 384397727178, vstest.console.dll, CurrentDomainAssemblyResolve: Resolving assembly 'Microsoft.Bcl.AsyncInterfaces'.
TpTrace Information: 0 : 9520, 1, 2022/03/28, 13:41:31.966, 384397727716, vstest.console.dll, AssemblyResolver.OnResolve: Microsoft.Bcl.AsyncInterfaces: Resolving assembly.
TpTrace Information: 0 : 9520, 1, 2022/03/28, 13:41:31.966, 384397728052, vstest.console.dll, AssemblyResolver.OnResolve: Microsoft.Bcl.AsyncInterfaces: Resolved from cache.
TpTrace Verbose: 0 : 9520, 1, 2022/03/28, 13:41:31.966, 384397728235, vstest.console.dll, CurrentDomainAssemblyResolve: Resolving assembly 'Microsoft.Bcl.AsyncInterfaces'.
TpTrace Verbose: 0 : 9520, 1, 2022/03/28, 13:41:31.966, 384397728516, vstest.console.dll, CurrentDomainAssemblyResolve: Failed to resolve assembly 'Microsoft.Bcl.AsyncInterfaces'.
TpTrace Verbose: 0 : 9520, 1, 2022/03/28, 13:41:31.966, 384397732353, vstest.console.dll, CurrentDomainAssemblyResolve: Failed to resolve assembly 'Microsoft.Bcl.AsyncInterfaces'.
TpTrace Warning: 0 : 9520, 1, 2022/03/28, 13:41:31.980, 384397867892, vstest.console.dll, TestPluginDiscoverer: Failed to get types from assembly 'Microsoft.Diagnostics.NETCore.Client, Version=0.2.4.21401, Culture=neutral, PublicKeyToken=31bf3856ad364e35'.  Skipping test extension scan for this assembly.  Error: System.Reflection.ReflectionTypeLoadException: Unable to load one or more of the requested types.
Could not load file or assembly 'Microsoft.Bcl.AsyncInterfaces, Version=1.0.0.0, Culture=neutral, PublicKeyToken=cc7b13ffcd2ddd51'. The system cannot find the file specified.
   at System.Reflection.RuntimeModule.GetTypes(RuntimeModule module)
   at System.Reflection.Assembly.GetTypes()
   at Microsoft.VisualStudio.TestPlatform.Common.ExtensionFramework.TestPluginDiscoverer.GetTestExtensionsFromAssembly[TPluginInfo,TExtension](Assembly assembly, Dictionary`2 pluginInfos)
System.IO.FileNotFoundException: Could not load file or assembly 'Microsoft.Bcl.AsyncInterfaces, Version=1.0.0.0, Culture=neutral, PublicKeyToken=cc7b13ffcd2ddd51'. The system cannot find the file specified.
File name: 'Microsoft.Bcl.AsyncInterfaces, Version=1.0.0.0, Culture=neutral, PublicKeyToken=cc7b13ffcd2ddd51'
 ---> System.IO.FileNotFoundException: Could not load file or assembly 'Microsoft.Bcl.AsyncInterfaces, Culture=neutral, PublicKeyToken=null'. The system cannot find the file specified.
File name: 'Microsoft.Bcl.AsyncInterfaces, Culture=neutral, PublicKeyToken=null'
   at System.Reflection.RuntimeAssembly.InternalLoad(ObjectHandleOnStack assemblyName, ObjectHandleOnStack requestingAssembly, StackCrawlMarkHandle stackMark, Boolean throwOnFileNotFound, ObjectHandleOnStack assemblyLoadContext, ObjectHandleOnStack retAssembly)
   at System.Reflection.RuntimeAssembly.InternalLoad(AssemblyName assemblyName, RuntimeAssembly requestingAssembly, StackCrawlMark& stackMark, Boolean throwOnFileNotFound, AssemblyLoadContext assemblyLoadContext)
   at System.Reflection.Assembly.Load(AssemblyName assemblyRef)
   at Microsoft.VisualStudio.TestPlatform.Common.ExtensionFramework.TestPluginCache.CurrentDomainAssemblyResolve(Object sender, AssemblyResolveEventArgs args)
   at Microsoft.VisualStudio.TestPlatform.PlatformAbstractions.PlatformAssemblyResolver.AssemblyResolverEvent(Object sender, Object eventArgs)
   at System.Runtime.Loader.AssemblyLoadContext.GetFirstResolvedAssemblyFromResolvingEvent(AssemblyName assemblyName)
   at System.Runtime.Loader.AssemblyLoadContext.ResolveUsingEvent(AssemblyName assemblyName)
   at System.Runtime.Loader.AssemblyLoadContext.ResolveUsingResolvingEvent(IntPtr gchManagedAssemblyLoadContext, AssemblyName assemblyName)
TpTrace Warning: 0 : 9520, 1, 2022/03/28, 13:41:31.980, 384397869815, vstest.console.dll, LoaderExceptions: System.IO.FileNotFoundException: Could not load file or assembly 'Microsoft.Bcl.AsyncInterfaces, Version=1.0.0.0, Culture=neutral, PublicKeyToken=cc7b13ffcd2ddd51'. The system cannot find the file specified.
File name: 'Microsoft.Bcl.AsyncInterfaces, Version=1.0.0.0, Culture=neutral, PublicKeyToken=cc7b13ffcd2ddd51'
 ---> System.IO.FileNotFoundException: Could not load file or assembly 'Microsoft.Bcl.AsyncInterfaces, Culture=neutral, PublicKeyToken=null'. The system cannot find the file specified.
File name: 'Microsoft.Bcl.AsyncInterfaces, Culture=neutral, PublicKeyToken=null'
   at System.Reflection.RuntimeAssembly.InternalLoad(ObjectHandleOnStack assemblyName, ObjectHandleOnStack requestingAssembly, StackCrawlMarkHandle stackMark, Boolean throwOnFileNotFound, ObjectHandleOnStack assemblyLoadContext, ObjectHandleOnStack retAssembly)
   at System.Reflection.RuntimeAssembly.InternalLoad(AssemblyName assemblyName, RuntimeAssembly requestingAssembly, StackCrawlMark& stackMark, Boolean throwOnFileNotFound, AssemblyLoadContext assemblyLoadContext)
   at System.Reflection.Assembly.Load(AssemblyName assemblyRef)
   at Microsoft.VisualStudio.TestPlatform.Common.ExtensionFramework.TestPluginCache.CurrentDomainAssemblyResolve(Object sender, AssemblyResolveEventArgs args)
   at Microsoft.VisualStudio.TestPlatform.PlatformAbstractions.PlatformAssemblyResolver.AssemblyResolverEvent(Object sender, Object eventArgs)
   at System.Runtime.Loader.AssemblyLoadContext.GetFirstResolvedAssemblyFromResolvingEvent(AssemblyName assemblyName)
   at System.Runtime.Loader.AssemblyLoadContext.ResolveUsingEvent(AssemblyName assemblyName)
   at System.Runtime.Loader.AssemblyLoadContext.ResolveUsingResolvingEvent(IntPtr gchManagedAssemblyLoadContext, AssemblyName assemblyName)
TpTrace Information: 0 : 9520, 1, 2022/03/28, 13:41:31.980, 384397870741, vstest.console.dll, AssemblyResolver.OnResolve: Microsoft.TestPlatform.Extensions.BlameDataCollector: Resolving assembly.
TpTrace Information: 0 : 9520, 1, 2022/03/28, 13:41:31.980, 384397871076, vstest.console.dll, AssemblyResolver.OnResolve: Microsoft.TestPlatform.Extensions.BlameDataCollector: Searching in: 'C:\Program Files\dotnet\sdk\6.0.102\Extensions'.
TpTrace Information: 0 : 9520, 1, 2022/03/28, 13:41:31.981, 384397878228, vstest.console.dll, AssemblyResolver.OnResolve: Microsoft.TestPlatform.Extensions.BlameDataCollector: Loading assembly 'C:\Program Files\dotnet\sdk\6.0.102\Extensions\Microsoft.TestPlatform.Extensions.BlameDataCollector.dll'.
TpTrace Information: 0 : 9520, 1, 2022/03/28, 13:41:31.981, 384397884975, vstest.console.dll, AssemblyResolver.OnResolve: Resolved assembly: Microsoft.TestPlatform.Extensions.BlameDataCollector, from path: C:\Program Files\dotnet\sdk\6.0.102\Extensions\Microsoft.TestPlatform.Extensions.BlameDataCollector.dll
TpTrace Information: 0 : 9520, 1, 2022/03/28, 13:41:31.982, 384397892651, vstest.console.dll, AssemblyResolver.OnResolve: Microsoft.TestPlatform.Extensions.EventLogCollector: Resolving assembly.
TpTrace Information: 0 : 9520, 1, 2022/03/28, 13:41:31.982, 384397893090, vstest.console.dll, AssemblyResolver.OnResolve: Microsoft.TestPlatform.Extensions.EventLogCollector: Searching in: 'C:\Program Files\dotnet\sdk\6.0.102\Extensions'.
TpTrace Information: 0 : 9520, 1, 2022/03/28, 13:41:31.983, 384397897000, vstest.console.dll, AssemblyResolver.OnResolve: Microsoft.TestPlatform.Extensions.EventLogCollector: Loading assembly 'C:\Program Files\dotnet\sdk\6.0.102\Extensions\Microsoft.TestPlatform.Extensions.EventLogCollector.dll'.
TpTrace Information: 0 : 9520, 1, 2022/03/28, 13:41:31.983, 384397902474, vstest.console.dll, AssemblyResolver.OnResolve: Resolved assembly: Microsoft.TestPlatform.Extensions.EventLogCollector, from path: C:\Program Files\dotnet\sdk\6.0.102\Extensions\Microsoft.TestPlatform.Extensions.EventLogCollector.dll
TpTrace Information: 0 : 9520, 1, 2022/03/28, 13:41:31.985, 384397918245, vstest.console.dll, AssemblyResolver.OnResolve: Microsoft.TestPlatform.TestHostRuntimeProvider: Resolving assembly.
TpTrace Information: 0 : 9520, 1, 2022/03/28, 13:41:31.985, 384397919434, vstest.console.dll, AssemblyResolver.OnResolve: Microsoft.TestPlatform.TestHostRuntimeProvider: Searching in: 'C:\Program Files\dotnet\sdk\6.0.102\Extensions'.
TpTrace Information: 0 : 9520, 1, 2022/03/28, 13:41:31.985, 384397922494, vstest.console.dll, AssemblyResolver.OnResolve: Microsoft.TestPlatform.TestHostRuntimeProvider: Loading assembly 'C:\Program Files\dotnet\sdk\6.0.102\Extensions\Microsoft.TestPlatform.TestHostRuntimeProvider.dll'.
TpTrace Information: 0 : 9520, 1, 2022/03/28, 13:41:31.986, 384397926316, vstest.console.dll, AssemblyResolver.OnResolve: Resolved assembly: Microsoft.TestPlatform.TestHostRuntimeProvider, from path: C:\Program Files\dotnet\sdk\6.0.102\Extensions\Microsoft.TestPlatform.TestHostRuntimeProvider.dll
TpTrace Information: 0 : 9520, 1, 2022/03/28, 13:41:31.987, 384397936208, vstest.console.dll, AssemblyResolver.OnResolve: Microsoft.VisualStudio.TestPlatform.Extensions.Html.TestLogger: Resolving assembly.
TpTrace Information: 0 : 9520, 1, 2022/03/28, 13:41:31.987, 384397936926, vstest.console.dll, AssemblyResolver.OnResolve: Microsoft.VisualStudio.TestPlatform.Extensions.Html.TestLogger: Searching in: 'C:\Program Files\dotnet\sdk\6.0.102\Extensions'.
TpTrace Information: 0 : 9520, 1, 2022/03/28, 13:41:31.987, 384397941021, vstest.console.dll, AssemblyResolver.OnResolve: Microsoft.VisualStudio.TestPlatform.Extensions.Html.TestLogger: Loading assembly 'C:\Program Files\dotnet\sdk\6.0.102\Extensions\Microsoft.VisualStudio.TestPlatform.Extensions.Html.TestLogger.dll'.
TpTrace Information: 0 : 9520, 1, 2022/03/28, 13:41:31.988, 384397946313, vstest.console.dll, AssemblyResolver.OnResolve: Resolved assembly: Microsoft.VisualStudio.TestPlatform.Extensions.Html.TestLogger, from path: C:\Program Files\dotnet\sdk\6.0.102\Extensions\Microsoft.VisualStudio.TestPlatform.Extensions.Html.TestLogger.dll
TpTrace Information: 0 : 9520, 1, 2022/03/28, 13:41:31.988, 384397949403, vstest.console.dll, AssemblyResolver.OnResolve: Microsoft.VisualStudio.TestPlatform.Extensions.Trx.TestLogger: Resolving assembly.
TpTrace Information: 0 : 9520, 1, 2022/03/28, 13:41:31.988, 384397949735, vstest.console.dll, AssemblyResolver.OnResolve: Microsoft.VisualStudio.TestPlatform.Extensions.Trx.TestLogger: Searching in: 'C:\Program Files\dotnet\sdk\6.0.102\Extensions'.
TpTrace Information: 0 : 9520, 1, 2022/03/28, 13:41:31.988, 384397953369, vstest.console.dll, AssemblyResolver.OnResolve: Microsoft.VisualStudio.TestPlatform.Extensions.Trx.TestLogger: Loading assembly 'C:\Program Files\dotnet\sdk\6.0.102\Extensions\Microsoft.VisualStudio.TestPlatform.Extensions.Trx.TestLogger.dll'.
TpTrace Information: 0 : 9520, 1, 2022/03/28, 13:41:31.989, 384397957680, vstest.console.dll, AssemblyResolver.OnResolve: Resolved assembly: Microsoft.VisualStudio.TestPlatform.Extensions.Trx.TestLogger, from path: C:\Program Files\dotnet\sdk\6.0.102\Extensions\Microsoft.VisualStudio.TestPlatform.Extensions.Trx.TestLogger.dll
TpTrace Verbose: 0 : 9520, 1, 2022/03/28, 13:41:31.989, 384397962494, vstest.console.dll, TestPluginCache: Discovered the extensions using extension path ''.
TpTrace Verbose: 0 : 9520, 1, 2022/03/28, 13:41:31.989, 384397963106, vstest.console.dll, TestPluginCache: Discoverers are ''.
TpTrace Verbose: 0 : 9520, 1, 2022/03/28, 13:41:31.989, 384397963303, vstest.console.dll, TestPluginCache: Executors are ''.
TpTrace Verbose: 0 : 9520, 1, 2022/03/28, 13:41:31.989, 384397963446, vstest.console.dll, TestPluginCache: Executors2 are ''.
TpTrace Verbose: 0 : 9520, 1, 2022/03/28, 13:41:31.989, 384397963622, vstest.console.dll, TestPluginCache: Setting providers are ''.
TpTrace Verbose: 0 : 9520, 1, 2022/03/28, 13:41:31.989, 384397963757, vstest.console.dll, TestPluginCache: Loggers are ''.
TpTrace Information: 0 : 9520, 1, 2022/03/28, 13:41:31.994, 384398011379, vstest.console.dll, RunTestsArgumentProcessor:Execute: Test run is starting.
TpTrace Verbose: 0 : 9520, 1, 2022/03/28, 13:41:31.994, 384398012213, vstest.console.dll, RunTestsArgumentProcessor:Execute: Queuing Test run.
TpTrace Information: 0 : 9520, 1, 2022/03/28, 13:41:31.994, 384398013779, vstest.console.dll, TestRequestManager.RunTests: run tests started.
TpTrace Information: 0 : 9520, 1, 2022/03/28, 13:41:31.997, 384398040316, vstest.console.dll, AssemblyMetadataProvider.GetFrameWork: Determined framework:'.NETCoreApp,Version=v3.1' for source: 'D:\c#Code\softuniC#\04.OOP\ExamPreparation\Exam - 12 December 2020\Unit Tests\BankSafe.Tests\bin\Debug\netcoreapp3.1\fine-code-coverage\build-output\BankSafe.Tests.dll'
TpTrace Information: 0 : 9520, 1, 2022/03/28, 13:41:31.997, 384398041880, vstest.console.dll, Determined framework for all sources: .NETCoreApp,Version=v3.1
TpTrace Information: 0 : 9520, 1, 2022/03/28, 13:41:31.997, 384398045133, vstest.console.dll, AssemblyMetadataProvider.GetArchitecture: Determined architecture:AnyCPU info for assembly: D:\c#Code\softuniC#\04.OOP\ExamPreparation\Exam - 12 December 2020\Unit Tests\BankSafe.Tests\bin\Debug\netcoreapp3.1\fine-code-coverage\build-output\BankSafe.Tests.dll
TpTrace Information: 0 : 9520, 1, 2022/03/28, 13:41:31.999, 384398060243, vstest.console.dll, Determined platform for all sources: X64
TpTrace Information: 0 : 9520, 1, 2022/03/28, 13:41:32.001, 384398085128, vstest.console.dll, Compatible sources list : 
TpTrace Information: 0 : 9520, 1, 2022/03/28, 13:41:32.002, 384398086453, vstest.console.dll, D:\c#Code\softuniC#\04.OOP\ExamPreparation\Exam - 12 December 2020\Unit Tests\BankSafe.Tests\bin\Debug\netcoreapp3.1\fine-code-coverage\build-output\BankSafe.Tests.dll
TpTrace Information: 0 : 9520, 1, 2022/03/28, 13:41:32.004, 384398106842, vstest.console.dll, InferRunSettingsHelper.IsTestSettingsEnabled: Unable to navigate to RunSettings/MSTest. Current node: RunSettings
TpTrace Information: 0 : 9520, 1, 2022/03/28, 13:41:32.004, 384398112749, vstest.console.dll, AssemblyResolver.OnResolve: Microsoft.VisualStudio.TestPlatform.Fakes: Resolving assembly.
TpTrace Information: 0 : 9520, 1, 2022/03/28, 13:41:32.004, 384398113359, vstest.console.dll, AssemblyResolver.OnResolve: Microsoft.VisualStudio.TestPlatform.Fakes: Searching in: 'C:\Program Files\dotnet\sdk\6.0.102\Extensions'.
TpTrace Information: 0 : 9520, 1, 2022/03/28, 13:41:32.004, 384398114345, vstest.console.dll, AssemblyResolver.OnResolve: Microsoft.VisualStudio.TestPlatform.Fakes: Assembly path does not exist: 'C:\Program Files\dotnet\sdk\6.0.102\Extensions\Microsoft.VisualStudio.TestPlatform.Fakes.dll', returning.
TpTrace Information: 0 : 9520, 1, 2022/03/28, 13:41:32.004, 384398114758, vstest.console.dll, AssemblyResolver.OnResolve: Microsoft.VisualStudio.TestPlatform.Fakes: Assembly path does not exist: 'C:\Program Files\dotnet\sdk\6.0.102\Extensions\Microsoft.VisualStudio.TestPlatform.Fakes.exe', returning.
TpTrace Information: 0 : 9520, 1, 2022/03/28, 13:41:32.004, 384398114968, vstest.console.dll, AssemblyResolver.OnResolve: Microsoft.VisualStudio.TestPlatform.Fakes: Searching in: 'C:\Program Files\dotnet\sdk\6.0.102'.
TpTrace Information: 0 : 9520, 1, 2022/03/28, 13:41:32.004, 384398115397, vstest.console.dll, AssemblyResolver.OnResolve: Microsoft.VisualStudio.TestPlatform.Fakes: Assembly path does not exist: 'C:\Program Files\dotnet\sdk\6.0.102\Microsoft.VisualStudio.TestPlatform.Fakes.dll', returning.
TpTrace Information: 0 : 9520, 1, 2022/03/28, 13:41:32.004, 384398115747, vstest.console.dll, AssemblyResolver.OnResolve: Microsoft.VisualStudio.TestPlatform.Fakes: Assembly path does not exist: 'C:\Program Files\dotnet\sdk\6.0.102\Microsoft.VisualStudio.TestPlatform.Fakes.exe', returning.
TpTrace Information: 0 : 9520, 1, 2022/03/28, 13:41:32.005, 384398115913, vstest.console.dll, AssemblyResolver.OnResolve: Microsoft.VisualStudio.TestPlatform.Fakes: Failed to load assembly.
TpTrace Information: 0 : 9520, 1, 2022/03/28, 13:41:32.005, 384398118351, vstest.console.dll, Failed to load assembly Microsoft.VisualStudio.TestPlatform.Fakes, Version=17.0.0.0, Culture=neutral. Reason:System.IO.FileNotFoundException: Could not load file or assembly 'Microsoft.VisualStudio.TestPlatform.Fakes, Version=17.0.0.0, Culture=neutral, PublicKeyToken=null'. The system cannot find the file specified.
File name: 'Microsoft.VisualStudio.TestPlatform.Fakes, Version=17.0.0.0, Culture=neutral, PublicKeyToken=null'
   at System.Reflection.RuntimeAssembly.InternalLoad(ObjectHandleOnStack assemblyName, ObjectHandleOnStack requestingAssembly, StackCrawlMarkHandle stackMark, Boolean throwOnFileNotFound, ObjectHandleOnStack assemblyLoadContext, ObjectHandleOnStack retAssembly)
   at System.Reflection.RuntimeAssembly.InternalLoad(AssemblyName assemblyName, RuntimeAssembly requestingAssembly, StackCrawlMark& stackMark, Boolean throwOnFileNotFound, AssemblyLoadContext assemblyLoadContext)
   at System.Reflection.Assembly.Load(AssemblyName assemblyRef)
   at Microsoft.VisualStudio.TestPlatform.Common.Utilities.FakesUtilities.LoadTestPlatformAssembly()
TpTrace Verbose: 0 : 9520, 1, 2022/03/28, 13:41:32.008, 384398151640, vstest.console.dll, TestPluginCache.DiscoverTestExtensions: finding test extensions in assemblies ends with: TestLogger.dll TPluginInfo: Microsoft.VisualStudio.TestPlatform.Common.ExtensionFramework.Utilities.TestLoggerPluginInformation TExtension: Microsoft.VisualStudio.TestPlatform.ObjectModel.Client.ITestLogger
TpTrace Verbose: 0 : 9520, 1, 2022/03/28, 13:41:32.008, 384398152713, vstest.console.dll, TestPluginCache.GetExtensionPaths: Filtered extension paths: 
TpTrace Verbose: 0 : 9520, 1, 2022/03/28, 13:41:32.008, 384398153012, vstest.console.dll, TestPluginCache.GetExtensionPaths: Added default extension paths: C:\Program Files\dotnet\sdk\6.0.102\Extensions\Microsoft.Diagnostics.NETCore.Client.dll
C:\Program Files\dotnet\sdk\6.0.102\Extensions\Microsoft.TestPlatform.Extensions.BlameDataCollector.dll
C:\Program Files\dotnet\sdk\6.0.102\Extensions\Microsoft.TestPlatform.Extensions.EventLogCollector.dll
C:\Program Files\dotnet\sdk\6.0.102\Extensions\Microsoft.TestPlatform.TestHostRuntimeProvider.dll
C:\Program Files\dotnet\sdk\6.0.102\Extensions\Microsoft.VisualStudio.TestPlatform.Extensions.Html.TestLogger.dll
C:\Program Files\dotnet\sdk\6.0.102\Extensions\Microsoft.VisualStudio.TestPlatform.Extensions.Trx.TestLogger.dll
TpTrace Verbose: 0 : 9520, 1, 2022/03/28, 13:41:32.008, 384398153246, vstest.console.dll, TestPluginCache.GetExtensionPaths: Added unfilterableExtensionPaths: 
TpTrace Information: 0 : 9520, 1, 2022/03/28, 13:41:32.008, 384398154652, vstest.console.dll, AssemblyResolver.AddSearchDirectories: Adding more searchDirectories C:\Program Files\dotnet\sdk\6.0.102\Extensions,C:\Program Files\dotnet\sdk\6.0.102
TpTrace Verbose: 0 : 9520, 1, 2022/03/28, 13:41:32.008, 384398154949, vstest.console.dll, TestPluginCache.DiscoverTestExtensions: Discovering the extensions using extension path.
TpTrace Verbose: 0 : 9520, 1, 2022/03/28, 13:41:32.008, 384398155164, vstest.console.dll, TestPluginCache.GetExtensionPaths: Filtered extension paths: 
TpTrace Verbose: 0 : 9520, 1, 2022/03/28, 13:41:32.008, 384398155382, vstest.console.dll, TestPluginCache.GetExtensionPaths: Added default extension paths: C:\Program Files\dotnet\sdk\6.0.102\Extensions\Microsoft.Diagnostics.NETCore.Client.dll
C:\Program Files\dotnet\sdk\6.0.102\Extensions\Microsoft.TestPlatform.Extensions.BlameDataCollector.dll
C:\Program Files\dotnet\sdk\6.0.102\Extensions\Microsoft.TestPlatform.Extensions.EventLogCollector.dll
C:\Program Files\dotnet\sdk\6.0.102\Extensions\Microsoft.TestPlatform.TestHostRuntimeProvider.dll
C:\Program Files\dotnet\sdk\6.0.102\Extensions\Microsoft.VisualStudio.TestPlatform.Extensions.Html.TestLogger.dll
C:\Program Files\dotnet\sdk\6.0.102\Extensions\Microsoft.VisualStudio.TestPlatform.Extensions.Trx.TestLogger.dll
TpTrace Verbose: 0 : 9520, 1, 2022/03/28, 13:41:32.008, 384398155545, vstest.console.dll, TestPluginCache.GetExtensionPaths: Added unfilterableExtensionPaths: 
TpTrace Verbose: 0 : 9520, 1, 2022/03/28, 13:41:32.008, 384398155772, vstest.console.dll, TestPluginCache.DiscoverTestExtensions: Discovering the extensions using allExtensionPaths: C:\Program Files\dotnet\sdk\6.0.102\Extensions\Microsoft.Diagnostics.NETCore.Client.dll
C:\Program Files\dotnet\sdk\6.0.102\Extensions\Microsoft.TestPlatform.Extensions.BlameDataCollector.dll
C:\Program Files\dotnet\sdk\6.0.102\Extensions\Microsoft.TestPlatform.Extensions.EventLogCollector.dll
C:\Program Files\dotnet\sdk\6.0.102\Extensions\Microsoft.TestPlatform.TestHostRuntimeProvider.dll
C:\Program Files\dotnet\sdk\6.0.102\Extensions\Microsoft.VisualStudio.TestPlatform.Extensions.Html.TestLogger.dll
C:\Program Files\dotnet\sdk\6.0.102\Extensions\Microsoft.VisualStudio.TestPlatform.Extensions.Trx.TestLogger.dll
TpTrace Information: 0 : 9520, 1, 2022/03/28, 13:41:32.009, 384398156049, vstest.console.dll, AssemblyResolver.AddSearchDirectories: Adding more searchDirectories C:\Program Files\dotnet\sdk\6.0.102\Extensions,C:\Program Files\dotnet\sdk\6.0.102
TpTrace Information: 0 : 9520, 1, 2022/03/28, 13:41:32.009, 384398156272, vstest.console.dll, AssemblyResolver.AddSearchDirectories: Adding more searchDirectories C:\Program Files\dotnet\sdk\6.0.102\Extensions,C:\Program Files\dotnet\sdk\6.0.102
TpTrace Information: 0 : 9520, 1, 2022/03/28, 13:41:32.009, 384398156430, vstest.console.dll, AssemblyResolver.AddSearchDirectories: Adding more searchDirectories C:\Program Files\dotnet\sdk\6.0.102\Extensions,C:\Program Files\dotnet\sdk\6.0.102
TpTrace Information: 0 : 9520, 1, 2022/03/28, 13:41:32.009, 384398156581, vstest.console.dll, AssemblyResolver.AddSearchDirectories: Adding more searchDirectories C:\Program Files\dotnet\sdk\6.0.102\Extensions,C:\Program Files\dotnet\sdk\6.0.102
TpTrace Information: 0 : 9520, 1, 2022/03/28, 13:41:32.009, 384398156841, vstest.console.dll, AssemblyResolver.AddSearchDirectories: Adding more searchDirectories C:\Program Files\dotnet\sdk\6.0.102\Extensions,C:\Program Files\dotnet\sdk\6.0.102
TpTrace Information: 0 : 9520, 1, 2022/03/28, 13:41:32.009, 384398157009, vstest.console.dll, AssemblyResolver.AddSearchDirectories: Adding more searchDirectories C:\Program Files\dotnet\sdk\6.0.102\Extensions,C:\Program Files\dotnet\sdk\6.0.102
TpTrace Information: 0 : 9520, 1, 2022/03/28, 13:41:32.009, 384398158892, vstest.console.dll, AssemblyResolver.OnResolve: Microsoft.Bcl.AsyncInterfaces: Resolving assembly.
TpTrace Information: 0 : 9520, 1, 2022/03/28, 13:41:32.009, 384398159187, vstest.console.dll, AssemblyResolver.OnResolve: Microsoft.Bcl.AsyncInterfaces: Resolved from cache.
TpTrace Verbose: 0 : 9520, 1, 2022/03/28, 13:41:32.009, 384398159391, vstest.console.dll, CurrentDomainAssemblyResolve: Resolving assembly 'Microsoft.Bcl.AsyncInterfaces'.
TpTrace Information: 0 : 9520, 1, 2022/03/28, 13:41:32.009, 384398159644, vstest.console.dll, AssemblyResolver.OnResolve: Microsoft.Bcl.AsyncInterfaces: Resolving assembly.
TpTrace Information: 0 : 9520, 1, 2022/03/28, 13:41:32.009, 384398159808, vstest.console.dll, AssemblyResolver.OnResolve: Microsoft.Bcl.AsyncInterfaces: Resolved from cache.
TpTrace Verbose: 0 : 9520, 1, 2022/03/28, 13:41:32.009, 384398159965, vstest.console.dll, CurrentDomainAssemblyResolve: Resolving assembly 'Microsoft.Bcl.AsyncInterfaces'.
TpTrace Verbose: 0 : 9520, 1, 2022/03/28, 13:41:32.009, 384398160161, vstest.console.dll, CurrentDomainAssemblyResolve: Failed to resolve assembly 'Microsoft.Bcl.AsyncInterfaces'.
TpTrace Verbose: 0 : 9520, 1, 2022/03/28, 13:41:32.009, 384398161334, vstest.console.dll, CurrentDomainAssemblyResolve: Failed to resolve assembly 'Microsoft.Bcl.AsyncInterfaces'.
TpTrace Warning: 0 : 9520, 1, 2022/03/28, 13:41:32.009, 384398164092, vstest.console.dll, TestPluginDiscoverer: Failed to get types from assembly 'Microsoft.Diagnostics.NETCore.Client, Version=0.2.4.21401, Culture=neutral, PublicKeyToken=31bf3856ad364e35'.  Skipping test extension scan for this assembly.  Error: System.Reflection.ReflectionTypeLoadException: Unable to load one or more of the requested types.
Could not load file or assembly 'Microsoft.Bcl.AsyncInterfaces, Version=1.0.0.0, Culture=neutral, PublicKeyToken=cc7b13ffcd2ddd51'. The system cannot find the file specified.
   at System.Reflection.RuntimeModule.GetTypes(RuntimeModule module)
   at System.Reflection.Assembly.GetTypes()
   at Microsoft.VisualStudio.TestPlatform.Common.ExtensionFramework.TestPluginDiscoverer.GetTestExtensionsFromAssembly[TPluginInfo,TExtension](Assembly assembly, Dictionary`2 pluginInfos)
System.IO.FileNotFoundException: Could not load file or assembly 'Microsoft.Bcl.AsyncInterfaces, Version=1.0.0.0, Culture=neutral, PublicKeyToken=cc7b13ffcd2ddd51'. The system cannot find the file specified.
File name: 'Microsoft.Bcl.AsyncInterfaces, Version=1.0.0.0, Culture=neutral, PublicKeyToken=cc7b13ffcd2ddd51'
 ---> System.IO.FileNotFoundException: Could not load file or assembly 'Microsoft.Bcl.AsyncInterfaces, Culture=neutral, PublicKeyToken=null'. The system cannot find the file specified.
File name: 'Microsoft.Bcl.AsyncInterfaces, Culture=neutral, PublicKeyToken=null'
   at System.Reflection.RuntimeAssembly.InternalLoad(ObjectHandleOnStack assemblyName, ObjectHandleOnStack requestingAssembly, StackCrawlMarkHandle stackMark, Boolean throwOnFileNotFound, ObjectHandleOnStack assemblyLoadContext, ObjectHandleOnStack retAssembly)
   at System.Reflection.RuntimeAssembly.InternalLoad(AssemblyName assemblyName, RuntimeAssembly requestingAssembly, StackCrawlMark& stackMark, Boolean throwOnFileNotFound, AssemblyLoadContext assemblyLoadContext)
   at System.Reflection.Assembly.Load(AssemblyName assemblyRef)
   at Microsoft.VisualStudio.TestPlatform.Common.ExtensionFramework.TestPluginCache.CurrentDomainAssemblyResolve(Object sender, AssemblyResolveEventArgs args)
   at Microsoft.VisualStudio.TestPlatform.PlatformAbstractions.PlatformAssemblyResolver.AssemblyResolverEvent(Object sender, Object eventArgs)
   at System.Runtime.Loader.AssemblyLoadContext.GetFirstResolvedAssemblyFromResolvingEvent(AssemblyName assemblyName)
   at System.Runtime.Loader.AssemblyLoadContext.ResolveUsingEvent(AssemblyName assemblyName)
   at System.Runtime.Loader.AssemblyLoadContext.ResolveUsingResolvingEvent(IntPtr gchManagedAssemblyLoadContext, AssemblyName assemblyName)
TpTrace Warning: 0 : 9520, 1, 2022/03/28, 13:41:32.009, 384398165782, vstest.console.dll, LoaderExceptions: System.IO.FileNotFoundException: Could not load file or assembly 'Microsoft.Bcl.AsyncInterfaces, Version=1.0.0.0, Culture=neutral, PublicKeyToken=cc7b13ffcd2ddd51'. The system cannot find the file specified.
File name: 'Microsoft.Bcl.AsyncInterfaces, Version=1.0.0.0, Culture=neutral, PublicKeyToken=cc7b13ffcd2ddd51'
 ---> System.IO.FileNotFoundException: Could not load file or assembly 'Microsoft.Bcl.AsyncInterfaces, Culture=neutral, PublicKeyToken=null'. The system cannot find the file specified.
File name: 'Microsoft.Bcl.AsyncInterfaces, Culture=neutral, PublicKeyToken=null'
   at System.Reflection.RuntimeAssembly.InternalLoad(ObjectHandleOnStack assemblyName, ObjectHandleOnStack requestingAssembly, StackCrawlMarkHandle stackMark, Boolean throwOnFileNotFound, ObjectHandleOnStack assemblyLoadContext, ObjectHandleOnStack retAssembly)
   at System.Reflection.RuntimeAssembly.InternalLoad(AssemblyName assemblyName, RuntimeAssembly requestingAssembly, StackCrawlMark& stackMark, Boolean throwOnFileNotFound, AssemblyLoadContext assemblyLoadContext)
   at System.Reflection.Assembly.Load(AssemblyName assemblyRef)
   at Microsoft.VisualStudio.TestPlatform.Common.ExtensionFramework.TestPluginCache.CurrentDomainAssemblyResolve(Object sender, AssemblyResolveEventArgs args)
   at Microsoft.VisualStudio.TestPlatform.PlatformAbstractions.PlatformAssemblyResolver.AssemblyResolverEvent(Object sender, Object eventArgs)
   at System.Runtime.Loader.AssemblyLoadContext.GetFirstResolvedAssemblyFromResolvingEvent(AssemblyName assemblyName)
   at System.Runtime.Loader.AssemblyLoadContext.ResolveUsingEvent(AssemblyName assemblyName)
   at System.Runtime.Loader.AssemblyLoadContext.ResolveUsingResolvingEvent(IntPtr gchManagedAssemblyLoadContext, AssemblyName assemblyName)
TpTrace Verbose: 0 : 9520, 1, 2022/03/28, 13:41:32.010, 384398168902, vstest.console.dll, TestPluginCache: Discovered the extensions using extension path ''.
TpTrace Verbose: 0 : 9520, 1, 2022/03/28, 13:41:32.010, 384398169325, vstest.console.dll, TestPluginCache: Discoverers are ''.
TpTrace Verbose: 0 : 9520, 1, 2022/03/28, 13:41:32.010, 384398169493, vstest.console.dll, TestPluginCache: Executors are ''.
TpTrace Verbose: 0 : 9520, 1, 2022/03/28, 13:41:32.010, 384398169633, vstest.console.dll, TestPluginCache: Executors2 are ''.
TpTrace Verbose: 0 : 9520, 1, 2022/03/28, 13:41:32.010, 384398169770, vstest.console.dll, TestPluginCache: Setting providers are ''.
TpTrace Verbose: 0 : 9520, 1, 2022/03/28, 13:41:32.010, 384398170319, vstest.console.dll, TestPluginCache: Loggers are 'logger://Microsoft/TestPlatform/Extensions/Blame/v1,logger://Microsoft/TestPlatform/HtmlLogger/v1,logger://Microsoft/TestPlatform/TrxLogger/v1'.
TpTrace Information: 0 : 9520, 1, 2022/03/28, 13:41:32.010, 384398175559, vstest.console.dll, TestPluginManager.CreateTestExtension: Attempting to load test extension: Microsoft.TestPlatform.Extensions.BlameDataCollector.BlameLogger
TpTrace Information: 0 : 9520, 1, 2022/03/28, 13:41:32.016, 384398226262, vstest.console.dll, TestPluginManager.CreateTestExtension: Attempting to load test extension: Microsoft.VisualStudio.TestPlatform.CrossPlatEngine.Hosting.DefaultTestHostManager
TpTrace Information: 0 : 9520, 1, 2022/03/28, 13:41:32.016, 384398228899, vstest.console.dll, TestPluginManager.CreateTestExtension: Attempting to load test extension: Microsoft.VisualStudio.TestPlatform.CrossPlatEngine.Hosting.DotnetTestHostManager
TpTrace Verbose: 0 : 9520, 1, 2022/03/28, 13:41:32.016, 384398232901, vstest.console.dll, TestEngine: Initializing Parallel Execution as MaxCpuCount is set to: 1
TpTrace Information: 0 : 9520, 1, 2022/03/28, 13:41:32.017, 384398237670, vstest.console.dll, InferRunSettingsHelper.IsTestSettingsEnabled: Unable to navigate to RunSettings/MSTest. Current node: RunSettings
TpTrace Verbose: 0 : 9520, 1, 2022/03/28, 13:41:32.028, 384398347744, vstest.console.dll, TestRequestSender is acting as server
TpTrace Verbose: 0 : 9520, 5, 2022/03/28, 13:41:32.031, 384398385280, vstest.console.dll, DataCollectionRequestSender.InitializeCommunication : Initialize communication. 
TpTrace Information: 0 : 9520, 5, 2022/03/28, 13:41:32.036, 384398431859, vstest.console.dll, Listening on Endpoint : 127.0.0.1:61430
TpTrace Verbose: 0 : 9520, 5, 2022/03/28, 13:41:32.045, 384398518537, vstest.console.dll, DotnetDataCollectionLauncher: Full path of dotnet.exe is C:\Program Files\dotnet\dotnet.exe
TpTrace Verbose: 0 : 9520, 5, 2022/03/28, 13:41:32.045, 384398520530, vstest.console.dll, DotnetDataCollectionLauncher: Adding  --runtimeconfig "C:\Program Files\dotnet\sdk\6.0.102\datacollector.runtimeconfig.json" in args
TpTrace Verbose: 0 : 9520, 5, 2022/03/28, 13:41:32.045, 384398520995, vstest.console.dll, DotnetDataCollectionLauncher: Adding  --depsfile "C:\Program Files\dotnet\sdk\6.0.102\datacollector.deps.json" in args
TpTrace Information: 0 : 9520, 5, 2022/03/28, 13:41:32.054, 384398610417, vstest.console.dll, ProxyDataCollectionManager.Initialize: Launched datacollector processId: 6576 port: 61430
TpTrace Information: 0 : 9520, 5, 2022/03/28, 13:41:32.054, 384398611935, vstest.console.dll, ProxyDataCollectionManager.Initialize: waiting for connection with timeout: 90 seconds
TpTrace Verbose: 0 : 9520, 5, 2022/03/28, 13:41:32.054, 384398612274, vstest.console.dll, DataCollectionRequestSender.WaitForRequestHandlerConnection : Waiting for connection with timeout: 90000
TpTrace Information: 0 : 9520, 8, 2022/03/28, 13:41:32.168, 384399745904, vstest.console.dll, Using the buffer size of 16384 bytes
TpTrace Verbose: 0 : 9520, 5, 2022/03/28, 13:41:32.168, 384399746815, vstest.console.dll, ProxyDataCollectionManager.InvokeDataCollectionServiceAction: Starting.
TpTrace Information: 0 : 9520, 8, 2022/03/28, 13:41:32.168, 384399746979, vstest.console.dll, Accepted Client request and set the flag
TpTrace Information: 0 : 9520, 5, 2022/03/28, 13:41:32.168, 384399747792, vstest.console.dll, ProxyDataCollectionManager.BeforeTestRunStart: Get environment variable and port for datacollector processId: 6576 port: 61430
TpTrace Verbose: 0 : 9520, 5, 2022/03/28, 13:41:32.168, 384399748813, vstest.console.dll, DataCollectionRequestSender.SendBeforeTestRunStartAndGetResult : Send BeforeTestRunStart message with settingsXml <RunSettings><RunConfiguration><ResultsDirectory>D:\c#Code\softuniC#\04.OOP\ExamPreparation\Exam - 12 December 2020\Unit Tests\BankSafe.Tests\bin\Debug\netcoreapp3.1\fine-code-coverage\coverage-tool-output</ResultsDirectory><TargetPlatform>X64</TargetPlatform><TargetFrameworkVersion>.NETCoreApp,Version=v3.1</TargetFrameworkVersion><DesignMode>False</DesignMode><CollectSourceInformation>False</CollectSourceInformation><TestAdaptersPaths>C:\Program Files\dotnet\sdk\6.0.102\Extensions</TestAdaptersPaths></RunConfiguration><LoggerRunSettings><Loggers><Logger friendlyName="blame" enabled="True" /><Logger friendlyName="Console" uri="logger://microsoft/TestPlatform/ConsoleLogger/v1" assemblyQualifiedName="Microsoft.VisualStudio.TestPlatform.CommandLine.Internal.ConsoleLogger, vstest.console, Version=15.0.0.0, Culture=neutral, PublicKeyToken=b03f5f7f11d50a3a" codeBase="C:\Program Files\dotnet\sdk\6.0.102\vstest.console.dll" enabled="True" /></Loggers></LoggerRunSettings><DataCollectionRunSettings><DataCollectors><DataCollector friendlyName="blame" enabled="True"><Configuration><ResultsDirectory>D:\c#Code\softuniC#\04.OOP\ExamPreparation\Exam - 12 December 2020\Unit Tests\BankSafe.Tests\bin\Debug\netcoreapp3.1\fine-code-coverage\coverage-tool-output</ResultsDirectory></Configuration></DataCollector></DataCollectors></DataCollectionRunSettings></RunSettings> and sources System.Linq.Enumerable+Concat2Iterator`1[System.String]: 
TpTrace Verbose: 0 : 9520, 5, 2022/03/28, 13:41:32.229, 384400365431, vstest.console.dll, DataCollectionRequestSender.SendBeforeTestRunStartAndGetResult : Received message: (DataCollection.SendMessage) -> {
  "FriendlyName": null,
  "Uri": null,
  "TestCaseId": "00000000-0000-0000-0000-000000000000",
  "Message": "Logging DataCollector Diagnostics in file: D:\\c#Code\\softuniC#\\04.OOP\\ExamPreparation\\Exam - 12 December 2020\\Unit Tests\\BankSafe.Tests\\bin\\Debug\\netcoreapp3.1\\fine-code-coverage\\coverage-tool-output\\diagnostics.datacollector.22-03-28_13-41-32_04213_5.log",
  "Level": 0
}
TpTrace Verbose: 0 : 9520, 5, 2022/03/28, 13:41:32.287, 384400939662, vstest.console.dll, DataCollectionRequestSender.SendBeforeTestRunStartAndGetResult : Received message: (DataCollection.BeforeTestRunStartResult) -> {
  "EnvironmentVariables": {},
  "DataCollectionEventsPort": 61432
}
TpTrace Information: 0 : 9520, 5, 2022/03/28, 13:41:32.292, 384400991505, vstest.console.dll, ProxyDataCollectionManager.BeforeTestRunStart: SendBeforeTestRunStartAndGetResult successful, env variable from datacollector:   and testhost port: 61432
TpTrace Information: 0 : 9520, 5, 2022/03/28, 13:41:32.292, 384400992570, vstest.console.dll, ProxyDataCollectionManager.InvokeDataCollectionServiceAction: Completed.
TpTrace Verbose: 0 : 9520, 1, 2022/03/28, 13:41:32.292, 384400993827, vstest.console.dll, TestRunRequest.ExecuteAsync: Creating test run request.
TpTrace Verbose: 0 : 9520, 1, 2022/03/28, 13:41:32.293, 384400996443, vstest.console.dll, TestRunRequest.ExecuteAsync: Starting.
TpTrace Information: 0 : 9520, 1, 2022/03/28, 13:41:32.293, 384400999283, vstest.console.dll, TestRunRequest.ExecuteAsync: Starting run with settings:TestRunCriteria:
   KeepAlive=False,FrequencyOfRunStatsChangeEvent=10,RunStatsChangeEventTimeout=00:00:01.5000000,TestCaseFilter=,TestExecutorLauncher=
   Settingsxml=<RunSettings>
  <RunConfiguration>
    <ResultsDirectory>D:\c#Code\softuniC#\04.OOP\ExamPreparation\Exam - 12 December 2020\Unit Tests\BankSafe.Tests\bin\Debug\netcoreapp3.1\fine-code-coverage\coverage-tool-output</ResultsDirectory>
    <TargetPlatform>X64</TargetPlatform>
    <TargetFrameworkVersion>.NETCoreApp,Version=v3.1</TargetFrameworkVersion>
    <DesignMode>False</DesignMode>
    <CollectSourceInformation>False</CollectSourceInformation>
  </RunConfiguration>
  <LoggerRunSettings>
    <Loggers>
      <Logger friendlyName="blame" enabled="True" />
      <Logger friendlyName="Console" uri="logger://microsoft/TestPlatform/ConsoleLogger/v1" assemblyQualifiedName="Microsoft.VisualStudio.TestPlatform.CommandLine.Internal.ConsoleLogger, vstest.console, Version=15.0.0.0, Culture=neutral, PublicKeyToken=b03f5f7f11d50a3a" codeBase="C:\Program Files\dotnet\sdk\6.0.102\vstest.console.dll" enabled="True" />
    </Loggers>
  </LoggerRunSettings>
  <DataCollectionRunSettings>
    <DataCollectors>
      <DataCollector friendlyName="blame" enabled="True">
        <Configuration>
          <ResultsDirectory>D:\c#Code\softuniC#\04.OOP\ExamPreparation\Exam - 12 December 2020\Unit Tests\BankSafe.Tests\bin\Debug\netcoreapp3.1\fine-code-coverage\coverage-tool-output</ResultsDirectory>
        </Configuration>
      </DataCollector>
    </DataCollectors>
  </DataCollectionRunSettings>
</RunSettings>

TpTrace Verbose: 0 : 9520, 1, 2022/03/28, 13:41:32.293, 384400999676, vstest.console.dll, TestRunRequest.ExecuteAsync: Wait for the first run request is over.
TpTrace Verbose: 0 : 9520, 1, 2022/03/28, 13:41:32.293, 384401003098, vstest.console.dll, ParallelProxyExecutionManager: Start execution. Total sources: 1
TpTrace Information: 0 : 9520, 1, 2022/03/28, 13:41:32.294, 384401007424, vstest.console.dll, ProxyParallelExecutionManager: Triggering test run for next source: D:\c#Code\softuniC#\04.OOP\ExamPreparation\Exam - 12 December 2020\Unit Tests\BankSafe.Tests\bin\Debug\netcoreapp3.1\fine-code-coverage\build-output\BankSafe.Tests.dll
TpTrace Verbose: 0 : 9520, 1, 2022/03/28, 13:41:32.294, 384401009599, vstest.console.dll, ProxyParallelExecutionManager: No sources available for execution.
TpTrace Verbose: 0 : 9520, 5, 2022/03/28, 13:41:32.294, 384401009607, vstest.console.dll, ParallelProxyExecutionManager: Execution started. Started clients: 1
TpTrace Information: 0 : 9520, 1, 2022/03/28, 13:41:32.294, 384401010005, vstest.console.dll, TestRunRequest.ExecuteAsync: Started.
TpTrace Verbose: 0 : 9520, 1, 2022/03/28, 13:41:32.294, 384401011496, vstest.console.dll, TestRunRequest.WaitForCompletion: Waiting with timeout -1.
TpTrace Verbose: 0 : 9520, 5, 2022/03/28, 13:41:32.294, 384401014117, vstest.console.dll, TestRunRequest:SendTestRunMessage: Starting.
TpTrace Information: 0 : 9520, 5, 2022/03/28, 13:41:32.294, 384401015775, vstest.console.dll, TestRunRequest:SendTestRunMessage: Completed.
TpTrace Verbose: 0 : 9520, 5, 2022/03/28, 13:41:32.295, 384401018321, vstest.console.dll, ProxyExecutionManager: Test host is always Lazy initialize.
TpTrace Verbose: 0 : 9520, 5, 2022/03/28, 13:41:32.295, 384401020425, vstest.console.dll, TestRequestSender.InitializeCommunication: initialize communication. 
TpTrace Information: 0 : 9520, 5, 2022/03/28, 13:41:32.295, 384401025006, vstest.console.dll, SocketServer.Start: Listening on endpoint : 127.0.0.1:61433
TpTrace Verbose: 0 : 9520, 5, 2022/03/28, 13:41:32.296, 384401031658, vstest.console.dll, DotnetTestHostmanager: Adding  --runtimeconfig "D:\c#Code\softuniC#\04.OOP\ExamPreparation\Exam - 12 December 2020\Unit Tests\BankSafe.Tests\bin\Debug\netcoreapp3.1\fine-code-coverage\build-output\BankSafe.Tests.runtimeconfig.json" in args
TpTrace Verbose: 0 : 9520, 5, 2022/03/28, 13:41:32.296, 384401032503, vstest.console.dll, DotnetTestHostmanager: Adding  --depsfile "D:\c#Code\softuniC#\04.OOP\ExamPreparation\Exam - 12 December 2020\Unit Tests\BankSafe.Tests\bin\Debug\netcoreapp3.1\fine-code-coverage\build-output\BankSafe.Tests.deps.json" in args
TpTrace Information: 0 : 9520, 5, 2022/03/28, 13:41:32.296, 384401034610, vstest.console.dll, AssemblyResolver.OnResolve: Microsoft.Extensions.DependencyModel: Resolving assembly.
TpTrace Information: 0 : 9520, 5, 2022/03/28, 13:41:32.296, 384401035053, vstest.console.dll, AssemblyResolver.OnResolve: Microsoft.Extensions.DependencyModel: Searching in: 'C:\Program Files\dotnet\sdk\6.0.102\Extensions'.
TpTrace Information: 0 : 9520, 5, 2022/03/28, 13:41:32.297, 384401035868, vstest.console.dll, AssemblyResolver.OnResolve: Microsoft.Extensions.DependencyModel: Assembly path does not exist: 'C:\Program Files\dotnet\sdk\6.0.102\Extensions\Microsoft.Extensions.DependencyModel.dll', returning.
TpTrace Information: 0 : 9520, 5, 2022/03/28, 13:41:32.297, 384401036319, vstest.console.dll, AssemblyResolver.OnResolve: Microsoft.Extensions.DependencyModel: Assembly path does not exist: 'C:\Program Files\dotnet\sdk\6.0.102\Extensions\Microsoft.Extensions.DependencyModel.exe', returning.
TpTrace Information: 0 : 9520, 5, 2022/03/28, 13:41:32.297, 384401036487, vstest.console.dll, AssemblyResolver.OnResolve: Microsoft.Extensions.DependencyModel: Searching in: 'C:\Program Files\dotnet\sdk\6.0.102'.
TpTrace Information: 0 : 9520, 5, 2022/03/28, 13:41:32.297, 384401042401, vstest.console.dll, AssemblyResolver.OnResolve: Microsoft.Extensions.DependencyModel: Loading assembly 'C:\Program Files\dotnet\sdk\6.0.102\Microsoft.Extensions.DependencyModel.dll'.
TpTrace Information: 0 : 9520, 5, 2022/03/28, 13:41:32.298, 384401049062, vstest.console.dll, AssemblyResolver.OnResolve: Resolved assembly: Microsoft.Extensions.DependencyModel, from path: C:\Program Files\dotnet\sdk\6.0.102\Microsoft.Extensions.DependencyModel.dll
TpTrace Verbose: 0 : 9520, 5, 2022/03/28, 13:41:32.298, 384401051572, vstest.console.dll, DotnetTestHostmanager: Reading file D:\c#Code\softuniC#\04.OOP\ExamPreparation\Exam - 12 December 2020\Unit Tests\BankSafe.Tests\bin\Debug\netcoreapp3.1\fine-code-coverage\build-output\BankSafe.Tests.deps.json to get path of testhost.dll
TpTrace Verbose: 0 : 9520, 5, 2022/03/28, 13:41:32.312, 384401192020, vstest.console.dll, DotnetTestHostmanager: Relative path of testhost.dll with respect to package folder is microsoft.testplatform.testhost/16.4.0\lib/netcoreapp2.1/testhost.dll
TpTrace Verbose: 0 : 9520, 5, 2022/03/28, 13:41:32.313, 384401199932, vstest.console.dll, DotnetTestHostmanager: Looking for path microsoft.testplatform.testhost/16.4.0\lib/netcoreapp2.1/testhost.dll in folder C:\Users\peter\.dotnet\store\|arch|\|tfm|
TpTrace Verbose: 0 : 9520, 5, 2022/03/28, 13:41:32.313, 384401201305, vstest.console.dll, DotnetTestHostmanager: Looking for path microsoft.testplatform.testhost/16.4.0\lib/netcoreapp2.1/testhost.dll in folder C:\Users\peter\.nuget\packages
TpTrace Verbose: 0 : 9520, 5, 2022/03/28, 13:41:32.313, 384401202778, vstest.console.dll, DotnetTestHostManager: Testhost.exe/testhost.x86.exe found at path: C:\Users\peter\.nuget\packages\microsoft.testplatform.testhost\16.4.0\build\netcoreapp2.1\x64\testhost.exe
TpTrace Verbose: 0 : 9520, 5, 2022/03/28, 13:41:32.313, 384401203100, vstest.console.dll, DotnetTestHostmanager: Full path of host exe is C:\Users\peter\.nuget\packages\microsoft.testplatform.testhost\16.4.0\build\netcoreapp2.1\x64\testhost.exe
TpTrace Verbose: 0 : 9520, 7, 2022/03/28, 13:41:32.314, 384401210677, vstest.console.dll, DotnetTestHostManager: Starting process 'C:\Users\peter\.nuget\packages\microsoft.testplatform.testhost\16.4.0\build\netcoreapp2.1\x64\testhost.exe' with command line ' --runtimeconfig "D:\c#Code\softuniC#\04.OOP\ExamPreparation\Exam - 12 December 2020\Unit Tests\BankSafe.Tests\bin\Debug\netcoreapp3.1\fine-code-coverage\build-output\BankSafe.Tests.runtimeconfig.json" --depsfile "D:\c#Code\softuniC#\04.OOP\ExamPreparation\Exam - 12 December 2020\Unit Tests\BankSafe.Tests\bin\Debug\netcoreapp3.1\fine-code-coverage\build-output\BankSafe.Tests.deps.json" --port 61433 --endpoint 127.0.0.1:061433 --role client --parentprocessid 9520 --diag "D:\c#Code\softuniC#\04.OOP\ExamPreparation\Exam - 12 December 2020\Unit Tests\BankSafe.Tests\bin\Debug\netcoreapp3.1\fine-code-coverage\coverage-tool-output\diagnostics.host.22-03-28_13-41-32_29624_5.log" --tracelevel 4 --datacollectionport 61432 --telemetryoptedin false'
TpTrace Verbose: 0 : 9520, 7, 2022/03/28, 13:41:32.319, 384401256294, vstest.console.dll, Test Runtime launched
TpTrace Verbose: 0 : 9520, 5, 2022/03/28, 13:41:32.319, 384401262611, vstest.console.dll, TestRequestSender.WaitForRequestHandlerConnection: waiting for connection with timeout: 90000
TpTrace Verbose: 0 : 9520, 7, 2022/03/28, 13:41:32.457, 384402640715, vstest.console.dll, SocketServer.OnClientConnected: Client connected for endPoint: 127.0.0.1:61433, starting MessageLoopAsync:
TpTrace Verbose: 0 : 9520, 14, 2022/03/28, 13:41:32.457, 384402643237, vstest.console.dll, TcpClientExtensions.MessageLoopAsync: Polling on remoteEndPoint: 127.0.0.1:61434 localEndPoint: 127.0.0.1:61433
TpTrace Verbose: 0 : 9520, 14, 2022/03/28, 13:41:32.571, 384403782209, vstest.console.dll, TcpClientExtensions.MessageLoopAsync: NotifyDataAvailable remoteEndPoint: 127.0.0.1:61434 localEndPoint: 127.0.0.1:61433
TpTrace Verbose: 0 : 9520, 14, 2022/03/28, 13:41:32.571, 384403785088, vstest.console.dll, TestRequestSender.CheckVersionWithTestHost: onMessageReceived received message: (ProtocolVersion) -> 2
TpTrace Verbose: 0 : 9520, 14, 2022/03/28, 13:41:32.572, 384403788758, vstest.console.dll, TcpClientExtensions.MessageLoopAsync: Polling on remoteEndPoint: 127.0.0.1:61434 localEndPoint: 127.0.0.1:61433
TpTrace Verbose: 0 : 9520, 5, 2022/03/28, 13:41:32.572, 384403789717, vstest.console.dll, TestPluginCache.GetExtensionPaths: Filtered extension paths: 
TpTrace Verbose: 0 : 9520, 5, 2022/03/28, 13:41:32.572, 384403790232, vstest.console.dll, TestPluginCache.GetExtensionPaths: Added default extension paths: C:\Program Files\dotnet\sdk\6.0.102\Extensions\Microsoft.Diagnostics.NETCore.Client.dll
C:\Program Files\dotnet\sdk\6.0.102\Extensions\Microsoft.TestPlatform.Extensions.BlameDataCollector.dll
C:\Program Files\dotnet\sdk\6.0.102\Extensions\Microsoft.TestPlatform.Extensions.EventLogCollector.dll
C:\Program Files\dotnet\sdk\6.0.102\Extensions\Microsoft.TestPlatform.TestHostRuntimeProvider.dll
C:\Program Files\dotnet\sdk\6.0.102\Extensions\Microsoft.VisualStudio.TestPlatform.Extensions.Html.TestLogger.dll
C:\Program Files\dotnet\sdk\6.0.102\Extensions\Microsoft.VisualStudio.TestPlatform.Extensions.Trx.TestLogger.dll
TpTrace Verbose: 0 : 9520, 5, 2022/03/28, 13:41:32.572, 384403790426, vstest.console.dll, TestPluginCache.GetExtensionPaths: Added unfilterableExtensionPaths: 
TpTrace Verbose: 0 : 9520, 5, 2022/03/28, 13:41:32.575, 384403822325, vstest.console.dll, TestRequestSender.InitializeExecution: Sending initializing execution with message: {"Version":2,"MessageType":"TestExecution.Initialize","Payload":["D:\\c#Code\\softuniC#\\04.OOP\\ExamPreparation\\Exam - 12 December 2020\\Unit Tests\\BankSafe.Tests\\bin\\Debug\\netcoreapp3.1\\fine-code-coverage\\build-output\\NUnit3.TestAdapter.dll"]}
TpTrace Verbose: 0 : 9520, 14, 2022/03/28, 13:41:32.581, 384403881316, vstest.console.dll, TcpClientExtensions.MessageLoopAsync: NotifyDataAvailable remoteEndPoint: 127.0.0.1:61434 localEndPoint: 127.0.0.1:61433
TpTrace Verbose: 0 : 9520, 14, 2022/03/28, 13:41:32.581, 384403883005, vstest.console.dll, TestRequestSender.OnExecutionMessageReceived: Received message: {"Version":2,"MessageType":"TestSession.Message","Payload":{"MessageLevel":0,"Message":"Logging TestHost Diagnostics in file: D:\\c#Code\\softuniC#\\04.OOP\\ExamPreparation\\Exam - 12 December 2020\\Unit Tests\\BankSafe.Tests\\bin\\Debug\\netcoreapp3.1\\fine-code-coverage\\coverage-tool-output\\diagnostics.host.22-03-28_13-41-32_29624_5.log"}}
TpTrace Verbose: 0 : 9520, 14, 2022/03/28, 13:41:32.583, 384403901025, vstest.console.dll, TestRunRequest:SendTestRunMessage: Starting.
TpTrace Verbose: 0 : 9520, 5, 2022/03/28, 13:41:32.583, 384403902008, vstest.console.dll, TestRequestSender.StartTestRun: Sending test run with message: {"Version":2,"MessageType":"TestExecution.StartWithSources","Payload":{"AdapterSourceMap":{"_none_":["D:\\c#Code\\softuniC#\\04.OOP\\ExamPreparation\\Exam - 12 December 2020\\Unit Tests\\BankSafe.Tests\\bin\\Debug\\netcoreapp3.1\\fine-code-coverage\\build-output\\BankSafe.Tests.dll"]},"RunSettings":"<RunSettings>\r\n  <RunConfiguration>\r\n    <ResultsDirectory>D:\\c#Code\\softuniC#\\04.OOP\\ExamPreparation\\Exam - 12 December 2020\\Unit Tests\\BankSafe.Tests\\bin\\Debug\\netcoreapp3.1\\fine-code-coverage\\coverage-tool-output</ResultsDirectory>\r\n    <TargetPlatform>X64</TargetPlatform>\r\n    <TargetFrameworkVersion>.NETCoreApp,Version=v3.1</TargetFrameworkVersion>\r\n    <DesignMode>False</DesignMode>\r\n    <CollectSourceInformation>False</CollectSourceInformation>\r\n  </RunConfiguration>\r\n  <LoggerRunSettings>\r\n    <Loggers>\r\n      <Logger friendlyName=\"blame\" enabled=\"True\" />\r\n      <Logger friendlyName=\"Console\" uri=\"logger://microsoft/TestPlatform/ConsoleLogger/v1\" assemblyQualifiedName=\"Microsoft.VisualStudio.TestPlatform.CommandLine.Internal.ConsoleLogger, vstest.console, Version=15.0.0.0, Culture=neutral, PublicKeyToken=b03f5f7f11d50a3a\" codeBase=\"C:\\Program Files\\dotnet\\sdk\\6.0.102\\vstest.console.dll\" enabled=\"True\" />\r\n    </Loggers>\r\n  </LoggerRunSettings>\r\n  <DataCollectionRunSettings>\r\n    <DataCollectors>\r\n      <DataCollector friendlyName=\"blame\" enabled=\"True\">\r\n        <Configuration>\r\n          <ResultsDirectory>D:\\c#Code\\softuniC#\\04.OOP\\ExamPreparation\\Exam - 12 December 2020\\Unit Tests\\BankSafe.Tests\\bin\\Debug\\netcoreapp3.1\\fine-code-coverage\\coverage-tool-output</ResultsDirectory>\r\n        </Configuration>\r\n      </DataCollector>\r\n    </DataCollectors>\r\n  </DataCollectionRunSettings>\r\n</RunSettings>","TestExecutionContext":{"FrequencyOfRunStatsChangeEvent":10,"RunStatsChangeEventTimeout":"00:00:01.5000000","InIsolation":false,"KeepAlive":false,"AreTestCaseLevelEventsRequired":false,"IsDebug":false,"TestCaseFilter":null,"FilterOptions":null},"Package":null}}
TpTrace Information: 0 : 9520, 14, 2022/03/28, 13:41:32.583, 384403902510, vstest.console.dll, TestRunRequest:SendTestRunMessage: Completed.
TpTrace Verbose: 0 : 9520, 14, 2022/03/28, 13:41:32.583, 384403903894, vstest.console.dll, TcpClientExtensions.MessageLoopAsync: Polling on remoteEndPoint: 127.0.0.1:61434 localEndPoint: 127.0.0.1:61433
TpTrace Verbose: 0 : 9520, 14, 2022/03/28, 13:41:32.703, 384405102812, vstest.console.dll, TcpClientExtensions.MessageLoopAsync: NotifyDataAvailable remoteEndPoint: 127.0.0.1:61434 localEndPoint: 127.0.0.1:61433
TpTrace Verbose: 0 : 9520, 14, 2022/03/28, 13:41:32.704, 384405106109, vstest.console.dll, TestRequestSender.OnExecutionMessageReceived: Received message: {"Version":2,"MessageType":"TestSession.Message","Payload":{"MessageLevel":0,"Message":"NUnit Adapter 3.15.1.0: Test execution started"}}
TpTrace Verbose: 0 : 9520, 14, 2022/03/28, 13:41:32.704, 384405108347, vstest.console.dll, TestRunRequest:SendTestRunMessage: Starting.
TpTrace Information: 0 : 9520, 14, 2022/03/28, 13:41:32.704, 384405108745, vstest.console.dll, TestRunRequest:SendTestRunMessage: Completed.
TpTrace Verbose: 0 : 9520, 14, 2022/03/28, 13:41:32.704, 384405108927, vstest.console.dll, TcpClientExtensions.MessageLoopAsync: Polling on remoteEndPoint: 127.0.0.1:61434 localEndPoint: 127.0.0.1:61433
TpTrace Verbose: 0 : 9520, 14, 2022/03/28, 13:41:32.709, 384405164081, vstest.console.dll, TcpClientExtensions.MessageLoopAsync: NotifyDataAvailable remoteEndPoint: 127.0.0.1:61434 localEndPoint: 127.0.0.1:61433
TpTrace Verbose: 0 : 9520, 14, 2022/03/28, 13:41:32.709, 384405165456, vstest.console.dll, TestRequestSender.OnExecutionMessageReceived: Received message: {"Version":2,"MessageType":"TestSession.Message","Payload":{"MessageLevel":0,"Message":"Running all tests in D:\\c#Code\\softuniC#\\04.OOP\\ExamPreparation\\Exam - 12 December 2020\\Unit Tests\\BankSafe.Tests\\bin\\Debug\\netcoreapp3.1\\fine-code-coverage\\build-output\\BankSafe.Tests.dll"}}
TpTrace Verbose: 0 : 9520, 14, 2022/03/28, 13:41:32.710, 384405167688, vstest.console.dll, TestRunRequest:SendTestRunMessage: Starting.
TpTrace Information: 0 : 9520, 14, 2022/03/28, 13:41:32.710, 384405168454, vstest.console.dll, TestRunRequest:SendTestRunMessage: Completed.
TpTrace Verbose: 0 : 9520, 14, 2022/03/28, 13:41:32.710, 384405168828, vstest.console.dll, TcpClientExtensions.MessageLoopAsync: Polling on remoteEndPoint: 127.0.0.1:61434 localEndPoint: 127.0.0.1:61433
TpTrace Verbose: 0 : 9520, 14, 2022/03/28, 13:41:32.868, 384406748103, vstest.console.dll, TcpClientExtensions.MessageLoopAsync: NotifyDataAvailable remoteEndPoint: 127.0.0.1:61434 localEndPoint: 127.0.0.1:61433
TpTrace Verbose: 0 : 9520, 14, 2022/03/28, 13:41:32.868, 384406749852, vstest.console.dll, TestRequestSender.OnExecutionMessageReceived: Received message: {"Version":2,"MessageType":"TestSession.Message","Payload":{"MessageLevel":0,"Message":"   NUnit3TestExecutor converted 10 of 10 NUnit test cases"}}
TpTrace Verbose: 0 : 9520, 14, 2022/03/28, 13:41:32.868, 384406751687, vstest.console.dll, TestRunRequest:SendTestRunMessage: Starting.
TpTrace Information: 0 : 9520, 14, 2022/03/28, 13:41:32.868, 384406752146, vstest.console.dll, TestRunRequest:SendTestRunMessage: Completed.
TpTrace Verbose: 0 : 9520, 14, 2022/03/28, 13:41:32.868, 384406752388, vstest.console.dll, TcpClientExtensions.MessageLoopAsync: Polling on remoteEndPoint: 127.0.0.1:61434 localEndPoint: 127.0.0.1:61433
TpTrace Verbose: 0 : 9520, 14, 2022/03/28, 13:41:32.992, 384407993119, vstest.console.dll, TcpClientExtensions.MessageLoopAsync: NotifyDataAvailable remoteEndPoint: 127.0.0.1:61434 localEndPoint: 127.0.0.1:61433
TpTrace Verbose: 0 : 9520, 14, 2022/03/28, 13:41:32.993, 384407997372, vstest.console.dll, TestRequestSender.OnExecutionMessageReceived: Received message: {"Version":2,"MessageType":"TestExecution.StatsChange","Payload":{"NewTestResults":[{"TestCase":{"Id":"72dc200d-3957-8154-ae7a-65d4e9e3e455","FullyQualifiedName":"BankSafe.Tests.BankVaultTests.CanAddValidCell(\"69\",\"11\",\"22\")","DisplayName":"CanAddValidCell(\"69\",\"11\",\"22\")","ExecutorUri":"executor://NUnit3TestExecutor","Source":"D:\\c#Code\\softuniC#\\04.OOP\\ExamPreparation\\Exam - 12 December 2020\\Unit Tests\\BankSafe.Tests\\bin\\Debug\\netcoreapp3.1\\fine-code-coverage\\build-output\\BankSafe.Tests.dll","CodeFilePath":null,"LineNumber":0,"Properties":[]},"Attachments":[],"Outcome":1,"ErrorMessage":null,"ErrorStackTrace":null,"DisplayName":"CanAddValidCell(\"69\",\"11\",\"22\")","Messages":[],"ComputerName":"DESKTOP-G5675TN","Duration":"00:00:00.0101490","StartTime":"2022-03-28T10:41:32+00:00","EndTime":"2022-03-28T10:41:32+00:00","Properties":[]},{"TestCase":{"Id":"caba5d3b-e715-94b7-7ed4-82114e154247","FullyQualifiedName":"BankSafe.Tests.BankVaultTests.CanRemoveItem(\"11\",\"22\",\"33\")","DisplayName":"CanRemoveItem(\"11\",\"22\",\"33\")","ExecutorUri":"executor://NUnit3TestExecutor","Source":"D:\\c#Code\\softuniC#\\04.OOP\\ExamPreparation\\Exam - 12 December 2020\\Unit Tests\\BankSafe.Tests\\bin\\Debug\\netcoreapp3.1\\fine-code-coverage\\build-output\\BankSafe.Tests.dll","CodeFilePath":null,"LineNumber":0,"Properties":[]},"Attachments":[],"Outcome":1,"ErrorMessage":null,"ErrorStackTrace":null,"DisplayName":"CanRemoveItem(\"11\",\"22\",\"33\")","Messages":[],"ComputerName":"DESKTOP-G5675TN","Duration":"00:00:00.0005470","StartTime":"2022-03-28T10:41:32+00:00","EndTime":"2022-03-28T10:41:32+00:00","Properties":[]},{"TestCase":{"Id":"ba009333-400e-22df-ed04-7e6a2a3093d7","FullyQualifiedName":"BankSafe.Tests.BankVaultTests.CantAddItemThatExists","DisplayName":"CantAddItemThatExists","ExecutorUri":"executor://NUnit3TestExecutor","Source":"D:\\c#Code\\softuniC#\\04.OOP\\ExamPreparation\\Exam - 12 December 2020\\Unit Tests\\BankSafe.Tests\\bin\\Debug\\netcoreapp3.1\\fine-code-coverage\\build-output\\BankSafe.Tests.dll","CodeFilePath":null,"LineNumber":0,"Properties":[]},"Attachments":[],"Outcome":1,"ErrorMessage":null,"ErrorStackTrace":null,"DisplayName":"CantAddItemThatExists","Messages":[],"ComputerName":"DESKTOP-G5675TN","Duration":"00:00:00.0029910","StartTime":"2022-03-28T10:41:32+00:00","EndTime":"2022-03-28T10:41:32+00:00","Properties":[]},{"TestCase":{"Id":"1c5c3eb9-d827-b8cc-8dee-a452a62054a3","FullyQualifiedName":"BankSafe.Tests.BankVaultTests.CantAddItemToNonExistingCell(\"C8\")","DisplayName":"CantAddItemToNonExistingCell(\"C8\")","ExecutorUri":"executor://NUnit3TestExecutor","Source":"D:\\c#Code\\softuniC#\\04.OOP\\ExamPreparation\\Exam - 12 December 2020\\Unit Tests\\BankSafe.Tests\\bin\\Debug\\netcoreapp3.1\\fine-code-coverage\\build-output\\BankSafe.Tests.dll","CodeFilePath":null,"LineNumber":0,"Properties":[]},"Attachments":[],"Outcome":1,"ErrorMessage":null,"ErrorStackTrace":null,"DisplayName":"CantAddItemToNonExistingCell(\"C8\")","Messages":[],"ComputerName":"DESKTOP-G5675TN","Duration":"00:00:00.0007280","StartTime":"2022-03-28T10:41:32+00:00","EndTime":"2022-03-28T10:41:32+00:00","Properties":[]},{"TestCase":{"Id":"9dc32295-ac74-f2a6-68ab-d9fe6472e763","FullyQualifiedName":"BankSafe.Tests.BankVaultTests.CantAddItemToNonExistingCell(\"p8\")","DisplayName":"CantAddItemToNonExistingCell(\"p8\")","ExecutorUri":"executor://NUnit3TestExecutor","Source":"D:\\c#Code\\softuniC#\\04.OOP\\ExamPreparation\\Exam - 12 December 2020\\Unit Tests\\BankSafe.Tests\\bin\\Debug\\netcoreapp3.1\\fine-code-coverage\\build-output\\BankSafe.Tests.dll","CodeFilePath":null,"LineNumber":0,"Properties":[]},"Attachments":[],"Outcome":1,"ErrorMessage":null,"ErrorStackTrace":null,"DisplayName":"CantAddItemToNonExistingCell(\"p8\")","Messages":[],"ComputerName":"DESKTOP-G5675TN","Duration":"00:00:00.0001040","StartTime":"2022-03-28T10:41:32+00:00","EndTime":"2022-03-28T10:41:32+00:00","Properties":[]},{"TestCase":{"Id":"4be05912-301f-0938-7367-7bd169c9a974","FullyQualifiedName":"BankSafe.Tests.BankVaultTests.CantAddItemToNonExistingCell(\"AA\")","DisplayName":"CantAddItemToNonExistingCell(\"AA\")","ExecutorUri":"executor://NUnit3TestExecutor","Source":"D:\\c#Code\\softuniC#\\04.OOP\\ExamPreparation\\Exam - 12 December 2020\\Unit Tests\\BankSafe.Tests\\bin\\Debug\\netcoreapp3.1\\fine-code-coverage\\build-output\\BankSafe.Tests.dll","CodeFilePath":null,"LineNumber":0,"Properties":[]},"Attachments":[],"Outcome":1,"ErrorMessage":null,"ErrorStackTrace":null,"DisplayName":"CantAddItemToNonExistingCell(\"AA\")","Messages":[],"ComputerName":"DESKTOP-G5675TN","Duration":"00:00:00.0000510","StartTime":"2022-03-28T10:41:32+00:00","EndTime":"2022-03-28T10:41:32+00:00","Properties":[]},{"TestCase":{"Id":"c33f4d13-994d-809e-71d6-ad521a36c074","FullyQualifiedName":"BankSafe.Tests.BankVaultTests.CantAddItemToNonExistingCell","DisplayName":"CantAddItemToNonExistingCell","ExecutorUri":"executor://NUnit3TestExecutor","Source":"D:\\c#Code\\softuniC#\\04.OOP\\ExamPreparation\\Exam - 12 December 2020\\Unit Tests\\BankSafe.Tests\\bin\\Debug\\netcoreapp3.1\\fine-code-coverage\\build-output\\BankSafe.Tests.dll","CodeFilePath":null,"LineNumber":0,"Properties":[]},"Attachments":[],"Outcome":1,"ErrorMessage":null,"ErrorStackTrace":null,"DisplayName":"CantAddItemToNonExistingCell","Messages":[],"ComputerName":"DESKTOP-G5675TN","Duration":"00:00:00.0002580","StartTime":"2022-03-28T10:41:32+00:00","EndTime":"2022-03-28T10:41:32+00:00","Properties":[]},{"TestCase":{"Id":"922fef3b-204d-c8ad-8f38-733f9f89a325","FullyQualifiedName":"BankSafe.Tests.BankVaultTests.CantAddItemToTakenCell","DisplayName":"CantAddItemToTakenCell","ExecutorUri":"executor://NUnit3TestExecutor","Source":"D:\\c#Code\\softuniC#\\04.OOP\\ExamPreparation\\Exam - 12 December 2020\\Unit Tests\\BankSafe.Tests\\bin\\Debug\\netcoreapp3.1\\fine-code-coverage\\build-output\\BankSafe.Tests.dll","CodeFilePath":null,"LineNumber":0,"Properties":[]},"Attachments":[],"Outcome":1,"ErrorMessage":null,"ErrorStackTrace":null,"DisplayName":"CantAddItemToTakenCell","Messages":[],"ComputerName":"DESKTOP-G5675TN","Duration":"00:00:00.0002820","StartTime":"2022-03-28T10:41:32+00:00","EndTime":"2022-03-28T10:41:32+00:00","Properties":[]},{"TestCase":{"Id":"4efe4cc3-afa8-aa7f-9da8-4e523d509ad5","FullyQualifiedName":"BankSafe.Tests.BankVaultTests.CantRemoveItemThatDoesntExist","DisplayName":"CantRemoveItemThatDoesntExist","ExecutorUri":"executor://NUnit3TestExecutor","Source":"D:\\c#Code\\softuniC#\\04.OOP\\ExamPreparation\\Exam - 12 December 2020\\Unit Tests\\BankSafe.Tests\\bin\\Debug\\netcoreapp3.1\\fine-code-coverage\\build-output\\BankSafe.Tests.dll","CodeFilePath":null,"LineNumber":0,"Properties":[]},"Attachments":[],"Outcome":1,"ErrorMessage":null,"ErrorStackTrace":null,"DisplayName":"CantRemoveItemThatDoesntExist","Messages":[],"ComputerName":"DESKTOP-G5675TN","Duration":"00:00:00.0002960","StartTime":"2022-03-28T10:41:32+00:00","EndTime":"2022-03-28T10:41:32+00:00","Properties":[]}],"TestRunStatistics":{"ExecutedTests":9,"Stats":{"Passed":9}},"ActiveTests":[{"Id":"cd8b65be-37d8-b7c4-8e75-2b64b7ead315","FullyQualifiedName":"BankSafe.Tests.BankVaultTests.ConstructorWorks","DisplayName":"ConstructorWorks","ExecutorUri":"executor://NUnit3TestExecutor","Source":"D:\\c#Code\\softuniC#\\04.OOP\\ExamPreparation\\Exam - 12 December 2020\\Unit Tests\\BankSafe.Tests\\bin\\Debug\\netcoreapp3.1\\fine-code-coverage\\build-output\\BankSafe.Tests.dll","CodeFilePath":null,"LineNumber":0,"Properties":[]}]}}
TpTrace Verbose: 0 : 9520, 14, 2022/03/28, 13:41:33.015, 384408219178, vstest.console.dll, TestRunRequest:SendTestRunStatsChange: Starting.
TpTrace Verbose: 0 : 9520, 14, 2022/03/28, 13:41:33.015, 384408220607, vstest.console.dll, InProgress is ConstructorWorks
TpTrace Information: 0 : 9520, 14, 2022/03/28, 13:41:33.015, 384408222210, vstest.console.dll, TestRunRequest:SendTestRunStatsChange: Completed.
TpTrace Verbose: 0 : 9520, 14, 2022/03/28, 13:41:33.015, 384408222533, vstest.console.dll, TcpClientExtensions.MessageLoopAsync: Polling on remoteEndPoint: 127.0.0.1:61434 localEndPoint: 127.0.0.1:61433
TpTrace Verbose: 0 : 9520, 14, 2022/03/28, 13:41:33.015, 384408222877, vstest.console.dll, TcpClientExtensions.MessageLoopAsync: NotifyDataAvailable remoteEndPoint: 127.0.0.1:61434 localEndPoint: 127.0.0.1:61433
TpTrace Verbose: 0 : 9520, 14, 2022/03/28, 13:41:33.015, 384408223258, vstest.console.dll, TestRequestSender.OnExecutionMessageReceived: Received message: {"Version":2,"MessageType":"TestSession.Message","Payload":{"MessageLevel":0,"Message":"NUnit Adapter 3.15.1.0: Test execution complete"}}
TpTrace Verbose: 0 : 9520, 14, 2022/03/28, 13:41:33.015, 384408224367, vstest.console.dll, TestRunRequest:SendTestRunMessage: Starting.
TpTrace Information: 0 : 9520, 14, 2022/03/28, 13:41:33.015, 384408224670, vstest.console.dll, TestRunRequest:SendTestRunMessage: Completed.
TpTrace Verbose: 0 : 9520, 14, 2022/03/28, 13:41:33.015, 384408224942, vstest.console.dll, TcpClientExtensions.MessageLoopAsync: Polling on remoteEndPoint: 127.0.0.1:61434 localEndPoint: 127.0.0.1:61433
TpTrace Verbose: 0 : 9520, 14, 2022/03/28, 13:41:33.018, 384408254445, vstest.console.dll, TcpClientExtensions.MessageLoopAsync: NotifyDataAvailable remoteEndPoint: 127.0.0.1:61434 localEndPoint: 127.0.0.1:61433
TpTrace Verbose: 0 : 9520, 14, 2022/03/28, 13:41:33.019, 384408257265, vstest.console.dll, TestRequestSender.OnExecutionMessageReceived: Received message: {"Version":2,"MessageType":"TestExecution.Completed","Payload":{"TestRunCompleteArgs":{"TestRunStatistics":{"ExecutedTests":10,"Stats":{"Passed":10}},"IsCanceled":false,"IsAborted":false,"Error":null,"AttachmentSets":[],"ElapsedTimeInRunningTests":"00:00:00.3157326","Metrics":{}},"LastRunTests":{"NewTestResults":[{"TestCase":{"Id":"cd8b65be-37d8-b7c4-8e75-2b64b7ead315","FullyQualifiedName":"BankSafe.Tests.BankVaultTests.ConstructorWorks","DisplayName":"ConstructorWorks","ExecutorUri":"executor://NUnit3TestExecutor","Source":"D:\\c#Code\\softuniC#\\04.OOP\\ExamPreparation\\Exam - 12 December 2020\\Unit Tests\\BankSafe.Tests\\bin\\Debug\\netcoreapp3.1\\fine-code-coverage\\build-output\\BankSafe.Tests.dll","CodeFilePath":null,"LineNumber":0,"Properties":[]},"Attachments":[],"Outcome":1,"ErrorMessage":null,"ErrorStackTrace":null,"DisplayName":"ConstructorWorks","Messages":[],"ComputerName":"DESKTOP-G5675TN","Duration":"00:00:00.0040240","StartTime":"2022-03-28T10:41:32+00:00","EndTime":"2022-03-28T10:41:32+00:00","Properties":[]}],"TestRunStatistics":{"ExecutedTests":10,"Stats":{"Passed":10}},"ActiveTests":[]},"RunAttachments":[],"ExecutorUris":["executor://nunit3testexecutor/"]}}
TpTrace Verbose: 0 : 9520, 14, 2022/03/28, 13:41:33.019, 384408259698, vstest.console.dll, TestRequestSender.EndSession: Sending end session.
TpTrace Verbose: 0 : 9520, 14, 2022/03/28, 13:41:33.019, 384408261602, vstest.console.dll, ProxyOperationManager.Close: waiting for test host to exit for 100 ms
TpTrace Warning: 0 : 9520, 13, 2022/03/28, 13:41:33.036, 384408431533, vstest.console.dll, TestHostManagerCallbacks.ErrorReceivedCallback Test host standard error line: 
TpTrace Verbose: 0 : 9520, 8, 2022/03/28, 13:41:33.041, 384408482795, vstest.console.dll, TestHostProvider.ExitCallBack: Host exited starting callback.
TpTrace Information: 0 : 9520, 8, 2022/03/28, 13:41:33.042, 384408490609, vstest.console.dll, TestHostManagerCallbacks.ExitCallBack: Testhost processId: 4720 exited with exitcode: 0 error: ''
TpTrace Verbose: 0 : 9520, 8, 2022/03/28, 13:41:33.042, 384408491572, vstest.console.dll, DotnetTestHostManager.OnHostExited: invoking OnHostExited callback
TpTrace Verbose: 0 : 9520, 8, 2022/03/28, 13:41:33.042, 384408492179, vstest.console.dll, CrossPlatEngine.TestHostManagerHostExited: calling on client process exit callback.
TpTrace Information: 0 : 9520, 8, 2022/03/28, 13:41:33.042, 384408492563, vstest.console.dll, TestRequestSender.OnClientProcessExit: Test host process exited. Standard error: 
TpTrace Information: 0 : 9520, 8, 2022/03/28, 13:41:33.042, 384408492820, vstest.console.dll, SocketServer.Stop: Stop server endPoint: 127.0.0.1:61433
TpTrace Information: 0 : 9520, 8, 2022/03/28, 13:41:33.042, 384408492970, vstest.console.dll, SocketServer.Stop: Cancellation requested. Stopping message loop.
TpTrace Warning: 0 : 9520, 14, 2022/03/28, 13:41:33.042, 384408492895, vstest.console.dll, ProxyOperationManager: Timed out waiting for test host to exit. Will terminate process.
TpTrace Verbose: 0 : 9520, 14, 2022/03/28, 13:41:33.043, 384408498815, vstest.console.dll, ProxyDataCollectionManager.InvokeDataCollectionServiceAction: Starting.
TpTrace Information: 0 : 9520, 14, 2022/03/28, 13:41:33.043, 384408499864, vstest.console.dll, ProxyDataCollectionManager.AfterTestRunEnd: Get attachment set for datacollector processId: 6576 port: 61430
TpTrace Verbose: 0 : 9520, 14, 2022/03/28, 13:41:33.043, 384408500540, vstest.console.dll, DataCollectionRequestSender.SendAfterTestRunStartAndGetResult : Send AfterTestRunEnd message with isCancelled: False
TpTrace Verbose: 0 : 9520, 14, 2022/03/28, 13:41:33.048, 384408548994, vstest.console.dll, DataCollectionRequestSender.SendAfterTestRunStartAndGetResult : Received message: (DataCollection.AfterTestRunEndResult) -> {
  "AttachmentSets": [],
  "Metrics": {}
}
TpTrace Information: 0 : 9520, 14, 2022/03/28, 13:41:33.051, 384408580095, vstest.console.dll, ProxyDataCollectionManager.InvokeDataCollectionServiceAction: Completed.
TpTrace Warning: 0 : 9520, 10, 2022/03/28, 13:41:33.052, 384408586575, vstest.console.dll, DataCollectionLauncher.ErrorReceivedCallback datacollector standard error line: 
TpTrace Information: 0 : 9520, 8, 2022/03/28, 13:41:33.055, 384408623388, vstest.console.dll, DataCollectionLauncher.ExitCallBack: Data collector exited with exitcode: 0 error: ''
TpTrace Verbose: 0 : 9520, 14, 2022/03/28, 13:41:33.067, 384408741123, vstest.console.dll, TestRunRequest:SendTestRunStatsChange: Starting.
TpTrace Information: 0 : 9520, 14, 2022/03/28, 13:41:33.067, 384408742479, vstest.console.dll, TestRunRequest:SendTestRunStatsChange: Completed.
TpTrace Verbose: 0 : 9520, 14, 2022/03/28, 13:41:33.067, 384408744018, vstest.console.dll, ParallelProxyExecutionManager: HandlePartialRunComplete: Total completed clients = 1, Run complete = True, Run canceled: False.
TpTrace Verbose: 0 : 9520, 14, 2022/03/28, 13:41:33.084, 384408908973, vstest.console.dll, TestRunRequest:TestRunComplete: Starting. IsAborted:False IsCanceled:False.
TpTrace Verbose: 0 : 9520, 14, 2022/03/28, 13:41:33.084, 384408911770, vstest.console.dll, TestLoggerManager.HandleTestRunComplete: Ignoring as the object is disposed.
TpTrace Verbose: 0 : 9520, 1, 2022/03/28, 13:41:33.085, 384408916033, vstest.console.dll, TestRunRequest.Dispose: Starting.
TpTrace Information: 0 : 9520, 14, 2022/03/28, 13:41:33.085, 384408916036, vstest.console.dll, TestRunRequest:TestRunComplete: Completed.
TpTrace Verbose: 0 : 9520, 14, 2022/03/28, 13:41:33.085, 384408917766, vstest.console.dll, TestRequestSender.SetOperationComplete: Setting operation complete.
TpTrace Information: 0 : 9520, 1, 2022/03/28, 13:41:33.085, 384408918039, vstest.console.dll, TestRunRequest.Dispose: Completed.
TpTrace Information: 0 : 9520, 14, 2022/03/28, 13:41:33.085, 384408918383, vstest.console.dll, SocketServer.Stop: Stop server endPoint: 127.0.0.1:61433
TpTrace Information: 0 : 9520, 14, 2022/03/28, 13:41:33.085, 384408919660, vstest.console.dll, SocketServer.Stop: Cancellation requested. Stopping message loop.
TpTrace Information: 0 : 9520, 1, 2022/03/28, 13:41:33.085, 384408919190, vstest.console.dll, TestRequestManager.RunTests: run tests completed.
TpTrace Information: 0 : 9520, 14, 2022/03/28, 13:41:33.085, 384408920332, vstest.console.dll, SocketServer.PrivateStop: Stopping server endPoint: 127.0.0.1:61433 error: 
TpTrace Information: 0 : 9520, 1, 2022/03/28, 13:41:33.085, 384408921813, vstest.console.dll, RunTestsArgumentProcessor:Execute: Test run is completed.
TpTrace Verbose: 0 : 9520, 1, 2022/03/28, 13:41:33.085, 384408923652, vstest.console.dll, Executor.Execute: Exiting with exit code of 0
TpTrace Verbose: 0 : 9520, 14, 2022/03/28, 13:41:33.086, 384408926879, vstest.console.dll, LengthPrefixCommunicationChannel.Dispose: Dispose reader and writer.
